---------------------------------------
Checking SOFA_ROOT and SOFAPYTHON3_ROOT
Using environment variable SOFA_ROOT: /home/michaelbezick/sofa/build/install
---------------------------------------
wandb: Using wandb-core as the SDK backend.  Please refer to https://wandb.me/wandb-core for more information.
wandb: Currently logged in as: michael-bezick (michael-bezick-purdue-university) to https://api.wandb.ai. Use `wandb login --relogin` to force relogin
wandb: WARNING Using a boolean value for 'reinit' is deprecated. Use 'return_previous' or 'finish_previous' instead.
wandb: Tracking run with wandb version 0.19.9
wandb: Run data is saved locally in /home/michaelbezick/Repos/pprlPCA/wandb/run-20250724_184433-z26l3ppz
wandb: Run `wandb offline` to turn off syncing.
wandb: Syncing run peach-fire-666
wandb: ⭐️ View project at https://wandb.ai/michael-bezick-purdue-university/pprl
wandb: 🚀 View run at https://wandb.ai/michael-bezick-purdue-university/pprl/runs/z26l3ppz
Group name is:  our_method_TIH_hopefully_fixed
Instantiating 20 environments...
[INFO]    [PluginManager] Loaded plugin: /home/michaelbezick/sofa/build/install/lib/libSofa.Component.Constraint.Lagrangian.Correction.so
[INFO]    [PluginManager] Loaded plugin: /home/michaelbezick/sofa/build/install/lib/libSofa.Component.LinearSolver.Iterative.so
[INFO]    [PluginManager] Loaded plugin: /home/michaelbezick/sofa/build/install/lib/libSofa.Component.SolidMechanics.FEM.Elastic.so
[INFO]    [PluginManager] Loaded plugin: /home/michaelbezick/sofa/build/install/lib/libSofa.Component.Visual.so
[INFO]    [PluginManager] Loaded plugin: /home/michaelbezick/sofa/build/install/lib/libSofa.Component.Topology.Container.Dynamic.so
[INFO]    [PluginManager] Loaded plugin: /home/michaelbezick/sofa/build/install/lib/libSofa.Component.ODESolver.Backward.so
[INFO]    [PluginManager] Loaded plugin: /home/michaelbezick/sofa/build/install/lib/libSofa.Component.IO.Mesh.so
[INFO]    [PluginManager] Loaded plugin: /home/michaelbezick/sofa/build/install/lib/libSofa.Component.Topology.Container.Constant.so
[INFO]    [PluginManager] Loaded plugin: /home/michaelbezick/sofa/build/install/lib/libSofa.Component.Mass.so
[INFO]    [PluginManager] Loaded plugin: /home/michaelbezick/sofa/build/install/lib/libSofa.Component.Mapping.NonLinear.so
[INFO]    [PluginManager] Loaded plugin: /home/michaelbezick/sofa/build/install/lib/libSofa.Component.LinearSolver.Direct.so
[INFO]    [PluginManager] Loaded plugin: /home/michaelbezick/sofa/build/install/lib/libSofa.Component.StateContainer.so
[INFO]    [PluginManager] Loaded plugin: /home/michaelbezick/sofa/build/install/lib/libSofa.GL.Component.Rendering3D.so
[INFO]    [PluginManager] Loaded plugin: /home/michaelbezick/sofa/build/install/lib/libSofa.Component.Collision.Response.Contact.so
[INFO]    [PluginManager] Loaded plugin: /home/michaelbezick/sofa/build/install/lib/libSofa.Component.SolidMechanics.Spring.so
[INFO]    [PluginManager] Loaded plugin: /home/michaelbezick/sofa/build/install/lib/libSofa.Component.Collision.Geometry.so
[INFO]    [PluginManager] Loaded plugin: /home/michaelbezick/sofa/build/install/lib/libSofa.Component.Setting.so
[INFO]    [PluginManager] Loaded plugin: /home/michaelbezick/sofa/build/install/lib/libSofa.Component.Constraint.Projective.so
[INFO]    [PluginManager] Loaded plugin: /home/michaelbezick/sofa/build/install/lib/libSofa.Component.Collision.Detection.Intersection.so
[INFO]    [PluginManager] Loaded plugin: /home/michaelbezick/sofa/build/install/lib/libSofa.Component.SceneUtility.so
[INFO]    [PluginManager] Loaded plugin: /home/michaelbezick/sofa/build/install/lib/libSofa.Component.Collision.Detection.Algorithm.so
[INFO]    [PluginManager] Loaded plugin: /home/michaelbezick/sofa/build/install/lib/libSofa.Component.Constraint.Lagrangian.Model.so
[INFO]    [PluginManager] Loaded plugin: /home/michaelbezick/sofa/build/install/lib/libSofa.GL.Component.Shader.so
[INFO]    [PluginManager] Loaded plugin: /home/michaelbezick/sofa/build/install/lib/libSofa.Component.Engine.Select.so
[INFO]    [PluginManager] Loaded plugin: /home/michaelbezick/sofa/build/install/lib/libSofa.Component.Constraint.Lagrangian.Solver.so
[INFO]    [PluginManager] Loaded plugin: /home/michaelbezick/sofa/build/install/lib/libSofa.Component.AnimationLoop.so
[INFO]    [PluginManager] Loaded plugin: /home/michaelbezick/sofa/build/install/lib/libSofa.Component.ODESolver.Forward.so
[INFO]    [PluginManager] Loaded plugin: /home/michaelbezick/sofa/build/install/lib/libSofa.Component.Topology.Mapping.so
[INFO]    [PluginManager] Loaded plugin: /home/michaelbezick/sofa/build/install/lib/libSofa.Component.Mapping.Linear.so
[INFO]    [PluginManager] Loaded plugin: /home/michaelbezick/sofa/build/install/lib/libSofa.Component.MechanicalLoad.so
[INFO]    [PluginManager] Loaded plugin: /home/michaelbezick/sofa/build/install/plugins/ArticulatedSystemPlugin/lib/libArticulatedSystemPlugin.so
[WARNING] [MechanicalObject(unnamed)] Could not read value for data field showColor: 1.0 0.0 1.0 
[WARNING] [InteractiveCamera(camera)] Too many missing parameters ; taking default ...
[WARNING] [UncoupledConstraintCorrection(UncoupledConstraintCorrection)] Using 10 as initial compliance
[WARNING] [FastTetrahedralCorotationalForceField(FastTetrahedralCorotationalForceField)] buildStiffnessMatrix not implemented: for compatibility reason, the deprecated API (addKToMatrix) will be used. This compatibility will disapear in the future, and will cause issues in simulations. Please update the code of FastTetrahedralCorotationalForceField to ensure right behavior: the function addKToMatrix has been replaced by buildStiffnessMatrix
[WARNING] [FastTetrahedralCorotationalForceField(FastTetrahedralCorotationalForceField)] buildDampingMatrix not implemented: for compatibility reason, the deprecated API (addBToMatrix) will be used. This compatibility will disapear in the future, and will cause issues in simulations. Please update the code of FastTetrahedralCorotationalForceField to ensure right behavior: the function addBToMatrix has been replaced by buildDampingMatrix
[WARNING] [UniformVelocityDampingForceField(UniformVelocityDampingForceField)] buildStiffnessMatrix not implemented: for compatibility reason, the deprecated API (addKToMatrix) will be used. This compatibility will disapear in the future, and will cause issues in simulations. Please update the code of UniformVelocityDampingForceField to ensure right behavior: the function addKToMatrix has been replaced by buildStiffnessMatrix
[WARNING] [BeamFEMForceField(BeamFEMForceField)] buildDampingMatrix not implemented: for compatibility reason, the deprecated API (addBToMatrix) will be used. This compatibility will disapear in the future, and will cause issues in simulations. Please update the code of BeamFEMForceField to ensure right behavior: the function addBToMatrix has been replaced by buildDampingMatrix
[WARNING] [MechanicalObject(unnamed)] Could not read value for data field showColor: 1.0 0.0 1.0 
[WARNING] [InteractiveCamera(camera)] Too many missing parameters ; taking default ...
[WARNING] [UncoupledConstraintCorrection(UncoupledConstraintCorrection)] Using 10 as initial compliance
[WARNING] [FastTetrahedralCorotationalForceField(FastTetrahedralCorotationalForceField)] buildStiffnessMatrix not implemented: for compatibility reason, the deprecated API (addKToMatrix) will be used. This compatibility will disapear in the future, and will cause issues in simulations. Please update the code of FastTetrahedralCorotationalForceField to ensure right behavior: the function addKToMatrix has been replaced by buildStiffnessMatrix
[WARNING] [FastTetrahedralCorotationalForceField(FastTetrahedralCorotationalForceField)] buildDampingMatrix not implemented: for compatibility reason, the deprecated API (addBToMatrix) will be used. This compatibility will disapear in the future, and will cause issues in simulations. Please update the code of FastTetrahedralCorotationalForceField to ensure right behavior: the function addBToMatrix has been replaced by buildDampingMatrix
[WARNING] [UniformVelocityDampingForceField(UniformVelocityDampingForceField)] buildStiffnessMatrix not implemented: for compatibility reason, the deprecated API (addKToMatrix) will be used. This compatibility will disapear in the future, and will cause issues in simulations. Please update the code of UniformVelocityDampingForceField to ensure right behavior: the function addKToMatrix has been replaced by buildStiffnessMatrix
[WARNING] [BeamFEMForceField(BeamFEMForceField)] buildDampingMatrix not implemented: for compatibility reason, the deprecated API (addBToMatrix) will be used. This compatibility will disapear in the future, and will cause issues in simulations. Please update the code of BeamFEMForceField to ensure right behavior: the function addBToMatrix has been replaced by buildDampingMatrix
[WARNING] [MechanicalObject(unnamed)] Could not read value for data field showColor: 1.0 0.0 1.0 
[WARNING] [InteractiveCamera(camera)] Too many missing parameters ; taking default ...
[WARNING] [UncoupledConstraintCorrection(UncoupledConstraintCorrection)] Using 10 as initial compliance
[WARNING] [FastTetrahedralCorotationalForceField(FastTetrahedralCorotationalForceField)] buildStiffnessMatrix not implemented: for compatibility reason, the deprecated API (addKToMatrix) will be used. This compatibility will disapear in the future, and will cause issues in simulations. Please update the code of FastTetrahedralCorotationalForceField to ensure right behavior: the function addKToMatrix has been replaced by buildStiffnessMatrix
[WARNING] [FastTetrahedralCorotationalForceField(FastTetrahedralCorotationalForceField)] buildDampingMatrix not implemented: for compatibility reason, the deprecated API (addBToMatrix) will be used. This compatibility will disapear in the future, and will cause issues in simulations. Please update the code of FastTetrahedralCorotationalForceField to ensure right behavior: the function addBToMatrix has been replaced by buildDampingMatrix
[WARNING] [UniformVelocityDampingForceField(UniformVelocityDampingForceField)] buildStiffnessMatrix not implemented: for compatibility reason, the deprecated API (addKToMatrix) will be used. This compatibility will disapear in the future, and will cause issues in simulations. Please update the code of UniformVelocityDampingForceField to ensure right behavior: the function addKToMatrix has been replaced by buildStiffnessMatrix
[WARNING] [BeamFEMForceField(BeamFEMForceField)] buildDampingMatrix not implemented: for compatibility reason, the deprecated API (addBToMatrix) will be used. This compatibility will disapear in the future, and will cause issues in simulations. Please update the code of BeamFEMForceField to ensure right behavior: the function addBToMatrix has been replaced by buildDampingMatrix
[WARNING] [MechanicalObject(unnamed)] Could not read value for data field showColor: 1.0 0.0 1.0 
[WARNING] [InteractiveCamera(camera)] Too many missing parameters ; taking default ...
[WARNING] [UncoupledConstraintCorrection(UncoupledConstraintCorrection)] Using 10 as initial compliance
[WARNING] [FastTetrahedralCorotationalForceField(FastTetrahedralCorotationalForceField)] buildStiffnessMatrix not implemented: for compatibility reason, the deprecated API (addKToMatrix) will be used. This compatibility will disapear in the future, and will cause issues in simulations. Please update the code of FastTetrahedralCorotationalForceField to ensure right behavior: the function addKToMatrix has been replaced by buildStiffnessMatrix
[WARNING] [FastTetrahedralCorotationalForceField(FastTetrahedralCorotationalForceField)] buildDampingMatrix not implemented: for compatibility reason, the deprecated API (addBToMatrix) will be used. This compatibility will disapear in the future, and will cause issues in simulations. Please update the code of FastTetrahedralCorotationalForceField to ensure right behavior: the function addBToMatrix has been replaced by buildDampingMatrix
[WARNING] [UniformVelocityDampingForceField(UniformVelocityDampingForceField)] buildStiffnessMatrix not implemented: for compatibility reason, the deprecated API (addKToMatrix) will be used. This compatibility will disapear in the future, and will cause issues in simulations. Please update the code of UniformVelocityDampingForceField to ensure right behavior: the function addKToMatrix has been replaced by buildStiffnessMatrix
[WARNING] [BeamFEMForceField(BeamFEMForceField)] buildDampingMatrix not implemented: for compatibility reason, the deprecated API (addBToMatrix) will be used. This compatibility will disapear in the future, and will cause issues in simulations. Please update the code of BeamFEMForceField to ensure right behavior: the function addBToMatrix has been replaced by buildDampingMatrix
[WARNING] [MechanicalObject(unnamed)] Could not read value for data field showColor: 1.0 0.0 1.0 
[WARNING] [InteractiveCamera(camera)] Too many missing parameters ; taking default ...
[WARNING] [UncoupledConstraintCorrection(UncoupledConstraintCorrection)] Using 10 as initial compliance
[WARNING] [FastTetrahedralCorotationalForceField(FastTetrahedralCorotationalForceField)] buildStiffnessMatrix not implemented: for compatibility reason, the deprecated API (addKToMatrix) will be used. This compatibility will disapear in the future, and will cause issues in simulations. Please update the code of FastTetrahedralCorotationalForceField to ensure right behavior: the function addKToMatrix has been replaced by buildStiffnessMatrix
[WARNING] [FastTetrahedralCorotationalForceField(FastTetrahedralCorotationalForceField)] buildDampingMatrix not implemented: for compatibility reason, the deprecated API (addBToMatrix) will be used. This compatibility will disapear in the future, and will cause issues in simulations. Please update the code of FastTetrahedralCorotationalForceField to ensure right behavior: the function addBToMatrix has been replaced by buildDampingMatrix
[WARNING] [UniformVelocityDampingForceField(UniformVelocityDampingForceField)] buildStiffnessMatrix not implemented: for compatibility reason, the deprecated API (addKToMatrix) will be used. This compatibility will disapear in the future, and will cause issues in simulations. Please update the code of UniformVelocityDampingForceField to ensure right behavior: the function addKToMatrix has been replaced by buildStiffnessMatrix
[WARNING] [BeamFEMForceField(BeamFEMForceField)] buildDampingMatrix not implemented: for compatibility reason, the deprecated API (addBToMatrix) will be used. This compatibility will disapear in the future, and will cause issues in simulations. Please update the code of BeamFEMForceField to ensure right behavior: the function addBToMatrix has been replaced by buildDampingMatrix
[WARNING] [MechanicalObject(unnamed)] Could not read value for data field showColor: 1.0 0.0 1.0 
[WARNING] [InteractiveCamera(camera)] Too many missing parameters ; taking default ...
[WARNING] [UncoupledConstraintCorrection(UncoupledConstraintCorrection)] Using 10 as initial compliance
[WARNING] [FastTetrahedralCorotationalForceField(FastTetrahedralCorotationalForceField)] buildStiffnessMatrix not implemented: for compatibility reason, the deprecated API (addKToMatrix) will be used. This compatibility will disapear in the future, and will cause issues in simulations. Please update the code of FastTetrahedralCorotationalForceField to ensure right behavior: the function addKToMatrix has been replaced by buildStiffnessMatrix
[WARNING] [FastTetrahedralCorotationalForceField(FastTetrahedralCorotationalForceField)] buildDampingMatrix not implemented: for compatibility reason, the deprecated API (addBToMatrix) will be used. This compatibility will disapear in the future, and will cause issues in simulations. Please update the code of FastTetrahedralCorotationalForceField to ensure right behavior: the function addBToMatrix has been replaced by buildDampingMatrix
[WARNING] [UniformVelocityDampingForceField(UniformVelocityDampingForceField)] buildStiffnessMatrix not implemented: for compatibility reason, the deprecated API (addKToMatrix) will be used. This compatibility will disapear in the future, and will cause issues in simulations. Please update the code of UniformVelocityDampingForceField to ensure right behavior: the function addKToMatrix has been replaced by buildStiffnessMatrix
[WARNING] [BeamFEMForceField(BeamFEMForceField)] buildDampingMatrix not implemented: for compatibility reason, the deprecated API (addBToMatrix) will be used. This compatibility will disapear in the future, and will cause issues in simulations. Please update the code of BeamFEMForceField to ensure right behavior: the function addBToMatrix has been replaced by buildDampingMatrix
[WARNING] [MechanicalObject(unnamed)] Could not read value for data field showColor: 1.0 0.0 1.0 
[WARNING] [InteractiveCamera(camera)] Too many missing parameters ; taking default ...
[WARNING] [UncoupledConstraintCorrection(UncoupledConstraintCorrection)] Using 10 as initial compliance
[WARNING] [FastTetrahedralCorotationalForceField(FastTetrahedralCorotationalForceField)] buildStiffnessMatrix not implemented: for compatibility reason, the deprecated API (addKToMatrix) will be used. This compatibility will disapear in the future, and will cause issues in simulations. Please update the code of FastTetrahedralCorotationalForceField to ensure right behavior: the function addKToMatrix has been replaced by buildStiffnessMatrix
[WARNING] [FastTetrahedralCorotationalForceField(FastTetrahedralCorotationalForceField)] buildDampingMatrix not implemented: for compatibility reason, the deprecated API (addBToMatrix) will be used. This compatibility will disapear in the future, and will cause issues in simulations. Please update the code of FastTetrahedralCorotationalForceField to ensure right behavior: the function addBToMatrix has been replaced by buildDampingMatrix
[WARNING] [UniformVelocityDampingForceField(UniformVelocityDampingForceField)] buildStiffnessMatrix not implemented: for compatibility reason, the deprecated API (addKToMatrix) will be used. This compatibility will disapear in the future, and will cause issues in simulations. Please update the code of UniformVelocityDampingForceField to ensure right behavior: the function addKToMatrix has been replaced by buildStiffnessMatrix
[WARNING] [BeamFEMForceField(BeamFEMForceField)] buildDampingMatrix not implemented: for compatibility reason, the deprecated API (addBToMatrix) will be used. This compatibility will disapear in the future, and will cause issues in simulations. Please update the code of BeamFEMForceField to ensure right behavior: the function addBToMatrix has been replaced by buildDampingMatrix
[WARNING] [MechanicalObject(unnamed)] Could not read value for data field showColor: 1.0 0.0 1.0 
[WARNING] [InteractiveCamera(camera)] Too many missing parameters ; taking default ...
[WARNING] [UncoupledConstraintCorrection(UncoupledConstraintCorrection)] Using 10 as initial compliance
[WARNING] [FastTetrahedralCorotationalForceField(FastTetrahedralCorotationalForceField)] buildStiffnessMatrix not implemented: for compatibility reason, the deprecated API (addKToMatrix) will be used. This compatibility will disapear in the future, and will cause issues in simulations. Please update the code of FastTetrahedralCorotationalForceField to ensure right behavior: the function addKToMatrix has been replaced by buildStiffnessMatrix
[WARNING] [FastTetrahedralCorotationalForceField(FastTetrahedralCorotationalForceField)] buildDampingMatrix not implemented: for compatibility reason, the deprecated API (addBToMatrix) will be used. This compatibility will disapear in the future, and will cause issues in simulations. Please update the code of FastTetrahedralCorotationalForceField to ensure right behavior: the function addBToMatrix has been replaced by buildDampingMatrix
[WARNING] [UniformVelocityDampingForceField(UniformVelocityDampingForceField)] buildStiffnessMatrix not implemented: for compatibility reason, the deprecated API (addKToMatrix) will be used. This compatibility will disapear in the future, and will cause issues in simulations. Please update the code of UniformVelocityDampingForceField to ensure right behavior: the function addKToMatrix has been replaced by buildStiffnessMatrix
[WARNING] [BeamFEMForceField(BeamFEMForceField)] buildDampingMatrix not implemented: for compatibility reason, the deprecated API (addBToMatrix) will be used. This compatibility will disapear in the future, and will cause issues in simulations. Please update the code of BeamFEMForceField to ensure right behavior: the function addBToMatrix has been replaced by buildDampingMatrix
[WARNING] [MechanicalObject(unnamed)] Could not read value for data field showColor: 1.0 0.0 1.0 
[WARNING] [InteractiveCamera(camera)] Too many missing parameters ; taking default ...
[WARNING] [UncoupledConstraintCorrection(UncoupledConstraintCorrection)] Using 10 as initial compliance
[WARNING] [FastTetrahedralCorotationalForceField(FastTetrahedralCorotationalForceField)] buildStiffnessMatrix not implemented: for compatibility reason, the deprecated API (addKToMatrix) will be used. This compatibility will disapear in the future, and will cause issues in simulations. Please update the code of FastTetrahedralCorotationalForceField to ensure right behavior: the function addKToMatrix has been replaced by buildStiffnessMatrix
[WARNING] [FastTetrahedralCorotationalForceField(FastTetrahedralCorotationalForceField)] buildDampingMatrix not implemented: for compatibility reason, the deprecated API (addBToMatrix) will be used. This compatibility will disapear in the future, and will cause issues in simulations. Please update the code of FastTetrahedralCorotationalForceField to ensure right behavior: the function addBToMatrix has been replaced by buildDampingMatrix
[WARNING] [UniformVelocityDampingForceField(UniformVelocityDampingForceField)] buildStiffnessMatrix not implemented: for compatibility reason, the deprecated API (addKToMatrix) will be used. This compatibility will disapear in the future, and will cause issues in simulations. Please update the code of UniformVelocityDampingForceField to ensure right behavior: the function addKToMatrix has been replaced by buildStiffnessMatrix
[WARNING] [BeamFEMForceField(BeamFEMForceField)] buildDampingMatrix not implemented: for compatibility reason, the deprecated API (addBToMatrix) will be used. This compatibility will disapear in the future, and will cause issues in simulations. Please update the code of BeamFEMForceField to ensure right behavior: the function addBToMatrix has been replaced by buildDampingMatrix
[WARNING] [MechanicalObject(unnamed)] Could not read value for data field showColor: 1.0 0.0 1.0 
[WARNING] [InteractiveCamera(camera)] Too many missing parameters ; taking default ...
[WARNING] [UncoupledConstraintCorrection(UncoupledConstraintCorrection)] Using 10 as initial compliance
[WARNING] [FastTetrahedralCorotationalForceField(FastTetrahedralCorotationalForceField)] buildStiffnessMatrix not implemented: for compatibility reason, the deprecated API (addKToMatrix) will be used. This compatibility will disapear in the future, and will cause issues in simulations. Please update the code of FastTetrahedralCorotationalForceField to ensure right behavior: the function addKToMatrix has been replaced by buildStiffnessMatrix
[WARNING] [FastTetrahedralCorotationalForceField(FastTetrahedralCorotationalForceField)] buildDampingMatrix not implemented: for compatibility reason, the deprecated API (addBToMatrix) will be used. This compatibility will disapear in the future, and will cause issues in simulations. Please update the code of FastTetrahedralCorotationalForceField to ensure right behavior: the function addBToMatrix has been replaced by buildDampingMatrix
[WARNING] [UniformVelocityDampingForceField(UniformVelocityDampingForceField)] buildStiffnessMatrix not implemented: for compatibility reason, the deprecated API (addKToMatrix) will be used. This compatibility will disapear in the future, and will cause issues in simulations. Please update the code of UniformVelocityDampingForceField to ensure right behavior: the function addKToMatrix has been replaced by buildStiffnessMatrix
[WARNING] [BeamFEMForceField(BeamFEMForceField)] buildDampingMatrix not implemented: for compatibility reason, the deprecated API (addBToMatrix) will be used. This compatibility will disapear in the future, and will cause issues in simulations. Please update the code of BeamFEMForceField to ensure right behavior: the function addBToMatrix has been replaced by buildDampingMatrix
[WARNING] [MechanicalObject(unnamed)] Could not read value for data field showColor: 1.0 0.0 1.0 
[WARNING] [InteractiveCamera(camera)] Too many missing parameters ; taking default ...
[WARNING] [UncoupledConstraintCorrection(UncoupledConstraintCorrection)] Using 10 as initial compliance
[WARNING] [FastTetrahedralCorotationalForceField(FastTetrahedralCorotationalForceField)] buildStiffnessMatrix not implemented: for compatibility reason, the deprecated API (addKToMatrix) will be used. This compatibility will disapear in the future, and will cause issues in simulations. Please update the code of FastTetrahedralCorotationalForceField to ensure right behavior: the function addKToMatrix has been replaced by buildStiffnessMatrix
[WARNING] [FastTetrahedralCorotationalForceField(FastTetrahedralCorotationalForceField)] buildDampingMatrix not implemented: for compatibility reason, the deprecated API (addBToMatrix) will be used. This compatibility will disapear in the future, and will cause issues in simulations. Please update the code of FastTetrahedralCorotationalForceField to ensure right behavior: the function addBToMatrix has been replaced by buildDampingMatrix
[WARNING] [UniformVelocityDampingForceField(UniformVelocityDampingForceField)] buildStiffnessMatrix not implemented: for compatibility reason, the deprecated API (addKToMatrix) will be used. This compatibility will disapear in the future, and will cause issues in simulations. Please update the code of UniformVelocityDampingForceField to ensure right behavior: the function addKToMatrix has been replaced by buildStiffnessMatrix
[WARNING] [BeamFEMForceField(BeamFEMForceField)] buildDampingMatrix not implemented: for compatibility reason, the deprecated API (addBToMatrix) will be used. This compatibility will disapear in the future, and will cause issues in simulations. Please update the code of BeamFEMForceField to ensure right behavior: the function addBToMatrix has been replaced by buildDampingMatrix
[WARNING] [MechanicalObject(unnamed)] Could not read value for data field showColor: 1.0 0.0 1.0 
[WARNING] [InteractiveCamera(camera)] Too many missing parameters ; taking default ...
[WARNING] [UncoupledConstraintCorrection(UncoupledConstraintCorrection)] Using 10 as initial compliance
[WARNING] [FastTetrahedralCorotationalForceField(FastTetrahedralCorotationalForceField)] buildStiffnessMatrix not implemented: for compatibility reason, the deprecated API (addKToMatrix) will be used. This compatibility will disapear in the future, and will cause issues in simulations. Please update the code of FastTetrahedralCorotationalForceField to ensure right behavior: the function addKToMatrix has been replaced by buildStiffnessMatrix
[WARNING] [FastTetrahedralCorotationalForceField(FastTetrahedralCorotationalForceField)] buildDampingMatrix not implemented: for compatibility reason, the deprecated API (addBToMatrix) will be used. This compatibility will disapear in the future, and will cause issues in simulations. Please update the code of FastTetrahedralCorotationalForceField to ensure right behavior: the function addBToMatrix has been replaced by buildDampingMatrix
[WARNING] [UniformVelocityDampingForceField(UniformVelocityDampingForceField)] buildStiffnessMatrix not implemented: for compatibility reason, the deprecated API (addKToMatrix) will be used. This compatibility will disapear in the future, and will cause issues in simulations. Please update the code of UniformVelocityDampingForceField to ensure right behavior: the function addKToMatrix has been replaced by buildStiffnessMatrix
[WARNING] [BeamFEMForceField(BeamFEMForceField)] buildDampingMatrix not implemented: for compatibility reason, the deprecated API (addBToMatrix) will be used. This compatibility will disapear in the future, and will cause issues in simulations. Please update the code of BeamFEMForceField to ensure right behavior: the function addBToMatrix has been replaced by buildDampingMatrix
[WARNING] [MechanicalObject(unnamed)] Could not read value for data field showColor: 1.0 0.0 1.0 
[WARNING] [InteractiveCamera(camera)] Too many missing parameters ; taking default ...
[WARNING] [UncoupledConstraintCorrection(UncoupledConstraintCorrection)] Using 10 as initial compliance
[WARNING] [FastTetrahedralCorotationalForceField(FastTetrahedralCorotationalForceField)] buildStiffnessMatrix not implemented: for compatibility reason, the deprecated API (addKToMatrix) will be used. This compatibility will disapear in the future, and will cause issues in simulations. Please update the code of FastTetrahedralCorotationalForceField to ensure right behavior: the function addKToMatrix has been replaced by buildStiffnessMatrix
[WARNING] [FastTetrahedralCorotationalForceField(FastTetrahedralCorotationalForceField)] buildDampingMatrix not implemented: for compatibility reason, the deprecated API (addBToMatrix) will be used. This compatibility will disapear in the future, and will cause issues in simulations. Please update the code of FastTetrahedralCorotationalForceField to ensure right behavior: the function addBToMatrix has been replaced by buildDampingMatrix
[WARNING] [UniformVelocityDampingForceField(UniformVelocityDampingForceField)] buildStiffnessMatrix not implemented: for compatibility reason, the deprecated API (addKToMatrix) will be used. This compatibility will disapear in the future, and will cause issues in simulations. Please update the code of UniformVelocityDampingForceField to ensure right behavior: the function addKToMatrix has been replaced by buildStiffnessMatrix
[WARNING] [BeamFEMForceField(BeamFEMForceField)] buildDampingMatrix not implemented: for compatibility reason, the deprecated API (addBToMatrix) will be used. This compatibility will disapear in the future, and will cause issues in simulations. Please update the code of BeamFEMForceField to ensure right behavior: the function addBToMatrix has been replaced by buildDampingMatrix
[WARNING] [MechanicalObject(unnamed)] Could not read value for data field showColor: 1.0 0.0 1.0 
[WARNING] [InteractiveCamera(camera)] Too many missing parameters ; taking default ...
[WARNING] [UncoupledConstraintCorrection(UncoupledConstraintCorrection)] Using 10 as initial compliance
[WARNING] [FastTetrahedralCorotationalForceField(FastTetrahedralCorotationalForceField)] buildStiffnessMatrix not implemented: for compatibility reason, the deprecated API (addKToMatrix) will be used. This compatibility will disapear in the future, and will cause issues in simulations. Please update the code of FastTetrahedralCorotationalForceField to ensure right behavior: the function addKToMatrix has been replaced by buildStiffnessMatrix
[WARNING] [FastTetrahedralCorotationalForceField(FastTetrahedralCorotationalForceField)] buildDampingMatrix not implemented: for compatibility reason, the deprecated API (addBToMatrix) will be used. This compatibility will disapear in the future, and will cause issues in simulations. Please update the code of FastTetrahedralCorotationalForceField to ensure right behavior: the function addBToMatrix has been replaced by buildDampingMatrix
[WARNING] [UniformVelocityDampingForceField(UniformVelocityDampingForceField)] buildStiffnessMatrix not implemented: for compatibility reason, the deprecated API (addKToMatrix) will be used. This compatibility will disapear in the future, and will cause issues in simulations. Please update the code of UniformVelocityDampingForceField to ensure right behavior: the function addKToMatrix has been replaced by buildStiffnessMatrix
[WARNING] [BeamFEMForceField(BeamFEMForceField)] buildDampingMatrix not implemented: for compatibility reason, the deprecated API (addBToMatrix) will be used. This compatibility will disapear in the future, and will cause issues in simulations. Please update the code of BeamFEMForceField to ensure right behavior: the function addBToMatrix has been replaced by buildDampingMatrix
[WARNING] [MechanicalObject(unnamed)] Could not read value for data field showColor: 1.0 0.0 1.0 
[WARNING] [InteractiveCamera(camera)] Too many missing parameters ; taking default ...
[WARNING] [UncoupledConstraintCorrection(UncoupledConstraintCorrection)] Using 10 as initial compliance
[WARNING] [FastTetrahedralCorotationalForceField(FastTetrahedralCorotationalForceField)] buildStiffnessMatrix not implemented: for compatibility reason, the deprecated API (addKToMatrix) will be used. This compatibility will disapear in the future, and will cause issues in simulations. Please update the code of FastTetrahedralCorotationalForceField to ensure right behavior: the function addKToMatrix has been replaced by buildStiffnessMatrix
[WARNING] [FastTetrahedralCorotationalForceField(FastTetrahedralCorotationalForceField)] buildDampingMatrix not implemented: for compatibility reason, the deprecated API (addBToMatrix) will be used. This compatibility will disapear in the future, and will cause issues in simulations. Please update the code of FastTetrahedralCorotationalForceField to ensure right behavior: the function addBToMatrix has been replaced by buildDampingMatrix
[WARNING] [UniformVelocityDampingForceField(UniformVelocityDampingForceField)] buildStiffnessMatrix not implemented: for compatibility reason, the deprecated API (addKToMatrix) will be used. This compatibility will disapear in the future, and will cause issues in simulations. Please update the code of UniformVelocityDampingForceField to ensure right behavior: the function addKToMatrix has been replaced by buildStiffnessMatrix
[WARNING] [BeamFEMForceField(BeamFEMForceField)] buildDampingMatrix not implemented: for compatibility reason, the deprecated API (addBToMatrix) will be used. This compatibility will disapear in the future, and will cause issues in simulations. Please update the code of BeamFEMForceField to ensure right behavior: the function addBToMatrix has been replaced by buildDampingMatrix
[WARNING] [MechanicalObject(unnamed)] Could not read value for data field showColor: 1.0 0.0 1.0 
[WARNING] [InteractiveCamera(camera)] Too many missing parameters ; taking default ...
[WARNING] [UncoupledConstraintCorrection(UncoupledConstraintCorrection)] Using 10 as initial compliance
[WARNING] [FastTetrahedralCorotationalForceField(FastTetrahedralCorotationalForceField)] buildStiffnessMatrix not implemented: for compatibility reason, the deprecated API (addKToMatrix) will be used. This compatibility will disapear in the future, and will cause issues in simulations. Please update the code of FastTetrahedralCorotationalForceField to ensure right behavior: the function addKToMatrix has been replaced by buildStiffnessMatrix
[WARNING] [FastTetrahedralCorotationalForceField(FastTetrahedralCorotationalForceField)] buildDampingMatrix not implemented: for compatibility reason, the deprecated API (addBToMatrix) will be used. This compatibility will disapear in the future, and will cause issues in simulations. Please update the code of FastTetrahedralCorotationalForceField to ensure right behavior: the function addBToMatrix has been replaced by buildDampingMatrix
[WARNING] [UniformVelocityDampingForceField(UniformVelocityDampingForceField)] buildStiffnessMatrix not implemented: for compatibility reason, the deprecated API (addKToMatrix) will be used. This compatibility will disapear in the future, and will cause issues in simulations. Please update the code of UniformVelocityDampingForceField to ensure right behavior: the function addKToMatrix has been replaced by buildStiffnessMatrix
[WARNING] [BeamFEMForceField(BeamFEMForceField)] buildDampingMatrix not implemented: for compatibility reason, the deprecated API (addBToMatrix) will be used. This compatibility will disapear in the future, and will cause issues in simulations. Please update the code of BeamFEMForceField to ensure right behavior: the function addBToMatrix has been replaced by buildDampingMatrix
[WARNING] [MechanicalObject(unnamed)] Could not read value for data field showColor: 1.0 0.0 1.0 
[WARNING] [InteractiveCamera(camera)] Too many missing parameters ; taking default ...
[WARNING] [UncoupledConstraintCorrection(UncoupledConstraintCorrection)] Using 10 as initial compliance
[WARNING] [FastTetrahedralCorotationalForceField(FastTetrahedralCorotationalForceField)] buildStiffnessMatrix not implemented: for compatibility reason, the deprecated API (addKToMatrix) will be used. This compatibility will disapear in the future, and will cause issues in simulations. Please update the code of FastTetrahedralCorotationalForceField to ensure right behavior: the function addKToMatrix has been replaced by buildStiffnessMatrix
[WARNING] [FastTetrahedralCorotationalForceField(FastTetrahedralCorotationalForceField)] buildDampingMatrix not implemented: for compatibility reason, the deprecated API (addBToMatrix) will be used. This compatibility will disapear in the future, and will cause issues in simulations. Please update the code of FastTetrahedralCorotationalForceField to ensure right behavior: the function addBToMatrix has been replaced by buildDampingMatrix
[WARNING] [UniformVelocityDampingForceField(UniformVelocityDampingForceField)] buildStiffnessMatrix not implemented: for compatibility reason, the deprecated API (addKToMatrix) will be used. This compatibility will disapear in the future, and will cause issues in simulations. Please update the code of UniformVelocityDampingForceField to ensure right behavior: the function addKToMatrix has been replaced by buildStiffnessMatrix
[WARNING] [BeamFEMForceField(BeamFEMForceField)] buildDampingMatrix not implemented: for compatibility reason, the deprecated API (addBToMatrix) will be used. This compatibility will disapear in the future, and will cause issues in simulations. Please update the code of BeamFEMForceField to ensure right behavior: the function addBToMatrix has been replaced by buildDampingMatrix
[WARNING] [MechanicalObject(unnamed)] Could not read value for data field showColor: 1.0 0.0 1.0 
[WARNING] [InteractiveCamera(camera)] Too many missing parameters ; taking default ...
[WARNING] [UncoupledConstraintCorrection(UncoupledConstraintCorrection)] Using 10 as initial compliance
[WARNING] [FastTetrahedralCorotationalForceField(FastTetrahedralCorotationalForceField)] buildStiffnessMatrix not implemented: for compatibility reason, the deprecated API (addKToMatrix) will be used. This compatibility will disapear in the future, and will cause issues in simulations. Please update the code of FastTetrahedralCorotationalForceField to ensure right behavior: the function addKToMatrix has been replaced by buildStiffnessMatrix
[WARNING] [FastTetrahedralCorotationalForceField(FastTetrahedralCorotationalForceField)] buildDampingMatrix not implemented: for compatibility reason, the deprecated API (addBToMatrix) will be used. This compatibility will disapear in the future, and will cause issues in simulations. Please update the code of FastTetrahedralCorotationalForceField to ensure right behavior: the function addBToMatrix has been replaced by buildDampingMatrix
[WARNING] [UniformVelocityDampingForceField(UniformVelocityDampingForceField)] buildStiffnessMatrix not implemented: for compatibility reason, the deprecated API (addKToMatrix) will be used. This compatibility will disapear in the future, and will cause issues in simulations. Please update the code of UniformVelocityDampingForceField to ensure right behavior: the function addKToMatrix has been replaced by buildStiffnessMatrix
[WARNING] [BeamFEMForceField(BeamFEMForceField)] buildDampingMatrix not implemented: for compatibility reason, the deprecated API (addBToMatrix) will be used. This compatibility will disapear in the future, and will cause issues in simulations. Please update the code of BeamFEMForceField to ensure right behavior: the function addBToMatrix has been replaced by buildDampingMatrix
[WARNING] [MechanicalObject(unnamed)] Could not read value for data field showColor: 1.0 0.0 1.0 
[WARNING] [InteractiveCamera(camera)] Too many missing parameters ; taking default ...
[WARNING] [UncoupledConstraintCorrection(UncoupledConstraintCorrection)] Using 10 as initial compliance
[WARNING] [FastTetrahedralCorotationalForceField(FastTetrahedralCorotationalForceField)] buildStiffnessMatrix not implemented: for compatibility reason, the deprecated API (addKToMatrix) will be used. This compatibility will disapear in the future, and will cause issues in simulations. Please update the code of FastTetrahedralCorotationalForceField to ensure right behavior: the function addKToMatrix has been replaced by buildStiffnessMatrix
[WARNING] [FastTetrahedralCorotationalForceField(FastTetrahedralCorotationalForceField)] buildDampingMatrix not implemented: for compatibility reason, the deprecated API (addBToMatrix) will be used. This compatibility will disapear in the future, and will cause issues in simulations. Please update the code of FastTetrahedralCorotationalForceField to ensure right behavior: the function addBToMatrix has been replaced by buildDampingMatrix
[WARNING] [UniformVelocityDampingForceField(UniformVelocityDampingForceField)] buildStiffnessMatrix not implemented: for compatibility reason, the deprecated API (addKToMatrix) will be used. This compatibility will disapear in the future, and will cause issues in simulations. Please update the code of UniformVelocityDampingForceField to ensure right behavior: the function addKToMatrix has been replaced by buildStiffnessMatrix
[WARNING] [BeamFEMForceField(BeamFEMForceField)] buildDampingMatrix not implemented: for compatibility reason, the deprecated API (addBToMatrix) will be used. This compatibility will disapear in the future, and will cause issues in simulations. Please update the code of BeamFEMForceField to ensure right behavior: the function addBToMatrix has been replaced by buildDampingMatrix
[WARNING] [MechanicalObject(unnamed)] Could not read value for data field showColor: 1.0 0.0 1.0 
[WARNING] [InteractiveCamera(camera)] Too many missing parameters ; taking default ...
[WARNING] [UncoupledConstraintCorrection(UncoupledConstraintCorrection)] Using 10 as initial compliance
[WARNING] [FastTetrahedralCorotationalForceField(FastTetrahedralCorotationalForceField)] buildStiffnessMatrix not implemented: for compatibility reason, the deprecated API (addKToMatrix) will be used. This compatibility will disapear in the future, and will cause issues in simulations. Please update the code of FastTetrahedralCorotationalForceField to ensure right behavior: the function addKToMatrix has been replaced by buildStiffnessMatrix
[WARNING] [FastTetrahedralCorotationalForceField(FastTetrahedralCorotationalForceField)] buildDampingMatrix not implemented: for compatibility reason, the deprecated API (addBToMatrix) will be used. This compatibility will disapear in the future, and will cause issues in simulations. Please update the code of FastTetrahedralCorotationalForceField to ensure right behavior: the function addBToMatrix has been replaced by buildDampingMatrix
[WARNING] [UniformVelocityDampingForceField(UniformVelocityDampingForceField)] buildStiffnessMatrix not implemented: for compatibility reason, the deprecated API (addKToMatrix) will be used. This compatibility will disapear in the future, and will cause issues in simulations. Please update the code of UniformVelocityDampingForceField to ensure right behavior: the function addKToMatrix has been replaced by buildStiffnessMatrix
[WARNING] [BeamFEMForceField(BeamFEMForceField)] buildDampingMatrix not implemented: for compatibility reason, the deprecated API (addBToMatrix) will be used. This compatibility will disapear in the future, and will cause issues in simulations. Please update the code of BeamFEMForceField to ensure right behavior: the function addBToMatrix has been replaced by buildDampingMatrix
Environments instantiated.
BasicSampler: Resetting all environments.
BasicSampler: Resetting agent.
Instantiating 1 environments...
[WARNING] [MechanicalObject(unnamed)] Could not read value for data field showColor: 1.0 0.0 1.0 
[WARNING] [InteractiveCamera(camera)] Too many missing parameters ; taking default ...
[WARNING] [UncoupledConstraintCorrection(UncoupledConstraintCorrection)] Using 10 as initial compliance
[WARNING] [FastTetrahedralCorotationalForceField(FastTetrahedralCorotationalForceField)] buildStiffnessMatrix not implemented: for compatibility reason, the deprecated API (addKToMatrix) will be used. This compatibility will disapear in the future, and will cause issues in simulations. Please update the code of FastTetrahedralCorotationalForceField to ensure right behavior: the function addKToMatrix has been replaced by buildStiffnessMatrix
[WARNING] [FastTetrahedralCorotationalForceField(FastTetrahedralCorotationalForceField)] buildDampingMatrix not implemented: for compatibility reason, the deprecated API (addBToMatrix) will be used. This compatibility will disapear in the future, and will cause issues in simulations. Please update the code of FastTetrahedralCorotationalForceField to ensure right behavior: the function addBToMatrix has been replaced by buildDampingMatrix
[WARNING] [UniformVelocityDampingForceField(UniformVelocityDampingForceField)] buildStiffnessMatrix not implemented: for compatibility reason, the deprecated API (addKToMatrix) will be used. This compatibility will disapear in the future, and will cause issues in simulations. Please update the code of UniformVelocityDampingForceField to ensure right behavior: the function addKToMatrix has been replaced by buildStiffnessMatrix
[WARNING] [BeamFEMForceField(BeamFEMForceField)] buildDampingMatrix not implemented: for compatibility reason, the deprecated API (addBToMatrix) will be used. This compatibility will disapear in the future, and will cause issues in simulations. Please update the code of BeamFEMForceField to ensure right behavior: the function addBToMatrix has been replaced by buildDampingMatrix
Environments instantiated.
Instantiating 1 environments...
[WARNING] [MechanicalObject(unnamed)] Could not read value for data field showColor: 1.0 0.0 1.0 
[WARNING] [InteractiveCamera(camera)] Too many missing parameters ; taking default ...
[WARNING] [UncoupledConstraintCorrection(UncoupledConstraintCorrection)] Using 10 as initial compliance
[WARNING] [FastTetrahedralCorotationalForceField(FastTetrahedralCorotationalForceField)] buildStiffnessMatrix not implemented: for compatibility reason, the deprecated API (addKToMatrix) will be used. This compatibility will disapear in the future, and will cause issues in simulations. Please update the code of FastTetrahedralCorotationalForceField to ensure right behavior: the function addKToMatrix has been replaced by buildStiffnessMatrix
[WARNING] [FastTetrahedralCorotationalForceField(FastTetrahedralCorotationalForceField)] buildDampingMatrix not implemented: for compatibility reason, the deprecated API (addBToMatrix) will be used. This compatibility will disapear in the future, and will cause issues in simulations. Please update the code of FastTetrahedralCorotationalForceField to ensure right behavior: the function addBToMatrix has been replaced by buildDampingMatrix
[WARNING] [UniformVelocityDampingForceField(UniformVelocityDampingForceField)] buildStiffnessMatrix not implemented: for compatibility reason, the deprecated API (addKToMatrix) will be used. This compatibility will disapear in the future, and will cause issues in simulations. Please update the code of UniformVelocityDampingForceField to ensure right behavior: the function addKToMatrix has been replaced by buildStiffnessMatrix
[WARNING] [BeamFEMForceField(BeamFEMForceField)] buildDampingMatrix not implemented: for compatibility reason, the deprecated API (addBToMatrix) will be used. This compatibility will disapear in the future, and will cause issues in simulations. Please update the code of BeamFEMForceField to ensure right behavior: the function addBToMatrix has been replaced by buildDampingMatrix
Environments instantiated.
Instantiating 1 environments...
[WARNING] [MechanicalObject(unnamed)] Could not read value for data field showColor: 1.0 0.0 1.0 
[WARNING] [InteractiveCamera(camera)] Too many missing parameters ; taking default ...
[WARNING] [UncoupledConstraintCorrection(UncoupledConstraintCorrection)] Using 10 as initial compliance
[WARNING] [FastTetrahedralCorotationalForceField(FastTetrahedralCorotationalForceField)] buildStiffnessMatrix not implemented: for compatibility reason, the deprecated API (addKToMatrix) will be used. This compatibility will disapear in the future, and will cause issues in simulations. Please update the code of FastTetrahedralCorotationalForceField to ensure right behavior: the function addKToMatrix has been replaced by buildStiffnessMatrix
[WARNING] [FastTetrahedralCorotationalForceField(FastTetrahedralCorotationalForceField)] buildDampingMatrix not implemented: for compatibility reason, the deprecated API (addBToMatrix) will be used. This compatibility will disapear in the future, and will cause issues in simulations. Please update the code of FastTetrahedralCorotationalForceField to ensure right behavior: the function addBToMatrix has been replaced by buildDampingMatrix
[WARNING] [UniformVelocityDampingForceField(UniformVelocityDampingForceField)] buildStiffnessMatrix not implemented: for compatibility reason, the deprecated API (addKToMatrix) will be used. This compatibility will disapear in the future, and will cause issues in simulations. Please update the code of UniformVelocityDampingForceField to ensure right behavior: the function addKToMatrix has been replaced by buildStiffnessMatrix
[WARNING] [BeamFEMForceField(BeamFEMForceField)] buildDampingMatrix not implemented: for compatibility reason, the deprecated API (addBToMatrix) will be used. This compatibility will disapear in the future, and will cause issues in simulations. Please update the code of BeamFEMForceField to ensure right behavior: the function addBToMatrix has been replaced by buildDampingMatrix
Environments instantiated.
Instantiating 1 environments...
[WARNING] [MechanicalObject(unnamed)] Could not read value for data field showColor: 1.0 0.0 1.0 
[WARNING] [InteractiveCamera(camera)] Too many missing parameters ; taking default ...
[WARNING] [UncoupledConstraintCorrection(UncoupledConstraintCorrection)] Using 10 as initial compliance
[WARNING] [FastTetrahedralCorotationalForceField(FastTetrahedralCorotationalForceField)] buildStiffnessMatrix not implemented: for compatibility reason, the deprecated API (addKToMatrix) will be used. This compatibility will disapear in the future, and will cause issues in simulations. Please update the code of FastTetrahedralCorotationalForceField to ensure right behavior: the function addKToMatrix has been replaced by buildStiffnessMatrix
[WARNING] [FastTetrahedralCorotationalForceField(FastTetrahedralCorotationalForceField)] buildDampingMatrix not implemented: for compatibility reason, the deprecated API (addBToMatrix) will be used. This compatibility will disapear in the future, and will cause issues in simulations. Please update the code of FastTetrahedralCorotationalForceField to ensure right behavior: the function addBToMatrix has been replaced by buildDampingMatrix
[WARNING] [UniformVelocityDampingForceField(UniformVelocityDampingForceField)] buildStiffnessMatrix not implemented: for compatibility reason, the deprecated API (addKToMatrix) will be used. This compatibility will disapear in the future, and will cause issues in simulations. Please update the code of UniformVelocityDampingForceField to ensure right behavior: the function addKToMatrix has been replaced by buildStiffnessMatrix
[WARNING] [BeamFEMForceField(BeamFEMForceField)] buildDampingMatrix not implemented: for compatibility reason, the deprecated API (addBToMatrix) will be used. This compatibility will disapear in the future, and will cause issues in simulations. Please update the code of BeamFEMForceField to ensure right behavior: the function addBToMatrix has been replaced by buildDampingMatrix
Environments instantiated.
Instantiating 1 environments...
[WARNING] [MechanicalObject(unnamed)] Could not read value for data field showColor: 1.0 0.0 1.0 
[WARNING] [InteractiveCamera(camera)] Too many missing parameters ; taking default ...
[WARNING] [UncoupledConstraintCorrection(UncoupledConstraintCorrection)] Using 10 as initial compliance
[WARNING] [FastTetrahedralCorotationalForceField(FastTetrahedralCorotationalForceField)] buildStiffnessMatrix not implemented: for compatibility reason, the deprecated API (addKToMatrix) will be used. This compatibility will disapear in the future, and will cause issues in simulations. Please update the code of FastTetrahedralCorotationalForceField to ensure right behavior: the function addKToMatrix has been replaced by buildStiffnessMatrix
[WARNING] [FastTetrahedralCorotationalForceField(FastTetrahedralCorotationalForceField)] buildDampingMatrix not implemented: for compatibility reason, the deprecated API (addBToMatrix) will be used. This compatibility will disapear in the future, and will cause issues in simulations. Please update the code of FastTetrahedralCorotationalForceField to ensure right behavior: the function addBToMatrix has been replaced by buildDampingMatrix
[WARNING] [UniformVelocityDampingForceField(UniformVelocityDampingForceField)] buildStiffnessMatrix not implemented: for compatibility reason, the deprecated API (addKToMatrix) will be used. This compatibility will disapear in the future, and will cause issues in simulations. Please update the code of UniformVelocityDampingForceField to ensure right behavior: the function addKToMatrix has been replaced by buildStiffnessMatrix
[WARNING] [BeamFEMForceField(BeamFEMForceField)] buildDampingMatrix not implemented: for compatibility reason, the deprecated API (addBToMatrix) will be used. This compatibility will disapear in the future, and will cause issues in simulations. Please update the code of BeamFEMForceField to ensure right behavior: the function addBToMatrix has been replaced by buildDampingMatrix
Environments instantiated.
Instantiating 1 environments...
[WARNING] [MechanicalObject(unnamed)] Could not read value for data field showColor: 1.0 0.0 1.0 
[WARNING] [InteractiveCamera(camera)] Too many missing parameters ; taking default ...
[WARNING] [UncoupledConstraintCorrection(UncoupledConstraintCorrection)] Using 10 as initial compliance
[WARNING] [FastTetrahedralCorotationalForceField(FastTetrahedralCorotationalForceField)] buildStiffnessMatrix not implemented: for compatibility reason, the deprecated API (addKToMatrix) will be used. This compatibility will disapear in the future, and will cause issues in simulations. Please update the code of FastTetrahedralCorotationalForceField to ensure right behavior: the function addKToMatrix has been replaced by buildStiffnessMatrix
[WARNING] [FastTetrahedralCorotationalForceField(FastTetrahedralCorotationalForceField)] buildDampingMatrix not implemented: for compatibility reason, the deprecated API (addBToMatrix) will be used. This compatibility will disapear in the future, and will cause issues in simulations. Please update the code of FastTetrahedralCorotationalForceField to ensure right behavior: the function addBToMatrix has been replaced by buildDampingMatrix
[WARNING] [UniformVelocityDampingForceField(UniformVelocityDampingForceField)] buildStiffnessMatrix not implemented: for compatibility reason, the deprecated API (addKToMatrix) will be used. This compatibility will disapear in the future, and will cause issues in simulations. Please update the code of UniformVelocityDampingForceField to ensure right behavior: the function addKToMatrix has been replaced by buildStiffnessMatrix
[WARNING] [BeamFEMForceField(BeamFEMForceField)] buildDampingMatrix not implemented: for compatibility reason, the deprecated API (addBToMatrix) will be used. This compatibility will disapear in the future, and will cause issues in simulations. Please update the code of BeamFEMForceField to ensure right behavior: the function addBToMatrix has been replaced by buildDampingMatrix
Environments instantiated.
Instantiating 1 environments...
[WARNING] [MechanicalObject(unnamed)] Could not read value for data field showColor: 1.0 0.0 1.0 
[WARNING] [InteractiveCamera(camera)] Too many missing parameters ; taking default ...
[WARNING] [UncoupledConstraintCorrection(UncoupledConstraintCorrection)] Using 10 as initial compliance
[WARNING] [FastTetrahedralCorotationalForceField(FastTetrahedralCorotationalForceField)] buildStiffnessMatrix not implemented: for compatibility reason, the deprecated API (addKToMatrix) will be used. This compatibility will disapear in the future, and will cause issues in simulations. Please update the code of FastTetrahedralCorotationalForceField to ensure right behavior: the function addKToMatrix has been replaced by buildStiffnessMatrix
[WARNING] [FastTetrahedralCorotationalForceField(FastTetrahedralCorotationalForceField)] buildDampingMatrix not implemented: for compatibility reason, the deprecated API (addBToMatrix) will be used. This compatibility will disapear in the future, and will cause issues in simulations. Please update the code of FastTetrahedralCorotationalForceField to ensure right behavior: the function addBToMatrix has been replaced by buildDampingMatrix
[WARNING] [UniformVelocityDampingForceField(UniformVelocityDampingForceField)] buildStiffnessMatrix not implemented: for compatibility reason, the deprecated API (addKToMatrix) will be used. This compatibility will disapear in the future, and will cause issues in simulations. Please update the code of UniformVelocityDampingForceField to ensure right behavior: the function addKToMatrix has been replaced by buildStiffnessMatrix
[WARNING] [BeamFEMForceField(BeamFEMForceField)] buildDampingMatrix not implemented: for compatibility reason, the deprecated API (addBToMatrix) will be used. This compatibility will disapear in the future, and will cause issues in simulations. Please update the code of BeamFEMForceField to ensure right behavior: the function addBToMatrix has been replaced by buildDampingMatrix
Environments instantiated.
Instantiating 1 environments...
[WARNING] [MechanicalObject(unnamed)] Could not read value for data field showColor: 1.0 0.0 1.0 
[WARNING] [InteractiveCamera(camera)] Too many missing parameters ; taking default ...
[WARNING] [UncoupledConstraintCorrection(UncoupledConstraintCorrection)] Using 10 as initial compliance
[WARNING] [FastTetrahedralCorotationalForceField(FastTetrahedralCorotationalForceField)] buildStiffnessMatrix not implemented: for compatibility reason, the deprecated API (addKToMatrix) will be used. This compatibility will disapear in the future, and will cause issues in simulations. Please update the code of FastTetrahedralCorotationalForceField to ensure right behavior: the function addKToMatrix has been replaced by buildStiffnessMatrix
[WARNING] [FastTetrahedralCorotationalForceField(FastTetrahedralCorotationalForceField)] buildDampingMatrix not implemented: for compatibility reason, the deprecated API (addBToMatrix) will be used. This compatibility will disapear in the future, and will cause issues in simulations. Please update the code of FastTetrahedralCorotationalForceField to ensure right behavior: the function addBToMatrix has been replaced by buildDampingMatrix
[WARNING] [UniformVelocityDampingForceField(UniformVelocityDampingForceField)] buildStiffnessMatrix not implemented: for compatibility reason, the deprecated API (addKToMatrix) will be used. This compatibility will disapear in the future, and will cause issues in simulations. Please update the code of UniformVelocityDampingForceField to ensure right behavior: the function addKToMatrix has been replaced by buildStiffnessMatrix
[WARNING] [BeamFEMForceField(BeamFEMForceField)] buildDampingMatrix not implemented: for compatibility reason, the deprecated API (addBToMatrix) will be used. This compatibility will disapear in the future, and will cause issues in simulations. Please update the code of BeamFEMForceField to ensure right behavior: the function addBToMatrix has been replaced by buildDampingMatrix
Environments instantiated.
Instantiating 1 environments...
[WARNING] [MechanicalObject(unnamed)] Could not read value for data field showColor: 1.0 0.0 1.0 
[WARNING] [InteractiveCamera(camera)] Too many missing parameters ; taking default ...
[WARNING] [UncoupledConstraintCorrection(UncoupledConstraintCorrection)] Using 10 as initial compliance
[WARNING] [FastTetrahedralCorotationalForceField(FastTetrahedralCorotationalForceField)] buildStiffnessMatrix not implemented: for compatibility reason, the deprecated API (addKToMatrix) will be used. This compatibility will disapear in the future, and will cause issues in simulations. Please update the code of FastTetrahedralCorotationalForceField to ensure right behavior: the function addKToMatrix has been replaced by buildStiffnessMatrix
[WARNING] [FastTetrahedralCorotationalForceField(FastTetrahedralCorotationalForceField)] buildDampingMatrix not implemented: for compatibility reason, the deprecated API (addBToMatrix) will be used. This compatibility will disapear in the future, and will cause issues in simulations. Please update the code of FastTetrahedralCorotationalForceField to ensure right behavior: the function addBToMatrix has been replaced by buildDampingMatrix
[WARNING] [UniformVelocityDampingForceField(UniformVelocityDampingForceField)] buildStiffnessMatrix not implemented: for compatibility reason, the deprecated API (addKToMatrix) will be used. This compatibility will disapear in the future, and will cause issues in simulations. Please update the code of UniformVelocityDampingForceField to ensure right behavior: the function addKToMatrix has been replaced by buildStiffnessMatrix
[WARNING] [BeamFEMForceField(BeamFEMForceField)] buildDampingMatrix not implemented: for compatibility reason, the deprecated API (addBToMatrix) will be used. This compatibility will disapear in the future, and will cause issues in simulations. Please update the code of BeamFEMForceField to ensure right behavior: the function addBToMatrix has been replaced by buildDampingMatrix
Environments instantiated.
Instantiating 1 environments...
[WARNING] [InteractiveCamera(camera)] Too many missing parameters ; taking default ...
[WARNING] [MechanicalObject(unnamed)] Could not read value for data field showColor: 1.0 0.0 1.0 
[WARNING] [InteractiveCamera(camera)] Too many missing parameters ; taking default ...
[WARNING] [UncoupledConstraintCorrection(UncoupledConstraintCorrection)] Using 10 as initial compliance
[WARNING] [FastTetrahedralCorotationalForceField(FastTetrahedralCorotationalForceField)] buildStiffnessMatrix not implemented: for compatibility reason, the deprecated API (addKToMatrix) will be used. This compatibility will disapear in the future, and will cause issues in simulations. Please update the code of FastTetrahedralCorotationalForceField to ensure right behavior: the function addKToMatrix has been replaced by buildStiffnessMatrix
[WARNING] [FastTetrahedralCorotationalForceField(FastTetrahedralCorotationalForceField)] buildDampingMatrix not implemented: for compatibility reason, the deprecated API (addBToMatrix) will be used. This compatibility will disapear in the future, and will cause issues in simulations. Please update the code of FastTetrahedralCorotationalForceField to ensure right behavior: the function addBToMatrix has been replaced by buildDampingMatrix
[WARNING] [UniformVelocityDampingForceField(UniformVelocityDampingForceField)] buildStiffnessMatrix not implemented: for compatibility reason, the deprecated API (addKToMatrix) will be used. This compatibility will disapear in the future, and will cause issues in simulations. Please update the code of UniformVelocityDampingForceField to ensure right behavior: the function addKToMatrix has been replaced by buildStiffnessMatrix
[WARNING] [BeamFEMForceField(BeamFEMForceField)] buildDampingMatrix not implemented: for compatibility reason, the deprecated API (addBToMatrix) will be used. This compatibility will disapear in the future, and will cause issues in simulations. Please update the code of BeamFEMForceField to ensure right behavior: the function addBToMatrix has been replaced by buildDampingMatrix
Environments instantiated.
Instantiating 1 environments...
[WARNING] [InteractiveCamera(camera)] Too many missing parameters ; taking default ...
[WARNING] [MechanicalObject(unnamed)] Could not read value for data field showColor: 1.0 0.0 1.0 
[WARNING] [InteractiveCamera(camera)] Too many missing parameters ; taking default ...
[WARNING] [UncoupledConstraintCorrection(UncoupledConstraintCorrection)] Using 10 as initial compliance
[WARNING] [FastTetrahedralCorotationalForceField(FastTetrahedralCorotationalForceField)] buildStiffnessMatrix not implemented: for compatibility reason, the deprecated API (addKToMatrix) will be used. This compatibility will disapear in the future, and will cause issues in simulations. Please update the code of FastTetrahedralCorotationalForceField to ensure right behavior: the function addKToMatrix has been replaced by buildStiffnessMatrix
[WARNING] [FastTetrahedralCorotationalForceField(FastTetrahedralCorotationalForceField)] buildDampingMatrix not implemented: for compatibility reason, the deprecated API (addBToMatrix) will be used. This compatibility will disapear in the future, and will cause issues in simulations. Please update the code of FastTetrahedralCorotationalForceField to ensure right behavior: the function addBToMatrix has been replaced by buildDampingMatrix
[WARNING] [UniformVelocityDampingForceField(UniformVelocityDampingForceField)] buildStiffnessMatrix not implemented: for compatibility reason, the deprecated API (addKToMatrix) will be used. This compatibility will disapear in the future, and will cause issues in simulations. Please update the code of UniformVelocityDampingForceField to ensure right behavior: the function addKToMatrix has been replaced by buildStiffnessMatrix
[WARNING] [BeamFEMForceField(BeamFEMForceField)] buildDampingMatrix not implemented: for compatibility reason, the deprecated API (addBToMatrix) will be used. This compatibility will disapear in the future, and will cause issues in simulations. Please update the code of BeamFEMForceField to ensure right behavior: the function addBToMatrix has been replaced by buildDampingMatrix
Environments instantiated.
Instantiating 1 environments...
[WARNING] [InteractiveCamera(camera)] Too many missing parameters ; taking default ...
[WARNING] [MechanicalObject(unnamed)] Could not read value for data field showColor: 1.0 0.0 1.0 
[WARNING] [InteractiveCamera(camera)] Too many missing parameters ; taking default ...
[WARNING] [UncoupledConstraintCorrection(UncoupledConstraintCorrection)] Using 10 as initial compliance
[WARNING] [FastTetrahedralCorotationalForceField(FastTetrahedralCorotationalForceField)] buildStiffnessMatrix not implemented: for compatibility reason, the deprecated API (addKToMatrix) will be used. This compatibility will disapear in the future, and will cause issues in simulations. Please update the code of FastTetrahedralCorotationalForceField to ensure right behavior: the function addKToMatrix has been replaced by buildStiffnessMatrix
[WARNING] [FastTetrahedralCorotationalForceField(FastTetrahedralCorotationalForceField)] buildDampingMatrix not implemented: for compatibility reason, the deprecated API (addBToMatrix) will be used. This compatibility will disapear in the future, and will cause issues in simulations. Please update the code of FastTetrahedralCorotationalForceField to ensure right behavior: the function addBToMatrix has been replaced by buildDampingMatrix
[WARNING] [UniformVelocityDampingForceField(UniformVelocityDampingForceField)] buildStiffnessMatrix not implemented: for compatibility reason, the deprecated API (addKToMatrix) will be used. This compatibility will disapear in the future, and will cause issues in simulations. Please update the code of UniformVelocityDampingForceField to ensure right behavior: the function addKToMatrix has been replaced by buildStiffnessMatrix
[WARNING] [BeamFEMForceField(BeamFEMForceField)] buildDampingMatrix not implemented: for compatibility reason, the deprecated API (addBToMatrix) will be used. This compatibility will disapear in the future, and will cause issues in simulations. Please update the code of BeamFEMForceField to ensure right behavior: the function addBToMatrix has been replaced by buildDampingMatrix
Environments instantiated.
Instantiating 1 environments...
[WARNING] [InteractiveCamera(camera)] Too many missing parameters ; taking default ...
[WARNING] [MechanicalObject(unnamed)] Could not read value for data field showColor: 1.0 0.0 1.0 
[WARNING] [InteractiveCamera(camera)] Too many missing parameters ; taking default ...
[WARNING] [UncoupledConstraintCorrection(UncoupledConstraintCorrection)] Using 10 as initial compliance
[WARNING] [FastTetrahedralCorotationalForceField(FastTetrahedralCorotationalForceField)] buildStiffnessMatrix not implemented: for compatibility reason, the deprecated API (addKToMatrix) will be used. This compatibility will disapear in the future, and will cause issues in simulations. Please update the code of FastTetrahedralCorotationalForceField to ensure right behavior: the function addKToMatrix has been replaced by buildStiffnessMatrix
[WARNING] [FastTetrahedralCorotationalForceField(FastTetrahedralCorotationalForceField)] buildDampingMatrix not implemented: for compatibility reason, the deprecated API (addBToMatrix) will be used. This compatibility will disapear in the future, and will cause issues in simulations. Please update the code of FastTetrahedralCorotationalForceField to ensure right behavior: the function addBToMatrix has been replaced by buildDampingMatrix
[WARNING] [UniformVelocityDampingForceField(UniformVelocityDampingForceField)] buildStiffnessMatrix not implemented: for compatibility reason, the deprecated API (addKToMatrix) will be used. This compatibility will disapear in the future, and will cause issues in simulations. Please update the code of UniformVelocityDampingForceField to ensure right behavior: the function addKToMatrix has been replaced by buildStiffnessMatrix
[WARNING] [BeamFEMForceField(BeamFEMForceField)] buildDampingMatrix not implemented: for compatibility reason, the deprecated API (addBToMatrix) will be used. This compatibility will disapear in the future, and will cause issues in simulations. Please update the code of BeamFEMForceField to ensure right behavior: the function addBToMatrix has been replaced by buildDampingMatrix
Environments instantiated.
Error executing job with overrides: ['parallel=False', 'wandb.group_name=our_method_TIH_hopefully_fixed', 'env=thread_in_hole', 'model=pointgpt_rl', 'algo=aux_sac', 'env.image_shape=[64, 64]', 'runner.n_steps=450000']
Traceback (most recent call last):
  File "/home/michaelbezick/Repos/pprlPCA/scripts/multi_eval_train_sac.py", line 536, in main
    with build(config) as runner:
  File "/home/michaelbezick/.conda/envs/pprl/lib/python3.10/contextlib.py", line 135, in __enter__
    return next(self.gen)
  File "/home/michaelbezick/Repos/pprlPCA/scripts/multi_eval_train_sac.py", line 355, in build
    config.env.create_scene_kwargs.camera_config.vertical_field_of_view = vfov    # override default 62
omegaconf.errors.ConfigAttributeError: Missing key camera_config
    full_key: env.create_scene_kwargs.camera_config
    object_type=dict. Did you mean: 'camera_configs'?

Set the environment variable HYDRA_FULL_ERROR=1 for a complete stack trace.
[1;34mwandb[0m: 
[1;34mwandb[0m: 🚀 View run [33mpeach-fire-666[0m at: [34mhttps://wandb.ai/michael-bezick-purdue-university/pprl/runs/z26l3ppz[0m
[1;34mwandb[0m: Find logs at: [1;35mwandb/run-20250724_184433-z26l3ppz/logs[0m

########## SIG 11 - SIGSEGV: segfault ##########
  sofa::helper::BackTrace::sig(int)
  PyErr_Fetch
  on_exit+0
  PyErr_PrintEx
  _PyRun_AnyFileObject
  Py_RunMain
  Py_BytesMain
  __libc_start_main
