---------------------------------------
Checking SOFA_ROOT and SOFAPYTHON3_ROOT
Using environment variable SOFA_ROOT: /home/michaelbezick/sofa/build/install
---------------------------------------
wandb: Using wandb-core as the SDK backend.  Please refer to https://wandb.me/wandb-core for more information.
wandb: Currently logged in as: michael-bezick (michael-bezick-purdue-university) to https://api.wandb.ai. Use `wandb login --relogin` to force relogin
wandb: WARNING Using a boolean value for 'reinit' is deprecated. Use 'return_previous' or 'finish_previous' instead.
wandb: Tracking run with wandb version 0.19.9
wandb: Run data is saved locally in /home/michaelbezick/Repos/pprlPCA/wandb/run-20250723_084946-07mcarpk
wandb: Run `wandb offline` to turn off syncing.
wandb: Syncing run worthy-dawn-645
wandb: ⭐️ View project at https://wandb.ai/michael-bezick-purdue-university/pprl
wandb: 🚀 View run at https://wandb.ai/michael-bezick-purdue-university/pprl/runs/07mcarpk
Group name is:  not_our_method_TIH_no_parallel_final
Instantiating 20 environments...
[INFO]    [PluginManager] Loaded plugin: /home/michaelbezick/sofa/build/install/lib/libSofa.Component.Topology.Container.Constant.so
[INFO]    [PluginManager] Loaded plugin: /home/michaelbezick/sofa/build/install/lib/libSofa.Component.Collision.Geometry.so
[INFO]    [PluginManager] Loaded plugin: /home/michaelbezick/sofa/build/install/lib/libSofa.Component.ODESolver.Forward.so
[INFO]    [PluginManager] Loaded plugin: /home/michaelbezick/sofa/build/install/lib/libSofa.Component.Constraint.Lagrangian.Correction.so
[INFO]    [PluginManager] Loaded plugin: /home/michaelbezick/sofa/build/install/lib/libSofa.Component.Engine.Select.so
[INFO]    [PluginManager] Loaded plugin: /home/michaelbezick/sofa/build/install/lib/libSofa.Component.Collision.Detection.Intersection.so
[INFO]    [PluginManager] Loaded plugin: /home/michaelbezick/sofa/build/install/lib/libSofa.Component.Mapping.Linear.so
[INFO]    [PluginManager] Loaded plugin: /home/michaelbezick/sofa/build/install/lib/libSofa.Component.IO.Mesh.so
[INFO]    [PluginManager] Loaded plugin: /home/michaelbezick/sofa/build/install/lib/libSofa.Component.Topology.Container.Dynamic.so
[INFO]    [PluginManager] Loaded plugin: /home/michaelbezick/sofa/build/install/lib/libSofa.Component.SolidMechanics.FEM.Elastic.so
[INFO]    [PluginManager] Loaded plugin: /home/michaelbezick/sofa/build/install/lib/libSofa.Component.Visual.so
[INFO]    [PluginManager] Loaded plugin: /home/michaelbezick/sofa/build/install/lib/libSofa.Component.Setting.so
[INFO]    [PluginManager] Loaded plugin: /home/michaelbezick/sofa/build/install/lib/libSofa.Component.Constraint.Projective.so
[INFO]    [PluginManager] Loaded plugin: /home/michaelbezick/sofa/build/install/lib/libSofa.Component.Topology.Mapping.so
[INFO]    [PluginManager] Loaded plugin: /home/michaelbezick/sofa/build/install/lib/libSofa.Component.Collision.Response.Contact.so
[INFO]    [PluginManager] Loaded plugin: /home/michaelbezick/sofa/build/install/lib/libSofa.GL.Component.Shader.so
[INFO]    [PluginManager] Loaded plugin: /home/michaelbezick/sofa/build/install/lib/libSofa.Component.MechanicalLoad.so
[INFO]    [PluginManager] Loaded plugin: /home/michaelbezick/sofa/build/install/lib/libSofa.Component.Mapping.NonLinear.so
[INFO]    [PluginManager] Loaded plugin: /home/michaelbezick/sofa/build/install/lib/libSofa.Component.AnimationLoop.so
[INFO]    [PluginManager] Loaded plugin: /home/michaelbezick/sofa/build/install/lib/libSofa.Component.Mass.so
[INFO]    [PluginManager] Loaded plugin: /home/michaelbezick/sofa/build/install/lib/libSofa.Component.Constraint.Lagrangian.Solver.so
[INFO]    [PluginManager] Loaded plugin: /home/michaelbezick/sofa/build/install/lib/libSofa.Component.SceneUtility.so
[INFO]    [PluginManager] Loaded plugin: /home/michaelbezick/sofa/build/install/lib/libSofa.Component.Collision.Detection.Algorithm.so
[INFO]    [PluginManager] Loaded plugin: /home/michaelbezick/sofa/build/install/lib/libSofa.Component.Constraint.Lagrangian.Model.so
[INFO]    [PluginManager] Loaded plugin: /home/michaelbezick/sofa/build/install/lib/libSofa.GL.Component.Rendering3D.so
[INFO]    [PluginManager] Loaded plugin: /home/michaelbezick/sofa/build/install/plugins/ArticulatedSystemPlugin/lib/libArticulatedSystemPlugin.so
[INFO]    [PluginManager] Loaded plugin: /home/michaelbezick/sofa/build/install/lib/libSofa.Component.StateContainer.so
[INFO]    [PluginManager] Loaded plugin: /home/michaelbezick/sofa/build/install/lib/libSofa.Component.SolidMechanics.Spring.so
[INFO]    [PluginManager] Loaded plugin: /home/michaelbezick/sofa/build/install/lib/libSofa.Component.LinearSolver.Direct.so
[INFO]    [PluginManager] Loaded plugin: /home/michaelbezick/sofa/build/install/lib/libSofa.Component.LinearSolver.Iterative.so
[INFO]    [PluginManager] Loaded plugin: /home/michaelbezick/sofa/build/install/lib/libSofa.Component.ODESolver.Backward.so
[WARNING] [MechanicalObject(unnamed)] Could not read value for data field showColor: 1.0 0.0 1.0 
[WARNING] [InteractiveCamera(camera)] Too many missing parameters ; taking default ...
[WARNING] [UncoupledConstraintCorrection(UncoupledConstraintCorrection)] Using 10 as initial compliance
[WARNING] [FastTetrahedralCorotationalForceField(FastTetrahedralCorotationalForceField)] buildStiffnessMatrix not implemented: for compatibility reason, the deprecated API (addKToMatrix) will be used. This compatibility will disapear in the future, and will cause issues in simulations. Please update the code of FastTetrahedralCorotationalForceField to ensure right behavior: the function addKToMatrix has been replaced by buildStiffnessMatrix
[WARNING] [FastTetrahedralCorotationalForceField(FastTetrahedralCorotationalForceField)] buildDampingMatrix not implemented: for compatibility reason, the deprecated API (addBToMatrix) will be used. This compatibility will disapear in the future, and will cause issues in simulations. Please update the code of FastTetrahedralCorotationalForceField to ensure right behavior: the function addBToMatrix has been replaced by buildDampingMatrix
[WARNING] [UniformVelocityDampingForceField(UniformVelocityDampingForceField)] buildStiffnessMatrix not implemented: for compatibility reason, the deprecated API (addKToMatrix) will be used. This compatibility will disapear in the future, and will cause issues in simulations. Please update the code of UniformVelocityDampingForceField to ensure right behavior: the function addKToMatrix has been replaced by buildStiffnessMatrix
[WARNING] [BeamFEMForceField(BeamFEMForceField)] buildDampingMatrix not implemented: for compatibility reason, the deprecated API (addBToMatrix) will be used. This compatibility will disapear in the future, and will cause issues in simulations. Please update the code of BeamFEMForceField to ensure right behavior: the function addBToMatrix has been replaced by buildDampingMatrix
[WARNING] [MechanicalObject(unnamed)] Could not read value for data field showColor: 1.0 0.0 1.0 
[WARNING] [InteractiveCamera(camera)] Too many missing parameters ; taking default ...
[WARNING] [UncoupledConstraintCorrection(UncoupledConstraintCorrection)] Using 10 as initial compliance
[WARNING] [FastTetrahedralCorotationalForceField(FastTetrahedralCorotationalForceField)] buildStiffnessMatrix not implemented: for compatibility reason, the deprecated API (addKToMatrix) will be used. This compatibility will disapear in the future, and will cause issues in simulations. Please update the code of FastTetrahedralCorotationalForceField to ensure right behavior: the function addKToMatrix has been replaced by buildStiffnessMatrix
[WARNING] [FastTetrahedralCorotationalForceField(FastTetrahedralCorotationalForceField)] buildDampingMatrix not implemented: for compatibility reason, the deprecated API (addBToMatrix) will be used. This compatibility will disapear in the future, and will cause issues in simulations. Please update the code of FastTetrahedralCorotationalForceField to ensure right behavior: the function addBToMatrix has been replaced by buildDampingMatrix
[WARNING] [UniformVelocityDampingForceField(UniformVelocityDampingForceField)] buildStiffnessMatrix not implemented: for compatibility reason, the deprecated API (addKToMatrix) will be used. This compatibility will disapear in the future, and will cause issues in simulations. Please update the code of UniformVelocityDampingForceField to ensure right behavior: the function addKToMatrix has been replaced by buildStiffnessMatrix
[WARNING] [BeamFEMForceField(BeamFEMForceField)] buildDampingMatrix not implemented: for compatibility reason, the deprecated API (addBToMatrix) will be used. This compatibility will disapear in the future, and will cause issues in simulations. Please update the code of BeamFEMForceField to ensure right behavior: the function addBToMatrix has been replaced by buildDampingMatrix
[WARNING] [MechanicalObject(unnamed)] Could not read value for data field showColor: 1.0 0.0 1.0 
[WARNING] [InteractiveCamera(camera)] Too many missing parameters ; taking default ...
[WARNING] [UncoupledConstraintCorrection(UncoupledConstraintCorrection)] Using 10 as initial compliance
[WARNING] [FastTetrahedralCorotationalForceField(FastTetrahedralCorotationalForceField)] buildStiffnessMatrix not implemented: for compatibility reason, the deprecated API (addKToMatrix) will be used. This compatibility will disapear in the future, and will cause issues in simulations. Please update the code of FastTetrahedralCorotationalForceField to ensure right behavior: the function addKToMatrix has been replaced by buildStiffnessMatrix
[WARNING] [FastTetrahedralCorotationalForceField(FastTetrahedralCorotationalForceField)] buildDampingMatrix not implemented: for compatibility reason, the deprecated API (addBToMatrix) will be used. This compatibility will disapear in the future, and will cause issues in simulations. Please update the code of FastTetrahedralCorotationalForceField to ensure right behavior: the function addBToMatrix has been replaced by buildDampingMatrix
[WARNING] [UniformVelocityDampingForceField(UniformVelocityDampingForceField)] buildStiffnessMatrix not implemented: for compatibility reason, the deprecated API (addKToMatrix) will be used. This compatibility will disapear in the future, and will cause issues in simulations. Please update the code of UniformVelocityDampingForceField to ensure right behavior: the function addKToMatrix has been replaced by buildStiffnessMatrix
[WARNING] [BeamFEMForceField(BeamFEMForceField)] buildDampingMatrix not implemented: for compatibility reason, the deprecated API (addBToMatrix) will be used. This compatibility will disapear in the future, and will cause issues in simulations. Please update the code of BeamFEMForceField to ensure right behavior: the function addBToMatrix has been replaced by buildDampingMatrix
[WARNING] [MechanicalObject(unnamed)] Could not read value for data field showColor: 1.0 0.0 1.0 
[WARNING] [InteractiveCamera(camera)] Too many missing parameters ; taking default ...
[WARNING] [UncoupledConstraintCorrection(UncoupledConstraintCorrection)] Using 10 as initial compliance
[WARNING] [FastTetrahedralCorotationalForceField(FastTetrahedralCorotationalForceField)] buildStiffnessMatrix not implemented: for compatibility reason, the deprecated API (addKToMatrix) will be used. This compatibility will disapear in the future, and will cause issues in simulations. Please update the code of FastTetrahedralCorotationalForceField to ensure right behavior: the function addKToMatrix has been replaced by buildStiffnessMatrix
[WARNING] [FastTetrahedralCorotationalForceField(FastTetrahedralCorotationalForceField)] buildDampingMatrix not implemented: for compatibility reason, the deprecated API (addBToMatrix) will be used. This compatibility will disapear in the future, and will cause issues in simulations. Please update the code of FastTetrahedralCorotationalForceField to ensure right behavior: the function addBToMatrix has been replaced by buildDampingMatrix
[WARNING] [UniformVelocityDampingForceField(UniformVelocityDampingForceField)] buildStiffnessMatrix not implemented: for compatibility reason, the deprecated API (addKToMatrix) will be used. This compatibility will disapear in the future, and will cause issues in simulations. Please update the code of UniformVelocityDampingForceField to ensure right behavior: the function addKToMatrix has been replaced by buildStiffnessMatrix
[WARNING] [BeamFEMForceField(BeamFEMForceField)] buildDampingMatrix not implemented: for compatibility reason, the deprecated API (addBToMatrix) will be used. This compatibility will disapear in the future, and will cause issues in simulations. Please update the code of BeamFEMForceField to ensure right behavior: the function addBToMatrix has been replaced by buildDampingMatrix
[WARNING] [MechanicalObject(unnamed)] Could not read value for data field showColor: 1.0 0.0 1.0 
[WARNING] [InteractiveCamera(camera)] Too many missing parameters ; taking default ...
[WARNING] [UncoupledConstraintCorrection(UncoupledConstraintCorrection)] Using 10 as initial compliance
[WARNING] [FastTetrahedralCorotationalForceField(FastTetrahedralCorotationalForceField)] buildStiffnessMatrix not implemented: for compatibility reason, the deprecated API (addKToMatrix) will be used. This compatibility will disapear in the future, and will cause issues in simulations. Please update the code of FastTetrahedralCorotationalForceField to ensure right behavior: the function addKToMatrix has been replaced by buildStiffnessMatrix
[WARNING] [FastTetrahedralCorotationalForceField(FastTetrahedralCorotationalForceField)] buildDampingMatrix not implemented: for compatibility reason, the deprecated API (addBToMatrix) will be used. This compatibility will disapear in the future, and will cause issues in simulations. Please update the code of FastTetrahedralCorotationalForceField to ensure right behavior: the function addBToMatrix has been replaced by buildDampingMatrix
[WARNING] [UniformVelocityDampingForceField(UniformVelocityDampingForceField)] buildStiffnessMatrix not implemented: for compatibility reason, the deprecated API (addKToMatrix) will be used. This compatibility will disapear in the future, and will cause issues in simulations. Please update the code of UniformVelocityDampingForceField to ensure right behavior: the function addKToMatrix has been replaced by buildStiffnessMatrix
[WARNING] [BeamFEMForceField(BeamFEMForceField)] buildDampingMatrix not implemented: for compatibility reason, the deprecated API (addBToMatrix) will be used. This compatibility will disapear in the future, and will cause issues in simulations. Please update the code of BeamFEMForceField to ensure right behavior: the function addBToMatrix has been replaced by buildDampingMatrix
[WARNING] [MechanicalObject(unnamed)] Could not read value for data field showColor: 1.0 0.0 1.0 
[WARNING] [InteractiveCamera(camera)] Too many missing parameters ; taking default ...
[WARNING] [UncoupledConstraintCorrection(UncoupledConstraintCorrection)] Using 10 as initial compliance
[WARNING] [FastTetrahedralCorotationalForceField(FastTetrahedralCorotationalForceField)] buildStiffnessMatrix not implemented: for compatibility reason, the deprecated API (addKToMatrix) will be used. This compatibility will disapear in the future, and will cause issues in simulations. Please update the code of FastTetrahedralCorotationalForceField to ensure right behavior: the function addKToMatrix has been replaced by buildStiffnessMatrix
[WARNING] [FastTetrahedralCorotationalForceField(FastTetrahedralCorotationalForceField)] buildDampingMatrix not implemented: for compatibility reason, the deprecated API (addBToMatrix) will be used. This compatibility will disapear in the future, and will cause issues in simulations. Please update the code of FastTetrahedralCorotationalForceField to ensure right behavior: the function addBToMatrix has been replaced by buildDampingMatrix
[WARNING] [UniformVelocityDampingForceField(UniformVelocityDampingForceField)] buildStiffnessMatrix not implemented: for compatibility reason, the deprecated API (addKToMatrix) will be used. This compatibility will disapear in the future, and will cause issues in simulations. Please update the code of UniformVelocityDampingForceField to ensure right behavior: the function addKToMatrix has been replaced by buildStiffnessMatrix
[WARNING] [BeamFEMForceField(BeamFEMForceField)] buildDampingMatrix not implemented: for compatibility reason, the deprecated API (addBToMatrix) will be used. This compatibility will disapear in the future, and will cause issues in simulations. Please update the code of BeamFEMForceField to ensure right behavior: the function addBToMatrix has been replaced by buildDampingMatrix
[WARNING] [MechanicalObject(unnamed)] Could not read value for data field showColor: 1.0 0.0 1.0 
[WARNING] [InteractiveCamera(camera)] Too many missing parameters ; taking default ...
[WARNING] [UncoupledConstraintCorrection(UncoupledConstraintCorrection)] Using 10 as initial compliance
[WARNING] [FastTetrahedralCorotationalForceField(FastTetrahedralCorotationalForceField)] buildStiffnessMatrix not implemented: for compatibility reason, the deprecated API (addKToMatrix) will be used. This compatibility will disapear in the future, and will cause issues in simulations. Please update the code of FastTetrahedralCorotationalForceField to ensure right behavior: the function addKToMatrix has been replaced by buildStiffnessMatrix
[WARNING] [FastTetrahedralCorotationalForceField(FastTetrahedralCorotationalForceField)] buildDampingMatrix not implemented: for compatibility reason, the deprecated API (addBToMatrix) will be used. This compatibility will disapear in the future, and will cause issues in simulations. Please update the code of FastTetrahedralCorotationalForceField to ensure right behavior: the function addBToMatrix has been replaced by buildDampingMatrix
[WARNING] [UniformVelocityDampingForceField(UniformVelocityDampingForceField)] buildStiffnessMatrix not implemented: for compatibility reason, the deprecated API (addKToMatrix) will be used. This compatibility will disapear in the future, and will cause issues in simulations. Please update the code of UniformVelocityDampingForceField to ensure right behavior: the function addKToMatrix has been replaced by buildStiffnessMatrix
[WARNING] [BeamFEMForceField(BeamFEMForceField)] buildDampingMatrix not implemented: for compatibility reason, the deprecated API (addBToMatrix) will be used. This compatibility will disapear in the future, and will cause issues in simulations. Please update the code of BeamFEMForceField to ensure right behavior: the function addBToMatrix has been replaced by buildDampingMatrix
[WARNING] [MechanicalObject(unnamed)] Could not read value for data field showColor: 1.0 0.0 1.0 
[WARNING] [InteractiveCamera(camera)] Too many missing parameters ; taking default ...
[WARNING] [UncoupledConstraintCorrection(UncoupledConstraintCorrection)] Using 10 as initial compliance
[WARNING] [FastTetrahedralCorotationalForceField(FastTetrahedralCorotationalForceField)] buildStiffnessMatrix not implemented: for compatibility reason, the deprecated API (addKToMatrix) will be used. This compatibility will disapear in the future, and will cause issues in simulations. Please update the code of FastTetrahedralCorotationalForceField to ensure right behavior: the function addKToMatrix has been replaced by buildStiffnessMatrix
[WARNING] [FastTetrahedralCorotationalForceField(FastTetrahedralCorotationalForceField)] buildDampingMatrix not implemented: for compatibility reason, the deprecated API (addBToMatrix) will be used. This compatibility will disapear in the future, and will cause issues in simulations. Please update the code of FastTetrahedralCorotationalForceField to ensure right behavior: the function addBToMatrix has been replaced by buildDampingMatrix
[WARNING] [UniformVelocityDampingForceField(UniformVelocityDampingForceField)] buildStiffnessMatrix not implemented: for compatibility reason, the deprecated API (addKToMatrix) will be used. This compatibility will disapear in the future, and will cause issues in simulations. Please update the code of UniformVelocityDampingForceField to ensure right behavior: the function addKToMatrix has been replaced by buildStiffnessMatrix
[WARNING] [BeamFEMForceField(BeamFEMForceField)] buildDampingMatrix not implemented: for compatibility reason, the deprecated API (addBToMatrix) will be used. This compatibility will disapear in the future, and will cause issues in simulations. Please update the code of BeamFEMForceField to ensure right behavior: the function addBToMatrix has been replaced by buildDampingMatrix
[WARNING] [MechanicalObject(unnamed)] Could not read value for data field showColor: 1.0 0.0 1.0 
[WARNING] [InteractiveCamera(camera)] Too many missing parameters ; taking default ...
[WARNING] [UncoupledConstraintCorrection(UncoupledConstraintCorrection)] Using 10 as initial compliance
[WARNING] [FastTetrahedralCorotationalForceField(FastTetrahedralCorotationalForceField)] buildStiffnessMatrix not implemented: for compatibility reason, the deprecated API (addKToMatrix) will be used. This compatibility will disapear in the future, and will cause issues in simulations. Please update the code of FastTetrahedralCorotationalForceField to ensure right behavior: the function addKToMatrix has been replaced by buildStiffnessMatrix
[WARNING] [FastTetrahedralCorotationalForceField(FastTetrahedralCorotationalForceField)] buildDampingMatrix not implemented: for compatibility reason, the deprecated API (addBToMatrix) will be used. This compatibility will disapear in the future, and will cause issues in simulations. Please update the code of FastTetrahedralCorotationalForceField to ensure right behavior: the function addBToMatrix has been replaced by buildDampingMatrix
[WARNING] [UniformVelocityDampingForceField(UniformVelocityDampingForceField)] buildStiffnessMatrix not implemented: for compatibility reason, the deprecated API (addKToMatrix) will be used. This compatibility will disapear in the future, and will cause issues in simulations. Please update the code of UniformVelocityDampingForceField to ensure right behavior: the function addKToMatrix has been replaced by buildStiffnessMatrix
[WARNING] [BeamFEMForceField(BeamFEMForceField)] buildDampingMatrix not implemented: for compatibility reason, the deprecated API (addBToMatrix) will be used. This compatibility will disapear in the future, and will cause issues in simulations. Please update the code of BeamFEMForceField to ensure right behavior: the function addBToMatrix has been replaced by buildDampingMatrix
[WARNING] [MechanicalObject(unnamed)] Could not read value for data field showColor: 1.0 0.0 1.0 
[WARNING] [InteractiveCamera(camera)] Too many missing parameters ; taking default ...
[WARNING] [UncoupledConstraintCorrection(UncoupledConstraintCorrection)] Using 10 as initial compliance
[WARNING] [FastTetrahedralCorotationalForceField(FastTetrahedralCorotationalForceField)] buildStiffnessMatrix not implemented: for compatibility reason, the deprecated API (addKToMatrix) will be used. This compatibility will disapear in the future, and will cause issues in simulations. Please update the code of FastTetrahedralCorotationalForceField to ensure right behavior: the function addKToMatrix has been replaced by buildStiffnessMatrix
[WARNING] [FastTetrahedralCorotationalForceField(FastTetrahedralCorotationalForceField)] buildDampingMatrix not implemented: for compatibility reason, the deprecated API (addBToMatrix) will be used. This compatibility will disapear in the future, and will cause issues in simulations. Please update the code of FastTetrahedralCorotationalForceField to ensure right behavior: the function addBToMatrix has been replaced by buildDampingMatrix
[WARNING] [UniformVelocityDampingForceField(UniformVelocityDampingForceField)] buildStiffnessMatrix not implemented: for compatibility reason, the deprecated API (addKToMatrix) will be used. This compatibility will disapear in the future, and will cause issues in simulations. Please update the code of UniformVelocityDampingForceField to ensure right behavior: the function addKToMatrix has been replaced by buildStiffnessMatrix
[WARNING] [BeamFEMForceField(BeamFEMForceField)] buildDampingMatrix not implemented: for compatibility reason, the deprecated API (addBToMatrix) will be used. This compatibility will disapear in the future, and will cause issues in simulations. Please update the code of BeamFEMForceField to ensure right behavior: the function addBToMatrix has been replaced by buildDampingMatrix
[WARNING] [MechanicalObject(unnamed)] Could not read value for data field showColor: 1.0 0.0 1.0 
[WARNING] [InteractiveCamera(camera)] Too many missing parameters ; taking default ...
[WARNING] [UncoupledConstraintCorrection(UncoupledConstraintCorrection)] Using 10 as initial compliance
[WARNING] [FastTetrahedralCorotationalForceField(FastTetrahedralCorotationalForceField)] buildStiffnessMatrix not implemented: for compatibility reason, the deprecated API (addKToMatrix) will be used. This compatibility will disapear in the future, and will cause issues in simulations. Please update the code of FastTetrahedralCorotationalForceField to ensure right behavior: the function addKToMatrix has been replaced by buildStiffnessMatrix
[WARNING] [FastTetrahedralCorotationalForceField(FastTetrahedralCorotationalForceField)] buildDampingMatrix not implemented: for compatibility reason, the deprecated API (addBToMatrix) will be used. This compatibility will disapear in the future, and will cause issues in simulations. Please update the code of FastTetrahedralCorotationalForceField to ensure right behavior: the function addBToMatrix has been replaced by buildDampingMatrix
[WARNING] [UniformVelocityDampingForceField(UniformVelocityDampingForceField)] buildStiffnessMatrix not implemented: for compatibility reason, the deprecated API (addKToMatrix) will be used. This compatibility will disapear in the future, and will cause issues in simulations. Please update the code of UniformVelocityDampingForceField to ensure right behavior: the function addKToMatrix has been replaced by buildStiffnessMatrix
[WARNING] [BeamFEMForceField(BeamFEMForceField)] buildDampingMatrix not implemented: for compatibility reason, the deprecated API (addBToMatrix) will be used. This compatibility will disapear in the future, and will cause issues in simulations. Please update the code of BeamFEMForceField to ensure right behavior: the function addBToMatrix has been replaced by buildDampingMatrix
[WARNING] [MechanicalObject(unnamed)] Could not read value for data field showColor: 1.0 0.0 1.0 
[WARNING] [InteractiveCamera(camera)] Too many missing parameters ; taking default ...
[WARNING] [UncoupledConstraintCorrection(UncoupledConstraintCorrection)] Using 10 as initial compliance
[WARNING] [FastTetrahedralCorotationalForceField(FastTetrahedralCorotationalForceField)] buildStiffnessMatrix not implemented: for compatibility reason, the deprecated API (addKToMatrix) will be used. This compatibility will disapear in the future, and will cause issues in simulations. Please update the code of FastTetrahedralCorotationalForceField to ensure right behavior: the function addKToMatrix has been replaced by buildStiffnessMatrix
[WARNING] [FastTetrahedralCorotationalForceField(FastTetrahedralCorotationalForceField)] buildDampingMatrix not implemented: for compatibility reason, the deprecated API (addBToMatrix) will be used. This compatibility will disapear in the future, and will cause issues in simulations. Please update the code of FastTetrahedralCorotationalForceField to ensure right behavior: the function addBToMatrix has been replaced by buildDampingMatrix
[WARNING] [UniformVelocityDampingForceField(UniformVelocityDampingForceField)] buildStiffnessMatrix not implemented: for compatibility reason, the deprecated API (addKToMatrix) will be used. This compatibility will disapear in the future, and will cause issues in simulations. Please update the code of UniformVelocityDampingForceField to ensure right behavior: the function addKToMatrix has been replaced by buildStiffnessMatrix
[WARNING] [BeamFEMForceField(BeamFEMForceField)] buildDampingMatrix not implemented: for compatibility reason, the deprecated API (addBToMatrix) will be used. This compatibility will disapear in the future, and will cause issues in simulations. Please update the code of BeamFEMForceField to ensure right behavior: the function addBToMatrix has been replaced by buildDampingMatrix
[WARNING] [MechanicalObject(unnamed)] Could not read value for data field showColor: 1.0 0.0 1.0 
[WARNING] [InteractiveCamera(camera)] Too many missing parameters ; taking default ...
[WARNING] [UncoupledConstraintCorrection(UncoupledConstraintCorrection)] Using 10 as initial compliance
[WARNING] [FastTetrahedralCorotationalForceField(FastTetrahedralCorotationalForceField)] buildStiffnessMatrix not implemented: for compatibility reason, the deprecated API (addKToMatrix) will be used. This compatibility will disapear in the future, and will cause issues in simulations. Please update the code of FastTetrahedralCorotationalForceField to ensure right behavior: the function addKToMatrix has been replaced by buildStiffnessMatrix
[WARNING] [FastTetrahedralCorotationalForceField(FastTetrahedralCorotationalForceField)] buildDampingMatrix not implemented: for compatibility reason, the deprecated API (addBToMatrix) will be used. This compatibility will disapear in the future, and will cause issues in simulations. Please update the code of FastTetrahedralCorotationalForceField to ensure right behavior: the function addBToMatrix has been replaced by buildDampingMatrix
[WARNING] [UniformVelocityDampingForceField(UniformVelocityDampingForceField)] buildStiffnessMatrix not implemented: for compatibility reason, the deprecated API (addKToMatrix) will be used. This compatibility will disapear in the future, and will cause issues in simulations. Please update the code of UniformVelocityDampingForceField to ensure right behavior: the function addKToMatrix has been replaced by buildStiffnessMatrix
[WARNING] [BeamFEMForceField(BeamFEMForceField)] buildDampingMatrix not implemented: for compatibility reason, the deprecated API (addBToMatrix) will be used. This compatibility will disapear in the future, and will cause issues in simulations. Please update the code of BeamFEMForceField to ensure right behavior: the function addBToMatrix has been replaced by buildDampingMatrix
[WARNING] [MechanicalObject(unnamed)] Could not read value for data field showColor: 1.0 0.0 1.0 
[WARNING] [InteractiveCamera(camera)] Too many missing parameters ; taking default ...
[WARNING] [UncoupledConstraintCorrection(UncoupledConstraintCorrection)] Using 10 as initial compliance
[WARNING] [FastTetrahedralCorotationalForceField(FastTetrahedralCorotationalForceField)] buildStiffnessMatrix not implemented: for compatibility reason, the deprecated API (addKToMatrix) will be used. This compatibility will disapear in the future, and will cause issues in simulations. Please update the code of FastTetrahedralCorotationalForceField to ensure right behavior: the function addKToMatrix has been replaced by buildStiffnessMatrix
[WARNING] [FastTetrahedralCorotationalForceField(FastTetrahedralCorotationalForceField)] buildDampingMatrix not implemented: for compatibility reason, the deprecated API (addBToMatrix) will be used. This compatibility will disapear in the future, and will cause issues in simulations. Please update the code of FastTetrahedralCorotationalForceField to ensure right behavior: the function addBToMatrix has been replaced by buildDampingMatrix
[WARNING] [UniformVelocityDampingForceField(UniformVelocityDampingForceField)] buildStiffnessMatrix not implemented: for compatibility reason, the deprecated API (addKToMatrix) will be used. This compatibility will disapear in the future, and will cause issues in simulations. Please update the code of UniformVelocityDampingForceField to ensure right behavior: the function addKToMatrix has been replaced by buildStiffnessMatrix
[WARNING] [BeamFEMForceField(BeamFEMForceField)] buildDampingMatrix not implemented: for compatibility reason, the deprecated API (addBToMatrix) will be used. This compatibility will disapear in the future, and will cause issues in simulations. Please update the code of BeamFEMForceField to ensure right behavior: the function addBToMatrix has been replaced by buildDampingMatrix
[WARNING] [MechanicalObject(unnamed)] Could not read value for data field showColor: 1.0 0.0 1.0 
[WARNING] [InteractiveCamera(camera)] Too many missing parameters ; taking default ...
[WARNING] [UncoupledConstraintCorrection(UncoupledConstraintCorrection)] Using 10 as initial compliance
[WARNING] [FastTetrahedralCorotationalForceField(FastTetrahedralCorotationalForceField)] buildStiffnessMatrix not implemented: for compatibility reason, the deprecated API (addKToMatrix) will be used. This compatibility will disapear in the future, and will cause issues in simulations. Please update the code of FastTetrahedralCorotationalForceField to ensure right behavior: the function addKToMatrix has been replaced by buildStiffnessMatrix
[WARNING] [FastTetrahedralCorotationalForceField(FastTetrahedralCorotationalForceField)] buildDampingMatrix not implemented: for compatibility reason, the deprecated API (addBToMatrix) will be used. This compatibility will disapear in the future, and will cause issues in simulations. Please update the code of FastTetrahedralCorotationalForceField to ensure right behavior: the function addBToMatrix has been replaced by buildDampingMatrix
[WARNING] [UniformVelocityDampingForceField(UniformVelocityDampingForceField)] buildStiffnessMatrix not implemented: for compatibility reason, the deprecated API (addKToMatrix) will be used. This compatibility will disapear in the future, and will cause issues in simulations. Please update the code of UniformVelocityDampingForceField to ensure right behavior: the function addKToMatrix has been replaced by buildStiffnessMatrix
[WARNING] [BeamFEMForceField(BeamFEMForceField)] buildDampingMatrix not implemented: for compatibility reason, the deprecated API (addBToMatrix) will be used. This compatibility will disapear in the future, and will cause issues in simulations. Please update the code of BeamFEMForceField to ensure right behavior: the function addBToMatrix has been replaced by buildDampingMatrix
[WARNING] [MechanicalObject(unnamed)] Could not read value for data field showColor: 1.0 0.0 1.0 
[WARNING] [InteractiveCamera(camera)] Too many missing parameters ; taking default ...
[WARNING] [UncoupledConstraintCorrection(UncoupledConstraintCorrection)] Using 10 as initial compliance
[WARNING] [FastTetrahedralCorotationalForceField(FastTetrahedralCorotationalForceField)] buildStiffnessMatrix not implemented: for compatibility reason, the deprecated API (addKToMatrix) will be used. This compatibility will disapear in the future, and will cause issues in simulations. Please update the code of FastTetrahedralCorotationalForceField to ensure right behavior: the function addKToMatrix has been replaced by buildStiffnessMatrix
[WARNING] [FastTetrahedralCorotationalForceField(FastTetrahedralCorotationalForceField)] buildDampingMatrix not implemented: for compatibility reason, the deprecated API (addBToMatrix) will be used. This compatibility will disapear in the future, and will cause issues in simulations. Please update the code of FastTetrahedralCorotationalForceField to ensure right behavior: the function addBToMatrix has been replaced by buildDampingMatrix
[WARNING] [UniformVelocityDampingForceField(UniformVelocityDampingForceField)] buildStiffnessMatrix not implemented: for compatibility reason, the deprecated API (addKToMatrix) will be used. This compatibility will disapear in the future, and will cause issues in simulations. Please update the code of UniformVelocityDampingForceField to ensure right behavior: the function addKToMatrix has been replaced by buildStiffnessMatrix
[WARNING] [BeamFEMForceField(BeamFEMForceField)] buildDampingMatrix not implemented: for compatibility reason, the deprecated API (addBToMatrix) will be used. This compatibility will disapear in the future, and will cause issues in simulations. Please update the code of BeamFEMForceField to ensure right behavior: the function addBToMatrix has been replaced by buildDampingMatrix
[WARNING] [MechanicalObject(unnamed)] Could not read value for data field showColor: 1.0 0.0 1.0 
[WARNING] [InteractiveCamera(camera)] Too many missing parameters ; taking default ...
[WARNING] [UncoupledConstraintCorrection(UncoupledConstraintCorrection)] Using 10 as initial compliance
[WARNING] [FastTetrahedralCorotationalForceField(FastTetrahedralCorotationalForceField)] buildStiffnessMatrix not implemented: for compatibility reason, the deprecated API (addKToMatrix) will be used. This compatibility will disapear in the future, and will cause issues in simulations. Please update the code of FastTetrahedralCorotationalForceField to ensure right behavior: the function addKToMatrix has been replaced by buildStiffnessMatrix
[WARNING] [FastTetrahedralCorotationalForceField(FastTetrahedralCorotationalForceField)] buildDampingMatrix not implemented: for compatibility reason, the deprecated API (addBToMatrix) will be used. This compatibility will disapear in the future, and will cause issues in simulations. Please update the code of FastTetrahedralCorotationalForceField to ensure right behavior: the function addBToMatrix has been replaced by buildDampingMatrix
[WARNING] [UniformVelocityDampingForceField(UniformVelocityDampingForceField)] buildStiffnessMatrix not implemented: for compatibility reason, the deprecated API (addKToMatrix) will be used. This compatibility will disapear in the future, and will cause issues in simulations. Please update the code of UniformVelocityDampingForceField to ensure right behavior: the function addKToMatrix has been replaced by buildStiffnessMatrix
[WARNING] [BeamFEMForceField(BeamFEMForceField)] buildDampingMatrix not implemented: for compatibility reason, the deprecated API (addBToMatrix) will be used. This compatibility will disapear in the future, and will cause issues in simulations. Please update the code of BeamFEMForceField to ensure right behavior: the function addBToMatrix has been replaced by buildDampingMatrix
[WARNING] [MechanicalObject(unnamed)] Could not read value for data field showColor: 1.0 0.0 1.0 
[WARNING] [InteractiveCamera(camera)] Too many missing parameters ; taking default ...
[WARNING] [UncoupledConstraintCorrection(UncoupledConstraintCorrection)] Using 10 as initial compliance
[WARNING] [FastTetrahedralCorotationalForceField(FastTetrahedralCorotationalForceField)] buildStiffnessMatrix not implemented: for compatibility reason, the deprecated API (addKToMatrix) will be used. This compatibility will disapear in the future, and will cause issues in simulations. Please update the code of FastTetrahedralCorotationalForceField to ensure right behavior: the function addKToMatrix has been replaced by buildStiffnessMatrix
[WARNING] [FastTetrahedralCorotationalForceField(FastTetrahedralCorotationalForceField)] buildDampingMatrix not implemented: for compatibility reason, the deprecated API (addBToMatrix) will be used. This compatibility will disapear in the future, and will cause issues in simulations. Please update the code of FastTetrahedralCorotationalForceField to ensure right behavior: the function addBToMatrix has been replaced by buildDampingMatrix
[WARNING] [UniformVelocityDampingForceField(UniformVelocityDampingForceField)] buildStiffnessMatrix not implemented: for compatibility reason, the deprecated API (addKToMatrix) will be used. This compatibility will disapear in the future, and will cause issues in simulations. Please update the code of UniformVelocityDampingForceField to ensure right behavior: the function addKToMatrix has been replaced by buildStiffnessMatrix
[WARNING] [BeamFEMForceField(BeamFEMForceField)] buildDampingMatrix not implemented: for compatibility reason, the deprecated API (addBToMatrix) will be used. This compatibility will disapear in the future, and will cause issues in simulations. Please update the code of BeamFEMForceField to ensure right behavior: the function addBToMatrix has been replaced by buildDampingMatrix
[WARNING] [MechanicalObject(unnamed)] Could not read value for data field showColor: 1.0 0.0 1.0 
[WARNING] [InteractiveCamera(camera)] Too many missing parameters ; taking default ...
[WARNING] [UncoupledConstraintCorrection(UncoupledConstraintCorrection)] Using 10 as initial compliance
[WARNING] [FastTetrahedralCorotationalForceField(FastTetrahedralCorotationalForceField)] buildStiffnessMatrix not implemented: for compatibility reason, the deprecated API (addKToMatrix) will be used. This compatibility will disapear in the future, and will cause issues in simulations. Please update the code of FastTetrahedralCorotationalForceField to ensure right behavior: the function addKToMatrix has been replaced by buildStiffnessMatrix
[WARNING] [FastTetrahedralCorotationalForceField(FastTetrahedralCorotationalForceField)] buildDampingMatrix not implemented: for compatibility reason, the deprecated API (addBToMatrix) will be used. This compatibility will disapear in the future, and will cause issues in simulations. Please update the code of FastTetrahedralCorotationalForceField to ensure right behavior: the function addBToMatrix has been replaced by buildDampingMatrix
[WARNING] [UniformVelocityDampingForceField(UniformVelocityDampingForceField)] buildStiffnessMatrix not implemented: for compatibility reason, the deprecated API (addKToMatrix) will be used. This compatibility will disapear in the future, and will cause issues in simulations. Please update the code of UniformVelocityDampingForceField to ensure right behavior: the function addKToMatrix has been replaced by buildStiffnessMatrix
[WARNING] [BeamFEMForceField(BeamFEMForceField)] buildDampingMatrix not implemented: for compatibility reason, the deprecated API (addBToMatrix) will be used. This compatibility will disapear in the future, and will cause issues in simulations. Please update the code of BeamFEMForceField to ensure right behavior: the function addBToMatrix has been replaced by buildDampingMatrix
[WARNING] [MechanicalObject(unnamed)] Could not read value for data field showColor: 1.0 0.0 1.0 
[WARNING] [InteractiveCamera(camera)] Too many missing parameters ; taking default ...
[WARNING] [UncoupledConstraintCorrection(UncoupledConstraintCorrection)] Using 10 as initial compliance
[WARNING] [FastTetrahedralCorotationalForceField(FastTetrahedralCorotationalForceField)] buildStiffnessMatrix not implemented: for compatibility reason, the deprecated API (addKToMatrix) will be used. This compatibility will disapear in the future, and will cause issues in simulations. Please update the code of FastTetrahedralCorotationalForceField to ensure right behavior: the function addKToMatrix has been replaced by buildStiffnessMatrix
[WARNING] [FastTetrahedralCorotationalForceField(FastTetrahedralCorotationalForceField)] buildDampingMatrix not implemented: for compatibility reason, the deprecated API (addBToMatrix) will be used. This compatibility will disapear in the future, and will cause issues in simulations. Please update the code of FastTetrahedralCorotationalForceField to ensure right behavior: the function addBToMatrix has been replaced by buildDampingMatrix
[WARNING] [UniformVelocityDampingForceField(UniformVelocityDampingForceField)] buildStiffnessMatrix not implemented: for compatibility reason, the deprecated API (addKToMatrix) will be used. This compatibility will disapear in the future, and will cause issues in simulations. Please update the code of UniformVelocityDampingForceField to ensure right behavior: the function addKToMatrix has been replaced by buildStiffnessMatrix
[WARNING] [BeamFEMForceField(BeamFEMForceField)] buildDampingMatrix not implemented: for compatibility reason, the deprecated API (addBToMatrix) will be used. This compatibility will disapear in the future, and will cause issues in simulations. Please update the code of BeamFEMForceField to ensure right behavior: the function addBToMatrix has been replaced by buildDampingMatrix
Environments instantiated.
BasicSampler: Resetting all environments.
BasicSampler: Resetting agent.
Instantiating 1 environments...
[WARNING] [MechanicalObject(unnamed)] Could not read value for data field showColor: 1.0 0.0 1.0 
[WARNING] [InteractiveCamera(camera)] Too many missing parameters ; taking default ...
[WARNING] [UncoupledConstraintCorrection(UncoupledConstraintCorrection)] Using 10 as initial compliance
[WARNING] [FastTetrahedralCorotationalForceField(FastTetrahedralCorotationalForceField)] buildStiffnessMatrix not implemented: for compatibility reason, the deprecated API (addKToMatrix) will be used. This compatibility will disapear in the future, and will cause issues in simulations. Please update the code of FastTetrahedralCorotationalForceField to ensure right behavior: the function addKToMatrix has been replaced by buildStiffnessMatrix
[WARNING] [FastTetrahedralCorotationalForceField(FastTetrahedralCorotationalForceField)] buildDampingMatrix not implemented: for compatibility reason, the deprecated API (addBToMatrix) will be used. This compatibility will disapear in the future, and will cause issues in simulations. Please update the code of FastTetrahedralCorotationalForceField to ensure right behavior: the function addBToMatrix has been replaced by buildDampingMatrix
[WARNING] [UniformVelocityDampingForceField(UniformVelocityDampingForceField)] buildStiffnessMatrix not implemented: for compatibility reason, the deprecated API (addKToMatrix) will be used. This compatibility will disapear in the future, and will cause issues in simulations. Please update the code of UniformVelocityDampingForceField to ensure right behavior: the function addKToMatrix has been replaced by buildStiffnessMatrix
[WARNING] [BeamFEMForceField(BeamFEMForceField)] buildDampingMatrix not implemented: for compatibility reason, the deprecated API (addBToMatrix) will be used. This compatibility will disapear in the future, and will cause issues in simulations. Please update the code of BeamFEMForceField to ensure right behavior: the function addBToMatrix has been replaced by buildDampingMatrix
Environments instantiated.
AuxPcSAC: Given sampler batch size 2560, training batch size 128, and replay ratio 32, there will be 640 updates per iteration.
AuxPcSAC: Using learnable entropy coefficient with target entropy of -4
RLRunner: Starting training...
RLRunner: Saving log files to /home/michaelbezick/Repos/pprlPCA/wandb/run-20250723_084946-07mcarpk/files
  0%|          | 0/600000 [00:00<?, ?steps/s]RLRunner: Evaluating agent...
SingleEnvMultiCamSampler: Resetting all environments.
SingleEnvMultiCamSampler: Resetting agent.
wandb: WARNING Step cannot be set when using tensorboard syncing. Please use `run.define_metric(...)` to define a custom metric to log your step values.
RLRunner: Finished evaluating agent.
                                               0%|          | 0/600000 [00:20<?, ?steps/s]----------------------------------
| eval/               |          |
|    Length           | 300      |
|    Return           | -37.6    |
|    NonzeroRewards   | 300      |
|    DiscountedReturn | -11.2    |
|    Success          | 0        |
| time/               |          |
|    iterations       | 0        |
|    fps              | 0        |
|    elapsed_time     | 21       |
|    elapsed_steps    | 0        |
----------------------------------
For the first 10000 steps, agent will use a fixed std of 0.75 for exploration.
  0%|          | 2560/600000 [02:57<11:30:29, 14.42steps/s]  0%|          | 2560/600000 [03:10<11:30:29, 14.42steps/s]  1%|          | 5120/600000 [05:33<10:39:07, 15.51steps/s]  1%|          | 5120/600000 [05:50<10:39:07, 15.51steps/s]  1%|▏         | 7680/600000 [08:15<10:30:01, 15.67steps/s]                                                             1%|▏         | 7680/600000 [08:15<10:30:01, 15.67steps/s]----------------------------------
| rollout/            |          |
|    Length           | 300      |
|    Return           | -97.7    |
|    NonzeroRewards   | 300      |
|    DiscountedReturn | -27.1    |
|    Success          | 0        |
| time/               |          |
|    iterations       | 3        |
|    fps              | 16.2     |
|    elapsed_time     | 495      |
|    elapsed_steps    | 7680     |
----------------------------------
  1%|▏         | 7680/600000 [08:30<10:30:01, 15.67steps/s]  2%|▏         | 10240/600000 [13:36<14:26:03, 11.35steps/s]  2%|▏         | 12800/600000 [19:02<16:40:58,  9.78steps/s]  3%|▎         | 15360/600000 [24:22<17:52:38,  9.08steps/s]                                                              3%|▎         | 15360/600000 [24:22<17:52:38,  9.08steps/s]-----------------------------------
| algo/                |          |
|    critic_loss       | 0.281    |
|    mean_entropy      | 2.69     |
|    mean_ent_bonus    | 0.244    |
|    max_target_q      | 0.456    |
|    min_target_q      | -1.27    |
|    max_reward        | 1.49     |
|    min_reward        | -2.49    |
|    chamfer_loss      | 145      |
|    encoder_grad_norm | 83.2     |
|    q1_grad_norm      | 0.338    |
|    q2_grad_norm      | 0.328    |
|    actor_loss        | 0.0501   |
|    ent_coeff         | 0.091    |
|    ent_coeff_loss    | -16      |
|    pi_grad_norm      | 0.076    |
|    n_updates         | 1920     |
| rollout/             |          |
|    Length            | 300      |
|    Return            | -82.1    |
|    NonzeroRewards    | 300      |
|    DiscountedReturn  | -25.3    |
|    Success           | 0        |
| time/                |          |
|    iterations        | 6        |
|    fps               | 7.94     |
|    elapsed_time      | 1.46e+03 |
|    elapsed_steps     | 15360    |
-----------------------------------
  3%|▎         | 17920/600000 [29:46<18:39:36,  8.66steps/s]RLRunner: Evaluating agent...
SingleEnvMultiCamSampler: Resetting all environments.
SingleEnvMultiCamSampler: Resetting agent.
RLRunner: Finished evaluating agent.
  3%|▎         | 20480/600000 [35:34<19:37:33,  8.20steps/s]  4%|▍         | 23040/600000 [40:55<19:43:31,  8.12steps/s]                                                              4%|▍         | 23040/600000 [40:55<19:43:31,  8.12steps/s]-----------------------------------
| algo/                |          |
|    critic_loss       | 0.184    |
|    mean_entropy      | 2.65     |
|    mean_ent_bonus    | 0.199    |
|    max_target_q      | 0.391    |
|    min_target_q      | -3.59    |
|    max_reward        | 1.1      |
|    min_reward        | -2.21    |
|    chamfer_loss      | 44.2     |
|    encoder_grad_norm | 61.9     |
|    q1_grad_norm      | 0.421    |
|    q2_grad_norm      | 0.422    |
|    actor_loss        | 1.03     |
|    ent_coeff         | 0.0751   |
|    ent_coeff_loss    | -17.2    |
|    pi_grad_norm      | 0.0491   |
|    n_updates         | 3840     |
| eval/                |          |
|    Length            | 300      |
|    Return            | -62.2    |
|    NonzeroRewards    | 300      |
|    DiscountedReturn  | -16.4    |
|    Success           | 0        |
| rollout/             |          |
|    Length            | 300      |
|    Return            | -81.3    |
|    NonzeroRewards    | 300      |
|    DiscountedReturn  | -26.2    |
|    Success           | 0        |
| time/                |          |
|    iterations        | 9        |
|    fps               | 7.73     |
|    elapsed_time      | 2.46e+03 |
|    elapsed_steps     | 23040    |
-----------------------------------
  4%|▍         | 25600/600000 [46:22<19:51:27,  8.04steps/s]  5%|▍         | 28160/600000 [50:46<18:43:53,  8.48steps/s]  5%|▌         | 30720/600000 [55:12<17:58:17,  8.80steps/s]                                                              5%|▌         | 30720/600000 [55:12<17:58:17,  8.80steps/s]-----------------------------------
| rollout/             |          |
|    Length            | 300      |
|    Return            | -83.2    |
|    NonzeroRewards    | 300      |
|    DiscountedReturn  | -27.8    |
|    Success           | 0        |
| algo/                |          |
|    critic_loss       | 0.181    |
|    mean_entropy      | 2.61     |
|    mean_ent_bonus    | 0.162    |
|    max_target_q      | -0.446   |
|    min_target_q      | -5.73    |
|    max_reward        | 1.17     |
|    min_reward        | -2.2     |
|    chamfer_loss      | 30.6     |
|    encoder_grad_norm | 51.8     |
|    q1_grad_norm      | 0.592    |
|    q2_grad_norm      | 0.606    |
|    actor_loss        | 2.39     |
|    ent_coeff         | 0.062    |
|    ent_coeff_loss    | -18.4    |
|    pi_grad_norm      | 0.0418   |
|    n_updates         | 5760     |
| time/                |          |
|    iterations        | 12       |
|    fps               | 8.97     |
|    elapsed_time      | 3.31e+03 |
|    elapsed_steps     | 30720    |
-----------------------------------
  6%|▌         | 33280/600000 [59:54<17:43:45,  8.88steps/s]  6%|▌         | 35840/600000 [1:04:22<17:17:01,  9.07steps/s]RLRunner: Evaluating agent...
SingleEnvMultiCamSampler: Resetting all environments.
SingleEnvMultiCamSampler: Resetting agent.
RLRunner: Finished evaluating agent.
  6%|▋         | 38400/600000 [1:09:15<17:23:55,  8.97steps/s]                                                                6%|▋         | 38400/600000 [1:09:15<17:23:55,  8.97steps/s]-----------------------------------
| algo/                |          |
|    critic_loss       | 0.153    |
|    mean_entropy      | 2.56     |
|    mean_ent_bonus    | 0.131    |
|    max_target_q      | -1.8     |
|    min_target_q      | -7.94    |
|    max_reward        | 1.01     |
|    min_reward        | -2.14    |
|    chamfer_loss      | 27       |
|    encoder_grad_norm | 47.7     |
|    q1_grad_norm      | 0.717    |
|    q2_grad_norm      | 0.753    |
|    actor_loss        | 3.83     |
|    ent_coeff         | 0.0512   |
|    ent_coeff_loss    | -19.5    |
|    pi_grad_norm      | 0.0372   |
|    n_updates         | 7680     |
| eval/                |          |
|    Length            | 300      |
|    Return            | -58.8    |
|    NonzeroRewards    | 300      |
|    DiscountedReturn  | -17      |
|    Success           | 0        |
| rollout/             |          |
|    Length            | 300      |
|    Return            | -64      |
|    NonzeroRewards    | 300      |
|    DiscountedReturn  | -21.8    |
|    Success           | 0        |
| time/                |          |
|    iterations        | 15       |
|    fps               | 9.1      |
|    elapsed_time      | 4.16e+03 |
|    elapsed_steps     | 38400    |
-----------------------------------
  7%|▋         | 40960/600000 [1:13:46<17:02:39,  9.11steps/s]  7%|▋         | 43520/600000 [1:18:19<16:49:29,  9.19steps/s]  8%|▊         | 46080/600000 [1:22:48<16:34:38,  9.28steps/s]                                                                8%|▊         | 46080/600000 [1:22:48<16:34:38,  9.28steps/s]-----------------------------------
| algo/                |          |
|    critic_loss       | 0.147    |
|    mean_entropy      | 2.49     |
|    mean_ent_bonus    | 0.106    |
|    max_target_q      | -3.32    |
|    min_target_q      | -9.98    |
|    max_reward        | 1.03     |
|    min_reward        | -2.1     |
|    chamfer_loss      | 24.3     |
|    encoder_grad_norm | 43.2     |
|    q1_grad_norm      | 0.879    |
|    q2_grad_norm      | 0.941    |
|    actor_loss        | 5.6      |
|    ent_coeff         | 0.0423   |
|    ent_coeff_loss    | -20.5    |
|    pi_grad_norm      | 0.0349   |
|    n_updates         | 9600     |
| rollout/             |          |
|    Length            | 300      |
|    Return            | -88.1    |
|    NonzeroRewards    | 300      |
|    DiscountedReturn  | -26.9    |
|    Success           | 0        |
| time/                |          |
|    iterations        | 18       |
|    fps               | 9.45     |
|    elapsed_time      | 4.97e+03 |
|    elapsed_steps     | 46080    |
-----------------------------------
  8%|▊         | 48640/600000 [1:27:24<16:30:03,  9.28steps/s]  9%|▊         | 51200/600000 [1:32:01<16:26:16,  9.27steps/s]  9%|▉         | 53760/600000 [1:36:45<16:30:12,  9.19steps/s]RLRunner: Evaluating agent...
SingleEnvMultiCamSampler: Resetting all environments.
SingleEnvMultiCamSampler: Resetting agent.
RLRunner: Finished evaluating agent.
                                                                9%|▉         | 53760/600000 [1:37:06<16:30:12,  9.19steps/s]-----------------------------------
| rollout/             |          |
|    Length            | 300      |
|    Return            | -88.4    |
|    NonzeroRewards    | 300      |
|    DiscountedReturn  | -29.4    |
|    Success           | 0        |
| algo/                |          |
|    critic_loss       | 0.148    |
|    mean_entropy      | 2.4      |
|    mean_ent_bonus    | 0.0838   |
|    max_target_q      | -4.99    |
|    min_target_q      | -11.8    |
|    max_reward        | 1.11     |
|    min_reward        | -2.15    |
|    chamfer_loss      | 22.7     |
|    encoder_grad_norm | 40.7     |
|    q1_grad_norm      | 1.03     |
|    q2_grad_norm      | 1.11     |
|    actor_loss        | 7.4      |
|    ent_coeff         | 0.035    |
|    ent_coeff_loss    | -21.4    |
|    pi_grad_norm      | 0.0331   |
|    n_updates         | 11520    |
| eval/                |          |
|    Length            | 300      |
|    Return            | -80.2    |
|    NonzeroRewards    | 300      |
|    DiscountedReturn  | -20.3    |
|    Success           | 0        |
| time/                |          |
|    iterations        | 21       |
|    fps               | 8.96     |
|    elapsed_time      | 5.83e+03 |
|    elapsed_steps     | 53760    |
-----------------------------------
  9%|▉         | 56320/600000 [1:41:44<16:48:09,  8.99steps/s] 10%|▉         | 58880/600000 [1:46:30<16:44:26,  8.98steps/s] 10%|█         | 61440/600000 [1:51:20<16:44:27,  8.94steps/s]                                                               10%|█         | 61440/600000 [1:51:20<16:44:27,  8.94steps/s]-----------------------------------
| rollout/             |          |
|    Length            | 300      |
|    Return            | -67.7    |
|    NonzeroRewards    | 300      |
|    DiscountedReturn  | -23.2    |
|    Success           | 0        |
| algo/                |          |
|    critic_loss       | 0.145    |
|    mean_entropy      | 2.31     |
|    mean_ent_bonus    | 0.0667   |
|    max_target_q      | -6.65    |
|    min_target_q      | -13.5    |
|    max_reward        | 1.13     |
|    min_reward        | -2.11    |
|    chamfer_loss      | 22.4     |
|    encoder_grad_norm | 39.8     |
|    q1_grad_norm      | 1.13     |
|    q2_grad_norm      | 1.25     |
|    actor_loss        | 8.93     |
|    ent_coeff         | 0.0289   |
|    ent_coeff_loss    | -22.4    |
|    pi_grad_norm      | 0.0316   |
|    n_updates         | 13440    |
| time/                |          |
|    iterations        | 24       |
|    fps               | 8.99     |
|    elapsed_time      | 6.68e+03 |
|    elapsed_steps     | 61440    |
-----------------------------------
 11%|█         | 64000/600000 [1:56:07<16:40:35,  8.93steps/s] 11%|█         | 66560/600000 [2:01:12<16:54:23,  8.76steps/s] 12%|█▏        | 69120/600000 [2:06:15<17:01:34,  8.66steps/s]                                                               12%|█▏        | 69120/600000 [2:06:15<17:01:34,  8.66steps/s]-----------------------------------
| algo/                |          |
|    critic_loss       | 0.134    |
|    mean_entropy      | 2.17     |
|    mean_ent_bonus    | 0.0518   |
|    max_target_q      | -8.09    |
|    min_target_q      | -14.9    |
|    max_reward        | 1.06     |
|    min_reward        | -2.14    |
|    chamfer_loss      | 21.6     |
|    encoder_grad_norm | 38.6     |
|    q1_grad_norm      | 1.19     |
|    q2_grad_norm      | 1.33     |
|    actor_loss        | 10.4     |
|    ent_coeff         | 0.0239   |
|    ent_coeff_loss    | -23      |
|    pi_grad_norm      | 0.031    |
|    n_updates         | 15360    |
| rollout/             |          |
|    Length            | 300      |
|    Return            | -81.7    |
|    NonzeroRewards    | 300      |
|    DiscountedReturn  | -26.1    |
|    Success           | 0        |
| time/                |          |
|    iterations        | 27       |
|    fps               | 8.58     |
|    elapsed_time      | 7.58e+03 |
|    elapsed_steps     | 69120    |
-----------------------------------
 12%|█▏        | 71680/600000 [2:11:23<17:08:48,  8.56steps/s]RLRunner: Evaluating agent...
SingleEnvMultiCamSampler: Resetting all environments.
SingleEnvMultiCamSampler: Resetting agent.
RLRunner: Finished evaluating agent.
 12%|█▏        | 74240/600000 [2:16:41<17:23:00,  8.40steps/s] 13%|█▎        | 76800/600000 [2:21:39<17:11:06,  8.46steps/s]                                                               13%|█▎        | 76800/600000 [2:21:39<17:11:06,  8.46steps/s]-----------------------------------
| algo/                |          |
|    critic_loss       | 0.136    |
|    mean_entropy      | 1.97     |
|    mean_ent_bonus    | 0.0391   |
|    max_target_q      | -9.42    |
|    min_target_q      | -16.3    |
|    max_reward        | 1.11     |
|    min_reward        | -2.16    |
|    chamfer_loss      | 21.2     |
|    encoder_grad_norm | 37.4     |
|    q1_grad_norm      | 1.28     |
|    q2_grad_norm      | 1.43     |
|    actor_loss        | 11.9     |
|    ent_coeff         | 0.0198   |
|    ent_coeff_loss    | -23.5    |
|    pi_grad_norm      | 0.0307   |
|    n_updates         | 17280    |
| eval/                |          |
|    Length            | 300      |
|    Return            | -80.8    |
|    NonzeroRewards    | 300      |
|    DiscountedReturn  | -22.5    |
|    Success           | 0        |
| rollout/             |          |
|    Length            | 300      |
|    Return            | -70.3    |
|    NonzeroRewards    | 300      |
|    DiscountedReturn  | -23.4    |
|    Success           | 0        |
| time/                |          |
|    iterations        | 30       |
|    fps               | 8.32     |
|    elapsed_time      | 8.5e+03  |
|    elapsed_steps     | 76800    |
-----------------------------------
 13%|█▎        | 79360/600000 [2:26:41<17:05:25,  8.46steps/s] 14%|█▎        | 81920/600000 [2:31:40<16:56:38,  8.49steps/s] 14%|█▍        | 84480/600000 [2:36:59<17:09:34,  8.35steps/s]                                                               14%|█▍        | 84480/600000 [2:36:59<17:09:34,  8.35steps/s][WARNING]: Peg started inside cylinder on reset after 50 steps of letting the simulation settle. Will reset again.
[WARNING]: Peg started inside cylinder on reset after 50 steps of letting the simulation settle. Will reset again.
-----------------------------------
| rollout/             |          |
|    Length            | 300      |
|    Return            | -84.7    |
|    NonzeroRewards    | 300      |
|    DiscountedReturn  | -27.3    |
|    Success           | 0        |
| algo/                |          |
|    critic_loss       | 0.134    |
|    mean_entropy      | 1.87     |
|    mean_ent_bonus    | 0.0307   |
|    max_target_q      | -10.7    |
|    min_target_q      | -17.6    |
|    max_reward        | 1.12     |
|    min_reward        | -2.2     |
|    chamfer_loss      | 20.7     |
|    encoder_grad_norm | 36       |
|    q1_grad_norm      | 1.4      |
|    q2_grad_norm      | 1.56     |
|    actor_loss        | 13.2     |
|    ent_coeff         | 0.0164   |
|    ent_coeff_loss    | -24.1    |
|    pi_grad_norm      | 0.0296   |
|    n_updates         | 19200    |
| time/                |          |
|    iterations        | 33       |
|    fps               | 8.35     |
|    elapsed_time      | 9.42e+03 |
|    elapsed_steps     | 84480    |
-----------------------------------
 15%|█▍        | 87040/600000 [2:42:15<17:14:02,  8.27steps/s] 15%|█▍        | 89600/600000 [2:47:39<17:22:41,  8.16steps/s]RLRunner: Evaluating agent...
SingleEnvMultiCamSampler: Resetting all environments.
SingleEnvMultiCamSampler: Resetting agent.
RLRunner: Finished evaluating agent.
 15%|█▌        | 92160/600000 [2:53:15<17:39:42,  7.99steps/s]                                                               15%|█▌        | 92160/600000 [2:53:15<17:39:42,  7.99steps/s]-----------------------------------
| algo/                |          |
|    critic_loss       | 0.13     |
|    mean_entropy      | 1.64     |
|    mean_ent_bonus    | 0.0223   |
|    max_target_q      | -12      |
|    min_target_q      | -18.8    |
|    max_reward        | 1.17     |
|    min_reward        | -2.21    |
|    chamfer_loss      | 20.5     |
|    encoder_grad_norm | 35       |
|    q1_grad_norm      | 1.45     |
|    q2_grad_norm      | 1.62     |
|    actor_loss        | 14.5     |
|    ent_coeff         | 0.0135   |
|    ent_coeff_loss    | -24.3    |
|    pi_grad_norm      | 0.0322   |
|    n_updates         | 21120    |
| eval/                |          |
|    Length            | 300      |
|    Return            | -86.5    |
|    NonzeroRewards    | 300      |
|    DiscountedReturn  | -24.9    |
|    Success           | 0        |
| rollout/             |          |
|    Length            | 300      |
|    Return            | -84.7    |
|    NonzeroRewards    | 300      |
|    DiscountedReturn  | -26.3    |
|    Success           | 0        |
| time/                |          |
|    iterations        | 36       |
|    fps               | 7.87     |
|    elapsed_time      | 1.04e+04 |
|    elapsed_steps     | 92160    |
-----------------------------------
 16%|█▌        | 94720/600000 [2:58:33<17:32:21,  8.00steps/s] 16%|█▌        | 97280/600000 [3:03:56<17:29:39,  7.98steps/s] 17%|█▋        | 99840/600000 [3:09:17<17:24:34,  7.98steps/s]                                                               17%|█▋        | 99840/600000 [3:09:17<17:24:34,  7.98steps/s]-----------------------------------
| algo/                |          |
|    critic_loss       | 0.149    |
|    mean_entropy      | 1.45     |
|    mean_ent_bonus    | 0.0163   |
|    max_target_q      | -13.1    |
|    min_target_q      | -19.9    |
|    max_reward        | 1.26     |
|    min_reward        | -2.24    |
|    chamfer_loss      | 20.1     |
|    encoder_grad_norm | 34.2     |
|    q1_grad_norm      | 1.75     |
|    q2_grad_norm      | 1.94     |
|    actor_loss        | 15.9     |
|    ent_coeff         | 0.0112   |
|    ent_coeff_loss    | -24.5    |
|    pi_grad_norm      | 0.0385   |
|    n_updates         | 23040    |
| rollout/             |          |
|    Length            | 300      |
|    Return            | -93.1    |
|    NonzeroRewards    | 300      |
|    DiscountedReturn  | -30.4    |
|    Success           | 0        |
| time/                |          |
|    iterations        | 39       |
|    fps               | 7.98     |
|    elapsed_time      | 1.14e+04 |
|    elapsed_steps     | 99840    |
-----------------------------------
 17%|█▋        | 102400/600000 [3:14:36<17:17:21,  7.99steps/s] 17%|█▋        | 104960/600000 [3:19:47<17:03:01,  8.06steps/s] 18%|█▊        | 107520/600000 [3:24:56<16:50:11,  8.13steps/s]RLRunner: Evaluating agent...
SingleEnvMultiCamSampler: Resetting all environments.
SingleEnvMultiCamSampler: Resetting agent.
RLRunner: Finished evaluating agent.
                                                                18%|█▊        | 107520/600000 [3:25:19<16:50:11,  8.13steps/s]-----------------------------------
| rollout/             |          |
|    Length            | 300      |
|    Return            | -91.4    |
|    NonzeroRewards    | 300      |
|    DiscountedReturn  | -30.6    |
|    Success           | 0        |
| algo/                |          |
|    critic_loss       | 0.15     |
|    mean_entropy      | 1.03     |
|    mean_ent_bonus    | 0.0097   |
|    max_target_q      | -14.1    |
|    min_target_q      | -20.8    |
|    max_reward        | 1.19     |
|    min_reward        | -2.26    |
|    chamfer_loss      | 19.8     |
|    encoder_grad_norm | 33       |
|    q1_grad_norm      | 1.85     |
|    q2_grad_norm      | 2.05     |
|    actor_loss        | 16.8     |
|    ent_coeff         | 0.00932  |
|    ent_coeff_loss    | -23.6    |
|    pi_grad_norm      | 0.0446   |
|    n_updates         | 24960    |
| eval/                |          |
|    Length            | 300      |
|    Return            | -86.2    |
|    NonzeroRewards    | 300      |
|    DiscountedReturn  | -24.5    |
|    Success           | 0        |
| time/                |          |
|    iterations        | 42       |
|    fps               | 7.98     |
|    elapsed_time      | 1.23e+04 |
|    elapsed_steps     | 107520   |
-----------------------------------
 18%|█▊        | 110080/600000 [3:30:44<17:15:51,  7.88steps/s] 19%|█▉        | 112640/600000 [3:36:00<17:02:32,  7.94steps/s] 19%|█▉        | 115200/600000 [3:41:21<16:56:04,  7.95steps/s]                                                                19%|█▉        | 115200/600000 [3:41:21<16:56:04,  7.95steps/s]-----------------------------------
| rollout/             |          |
|    Length            | 300      |
|    Return            | -83.2    |
|    NonzeroRewards    | 300      |
|    DiscountedReturn  | -27.1    |
|    Success           | 0        |
| algo/                |          |
|    critic_loss       | 0.164    |
|    mean_entropy      | 0.69     |
|    mean_ent_bonus    | 0.00543  |
|    max_target_q      | -15.1    |
|    min_target_q      | -21.3    |
|    max_reward        | 1.34     |
|    min_reward        | -2.43    |
|    chamfer_loss      | 20.4     |
|    encoder_grad_norm | 33.2     |
|    q1_grad_norm      | 1.83     |
|    q2_grad_norm      | 2.03     |
|    actor_loss        | 17.6     |
|    ent_coeff         | 0.00774  |
|    ent_coeff_loss    | -22.8    |
|    pi_grad_norm      | 0.049    |
|    n_updates         | 26880    |
| time/                |          |
|    iterations        | 45       |
|    fps               | 7.99     |
|    elapsed_time      | 1.33e+04 |
|    elapsed_steps     | 115200   |
-----------------------------------
 20%|█▉        | 117760/600000 [3:46:35<16:43:06,  8.01steps/s] 20%|██        | 120320/600000 [3:51:41<16:25:35,  8.11steps/s] 20%|██        | 122880/600000 [3:56:40<16:04:23,  8.25steps/s]                                                                20%|██        | 122880/600000 [3:56:40<16:04:23,  8.25steps/s]-----------------------------------
| algo/                |          |
|    critic_loss       | 0.152    |
|    mean_entropy      | 0.0398   |
|    mean_ent_bonus    | 0.000252 |
|    max_target_q      | -16.1    |
|    min_target_q      | -21.3    |
|    max_reward        | 1.51     |
|    min_reward        | -2.54    |
|    chamfer_loss      | 21       |
|    encoder_grad_norm | 33.1     |
|    q1_grad_norm      | 1.69     |
|    q2_grad_norm      | 1.86     |
|    actor_loss        | 18.2     |
|    ent_coeff         | 0.00648  |
|    ent_coeff_loss    | -20.4    |
|    pi_grad_norm      | 0.045    |
|    n_updates         | 28800    |
| rollout/             |          |
|    Length            | 300      |
|    Return            | -83.9    |
|    NonzeroRewards    | 300      |
|    DiscountedReturn  | -30.2    |
|    Success           | 0        |
| time/                |          |
|    iterations        | 48       |
|    fps               | 8.36     |
|    elapsed_time      | 1.42e+04 |
|    elapsed_steps     | 122880   |
-----------------------------------
 21%|██        | 125440/600000 [4:01:35<15:45:20,  8.37steps/s]RLRunner: Evaluating agent...
SingleEnvMultiCamSampler: Resetting all environments.
SingleEnvMultiCamSampler: Resetting agent.
RLRunner: Finished evaluating agent.
 21%|██▏       | 128000/600000 [4:07:10<16:06:36,  8.14steps/s] 22%|██▏       | 130560/600000 [4:12:14<15:51:43,  8.22steps/s]                                                                22%|██▏       | 130560/600000 [4:12:14<15:51:43,  8.22steps/s]-----------------------------------
| algo/                |          |
|    critic_loss       | 0.133    |
|    mean_entropy      | 0.094    |
|    mean_ent_bonus    | 0.0005   |
|    max_target_q      | -16.8    |
|    min_target_q      | -21.5    |
|    max_reward        | 1.52     |
|    min_reward        | -2.59    |
|    chamfer_loss      | 21.2     |
|    encoder_grad_norm | 33.2     |
|    q1_grad_norm      | 1.51     |
|    q2_grad_norm      | 1.67     |
|    actor_loss        | 18.8     |
|    ent_coeff         | 0.00538  |
|    ent_coeff_loss    | -21.4    |
|    pi_grad_norm      | 0.0419   |
|    n_updates         | 30720    |
| eval/                |          |
|    Length            | 300      |
|    Return            | -83.3    |
|    NonzeroRewards    | 300      |
|    DiscountedReturn  | -24.3    |
|    Success           | 0        |
| rollout/             |          |
|    Length            | 300      |
|    Return            | -78.4    |
|    NonzeroRewards    | 300      |
|    DiscountedReturn  | -24.7    |
|    Success           | 0        |
| time/                |          |
|    iterations        | 51       |
|    fps               | 8.22     |
|    elapsed_time      | 1.51e+04 |
|    elapsed_steps     | 130560   |
-----------------------------------
 22%|██▏       | 133120/600000 [4:17:24<15:45:33,  8.23steps/s] 23%|██▎       | 135680/600000 [4:22:28<15:33:19,  8.29steps/s] 23%|██▎       | 138240/600000 [4:27:23<15:15:52,  8.40steps/s]                                                                23%|██▎       | 138240/600000 [4:27:23<15:15:52,  8.40steps/s]------------------------------------
| rollout/             |           |
|    Length            | 300       |
|    Return            | -84.1     |
|    NonzeroRewards    | 300       |
|    DiscountedReturn  | -26.6     |
|    Success           | 0         |
| algo/                |           |
|    critic_loss       | 0.132     |
|    mean_entropy      | -0.207    |
|    mean_ent_bonus    | -0.000922 |
|    max_target_q      | -17.5     |
|    min_target_q      | -22.1     |
|    max_reward        | 1.57      |
|    min_reward        | -2.69     |
|    chamfer_loss      | 21.3      |
|    encoder_grad_norm | 32.5      |
|    q1_grad_norm      | 1.56      |
|    q2_grad_norm      | 1.7       |
|    actor_loss        | 19.5      |
|    ent_coeff         | 0.00446   |
|    ent_coeff_loss    | -20.6     |
|    pi_grad_norm      | 0.043     |
|    n_updates         | 32640     |
| time/                |           |
|    iterations        | 54        |
|    fps               | 8.45      |
|    elapsed_time      | 1.6e+04   |
|    elapsed_steps     | 138240    |
------------------------------------
 23%|██▎       | 140800/600000 [4:32:13<14:57:44,  8.53steps/s] 24%|██▍       | 143360/600000 [4:37:00<14:40:52,  8.64steps/s]RLRunner: Evaluating agent...
SingleEnvMultiCamSampler: Resetting all environments.
SingleEnvMultiCamSampler: Resetting agent.
RLRunner: Finished evaluating agent.
 24%|██▍       | 145920/600000 [4:42:26<15:02:29,  8.39steps/s]                                                                24%|██▍       | 145920/600000 [4:42:26<15:02:29,  8.39steps/s]-----------------------------------
| algo/                |          |
|    critic_loss       | 0.119    |
|    mean_entropy      | -0.404   |
|    mean_ent_bonus    | -0.00145 |
|    max_target_q      | -18.1    |
|    min_target_q      | -22.5    |
|    max_reward        | 1.59     |
|    min_reward        | -2.65    |
|    chamfer_loss      | 21.2     |
|    encoder_grad_norm | 32.7     |
|    q1_grad_norm      | 1.46     |
|    q2_grad_norm      | 1.6      |
|    actor_loss        | 20.1     |
|    ent_coeff         | 0.0037   |
|    ent_coeff_loss    | -20.2    |
|    pi_grad_norm      | 0.0408   |
|    n_updates         | 34560    |
| eval/                |          |
|    Length            | 300      |
|    Return            | -86.4    |
|    NonzeroRewards    | 300      |
|    DiscountedReturn  | -24.4    |
|    Success           | 0        |
| rollout/             |          |
|    Length            | 300      |
|    Return            | -70.7    |
|    NonzeroRewards    | 300      |
|    DiscountedReturn  | -24.4    |
|    Success           | 0        |
| time/                |          |
|    iterations        | 57       |
|    fps               | 8.5      |
|    elapsed_time      | 1.69e+04 |
|    elapsed_steps     | 145920   |
-----------------------------------
 25%|██▍       | 148480/600000 [4:47:22<14:48:41,  8.47steps/s] 25%|██▌       | 151040/600000 [4:52:24<14:43:38,  8.47steps/s] 26%|██▌       | 153600/600000 [4:57:20<14:33:31,  8.52steps/s]                                                                26%|██▌       | 153600/600000 [4:57:20<14:33:31,  8.52steps/s]-----------------------------------
| algo/                |          |
|    critic_loss       | 0.114    |
|    mean_entropy      | -0.84    |
|    mean_ent_bonus    | -0.00259 |
|    max_target_q      | -18.6    |
|    min_target_q      | -22.8    |
|    max_reward        | 1.56     |
|    min_reward        | -2.65    |
|    chamfer_loss      | 21.2     |
|    encoder_grad_norm | 32.8     |
|    q1_grad_norm      | 1.52     |
|    q2_grad_norm      | 1.65     |
|    actor_loss        | 20.5     |
|    ent_coeff         | 0.0031   |
|    ent_coeff_loss    | -18.3    |
|    pi_grad_norm      | 0.0402   |
|    n_updates         | 36480    |
| rollout/             |          |
|    Length            | 300      |
|    Return            | -72.8    |
|    NonzeroRewards    | 300      |
|    DiscountedReturn  | -24.8    |
|    Success           | 0        |
| time/                |          |
|    iterations        | 60       |
|    fps               | 8.59     |
|    elapsed_time      | 1.78e+04 |
|    elapsed_steps     | 153600   |
-----------------------------------
 26%|██▌       | 156160/600000 [5:02:08<14:17:21,  8.63steps/s] 26%|██▋       | 158720/600000 [5:06:46<13:56:29,  8.79steps/s] 27%|██▋       | 161280/600000 [5:11:17<13:33:42,  8.99steps/s]RLRunner: Evaluating agent...
SingleEnvMultiCamSampler: Resetting all environments.
SingleEnvMultiCamSampler: Resetting agent.
RLRunner: Finished evaluating agent.
                                                                27%|██▋       | 161280/600000 [5:11:39<13:33:42,  8.99steps/s]-----------------------------------
| rollout/             |          |
|    Length            | 300      |
|    Return            | -76.7    |
|    NonzeroRewards    | 300      |
|    DiscountedReturn  | -26.2    |
|    Success           | 0        |
| algo/                |          |
|    critic_loss       | 0.11     |
|    mean_entropy      | -1.12    |
|    mean_ent_bonus    | -0.00289 |
|    max_target_q      | -19.1    |
|    min_target_q      | -23      |
|    max_reward        | 1.64     |
|    min_reward        | -2.57    |
|    chamfer_loss      | 21.1     |
|    encoder_grad_norm | 33.1     |
|    q1_grad_norm      | 1.44     |
|    q2_grad_norm      | 1.57     |
|    actor_loss        | 21       |
|    ent_coeff         | 0.00259  |
|    ent_coeff_loss    | -17.2    |
|    pi_grad_norm      | 0.0374   |
|    n_updates         | 38400    |
| eval/                |          |
|    Length            | 300      |
|    Return            | -88.6    |
|    NonzeroRewards    | 300      |
|    DiscountedReturn  | -27      |
|    Success           | 0        |
| time/                |          |
|    iterations        | 63       |
|    fps               | 8.94     |
|    elapsed_time      | 1.87e+04 |
|    elapsed_steps     | 161280   |
-----------------------------------
 27%|██▋       | 163840/600000 [5:16:29<13:52:45,  8.73steps/s] 28%|██▊       | 166400/600000 [5:21:10<13:37:34,  8.84steps/s] 28%|██▊       | 168960/600000 [5:25:56<13:29:30,  8.87steps/s]                                                                28%|██▊       | 168960/600000 [5:25:56<13:29:30,  8.87steps/s]-----------------------------------
| rollout/             |          |
|    Length            | 300      |
|    Return            | -87.1    |
|    NonzeroRewards    | 300      |
|    DiscountedReturn  | -29.4    |
|    Success           | 0        |
| algo/                |          |
|    critic_loss       | 0.12     |
|    mean_entropy      | -1.64    |
|    mean_ent_bonus    | -0.00354 |
|    max_target_q      | -19.6    |
|    min_target_q      | -23.3    |
|    max_reward        | 1.55     |
|    min_reward        | -2.75    |
|    chamfer_loss      | 21.1     |
|    encoder_grad_norm | 32.4     |
|    q1_grad_norm      | 1.57     |
|    q2_grad_norm      | 1.68     |
|    actor_loss        | 21.4     |
|    ent_coeff         | 0.00217  |
|    ent_coeff_loss    | -14.4    |
|    pi_grad_norm      | 0.0395   |
|    n_updates         | 40320    |
| time/                |          |
|    iterations        | 66       |
|    fps               | 8.96     |
|    elapsed_time      | 1.96e+04 |
|    elapsed_steps     | 168960   |
-----------------------------------
 29%|██▊       | 171520/600000 [5:30:37<13:17:49,  8.95steps/s] 29%|██▉       | 174080/600000 [5:35:14<13:06:20,  9.03steps/s] 29%|██▉       | 176640/600000 [5:39:44<12:49:38,  9.17steps/s]                                                                29%|██▉       | 176640/600000 [5:39:44<12:49:38,  9.17steps/s]-----------------------------------
| algo/                |          |
|    critic_loss       | 0.128    |
|    mean_entropy      | -1.83    |
|    mean_ent_bonus    | -0.00333 |
|    max_target_q      | -20.1    |
|    min_target_q      | -23.9    |
|    max_reward        | 1.6      |
|    min_reward        | -2.76    |
|    chamfer_loss      | 21       |
|    encoder_grad_norm | 32.5     |
|    q1_grad_norm      | 1.59     |
|    q2_grad_norm      | 1.72     |
|    actor_loss        | 21.8     |
|    ent_coeff         | 0.00182  |
|    ent_coeff_loss    | -13.7    |
|    pi_grad_norm      | 0.0408   |
|    n_updates         | 42240    |
| rollout/             |          |
|    Length            | 300      |
|    Return            | -72.1    |
|    NonzeroRewards    | 300      |
|    DiscountedReturn  | -25.1    |
|    Success           | 0        |
| time/                |          |
|    iterations        | 69       |
|    fps               | 9.28     |
|    elapsed_time      | 2.04e+04 |
|    elapsed_steps     | 176640   |
-----------------------------------
 30%|██▉       | 179200/600000 [5:44:07<12:31:40,  9.33steps/s]RLRunner: Evaluating agent...
SingleEnvMultiCamSampler: Resetting all environments.
SingleEnvMultiCamSampler: Resetting agent.
RLRunner: Finished evaluating agent.
 30%|███       | 181760/600000 [5:49:15<12:54:40,  9.00steps/s] 31%|███       | 184320/600000 [5:53:48<12:40:33,  9.11steps/s]                                                                31%|███       | 184320/600000 [5:53:48<12:40:33,  9.11steps/s]-----------------------------------
| algo/                |          |
|    critic_loss       | 0.134    |
|    mean_entropy      | -2.36    |
|    mean_ent_bonus    | -0.00361 |
|    max_target_q      | -20.5    |
|    min_target_q      | -24.5    |
|    max_reward        | 1.68     |
|    min_reward        | -2.76    |
|    chamfer_loss      | 21.2     |
|    encoder_grad_norm | 33       |
|    q1_grad_norm      | 1.7      |
|    q2_grad_norm      | 1.84     |
|    actor_loss        | 22.2     |
|    ent_coeff         | 0.00154  |
|    ent_coeff_loss    | -10.6    |
|    pi_grad_norm      | 0.0438   |
|    n_updates         | 44160    |
| eval/                |          |
|    Length            | 300      |
|    Return            | -69.8    |
|    NonzeroRewards    | 300      |
|    DiscountedReturn  | -20.6    |
|    Success           | 0        |
| rollout/             |          |
|    Length            | 300      |
|    Return            | -73.8    |
|    NonzeroRewards    | 300      |
|    DiscountedReturn  | -25.1    |
|    Success           | 0        |
| time/                |          |
|    iterations        | 72       |
|    fps               | 9.1      |
|    elapsed_time      | 2.12e+04 |
|    elapsed_steps     | 184320   |
-----------------------------------
 31%|███       | 186880/600000 [5:58:28<12:35:34,  9.11steps/s] 32%|███▏      | 189440/600000 [6:03:09<12:30:25,  9.12steps/s] 32%|███▏      | 192000/600000 [6:07:43<12:20:31,  9.18steps/s]                                                                32%|███▏      | 192000/600000 [6:07:43<12:20:31,  9.18steps/s]-----------------------------------
| rollout/             |          |
|    Length            | 300      |
|    Return            | -88.5    |
|    NonzeroRewards    | 300      |
|    DiscountedReturn  | -28.2    |
|    Success           | 0        |
| algo/                |          |
|    critic_loss       | 0.135    |
|    mean_entropy      | -3.21    |
|    mean_ent_bonus    | -0.00428 |
|    max_target_q      | -20.9    |
|    min_target_q      | -24.7    |
|    max_reward        | 1.65     |
|    min_reward        | -2.78    |
|    chamfer_loss      | 21.8     |
|    encoder_grad_norm | 33.4     |
|    q1_grad_norm      | 1.64     |
|    q2_grad_norm      | 1.77     |
|    actor_loss        | 22.4     |
|    ent_coeff         | 0.00134  |
|    ent_coeff_loss    | -5.27    |
|    pi_grad_norm      | 0.0408   |
|    n_updates         | 46080    |
| time/                |          |
|    iterations        | 75       |
|    fps               | 9.2      |
|    elapsed_time      | 2.21e+04 |
|    elapsed_steps     | 192000   |
-----------------------------------
 32%|███▏      | 194560/600000 [6:12:09<12:05:32,  9.31steps/s] 33%|███▎      | 197120/600000 [6:16:32<11:51:49,  9.43steps/s]RLRunner: Evaluating agent...
SingleEnvMultiCamSampler: Resetting all environments.
SingleEnvMultiCamSampler: Resetting agent.
Error executing job with overrides: ['parallel=False', 'wandb.group_name=not_our_method_TIH_no_parallel_final', 'env=thread_in_hole', 'model=pointgpt_rl', 'algo=aux_sac', 'env.image_shape=[64, 64]', 'runner.n_steps=600000']
Traceback (most recent call last):
  File "/home/michaelbezick/Repos/pprlPCA/scripts/one_env_multi_eval_train_sac.py", line 529, in main
    runner.run()
  File "/home/michaelbezick/Repos/pprlPCA/dependencies/parllel/parllel/runners/rlrunner.py", line 69, in run
    self.evaluate_agent(elapsed_steps)
  File "/home/michaelbezick/Repos/pprlPCA/dependencies/parllel/parllel/runners/rlrunner.py", line 122, in evaluate_agent
    eval_trajs = self.eval_sampler.collect_batch(elapsed_steps)
  File "/home/michaelbezick/Repos/pprlPCA/dependencies/parllel/parllel/samplers/eval.py", line 201, in collect_batch
    trajs = super().collect_batch(elapsed_steps)
  File "/home/michaelbezick/Repos/pprlPCA/dependencies/parllel/parllel/samplers/eval.py", line 113, in collect_batch
    action[...], agent_info[...] = self.agent.step(observation)
  File "/home/michaelbezick/.conda/envs/pprl/lib/python3.10/site-packages/torch/utils/_contextlib.py", line 115, in decorate_context
    return func(*args, **kwargs)
  File "/home/michaelbezick/Repos/pprlPCA/dependencies/parllel/parllel/torch/agents/sac_agent.py", line 77, in step
    encoding = self.encode(observation)
  File "/home/michaelbezick/Repos/pprlPCA/dependencies/parllel/parllel/torch/agents/sac_agent.py", line 59, in encode
    observation = self.model["encoder"](observation)
  File "/home/michaelbezick/.conda/envs/pprl/lib/python3.10/site-packages/torch/nn/modules/module.py", line 1518, in _wrapped_call_impl
    return self._call_impl(*args, **kwargs)
  File "/home/michaelbezick/.conda/envs/pprl/lib/python3.10/site-packages/torch/nn/modules/module.py", line 1527, in _call_impl
    return forward_call(*args, **kwargs)
  File "/home/michaelbezick/Repos/pprlPCA/pprl/models/ppt.py", line 150, in forward
    x, _, center_points = self.tokenizer(pos, batch, color)
  File "/home/michaelbezick/.conda/envs/pprl/lib/python3.10/site-packages/torch/nn/modules/module.py", line 1518, in _wrapped_call_impl
    return self._call_impl(*args, **kwargs)
  File "/home/michaelbezick/.conda/envs/pprl/lib/python3.10/site-packages/torch/nn/modules/module.py", line 1527, in _call_impl
    return forward_call(*args, **kwargs)
  File "/home/michaelbezick/Repos/pprlPCA/pprl/models/modules/gpt_tokenizer.py", line 69, in forward
    x, neighborhoods, center_points = super().forward(pos, batch, color)
  File "/home/michaelbezick/Repos/pprlPCA/pprl/models/modules/tokenizer.py", line 108, in forward
    center_points_idx = fps(
  File "/home/michaelbezick/.conda/envs/pprl/lib/python3.10/site-packages/torch_geometric/nn/pool/__init__.py", line 60, in fps
    return torch_cluster.fps(x, batch, ratio, random_start, batch_size)
  File "/home/michaelbezick/.conda/envs/pprl/lib/python3.10/site-packages/torch_cluster/fps.py", line 97, in fps
    batch_size = int(batch.max()) + 1
RuntimeError: max(): Expected reduction dim to be specified for input.numel() == 0. Specify the reduction dim with the 'dim' argument.

Set the environment variable HYDRA_FULL_ERROR=1 for a complete stack trace.
[1;34mwandb[0m: 
[1;34mwandb[0m: 🚀 View run [33mworthy-dawn-645[0m at: [34mhttps://wandb.ai/michael-bezick-purdue-university/pprl/runs/07mcarpk[0m
[1;34mwandb[0m: Find logs at: [1;35mwandb/run-20250723_084946-07mcarpk/logs[0m
 33%|███▎      | 197120/600000 [6:16:34<12:49:38,  8.72steps/s]
########## SIG 13 - SIGTERM: a termination request was sent to the program ##########
  sofa::helper::BackTrace::sig(int)
  send
  _PyEval_EvalFrameDefault
  _PyFunction_Vectorcall
  _PyEval_EvalFrameDefault
  _PyFunction_Vectorcall
  _PyEval_EvalFrameDefault
  _PyFunction_Vectorcall
  _PyEval_EvalFrameDefault
  _PyFunction_Vectorcall
  _PyEval_EvalFrameDefault
  _PyFunction_Vectorcall
  _PyEval_EvalFrameDefault
  _PyFunction_Vectorcall
  _PyEval_EvalFrameDefault
  _PyFunction_Vectorcall
  _PyEval_EvalFrameDefault
  _PyFunction_Vectorcall
  _PyEval_EvalFrameDefault
  _PyFunction_Vectorcall
  _PyEval_EvalFrameDefault
  _PyFunction_Vectorcall
  _PyEval_EvalFrameDefault
  _PyFunction_Vectorcall
  _PyEval_EvalFrameDefault
  _PyEval_EvalFrameDefault
  _PyFunction_Vectorcall
  _PyEval_EvalFrameDefault
  _PyFunction_Vectorcall
  _PyEval_EvalFrameDefault
  _PyFunction_Vectorcall
  _PyEval_EvalFrameDefault
  _PyFunction_Vectorcall
  _PyEval_EvalFrameDefault
  _PyEval_EvalFrameDefault
  _PyFunction_Vectorcall
  _PyEval_EvalFrameDefault
  PyGC_Collect
  Py_FinalizeEx
  Py_Exit
  PyErr_PrintEx
  _PyRun_AnyFileObject
  Py_RunMain
  Py_BytesMain
  __libc_start_main
