---------------------------------------
Checking SOFA_ROOT and SOFAPYTHON3_ROOT
Using environment variable SOFA_ROOT: /home/michaelbezick/sofa/build/install
---------------------------------------
wandb: Using wandb-core as the SDK backend.  Please refer to https://wandb.me/wandb-core for more information.
wandb: Currently logged in as: michael-bezick (michael-bezick-purdue-university) to https://api.wandb.ai. Use `wandb login --relogin` to force relogin
wandb: WARNING Using a boolean value for 'reinit' is deprecated. Use 'return_previous' or 'finish_previous' instead.
wandb: Tracking run with wandb version 0.19.9
wandb: Run data is saved locally in /home/michaelbezick/Repos/pprlPCA/wandb/run-20250530_181534-fsr7xneg
wandb: Run `wandb offline` to turn off syncing.
wandb: Syncing run graceful-gorge-317
wandb: â­ï¸ View project at https://wandb.ai/michael-bezick-purdue-university/pprl
wandb: ðŸš€ View run at https://wandb.ai/michael-bezick-purdue-university/pprl/runs/fsr7xGrouGroup name is:  HPR exp 3
> /home/michaelbezick/Repos/pprlPCA/scripts/train_sac.py(98)build()
-> parallel = config.parallel
(Pdb) 
Error executing job with overrides: ['wandb.group_name=HPR exp 3', 'env=thread_in_hole', 'model=pointgpt_rl', 'algo=aux_sac', 'env.image_shape=[64, 64]', 'runner.n_steps=2000000']
Traceback (most recent call last):
  File "/home/michaelbezick/Repos/pprlPCA/scripts/train_sac.py", line 411, in main
    with build(config) as runner:
  File "/home/michaelbezick/.conda/envs/pprl/lib/python3.10/contextlib.py", line 135, in __enter__
    return next(self.gen)
  File "/home/michaelbezick/Repos/pprlPCA/scripts/train_sac.py", line 98, in build
    parallel = config.parallel
  File "/home/michaelbezick/Repos/pprlPCA/scripts/train_sac.py", line 98, in build
    parallel = config.parallel
  File "/home/michaelbezick/.conda/envs/pprl/lib/python3.10/bdb.py", line 90, in trace_dispatch
    return self.dispatch_line(frame)
  File "/home/michaelbezick/.conda/envs/pprl/lib/python3.10/bdb.py", line 115, in dispatch_line
    if self.quitting: raise BdbQuit
bdb.BdbQuit

Set the environment variable HYDRA_FULL_ERROR=1 for a complete stack tr[1;[1;34mwandb[0m: 
[1;34mwandb[0m: ðŸš€ View run [33mgraceful-gorge-317[0m at: [34mhttps://wandb.ai/michael-bezick-purdue-university/pprl/runs/fsr7xneg[0m
[1;34mwandb[0m: Find logs at: [1;35mwandb/run-20250530_181534-fsr7xneg[W[WARNING[WARNING] [Sofa.Simulation.Graph] the library has not been cleaned up (sofa::simulation::graph::cleanup() has never been called, see sofa/helper/init.h)
[WARNING] [SofaSimulationCommon] the library has not been cleaned up (sofa::simulation::common::cleanup() has never been called, see sofa/helper/init.h)
[WARNING] [SofaSimulationCore] the library has not been cleaned up (sofa::simulation::core::cleanup() has never been called, see sofa/helper/init.h)
[WARNING] [SofaCore] the library has not been cleaned up (sofa::core::cleanup() has never been called, see sofa/helper/init.h)
[WARNING] [SofaDefaultType] the library has not been cleaned up (sofa::defaulttype::cleanup() has never been called, see sofa/helper/init.h)
[WARNING] [SofaHelper] the library has not been cleaned up (sofa::helper::cleanup() has never been called, see sofa/helper/init.h)
)
.h)
