/home/exx/anaconda3/envs/pprl/lib/python3.10/site-packages/sapien/core/renderer_config.py:4: UserWarning: pkg_resources is deprecated as an API. See https://setuptools.pypa.io/en/latest/pkg_resources.html. The pkg_resources package is slated for removal as early as 2025-11-30. Refrain from using this package or pin to Setuptools<81.
  import pkg_resources
wandb: Currently logged in as: michael-bezick (michael-bezick-purdue-university) to https://api.wandb.ai. Use `wandb login --relogin` to force relogin
wandb: WARNING Using a boolean value for 'reinit' is deprecated. Use 'return_previous' or 'finish_previous' instead.
wandb: Tracking run with wandb version 0.20.1
wandb: Run data is saved locally in /home/exx/Michael/pprlPCA/wandb/run-20250908_141022-nbm7q3ch
wandb: Run `wandb offline` to turn off syncing.
wandb: Syncing run sunny-butterfly-975
wandb: â­ï¸ View project at https://wandb.ai/michael-bezick-purdue-university/pprl
wandb: ðŸš€ View run at https://wandb.ai/michael-bezick-purdue-university/pprl/runs/nbm7q3ch
Group name is:  PC_PCA
Instantiating 8 environments...
/home/exx/anaconda3/envs/pprl/lib/python3.10/site-packages/sapien/core/renderer_config.py:4: UserWarning: pkg_resources is deprecated as an API. See https://setuptools.pypa.io/en/latest/pkg_resources.html. The pkg_resources package is slated for removal as early as 2025-11-30. Refrain from using this package or pin to Setuptools<81.
  import pkg_resources
/home/exx/anaconda3/envs/pprl/lib/python3.10/site-packages/sapien/core/renderer_config.py:4: UserWarning: pkg_resources is deprecated as an API. See https://setuptools.pypa.io/en/latest/pkg_resources.html. The pkg_resources package is slated for removal as early as 2025-11-30. Refrain from using this package or pin to Setuptools<81.
  import pkg_resources
/home/exx/anaconda3/envs/pprl/lib/python3.10/site-packages/sapien/core/renderer_config.py:4: UserWarning: pkg_resources is deprecated as an API. See https://setuptools.pypa.io/en/latest/pkg_resources.html. The pkg_resources package is slated for removal as early as 2025-11-30. Refrain from using this package or pin to Setuptools<81.
  import pkg_resources
/home/exx/anaconda3/envs/pprl/lib/python3.10/site-packages/sapien/core/renderer_config.py:4: UserWarning: pkg_resources is deprecated as an API. See https://setuptools.pypa.io/en/latest/pkg_resources.html. The pkg_resources package is slated for removal as early as 2025-11-30. Refrain from using this package or pin to Setuptools<81.
  import pkg_resources
/home/exx/anaconda3/envs/pprl/lib/python3.10/site-packages/sapien/core/renderer_config.py:4: UserWarning: pkg_resources is deprecated as an API. See https://setuptools.pypa.io/en/latest/pkg_resources.html. The pkg_resources package is slated for removal as early as 2025-11-30. Refrain from using this package or pin to Setuptools<81.
  import pkg_resources
/home/exx/anaconda3/envs/pprl/lib/python3.10/site-packages/sapien/core/renderer_config.py:4: UserWarning: pkg_resources is deprecated as an API. See https://setuptools.pypa.io/en/latest/pkg_resources.html. The pkg_resources package is slated for removal as early as 2025-11-30. Refrain from using this package or pin to Setuptools<81.
  import pkg_resources
/home/exx/anaconda3/envs/pprl/lib/python3.10/site-packages/sapien/core/renderer_config.py:4: UserWarning: pkg_resources is deprecated as an API. See https://setuptools.pypa.io/en/latest/pkg_resources.html. The pkg_resources package is slated for removal as early as 2025-11-30. Refrain from using this package or pin to Setuptools<81.
  import pkg_resources
/home/exx/anaconda3/envs/pprl/lib/python3.10/site-packages/sapien/core/renderer_config.py:4: UserWarning: pkg_resources is deprecated as an API. See https://setuptools.pypa.io/en/latest/pkg_resources.html. The pkg_resources package is slated for removal as early as 2025-11-30. Refrain from using this package or pin to Setuptools<81.
  import pkg_resources
Environments instantiated.
Instantiating 1 environments...
/home/exx/anaconda3/envs/pprl/lib/python3.10/site-packages/sapien/core/renderer_config.py:4: UserWarning: pkg_resources is deprecated as an API. See https://setuptools.pypa.io/en/latest/pkg_resources.html. The pkg_resources package is slated for removal as early as 2025-11-30. Refrain from using this package or pin to Setuptools<81.
  import pkg_resources
Environments instantiated.
/home/exx/anaconda3/envs/pprl/lib/python3.10/site-packages/mani_skill2/utils/visualization/misc.py:56: RuntimeWarning: invalid value encountered in divide
  depth = (depth - min_depth) / (max_depth - min_depth)
Instantiating 1 environments...
/home/exx/anaconda3/envs/pprl/lib/python3.10/site-packages/sapien/core/renderer_config.py:4: UserWarning: pkg_resources is deprecated as an API. See https://setuptools.pypa.io/en/latest/pkg_resources.html. The pkg_resources package is slated for removal as early as 2025-11-30. Refrain from using this package or pin to Setuptools<81.
  import pkg_resources
Environments instantiated.
/home/exx/anaconda3/envs/pprl/lib/python3.10/site-packages/mani_skill2/utils/visualization/misc.py:56: RuntimeWarning: invalid value encountered in divide
  depth = (depth - min_depth) / (max_depth - min_depth)
Instantiating 1 environments...
/home/exx/anaconda3/envs/pprl/lib/python3.10/site-packages/sapien/core/renderer_config.py:4: UserWarning: pkg_resources is deprecated as an API. See https://setuptools.pypa.io/en/latest/pkg_resources.html. The pkg_resources package is slated for removal as early as 2025-11-30. Refrain from using this package or pin to Setuptools<81.
  import pkg_resources
Environments instantiated.
/home/exx/anaconda3/envs/pprl/lib/python3.10/site-packages/mani_skill2/utils/visualization/misc.py:56: RuntimeWarning: invalid value encountered in divide
  depth = (depth - min_depth) / (max_depth - min_depth)
Instantiating 1 environments...
/home/exx/anaconda3/envs/pprl/lib/python3.10/site-packages/sapien/core/renderer_config.py:4: UserWarning: pkg_resources is deprecated as an API. See https://setuptools.pypa.io/en/latest/pkg_resources.html. The pkg_resources package is slated for removal as early as 2025-11-30. Refrain from using this package or pin to Setuptools<81.
  import pkg_resources
Environments instantiated.
/home/exx/anaconda3/envs/pprl/lib/python3.10/site-packages/mani_skill2/utils/visualization/misc.py:56: RuntimeWarning: invalid value encountered in divide
  depth = (depth - min_depth) / (max_depth - min_depth)
Instantiating 1 environments...
/home/exx/anaconda3/envs/pprl/lib/python3.10/site-packages/sapien/core/renderer_config.py:4: UserWarning: pkg_resources is deprecated as an API. See https://setuptools.pypa.io/en/latest/pkg_resources.html. The pkg_resources package is slated for removal as early as 2025-11-30. Refrain from using this package or pin to Setuptools<81.
  import pkg_resources
Environments instantiated.
/home/exx/anaconda3/envs/pprl/lib/python3.10/site-packages/mani_skill2/utils/visualization/misc.py:56: RuntimeWarning: invalid value encountered in divide
  depth = (depth - min_depth) / (max_depth - min_depth)
Instantiating 1 environments...
/home/exx/anaconda3/envs/pprl/lib/python3.10/site-packages/sapien/core/renderer_config.py:4: UserWarning: pkg_resources is deprecated as an API. See https://setuptools.pypa.io/en/latest/pkg_resources.html. The pkg_resources package is slated for removal as early as 2025-11-30. Refrain from using this package or pin to Setuptools<81.
  import pkg_resources
Environments instantiated.
/home/exx/anaconda3/envs/pprl/lib/python3.10/site-packages/mani_skill2/utils/visualization/misc.py:56: RuntimeWarning: invalid value encountered in divide
  depth = (depth - min_depth) / (max_depth - min_depth)
Instantiating 1 environments...
/home/exx/anaconda3/envs/pprl/lib/python3.10/site-packages/sapien/core/renderer_config.py:4: UserWarning: pkg_resources is deprecated as an API. See https://setuptools.pypa.io/en/latest/pkg_resources.html. The pkg_resources package is slated for removal as early as 2025-11-30. Refrain from using this package or pin to Setuptools<81.
  import pkg_resources
Environments instantiated.
/home/exx/anaconda3/envs/pprl/lib/python3.10/site-packages/mani_skill2/utils/visualization/misc.py:56: RuntimeWarning: invalid value encountered in divide
  depth = (depth - min_depth) / (max_depth - min_depth)
Instantiating 1 environments...
/home/exx/anaconda3/envs/pprl/lib/python3.10/site-packages/sapien/core/renderer_config.py:4: UserWarning: pkg_resources is deprecated as an API. See https://setuptools.pypa.io/en/latest/pkg_resources.html. The pkg_resources package is slated for removal as early as 2025-11-30. Refrain from using this package or pin to Setuptools<81.
  import pkg_resources
Environments instantiated.
/home/exx/anaconda3/envs/pprl/lib/python3.10/site-packages/mani_skill2/utils/visualization/misc.py:56: RuntimeWarning: invalid value encountered in divide
  depth = (depth - min_depth) / (max_depth - min_depth)
Instantiating 1 environments...
/home/exx/anaconda3/envs/pprl/lib/python3.10/site-packages/sapien/core/renderer_config.py:4: UserWarning: pkg_resources is deprecated as an API. See https://setuptools.pypa.io/en/latest/pkg_resources.html. The pkg_resources package is slated for removal as early as 2025-11-30. Refrain from using this package or pin to Setuptools<81.
  import pkg_resources
Process ProcessCage-17:
Traceback (most recent call last):
  File "/home/exx/anaconda3/envs/pprl/lib/python3.10/multiprocessing/process.py", line 314, in _bootstrap
    self.run()
  File "/home/exx/Michael/pprlPCA/dependencies/parllel/parllel/cages/process.py", line 192, in run
    self._create_env()  # create env, traj info, etc.
  File "/home/exx/Michael/pprlPCA/dependencies/parllel/parllel/cages/cage.py", line 48, in _create_env
    self._env: gym.Env = self.EnvClass(**self.env_kwargs)
  File "/home/exx/Michael/pprlPCA/scripts/maniskill_train_sac.py", line 360, in __call__
    env = self.base_factory(*args, **kwargs)
  File "/home/exx/Michael/pprlPCA/pprl/envs/maniskill2/build.py", line 34, in build
    env = gym.make(
  File "/home/exx/anaconda3/envs/pprl/lib/python3.10/site-packages/gymnasium/envs/registration.py", line 742, in make
    env = env_creator(**env_spec_kwargs)
  File "/home/exx/anaconda3/envs/pprl/lib/python3.10/site-packages/mani_skill2/utils/registration.py", line 92, in make
    env = env_spec.make(**kwargs)
  File "/home/exx/anaconda3/envs/pprl/lib/python3.10/site-packages/mani_skill2/utils/registration.py", line 34, in make
    return self.cls(**_kwargs)
  File "/home/exx/Michael/pprlPCA/pprl/envs/maniskill2/push_chair.py", line 26, in __init__
    super().__init__(*args, **kwargs)
  File "/home/exx/anaconda3/envs/pprl/lib/python3.10/site-packages/mani_skill2/envs/ms1/base_env.py", line 56, in __init__
    super().__init__(*args, **kwargs)
  File "/home/exx/anaconda3/envs/pprl/lib/python3.10/site-packages/mani_skill2/envs/sapien_env.py", line 107, in __init__
    self._renderer = sapien.SapienRenderer(**renderer_kwargs)
RuntimeError: vk::PhysicalDevice::createDeviceUnique: ErrorInitializationFailed
/home/exx/anaconda3/envs/pprl/lib/python3.10/multiprocessing/resource_tracker.py:224: UserWarning: resource_tracker: There appear to be 976 leaked shared_memory objects to clean up at shutdown
  warnings.warn('resource_tracker: There appear to be %d '
