---------------------------------------
Checking SOFA_ROOT and SOFAPYTHON3_ROOT
Using environment variable SOFA_ROOT: /home/michaelbezick/sofa/build/install
---------------------------------------
wandb: Using wandb-core as the SDK backend.  Please refer to https://wandb.me/wandb-core for more information.
wandb: Currently logged in as: michael-bezick (michael-bezick-purdue-university) to https://api.wandb.ai. Use `wandb login --relogin` to force relogin
wandb: WARNING Using a boolean value for 'reinit' is deprecated. Use 'return_previous' or 'finish_previous' instead.
wandb: Tracking run with wandb version 0.19.9
wandb: Run data is saved locally in /home/michaelbezick/Repos/pprlPCA/wandb/run-20250723_083215-kchrprwi
wandb: Run `wandb offline` to turn off syncing.
wandb: Syncing run snowy-rain-630
wandb: ⭐️ View project at https://wandb.ai/michael-bezick-purdue-university/pprl
wandb: 🚀 View run at https://wandb.ai/michael-bezick-purdue-university/pprl/runs/kchrprwi
Group name is:  
Instantiating 20 environments...
[INFO]    [PluginManager] Loaded plugin: /home/michaelbezick/sofa/build/install/lib/libSofa.Component.Setting.so
[INFO]    [PluginManager] Loaded plugin: /home/michaelbezick/sofa/build/install/plugins/ArticulatedSystemPlugin/lib/libArticulatedSystemPlugin.so
[INFO]    [PluginManager] Loaded plugin: /home/michaelbezick/sofa/build/install/lib/libSofa.Component.IO.Mesh.so
[INFO]    [PluginManager] Loaded plugin: /home/michaelbezick/sofa/build/install/lib/libSofa.Component.Engine.Select.so
[INFO]    [PluginManager] Loaded plugin: /home/michaelbezick/sofa/build/install/lib/libSofa.Component.Constraint.Projective.so
[INFO]    [PluginManager] Loaded plugin: /home/michaelbezick/sofa/build/install/lib/libSofa.Component.Collision.Response.Contact.so
[INFO]    [PluginManager] Loaded plugin: /home/michaelbezick/sofa/build/install/lib/libSofa.Component.Constraint.Lagrangian.Solver.so
[INFO]    [PluginManager] Loaded plugin: /home/michaelbezick/sofa/build/install/lib/libSofa.Component.SceneUtility.so
[INFO]    [PluginManager] Loaded plugin: /home/michaelbezick/sofa/build/install/lib/libSofa.Component.Visual.so
[INFO]    [PluginManager] Loaded plugin: /home/michaelbezick/sofa/build/install/lib/libSofa.Component.Mapping.NonLinear.so
[INFO]    [PluginManager] Loaded plugin: /home/michaelbezick/sofa/build/install/lib/libSofa.Component.SolidMechanics.FEM.Elastic.so
[INFO]    [PluginManager] Loaded plugin: /home/michaelbezick/sofa/build/install/lib/libSofa.GL.Component.Rendering3D.so
[INFO]    [PluginManager] Loaded plugin: /home/michaelbezick/sofa/build/install/lib/libSofa.Component.Topology.Mapping.so
[INFO]    [PluginManager] Loaded plugin: /home/michaelbezick/sofa/build/install/lib/libSofa.Component.Mapping.Linear.so
[INFO]    [PluginManager] Loaded plugin: /home/michaelbezick/sofa/build/install/lib/libSofa.Component.Collision.Detection.Algorithm.so
[INFO]    [PluginManager] Loaded plugin: /home/michaelbezick/sofa/build/install/lib/libSofa.Component.AnimationLoop.so
[INFO]    [PluginManager] Loaded plugin: /home/michaelbezick/sofa/build/install/lib/libSofa.Component.LinearSolver.Direct.so
[INFO]    [PluginManager] Loaded plugin: /home/michaelbezick/sofa/build/install/lib/libSofa.Component.MechanicalLoad.so
[INFO]    [PluginManager] Loaded plugin: /home/michaelbezick/sofa/build/install/lib/libSofa.Component.Mass.so
[INFO]    [PluginManager] Loaded plugin: /home/michaelbezick/sofa/build/install/lib/libSofa.Component.Constraint.Lagrangian.Model.so
[INFO]    [PluginManager] Loaded plugin: /home/michaelbezick/sofa/build/install/lib/libSofa.Component.Topology.Container.Dynamic.so
[INFO]    [PluginManager] Loaded plugin: /home/michaelbezick/sofa/build/install/lib/libSofa.Component.Collision.Geometry.so
[INFO]    [PluginManager] Loaded plugin: /home/michaelbezick/sofa/build/install/lib/libSofa.Component.SolidMechanics.Spring.so
[INFO]    [PluginManager] Loaded plugin: /home/michaelbezick/sofa/build/install/lib/libSofa.Component.StateContainer.so
[INFO]    [PluginManager] Loaded plugin: /home/michaelbezick/sofa/build/install/lib/libSofa.Component.Constraint.Lagrangian.Correction.so
[INFO]    [PluginManager] Loaded plugin: /home/michaelbezick/sofa/build/install/lib/libSofa.Component.Topology.Container.Constant.so
[INFO]    [PluginManager] Loaded plugin: /home/michaelbezick/sofa/build/install/lib/libSofa.Component.ODESolver.Forward.so
[INFO]    [PluginManager] Loaded plugin: /home/michaelbezick/sofa/build/install/lib/libSofa.GL.Component.Shader.so
[INFO]    [PluginManager] Loaded plugin: /home/michaelbezick/sofa/build/install/lib/libSofa.Component.LinearSolver.Iterative.so
[INFO]    [PluginManager] Loaded plugin: /home/michaelbezick/sofa/build/install/lib/libSofa.Component.ODESolver.Backward.so
[INFO]    [PluginManager] Loaded plugin: /home/michaelbezick/sofa/build/install/lib/libSofa.Component.Collision.Detection.Intersection.so
[WARNING] [MechanicalObject(unnamed)] Could not read value for data field showColor: 1.0 0.0 1.0 
[WARNING] [InteractiveCamera(camera)] Too many missing parameters ; taking default ...
[WARNING] [UncoupledConstraintCorrection(UncoupledConstraintCorrection)] Using 10 as initial compliance
[WARNING] [FastTetrahedralCorotationalForceField(FastTetrahedralCorotationalForceField)] buildStiffnessMatrix not implemented: for compatibility reason, the deprecated API (addKToMatrix) will be used. This compatibility will disapear in the future, and will cause issues in simulations. Please update the code of FastTetrahedralCorotationalForceField to ensure right behavior: the function addKToMatrix has been replaced by buildStiffnessMatrix
[WARNING] [FastTetrahedralCorotationalForceField(FastTetrahedralCorotationalForceField)] buildDampingMatrix not implemented: for compatibility reason, the deprecated API (addBToMatrix) will be used. This compatibility will disapear in the future, and will cause issues in simulations. Please update the code of FastTetrahedralCorotationalForceField to ensure right behavior: the function addBToMatrix has been replaced by buildDampingMatrix
[WARNING] [UniformVelocityDampingForceField(UniformVelocityDampingForceField)] buildStiffnessMatrix not implemented: for compatibility reason, the deprecated API (addKToMatrix) will be used. This compatibility will disapear in the future, and will cause issues in simulations. Please update the code of UniformVelocityDampingForceField to ensure right behavior: the function addKToMatrix has been replaced by buildStiffnessMatrix
[WARNING] [BeamFEMForceField(BeamFEMForceField)] buildDampingMatrix not implemented: for compatibility reason, the deprecated API (addBToMatrix) will be used. This compatibility will disapear in the future, and will cause issues in simulations. Please update the code of BeamFEMForceField to ensure right behavior: the function addBToMatrix has been replaced by buildDampingMatrix
[WARNING] [MechanicalObject(unnamed)] Could not read value for data field showColor: 1.0 0.0 1.0 
[WARNING] [InteractiveCamera(camera)] Too many missing parameters ; taking default ...
[WARNING] [UncoupledConstraintCorrection(UncoupledConstraintCorrection)] Using 10 as initial compliance
[WARNING] [FastTetrahedralCorotationalForceField(FastTetrahedralCorotationalForceField)] buildStiffnessMatrix not implemented: for compatibility reason, the deprecated API (addKToMatrix) will be used. This compatibility will disapear in the future, and will cause issues in simulations. Please update the code of FastTetrahedralCorotationalForceField to ensure right behavior: the function addKToMatrix has been replaced by buildStiffnessMatrix
[WARNING] [FastTetrahedralCorotationalForceField(FastTetrahedralCorotationalForceField)] buildDampingMatrix not implemented: for compatibility reason, the deprecated API (addBToMatrix) will be used. This compatibility will disapear in the future, and will cause issues in simulations. Please update the code of FastTetrahedralCorotationalForceField to ensure right behavior: the function addBToMatrix has been replaced by buildDampingMatrix
[WARNING] [UniformVelocityDampingForceField(UniformVelocityDampingForceField)] buildStiffnessMatrix not implemented: for compatibility reason, the deprecated API (addKToMatrix) will be used. This compatibility will disapear in the future, and will cause issues in simulations. Please update the code of UniformVelocityDampingForceField to ensure right behavior: the function addKToMatrix has been replaced by buildStiffnessMatrix
[WARNING] [BeamFEMForceField(BeamFEMForceField)] buildDampingMatrix not implemented: for compatibility reason, the deprecated API (addBToMatrix) will be used. This compatibility will disapear in the future, and will cause issues in simulations. Please update the code of BeamFEMForceField to ensure right behavior: the function addBToMatrix has been replaced by buildDampingMatrix
[WARNING] [MechanicalObject(unnamed)] Could not read value for data field showColor: 1.0 0.0 1.0 
[WARNING] [InteractiveCamera(camera)] Too many missing parameters ; taking default ...
[WARNING] [UncoupledConstraintCorrection(UncoupledConstraintCorrection)] Using 10 as initial compliance
[WARNING] [FastTetrahedralCorotationalForceField(FastTetrahedralCorotationalForceField)] buildStiffnessMatrix not implemented: for compatibility reason, the deprecated API (addKToMatrix) will be used. This compatibility will disapear in the future, and will cause issues in simulations. Please update the code of FastTetrahedralCorotationalForceField to ensure right behavior: the function addKToMatrix has been replaced by buildStiffnessMatrix
[WARNING] [FastTetrahedralCorotationalForceField(FastTetrahedralCorotationalForceField)] buildDampingMatrix not implemented: for compatibility reason, the deprecated API (addBToMatrix) will be used. This compatibility will disapear in the future, and will cause issues in simulations. Please update the code of FastTetrahedralCorotationalForceField to ensure right behavior: the function addBToMatrix has been replaced by buildDampingMatrix
[WARNING] [UniformVelocityDampingForceField(UniformVelocityDampingForceField)] buildStiffnessMatrix not implemented: for compatibility reason, the deprecated API (addKToMatrix) will be used. This compatibility will disapear in the future, and will cause issues in simulations. Please update the code of UniformVelocityDampingForceField to ensure right behavior: the function addKToMatrix has been replaced by buildStiffnessMatrix
[WARNING] [BeamFEMForceField(BeamFEMForceField)] buildDampingMatrix not implemented: for compatibility reason, the deprecated API (addBToMatrix) will be used. This compatibility will disapear in the future, and will cause issues in simulations. Please update the code of BeamFEMForceField to ensure right behavior: the function addBToMatrix has been replaced by buildDampingMatrix
[WARNING] [MechanicalObject(unnamed)] Could not read value for data field showColor: 1.0 0.0 1.0 
[WARNING] [InteractiveCamera(camera)] Too many missing parameters ; taking default ...
[WARNING] [UncoupledConstraintCorrection(UncoupledConstraintCorrection)] Using 10 as initial compliance
[WARNING] [FastTetrahedralCorotationalForceField(FastTetrahedralCorotationalForceField)] buildStiffnessMatrix not implemented: for compatibility reason, the deprecated API (addKToMatrix) will be used. This compatibility will disapear in the future, and will cause issues in simulations. Please update the code of FastTetrahedralCorotationalForceField to ensure right behavior: the function addKToMatrix has been replaced by buildStiffnessMatrix
[WARNING] [FastTetrahedralCorotationalForceField(FastTetrahedralCorotationalForceField)] buildDampingMatrix not implemented: for compatibility reason, the deprecated API (addBToMatrix) will be used. This compatibility will disapear in the future, and will cause issues in simulations. Please update the code of FastTetrahedralCorotationalForceField to ensure right behavior: the function addBToMatrix has been replaced by buildDampingMatrix
[WARNING] [UniformVelocityDampingForceField(UniformVelocityDampingForceField)] buildStiffnessMatrix not implemented: for compatibility reason, the deprecated API (addKToMatrix) will be used. This compatibility will disapear in the future, and will cause issues in simulations. Please update the code of UniformVelocityDampingForceField to ensure right behavior: the function addKToMatrix has been replaced by buildStiffnessMatrix
[WARNING] [BeamFEMForceField(BeamFEMForceField)] buildDampingMatrix not implemented: for compatibility reason, the deprecated API (addBToMatrix) will be used. This compatibility will disapear in the future, and will cause issues in simulations. Please update the code of BeamFEMForceField to ensure right behavior: the function addBToMatrix has been replaced by buildDampingMatrix
[WARNING] [MechanicalObject(unnamed)] Could not read value for data field showColor: 1.0 0.0 1.0 
[WARNING] [InteractiveCamera(camera)] Too many missing parameters ; taking default ...
[WARNING] [UncoupledConstraintCorrection(UncoupledConstraintCorrection)] Using 10 as initial compliance
[WARNING] [FastTetrahedralCorotationalForceField(FastTetrahedralCorotationalForceField)] buildStiffnessMatrix not implemented: for compatibility reason, the deprecated API (addKToMatrix) will be used. This compatibility will disapear in the future, and will cause issues in simulations. Please update the code of FastTetrahedralCorotationalForceField to ensure right behavior: the function addKToMatrix has been replaced by buildStiffnessMatrix
[WARNING] [FastTetrahedralCorotationalForceField(FastTetrahedralCorotationalForceField)] buildDampingMatrix not implemented: for compatibility reason, the deprecated API (addBToMatrix) will be used. This compatibility will disapear in the future, and will cause issues in simulations. Please update the code of FastTetrahedralCorotationalForceField to ensure right behavior: the function addBToMatrix has been replaced by buildDampingMatrix
[WARNING] [UniformVelocityDampingForceField(UniformVelocityDampingForceField)] buildStiffnessMatrix not implemented: for compatibility reason, the deprecated API (addKToMatrix) will be used. This compatibility will disapear in the future, and will cause issues in simulations. Please update the code of UniformVelocityDampingForceField to ensure right behavior: the function addKToMatrix has been replaced by buildStiffnessMatrix
[WARNING] [BeamFEMForceField(BeamFEMForceField)] buildDampingMatrix not implemented: for compatibility reason, the deprecated API (addBToMatrix) will be used. This compatibility will disapear in the future, and will cause issues in simulations. Please update the code of BeamFEMForceField to ensure right behavior: the function addBToMatrix has been replaced by buildDampingMatrix
[WARNING] [MechanicalObject(unnamed)] Could not read value for data field showColor: 1.0 0.0 1.0 
[WARNING] [InteractiveCamera(camera)] Too many missing parameters ; taking default ...
[WARNING] [UncoupledConstraintCorrection(UncoupledConstraintCorrection)] Using 10 as initial compliance
[WARNING] [FastTetrahedralCorotationalForceField(FastTetrahedralCorotationalForceField)] buildStiffnessMatrix not implemented: for compatibility reason, the deprecated API (addKToMatrix) will be used. This compatibility will disapear in the future, and will cause issues in simulations. Please update the code of FastTetrahedralCorotationalForceField to ensure right behavior: the function addKToMatrix has been replaced by buildStiffnessMatrix
[WARNING] [FastTetrahedralCorotationalForceField(FastTetrahedralCorotationalForceField)] buildDampingMatrix not implemented: for compatibility reason, the deprecated API (addBToMatrix) will be used. This compatibility will disapear in the future, and will cause issues in simulations. Please update the code of FastTetrahedralCorotationalForceField to ensure right behavior: the function addBToMatrix has been replaced by buildDampingMatrix
[WARNING] [UniformVelocityDampingForceField(UniformVelocityDampingForceField)] buildStiffnessMatrix not implemented: for compatibility reason, the deprecated API (addKToMatrix) will be used. This compatibility will disapear in the future, and will cause issues in simulations. Please update the code of UniformVelocityDampingForceField to ensure right behavior: the function addKToMatrix has been replaced by buildStiffnessMatrix
[WARNING] [BeamFEMForceField(BeamFEMForceField)] buildDampingMatrix not implemented: for compatibility reason, the deprecated API (addBToMatrix) will be used. This compatibility will disapear in the future, and will cause issues in simulations. Please update the code of BeamFEMForceField to ensure right behavior: the function addBToMatrix has been replaced by buildDampingMatrix
[WARNING] [MechanicalObject(unnamed)] Could not read value for data field showColor: 1.0 0.0 1.0 
[WARNING] [InteractiveCamera(camera)] Too many missing parameters ; taking default ...
[WARNING] [UncoupledConstraintCorrection(UncoupledConstraintCorrection)] Using 10 as initial compliance
[WARNING] [FastTetrahedralCorotationalForceField(FastTetrahedralCorotationalForceField)] buildStiffnessMatrix not implemented: for compatibility reason, the deprecated API (addKToMatrix) will be used. This compatibility will disapear in the future, and will cause issues in simulations. Please update the code of FastTetrahedralCorotationalForceField to ensure right behavior: the function addKToMatrix has been replaced by buildStiffnessMatrix
[WARNING] [FastTetrahedralCorotationalForceField(FastTetrahedralCorotationalForceField)] buildDampingMatrix not implemented: for compatibility reason, the deprecated API (addBToMatrix) will be used. This compatibility will disapear in the future, and will cause issues in simulations. Please update the code of FastTetrahedralCorotationalForceField to ensure right behavior: the function addBToMatrix has been replaced by buildDampingMatrix
[WARNING] [UniformVelocityDampingForceField(UniformVelocityDampingForceField)] buildStiffnessMatrix not implemented: for compatibility reason, the deprecated API (addKToMatrix) will be used. This compatibility will disapear in the future, and will cause issues in simulations. Please update the code of UniformVelocityDampingForceField to ensure right behavior: the function addKToMatrix has been replaced by buildStiffnessMatrix
[WARNING] [BeamFEMForceField(BeamFEMForceField)] buildDampingMatrix not implemented: for compatibility reason, the deprecated API (addBToMatrix) will be used. This compatibility will disapear in the future, and will cause issues in simulations. Please update the code of BeamFEMForceField to ensure right behavior: the function addBToMatrix has been replaced by buildDampingMatrix
[WARNING] [MechanicalObject(unnamed)] Could not read value for data field showColor: 1.0 0.0 1.0 
[WARNING] [InteractiveCamera(camera)] Too many missing parameters ; taking default ...
[WARNING] [UncoupledConstraintCorrection(UncoupledConstraintCorrection)] Using 10 as initial compliance
[WARNING] [FastTetrahedralCorotationalForceField(FastTetrahedralCorotationalForceField)] buildStiffnessMatrix not implemented: for compatibility reason, the deprecated API (addKToMatrix) will be used. This compatibility will disapear in the future, and will cause issues in simulations. Please update the code of FastTetrahedralCorotationalForceField to ensure right behavior: the function addKToMatrix has been replaced by buildStiffnessMatrix
[WARNING] [FastTetrahedralCorotationalForceField(FastTetrahedralCorotationalForceField)] buildDampingMatrix not implemented: for compatibility reason, the deprecated API (addBToMatrix) will be used. This compatibility will disapear in the future, and will cause issues in simulations. Please update the code of FastTetrahedralCorotationalForceField to ensure right behavior: the function addBToMatrix has been replaced by buildDampingMatrix
[WARNING] [UniformVelocityDampingForceField(UniformVelocityDampingForceField)] buildStiffnessMatrix not implemented: for compatibility reason, the deprecated API (addKToMatrix) will be used. This compatibility will disapear in the future, and will cause issues in simulations. Please update the code of UniformVelocityDampingForceField to ensure right behavior: the function addKToMatrix has been replaced by buildStiffnessMatrix
[WARNING] [BeamFEMForceField(BeamFEMForceField)] buildDampingMatrix not implemented: for compatibility reason, the deprecated API (addBToMatrix) will be used. This compatibility will disapear in the future, and will cause issues in simulations. Please update the code of BeamFEMForceField to ensure right behavior: the function addBToMatrix has been replaced by buildDampingMatrix
[WARNING] [MechanicalObject(unnamed)] Could not read value for data field showColor: 1.0 0.0 1.0 
[WARNING] [InteractiveCamera(camera)] Too many missing parameters ; taking default ...
[WARNING] [UncoupledConstraintCorrection(UncoupledConstraintCorrection)] Using 10 as initial compliance
[WARNING] [FastTetrahedralCorotationalForceField(FastTetrahedralCorotationalForceField)] buildStiffnessMatrix not implemented: for compatibility reason, the deprecated API (addKToMatrix) will be used. This compatibility will disapear in the future, and will cause issues in simulations. Please update the code of FastTetrahedralCorotationalForceField to ensure right behavior: the function addKToMatrix has been replaced by buildStiffnessMatrix
[WARNING] [FastTetrahedralCorotationalForceField(FastTetrahedralCorotationalForceField)] buildDampingMatrix not implemented: for compatibility reason, the deprecated API (addBToMatrix) will be used. This compatibility will disapear in the future, and will cause issues in simulations. Please update the code of FastTetrahedralCorotationalForceField to ensure right behavior: the function addBToMatrix has been replaced by buildDampingMatrix
[WARNING] [UniformVelocityDampingForceField(UniformVelocityDampingForceField)] buildStiffnessMatrix not implemented: for compatibility reason, the deprecated API (addKToMatrix) will be used. This compatibility will disapear in the future, and will cause issues in simulations. Please update the code of UniformVelocityDampingForceField to ensure right behavior: the function addKToMatrix has been replaced by buildStiffnessMatrix
[WARNING] [BeamFEMForceField(BeamFEMForceField)] buildDampingMatrix not implemented: for compatibility reason, the deprecated API (addBToMatrix) will be used. This compatibility will disapear in the future, and will cause issues in simulations. Please update the code of BeamFEMForceField to ensure right behavior: the function addBToMatrix has been replaced by buildDampingMatrix
[WARNING] [MechanicalObject(unnamed)] Could not read value for data field showColor: 1.0 0.0 1.0 
[WARNING] [InteractiveCamera(camera)] Too many missing parameters ; taking default ...
[WARNING] [UncoupledConstraintCorrection(UncoupledConstraintCorrection)] Using 10 as initial compliance
[WARNING] [FastTetrahedralCorotationalForceField(FastTetrahedralCorotationalForceField)] buildStiffnessMatrix not implemented: for compatibility reason, the deprecated API (addKToMatrix) will be used. This compatibility will disapear in the future, and will cause issues in simulations. Please update the code of FastTetrahedralCorotationalForceField to ensure right behavior: the function addKToMatrix has been replaced by buildStiffnessMatrix
[WARNING] [FastTetrahedralCorotationalForceField(FastTetrahedralCorotationalForceField)] buildDampingMatrix not implemented: for compatibility reason, the deprecated API (addBToMatrix) will be used. This compatibility will disapear in the future, and will cause issues in simulations. Please update the code of FastTetrahedralCorotationalForceField to ensure right behavior: the function addBToMatrix has been replaced by buildDampingMatrix
[WARNING] [UniformVelocityDampingForceField(UniformVelocityDampingForceField)] buildStiffnessMatrix not implemented: for compatibility reason, the deprecated API (addKToMatrix) will be used. This compatibility will disapear in the future, and will cause issues in simulations. Please update the code of UniformVelocityDampingForceField to ensure right behavior: the function addKToMatrix has been replaced by buildStiffnessMatrix
[WARNING] [BeamFEMForceField(BeamFEMForceField)] buildDampingMatrix not implemented: for compatibility reason, the deprecated API (addBToMatrix) will be used. This compatibility will disapear in the future, and will cause issues in simulations. Please update the code of BeamFEMForceField to ensure right behavior: the function addBToMatrix has been replaced by buildDampingMatrix
[WARNING] [MechanicalObject(unnamed)] Could not read value for data field showColor: 1.0 0.0 1.0 
[WARNING] [InteractiveCamera(camera)] Too many missing parameters ; taking default ...
[WARNING] [UncoupledConstraintCorrection(UncoupledConstraintCorrection)] Using 10 as initial compliance
[WARNING] [FastTetrahedralCorotationalForceField(FastTetrahedralCorotationalForceField)] buildStiffnessMatrix not implemented: for compatibility reason, the deprecated API (addKToMatrix) will be used. This compatibility will disapear in the future, and will cause issues in simulations. Please update the code of FastTetrahedralCorotationalForceField to ensure right behavior: the function addKToMatrix has been replaced by buildStiffnessMatrix
[WARNING] [FastTetrahedralCorotationalForceField(FastTetrahedralCorotationalForceField)] buildDampingMatrix not implemented: for compatibility reason, the deprecated API (addBToMatrix) will be used. This compatibility will disapear in the future, and will cause issues in simulations. Please update the code of FastTetrahedralCorotationalForceField to ensure right behavior: the function addBToMatrix has been replaced by buildDampingMatrix
[WARNING] [UniformVelocityDampingForceField(UniformVelocityDampingForceField)] buildStiffnessMatrix not implemented: for compatibility reason, the deprecated API (addKToMatrix) will be used. This compatibility will disapear in the future, and will cause issues in simulations. Please update the code of UniformVelocityDampingForceField to ensure right behavior: the function addKToMatrix has been replaced by buildStiffnessMatrix
[WARNING] [BeamFEMForceField(BeamFEMForceField)] buildDampingMatrix not implemented: for compatibility reason, the deprecated API (addBToMatrix) will be used. This compatibility will disapear in the future, and will cause issues in simulations. Please update the code of BeamFEMForceField to ensure right behavior: the function addBToMatrix has been replaced by buildDampingMatrix
[WARNING] [MechanicalObject(unnamed)] Could not read value for data field showColor: 1.0 0.0 1.0 
[WARNING] [InteractiveCamera(camera)] Too many missing parameters ; taking default ...
[WARNING] [UncoupledConstraintCorrection(UncoupledConstraintCorrection)] Using 10 as initial compliance
[WARNING] [FastTetrahedralCorotationalForceField(FastTetrahedralCorotationalForceField)] buildStiffnessMatrix not implemented: for compatibility reason, the deprecated API (addKToMatrix) will be used. This compatibility will disapear in the future, and will cause issues in simulations. Please update the code of FastTetrahedralCorotationalForceField to ensure right behavior: the function addKToMatrix has been replaced by buildStiffnessMatrix
[WARNING] [FastTetrahedralCorotationalForceField(FastTetrahedralCorotationalForceField)] buildDampingMatrix not implemented: for compatibility reason, the deprecated API (addBToMatrix) will be used. This compatibility will disapear in the future, and will cause issues in simulations. Please update the code of FastTetrahedralCorotationalForceField to ensure right behavior: the function addBToMatrix has been replaced by buildDampingMatrix
[WARNING] [UniformVelocityDampingForceField(UniformVelocityDampingForceField)] buildStiffnessMatrix not implemented: for compatibility reason, the deprecated API (addKToMatrix) will be used. This compatibility will disapear in the future, and will cause issues in simulations. Please update the code of UniformVelocityDampingForceField to ensure right behavior: the function addKToMatrix has been replaced by buildStiffnessMatrix
[WARNING] [BeamFEMForceField(BeamFEMForceField)] buildDampingMatrix not implemented: for compatibility reason, the deprecated API (addBToMatrix) will be used. This compatibility will disapear in the future, and will cause issues in simulations. Please update the code of BeamFEMForceField to ensure right behavior: the function addBToMatrix has been replaced by buildDampingMatrix
[WARNING] [MechanicalObject(unnamed)] Could not read value for data field showColor: 1.0 0.0 1.0 
[WARNING] [InteractiveCamera(camera)] Too many missing parameters ; taking default ...
[WARNING] [UncoupledConstraintCorrection(UncoupledConstraintCorrection)] Using 10 as initial compliance
[WARNING] [FastTetrahedralCorotationalForceField(FastTetrahedralCorotationalForceField)] buildStiffnessMatrix not implemented: for compatibility reason, the deprecated API (addKToMatrix) will be used. This compatibility will disapear in the future, and will cause issues in simulations. Please update the code of FastTetrahedralCorotationalForceField to ensure right behavior: the function addKToMatrix has been replaced by buildStiffnessMatrix
[WARNING] [FastTetrahedralCorotationalForceField(FastTetrahedralCorotationalForceField)] buildDampingMatrix not implemented: for compatibility reason, the deprecated API (addBToMatrix) will be used. This compatibility will disapear in the future, and will cause issues in simulations. Please update the code of FastTetrahedralCorotationalForceField to ensure right behavior: the function addBToMatrix has been replaced by buildDampingMatrix
[WARNING] [UniformVelocityDampingForceField(UniformVelocityDampingForceField)] buildStiffnessMatrix not implemented: for compatibility reason, the deprecated API (addKToMatrix) will be used. This compatibility will disapear in the future, and will cause issues in simulations. Please update the code of UniformVelocityDampingForceField to ensure right behavior: the function addKToMatrix has been replaced by buildStiffnessMatrix
[WARNING] [BeamFEMForceField(BeamFEMForceField)] buildDampingMatrix not implemented: for compatibility reason, the deprecated API (addBToMatrix) will be used. This compatibility will disapear in the future, and will cause issues in simulations. Please update the code of BeamFEMForceField to ensure right behavior: the function addBToMatrix has been replaced by buildDampingMatrix
[WARNING] [MechanicalObject(unnamed)] Could not read value for data field showColor: 1.0 0.0 1.0 
[WARNING] [InteractiveCamera(camera)] Too many missing parameters ; taking default ...
[WARNING] [UncoupledConstraintCorrection(UncoupledConstraintCorrection)] Using 10 as initial compliance
[WARNING] [FastTetrahedralCorotationalForceField(FastTetrahedralCorotationalForceField)] buildStiffnessMatrix not implemented: for compatibility reason, the deprecated API (addKToMatrix) will be used. This compatibility will disapear in the future, and will cause issues in simulations. Please update the code of FastTetrahedralCorotationalForceField to ensure right behavior: the function addKToMatrix has been replaced by buildStiffnessMatrix
[WARNING] [FastTetrahedralCorotationalForceField(FastTetrahedralCorotationalForceField)] buildDampingMatrix not implemented: for compatibility reason, the deprecated API (addBToMatrix) will be used. This compatibility will disapear in the future, and will cause issues in simulations. Please update the code of FastTetrahedralCorotationalForceField to ensure right behavior: the function addBToMatrix has been replaced by buildDampingMatrix
[WARNING] [UniformVelocityDampingForceField(UniformVelocityDampingForceField)] buildStiffnessMatrix not implemented: for compatibility reason, the deprecated API (addKToMatrix) will be used. This compatibility will disapear in the future, and will cause issues in simulations. Please update the code of UniformVelocityDampingForceField to ensure right behavior: the function addKToMatrix has been replaced by buildStiffnessMatrix
[WARNING] [BeamFEMForceField(BeamFEMForceField)] buildDampingMatrix not implemented: for compatibility reason, the deprecated API (addBToMatrix) will be used. This compatibility will disapear in the future, and will cause issues in simulations. Please update the code of BeamFEMForceField to ensure right behavior: the function addBToMatrix has been replaced by buildDampingMatrix
[WARNING] [MechanicalObject(unnamed)] Could not read value for data field showColor: 1.0 0.0 1.0 
[WARNING] [InteractiveCamera(camera)] Too many missing parameters ; taking default ...
[WARNING] [UncoupledConstraintCorrection(UncoupledConstraintCorrection)] Using 10 as initial compliance
[WARNING] [FastTetrahedralCorotationalForceField(FastTetrahedralCorotationalForceField)] buildStiffnessMatrix not implemented: for compatibility reason, the deprecated API (addKToMatrix) will be used. This compatibility will disapear in the future, and will cause issues in simulations. Please update the code of FastTetrahedralCorotationalForceField to ensure right behavior: the function addKToMatrix has been replaced by buildStiffnessMatrix
[WARNING] [FastTetrahedralCorotationalForceField(FastTetrahedralCorotationalForceField)] buildDampingMatrix not implemented: for compatibility reason, the deprecated API (addBToMatrix) will be used. This compatibility will disapear in the future, and will cause issues in simulations. Please update the code of FastTetrahedralCorotationalForceField to ensure right behavior: the function addBToMatrix has been replaced by buildDampingMatrix
[WARNING] [UniformVelocityDampingForceField(UniformVelocityDampingForceField)] buildStiffnessMatrix not implemented: for compatibility reason, the deprecated API (addKToMatrix) will be used. This compatibility will disapear in the future, and will cause issues in simulations. Please update the code of UniformVelocityDampingForceField to ensure right behavior: the function addKToMatrix has been replaced by buildStiffnessMatrix
[WARNING] [BeamFEMForceField(BeamFEMForceField)] buildDampingMatrix not implemented: for compatibility reason, the deprecated API (addBToMatrix) will be used. This compatibility will disapear in the future, and will cause issues in simulations. Please update the code of BeamFEMForceField to ensure right behavior: the function addBToMatrix has been replaced by buildDampingMatrix
[WARNING] [MechanicalObject(unnamed)] Could not read value for data field showColor: 1.0 0.0 1.0 
[WARNING] [InteractiveCamera(camera)] Too many missing parameters ; taking default ...
[WARNING] [UncoupledConstraintCorrection(UncoupledConstraintCorrection)] Using 10 as initial compliance
[WARNING] [FastTetrahedralCorotationalForceField(FastTetrahedralCorotationalForceField)] buildStiffnessMatrix not implemented: for compatibility reason, the deprecated API (addKToMatrix) will be used. This compatibility will disapear in the future, and will cause issues in simulations. Please update the code of FastTetrahedralCorotationalForceField to ensure right behavior: the function addKToMatrix has been replaced by buildStiffnessMatrix
[WARNING] [FastTetrahedralCorotationalForceField(FastTetrahedralCorotationalForceField)] buildDampingMatrix not implemented: for compatibility reason, the deprecated API (addBToMatrix) will be used. This compatibility will disapear in the future, and will cause issues in simulations. Please update the code of FastTetrahedralCorotationalForceField to ensure right behavior: the function addBToMatrix has been replaced by buildDampingMatrix
[WARNING] [UniformVelocityDampingForceField(UniformVelocityDampingForceField)] buildStiffnessMatrix not implemented: for compatibility reason, the deprecated API (addKToMatrix) will be used. This compatibility will disapear in the future, and will cause issues in simulations. Please update the code of UniformVelocityDampingForceField to ensure right behavior: the function addKToMatrix has been replaced by buildStiffnessMatrix
[WARNING] [BeamFEMForceField(BeamFEMForceField)] buildDampingMatrix not implemented: for compatibility reason, the deprecated API (addBToMatrix) will be used. This compatibility will disapear in the future, and will cause issues in simulations. Please update the code of BeamFEMForceField to ensure right behavior: the function addBToMatrix has been replaced by buildDampingMatrix
[WARNING] [MechanicalObject(unnamed)] Could not read value for data field showColor: 1.0 0.0 1.0 
[WARNING] [InteractiveCamera(camera)] Too many missing parameters ; taking default ...
[WARNING] [UncoupledConstraintCorrection(UncoupledConstraintCorrection)] Using 10 as initial compliance
[WARNING] [FastTetrahedralCorotationalForceField(FastTetrahedralCorotationalForceField)] buildStiffnessMatrix not implemented: for compatibility reason, the deprecated API (addKToMatrix) will be used. This compatibility will disapear in the future, and will cause issues in simulations. Please update the code of FastTetrahedralCorotationalForceField to ensure right behavior: the function addKToMatrix has been replaced by buildStiffnessMatrix
[WARNING] [FastTetrahedralCorotationalForceField(FastTetrahedralCorotationalForceField)] buildDampingMatrix not implemented: for compatibility reason, the deprecated API (addBToMatrix) will be used. This compatibility will disapear in the future, and will cause issues in simulations. Please update the code of FastTetrahedralCorotationalForceField to ensure right behavior: the function addBToMatrix has been replaced by buildDampingMatrix
[WARNING] [UniformVelocityDampingForceField(UniformVelocityDampingForceField)] buildStiffnessMatrix not implemented: for compatibility reason, the deprecated API (addKToMatrix) will be used. This compatibility will disapear in the future, and will cause issues in simulations. Please update the code of UniformVelocityDampingForceField to ensure right behavior: the function addKToMatrix has been replaced by buildStiffnessMatrix
[WARNING] [BeamFEMForceField(BeamFEMForceField)] buildDampingMatrix not implemented: for compatibility reason, the deprecated API (addBToMatrix) will be used. This compatibility will disapear in the future, and will cause issues in simulations. Please update the code of BeamFEMForceField to ensure right behavior: the function addBToMatrix has been replaced by buildDampingMatrix
[WARNING] [MechanicalObject(unnamed)] Could not read value for data field showColor: 1.0 0.0 1.0 
[WARNING] [InteractiveCamera(camera)] Too many missing parameters ; taking default ...
[WARNING] [UncoupledConstraintCorrection(UncoupledConstraintCorrection)] Using 10 as initial compliance
[WARNING] [FastTetrahedralCorotationalForceField(FastTetrahedralCorotationalForceField)] buildStiffnessMatrix not implemented: for compatibility reason, the deprecated API (addKToMatrix) will be used. This compatibility will disapear in the future, and will cause issues in simulations. Please update the code of FastTetrahedralCorotationalForceField to ensure right behavior: the function addKToMatrix has been replaced by buildStiffnessMatrix
[WARNING] [FastTetrahedralCorotationalForceField(FastTetrahedralCorotationalForceField)] buildDampingMatrix not implemented: for compatibility reason, the deprecated API (addBToMatrix) will be used. This compatibility will disapear in the future, and will cause issues in simulations. Please update the code of FastTetrahedralCorotationalForceField to ensure right behavior: the function addBToMatrix has been replaced by buildDampingMatrix
[WARNING] [UniformVelocityDampingForceField(UniformVelocityDampingForceField)] buildStiffnessMatrix not implemented: for compatibility reason, the deprecated API (addKToMatrix) will be used. This compatibility will disapear in the future, and will cause issues in simulations. Please update the code of UniformVelocityDampingForceField to ensure right behavior: the function addKToMatrix has been replaced by buildStiffnessMatrix
[WARNING] [BeamFEMForceField(BeamFEMForceField)] buildDampingMatrix not implemented: for compatibility reason, the deprecated API (addBToMatrix) will be used. This compatibility will disapear in the future, and will cause issues in simulations. Please update the code of BeamFEMForceField to ensure right behavior: the function addBToMatrix has been replaced by buildDampingMatrix
[WARNING] [MechanicalObject(unnamed)] Could not read value for data field showColor: 1.0 0.0 1.0 
[WARNING] [InteractiveCamera(camera)] Too many missing parameters ; taking default ...
[WARNING] [UncoupledConstraintCorrection(UncoupledConstraintCorrection)] Using 10 as initial compliance
[WARNING] [FastTetrahedralCorotationalForceField(FastTetrahedralCorotationalForceField)] buildStiffnessMatrix not implemented: for compatibility reason, the deprecated API (addKToMatrix) will be used. This compatibility will disapear in the future, and will cause issues in simulations. Please update the code of FastTetrahedralCorotationalForceField to ensure right behavior: the function addKToMatrix has been replaced by buildStiffnessMatrix
[WARNING] [FastTetrahedralCorotationalForceField(FastTetrahedralCorotationalForceField)] buildDampingMatrix not implemented: for compatibility reason, the deprecated API (addBToMatrix) will be used. This compatibility will disapear in the future, and will cause issues in simulations. Please update the code of FastTetrahedralCorotationalForceField to ensure right behavior: the function addBToMatrix has been replaced by buildDampingMatrix
[WARNING] [UniformVelocityDampingForceField(UniformVelocityDampingForceField)] buildStiffnessMatrix not implemented: for compatibility reason, the deprecated API (addKToMatrix) will be used. This compatibility will disapear in the future, and will cause issues in simulations. Please update the code of UniformVelocityDampingForceField to ensure right behavior: the function addKToMatrix has been replaced by buildStiffnessMatrix
[WARNING] [BeamFEMForceField(BeamFEMForceField)] buildDampingMatrix not implemented: for compatibility reason, the deprecated API (addBToMatrix) will be used. This compatibility will disapear in the future, and will cause issues in simulations. Please update the code of BeamFEMForceField to ensure right behavior: the function addBToMatrix has been replaced by buildDampingMatrix
[WARNING] [MechanicalObject(unnamed)] Could not read value for data field showColor: 1.0 0.0 1.0 
[WARNING] [InteractiveCamera(camera)] Too many missing parameters ; taking default ...
[WARNING] [UncoupledConstraintCorrection(UncoupledConstraintCorrection)] Using 10 as initial compliance
[WARNING] [FastTetrahedralCorotationalForceField(FastTetrahedralCorotationalForceField)] buildStiffnessMatrix not implemented: for compatibility reason, the deprecated API (addKToMatrix) will be used. This compatibility will disapear in the future, and will cause issues in simulations. Please update the code of FastTetrahedralCorotationalForceField to ensure right behavior: the function addKToMatrix has been replaced by buildStiffnessMatrix
[WARNING] [FastTetrahedralCorotationalForceField(FastTetrahedralCorotationalForceField)] buildDampingMatrix not implemented: for compatibility reason, the deprecated API (addBToMatrix) will be used. This compatibility will disapear in the future, and will cause issues in simulations. Please update the code of FastTetrahedralCorotationalForceField to ensure right behavior: the function addBToMatrix has been replaced by buildDampingMatrix
[WARNING] [UniformVelocityDampingForceField(UniformVelocityDampingForceField)] buildStiffnessMatrix not implemented: for compatibility reason, the deprecated API (addKToMatrix) will be used. This compatibility will disapear in the future, and will cause issues in simulations. Please update the code of UniformVelocityDampingForceField to ensure right behavior: the function addKToMatrix has been replaced by buildStiffnessMatrix
[WARNING] [BeamFEMForceField(BeamFEMForceField)] buildDampingMatrix not implemented: for compatibility reason, the deprecated API (addBToMatrix) will be used. This compatibility will disapear in the future, and will cause issues in simulations. Please update the code of BeamFEMForceField to ensure right behavior: the function addBToMatrix has been replaced by buildDampingMatrix
Environments instantiated.
BasicSampler: Resetting all environments.
BasicSampler: Resetting agent.
Instantiating 1 environments...
[WARNING] [MechanicalObject(unnamed)] Could not read value for data field showColor: 1.0 0.0 1.0 
[WARNING] [InteractiveCamera(camera)] Too many missing parameters ; taking default ...
[WARNING] [UncoupledConstraintCorrection(UncoupledConstraintCorrection)] Using 10 as initial compliance
[WARNING] [FastTetrahedralCorotationalForceField(FastTetrahedralCorotationalForceField)] buildStiffnessMatrix not implemented: for compatibility reason, the deprecated API (addKToMatrix) will be used. This compatibility will disapear in the future, and will cause issues in simulations. Please update the code of FastTetrahedralCorotationalForceField to ensure right behavior: the function addKToMatrix has been replaced by buildStiffnessMatrix
[WARNING] [FastTetrahedralCorotationalForceField(FastTetrahedralCorotationalForceField)] buildDampingMatrix not implemented: for compatibility reason, the deprecated API (addBToMatrix) will be used. This compatibility will disapear in the future, and will cause issues in simulations. Please update the code of FastTetrahedralCorotationalForceField to ensure right behavior: the function addBToMatrix has been replaced by buildDampingMatrix
[WARNING] [UniformVelocityDampingForceField(UniformVelocityDampingForceField)] buildStiffnessMatrix not implemented: for compatibility reason, the deprecated API (addKToMatrix) will be used. This compatibility will disapear in the future, and will cause issues in simulations. Please update the code of UniformVelocityDampingForceField to ensure right behavior: the function addKToMatrix has been replaced by buildStiffnessMatrix
[WARNING] [BeamFEMForceField(BeamFEMForceField)] buildDampingMatrix not implemented: for compatibility reason, the deprecated API (addBToMatrix) will be used. This compatibility will disapear in the future, and will cause issues in simulations. Please update the code of BeamFEMForceField to ensure right behavior: the function addBToMatrix has been replaced by buildDampingMatrix
Environments instantiated.
AuxPcSAC: Given sampler batch size 2560, training batch size 128, and replay ratio 32, there will be 640 updates per iteration.
AuxPcSAC: Using learnable entropy coefficient with target entropy of -4
RLRunner: Starting training...
RLRunner: Saving log files to /home/michaelbezick/Repos/pprlPCA/wandb/run-20250723_083215-kchrprwi/files
  0%|          | 0/600000 [00:00<?, ?steps/s]RLRunner: Evaluating agent...
SingleEnvMultiCamSampler: Resetting all environments.
SingleEnvMultiCamSampler: Resetting agent.
wandb: WARNING Step cannot be set when using tensorboard syncing. Please use `run.define_metric(...)` to define a custom metric to log your step values.
RLRunner: Finished evaluating agent.
                                               0%|          | 0/600000 [00:21<?, ?steps/s]----------------------------------
| eval/               |          |
|    Length           | 300      |
|    Return           | -37.1    |
|    NonzeroRewards   | 300      |
|    DiscountedReturn | -10.7    |
|    Success          | 0        |
| time/               |          |
|    iterations       | 0        |
|    fps              | 0        |
|    elapsed_time     | 22       |
|    elapsed_steps    | 0        |
----------------------------------
For the first 10000 steps, agent will use a fixed std of 0.75 for exploration.
  0%|          | 2560/600000 [02:57<11:32:18, 14.38steps/s]  0%|          | 2560/600000 [03:10<11:32:18, 14.38steps/s]  1%|          | 5120/600000 [05:34<10:39:33, 15.50steps/s]  1%|          | 5120/600000 [05:50<10:39:33, 15.50steps/s]  1%|▏         | 7680/600000 [08:16<10:31:09, 15.64steps/s]                                                             1%|▏         | 7680/600000 [08:16<10:31:09, 15.64steps/s]----------------------------------
| rollout/            |          |
|    Length           | 300      |
|    Return           | -110     |
|    NonzeroRewards   | 300      |
|    DiscountedReturn | -36.3    |
|    Success          | 0        |
| time/               |          |
|    iterations       | 3        |
|    fps              | 16.2     |
|    elapsed_time     | 496      |
|    elapsed_steps    | 7680     |
----------------------------------
  1%|▏         | 7680/600000 [08:30<10:31:09, 15.64steps/s]  2%|▏         | 10240/600000 [13:28<14:13:14, 11.52steps/s]
########## SIG 15 - SIGTERM: a termination request was sent to the program ##########
  sofa::helper::BackTrace::sig(int)
  sofa::linearalgebra::CompressedRowSparseMatrix<double, sofa::type::vector<double, sofa::type::CPUMemoryManager<double> >, sofa::type::vector<unsigned int, sofa::type::CPUMemoryManager<unsigned int> > >::resize(int, int)
  sofa::component::linearsystem::MatrixLinearSystem<sofa::linearalgebra::CompressedRowSparseMatrix<double, sofa::type::vector<double, sofa::type::CPUMemoryManager<double> >, sofa::type::vector<unsigned int, sofa::type::CPUMemoryManager<unsigned int> > >, sofa::linearalgebra::FullVector<double> >::associateLocalMatrixToComponents(sofa::core::MechanicalParams const*)
  sofa::core::behavior::BaseMatrixLinearSystem::buildSystemMatrix(sofa::core::MechanicalParams const*)
  sofa::component::linearsolver::MatrixLinearSolver<sofa::linearalgebra::CompressedRowSparseMatrix<double, sofa::type::vector<double, sofa::type::CPUMemoryManager<double> >, sofa::type::vector<unsigned int, sofa::type::CPUMemoryManager<unsigned int> > >, sofa::linearalgebra::FullVector<double>, sofa::component::linearsolver::NoThreadManager>::setSystemMBKMatrix(sofa::core::MechanicalParams const*)
  sofa::component::odesolver::backward::EulerImplicitSolver::solve(sofa::core::ExecParams const*, double, sofa::core::TMultiVecId<(sofa::core::VecType)1, (sofa::core::VecAccess)1>, sofa::core::TMultiVecId<(sofa::core::VecType)2, (sofa::core::VecAccess)1>)
  sofa::simulation::SolveVisitor::processSolver(sofa::simulation::Node*, sofa::core::behavior::OdeSolver*)
  sofa::simulation::SolveVisitor::sequentialSolve(sofa::simulation::Node*)
  sofa::simulation::SolveVisitor::processNodeTopDown(sofa::simulation::Node*)
  sofa::simulation::graph::DAGNode::executeVisitorTopDown(sofa::simulation::Visitor*, std::__cxx11::list<sofa::simulation::graph::DAGNode*, std::allocator<sofa::simulation::graph::DAGNode*> >&, std::map<sofa::simulation::graph::DAGNode*, sofa::simulation::graph::DAGNode::StatusStruct, std::less<sofa::simulation::graph::DAGNode*>, std::allocator<std::pair<sofa::simulation::graph::DAGNode* const, sofa::simulation::graph::DAGNode::StatusStruct> > >&, sofa::simulation::graph::DAGNode*)
  sofa::simulation::graph::DAGNode::executeVisitorTopDown(sofa::simulation::Visitor*, std::__cxx11::list<sofa::simulation::graph::DAGNode*, std::allocator<sofa::simulation::graph::DAGNode*> >&, std::map<sofa::simulation::graph::DAGNode*, sofa::simulation::graph::DAGNode::StatusStruct, std::less<sofa::simulation::graph::DAGNode*>, std::allocator<std::pair<sofa::simulation::graph::DAGNode* const, sofa::simulation::graph::DAGNode::StatusStruct> > >&, sofa::simulation::graph::DAGNode*)
  sofa::simulation::graph::DAGNode::executeVisitorTopDown(sofa::simulation::Visitor*, std::__cxx11::list<sofa::simulation::graph::DAGNode*, std::allocator<sofa::simulation::graph::DAGNode*> >&, std::map<sofa::simulation::graph::DAGNode*, sofa::simulation::graph::DAGNode::StatusStruct, std::less<sofa::simulation::graph::DAGNode*>, std::allocator<std::pair<sofa::simulation::graph::DAGNode* const, sofa::simulation::graph::DAGNode::StatusStruct> > >&, sofa::simulation::graph::DAGNode*)
  sofa::simulation::graph::DAGNode::doExecuteVisitor(sofa::simulation::Visitor*, bool)
  sofa::component::animationloop::FreeMotionAnimationLoop::computeFreeMotion(sofa::core::ExecParams const*, sofa::core::ConstraintParams const&, double, sofa::core::TMultiVecId<(sofa::core::VecType)0, (sofa::core::VecAccess)1>, sofa::core::TMultiVecId<(sofa::core::VecType)0, (sofa::core::VecAccess)1>, sofa::core::TMultiVecId<(sofa::core::VecType)2, (sofa::core::VecAccess)1>, sofa::simulation::common::MechanicalOperations*)
  sofa::component::animationloop::FreeMotionAnimationLoop::FreeMotionAndCollisionDetection(sofa::core::ExecParams const*, sofa::core::ConstraintParams const&, double, sofa::core::TMultiVecId<(sofa::core::VecType)0, (sofa::core::VecAccess)1>, sofa::core::TMultiVecId<(sofa::core::VecType)0, (sofa::core::VecAccess)1>, sofa::core::TMultiVecId<(sofa::core::VecType)2, (sofa::core::VecAccess)1>, sofa::simulation::common::MechanicalOperations*)
  sofa::component::animationloop::FreeMotionAnimationLoop::step(sofa::core::ExecParams const*, double)
  sofa::simulation::Simulation::animate(sofa::simulation::Node*, double)
  _PyObject_MakeTpCall
  _PyEval_EvalFrameDefault
  _PyEval_EvalFrameDefault
  _PyFunction_Vectorcall
  _PyEval_EvalFrameDefault
  _PyFunction_Vectorcall
  _PyEval_EvalFrameDefault
  _PyFunction_Vectorcall
  _PyEval_EvalFrameDefault
  _PyFunction_Vectorcall
  _PyEval_EvalFrameDefault
  _PyEval_EvalFrameDefault
  _PyFunction_Vectorcall
  _PyEval_EvalFrameDefault
  _PyFunction_Vectorcall
  _PyEval_EvalFrameDefault
  _PyFunction_Vectorcall
  _PyEval_EvalFrameDefault
  _PyFunction_Vectorcall
  _PyEval_EvalFrameDefault
  _PyEval_EvalFrameDefault
  _PyFunction_Vectorcall
  _PyEval_EvalFrameDefault
  _PyFunction_Vectorcall
  _PyEval_EvalFrameDefault
  _PyFunction_Vectorcall
  _PyEval_EvalFrameDefault
  _PyFunction_Vectorcall
  _PyEval_EvalFrameDefault
  _PyFunction_Vectorcall
  _PyEval_EvalFrameDefault
  PyEval_EvalCode
  _PyRun_SimpleFileObject
  _PyRun_AnyFileObject
  Py_RunMain
  Py_BytesMain
  __libc_start_main
