---------------------------------------
Checking SOFA_ROOT and SOFAPYTHON3_ROOT
Using environment variable SOFA_ROOT: /home/michaelbezick/sofa/build/install
---------------------------------------
wandb: Using wandb-core as the SDK backend.  Please refer to https://wandb.me/wandb-core for more information.
wandb: Currently logged in as: michael-bezick (michael-bezick-purdue-university) to https://api.wandb.ai. Use `wandb login --relogin` to force relogin
wandb: WARNING Using a boolean value for 'reinit' is deprecated. Use 'return_previous' or 'finish_previous' instead.
wandb: Tracking run with wandb version 0.19.9
wandb: Run data is saved locally in /home/michaelbezick/Repos/pprlPCA/wandb/run-20250724_194834-knmcjrma
wandb: Run `wandb offline` to turn off syncing.
wandb: Syncing run ancient-glitter-676
wandb: ⭐️ View project at https://wandb.ai/michael-bezick-purdue-university/pprl
wandb: 🚀 View run at https://wandb.ai/michael-bezick-purdue-university/pprl/runs/knmcjrma
Group name is:  PCA_TIH
Instantiating 20 environments...
[INFO]    [PluginManager] Loaded plugin: /home/michaelbezick/sofa/build/install/lib/libSofa.Component.Topology.Mapping.so
[INFO]    [PluginManager] Loaded plugin: /home/michaelbezick/sofa/build/install/lib/libSofa.Component.MechanicalLoad.so
[INFO]    [PluginManager] Loaded plugin: /home/michaelbezick/sofa/build/install/lib/libSofa.Component.AnimationLoop.so
[INFO]    [PluginManager] Loaded plugin: /home/michaelbezick/sofa/build/install/lib/libSofa.Component.Topology.Container.Dynamic.so
[INFO]    [PluginManager] Loaded plugin: /home/michaelbezick/sofa/build/install/lib/libSofa.Component.Collision.Geometry.so
[INFO]    [PluginManager] Loaded plugin: /home/michaelbezick/sofa/build/install/lib/libSofa.Component.Visual.so
[INFO]    [PluginManager] Loaded plugin: /home/michaelbezick/sofa/build/install/lib/libSofa.Component.LinearSolver.Iterative.so
[INFO]    [PluginManager] Loaded plugin: /home/michaelbezick/sofa/build/install/lib/libSofa.Component.Collision.Detection.Intersection.so
[INFO]    [PluginManager] Loaded plugin: /home/michaelbezick/sofa/build/install/lib/libSofa.Component.Mass.so
[INFO]    [PluginManager] Loaded plugin: /home/michaelbezick/sofa/build/install/lib/libSofa.Component.SolidMechanics.FEM.Elastic.so
[INFO]    [PluginManager] Loaded plugin: /home/michaelbezick/sofa/build/install/lib/libSofa.Component.Collision.Detection.Algorithm.so
[INFO]    [PluginManager] Loaded plugin: /home/michaelbezick/sofa/build/install/lib/libSofa.Component.Topology.Container.Constant.so
[INFO]    [PluginManager] Loaded plugin: /home/michaelbezick/sofa/build/install/lib/libSofa.Component.ODESolver.Forward.so
[INFO]    [PluginManager] Loaded plugin: /home/michaelbezick/sofa/build/install/lib/libSofa.Component.SolidMechanics.Spring.so
[INFO]    [PluginManager] Loaded plugin: /home/michaelbezick/sofa/build/install/lib/libSofa.Component.Collision.Response.Contact.so
[INFO]    [PluginManager] Loaded plugin: /home/michaelbezick/sofa/build/install/lib/libSofa.Component.Constraint.Projective.so
[INFO]    [PluginManager] Loaded plugin: /home/michaelbezick/sofa/build/install/lib/libSofa.Component.Constraint.Lagrangian.Solver.so
[INFO]    [PluginManager] Loaded plugin: /home/michaelbezick/sofa/build/install/lib/libSofa.Component.Constraint.Lagrangian.Model.so
[INFO]    [PluginManager] Loaded plugin: /home/michaelbezick/sofa/build/install/lib/libSofa.GL.Component.Shader.so
[INFO]    [PluginManager] Loaded plugin: /home/michaelbezick/sofa/build/install/lib/libSofa.Component.Setting.so
[INFO]    [PluginManager] Loaded plugin: /home/michaelbezick/sofa/build/install/lib/libSofa.Component.SceneUtility.so
[INFO]    [PluginManager] Loaded plugin: /home/michaelbezick/sofa/build/install/lib/libSofa.Component.Engine.Select.so
[INFO]    [PluginManager] Loaded plugin: /home/michaelbezick/sofa/build/install/lib/libSofa.Component.ODESolver.Backward.so
[INFO]    [PluginManager] Loaded plugin: /home/michaelbezick/sofa/build/install/lib/libSofa.GL.Component.Rendering3D.so
[INFO]    [PluginManager] Loaded plugin: /home/michaelbezick/sofa/build/install/lib/libSofa.Component.LinearSolver.Direct.so
[INFO]    [PluginManager] Loaded plugin: /home/michaelbezick/sofa/build/install/lib/libSofa.Component.IO.Mesh.so
[INFO]    [PluginManager] Loaded plugin: /home/michaelbezick/sofa/build/install/plugins/ArticulatedSystemPlugin/lib/libArticulatedSystemPlugin.so
[INFO]    [PluginManager] Loaded plugin: /home/michaelbezick/sofa/build/install/lib/libSofa.Component.Mapping.NonLinear.so
[INFO]    [PluginManager] Loaded plugin: /home/michaelbezick/sofa/build/install/lib/libSofa.Component.Mapping.Linear.so
[INFO]    [PluginManager] Loaded plugin: /home/michaelbezick/sofa/build/install/lib/libSofa.Component.Constraint.Lagrangian.Correction.so
[INFO]    [PluginManager] Loaded plugin: /home/michaelbezick/sofa/build/install/lib/libSofa.Component.StateContainer.so
[WARNING] [MechanicalObject(unnamed)] Could not read value for data field showColor: 1.0 0.0 1.0 
[WARNING] [InteractiveCamera(camera)] Too many missing parameters ; taking default ...
[WARNING] [UncoupledConstraintCorrection(UncoupledConstraintCorrection)] Using 10 as initial compliance
[WARNING] [FastTetrahedralCorotationalForceField(FastTetrahedralCorotationalForceField)] buildStiffnessMatrix not implemented: for compatibility reason, the deprecated API (addKToMatrix) will be used. This compatibility will disapear in the future, and will cause issues in simulations. Please update the code of FastTetrahedralCorotationalForceField to ensure right behavior: the function addKToMatrix has been replaced by buildStiffnessMatrix
[WARNING] [FastTetrahedralCorotationalForceField(FastTetrahedralCorotationalForceField)] buildDampingMatrix not implemented: for compatibility reason, the deprecated API (addBToMatrix) will be used. This compatibility will disapear in the future, and will cause issues in simulations. Please update the code of FastTetrahedralCorotationalForceField to ensure right behavior: the function addBToMatrix has been replaced by buildDampingMatrix
[WARNING] [UniformVelocityDampingForceField(UniformVelocityDampingForceField)] buildStiffnessMatrix not implemented: for compatibility reason, the deprecated API (addKToMatrix) will be used. This compatibility will disapear in the future, and will cause issues in simulations. Please update the code of UniformVelocityDampingForceField to ensure right behavior: the function addKToMatrix has been replaced by buildStiffnessMatrix
[WARNING] [BeamFEMForceField(BeamFEMForceField)] buildDampingMatrix not implemented: for compatibility reason, the deprecated API (addBToMatrix) will be used. This compatibility will disapear in the future, and will cause issues in simulations. Please update the code of BeamFEMForceField to ensure right behavior: the function addBToMatrix has been replaced by buildDampingMatrix
[WARNING] [MechanicalObject(unnamed)] Could not read value for data field showColor: 1.0 0.0 1.0 
[WARNING] [InteractiveCamera(camera)] Too many missing parameters ; taking default ...
[WARNING] [UncoupledConstraintCorrection(UncoupledConstraintCorrection)] Using 10 as initial compliance
[WARNING] [FastTetrahedralCorotationalForceField(FastTetrahedralCorotationalForceField)] buildStiffnessMatrix not implemented: for compatibility reason, the deprecated API (addKToMatrix) will be used. This compatibility will disapear in the future, and will cause issues in simulations. Please update the code of FastTetrahedralCorotationalForceField to ensure right behavior: the function addKToMatrix has been replaced by buildStiffnessMatrix
[WARNING] [FastTetrahedralCorotationalForceField(FastTetrahedralCorotationalForceField)] buildDampingMatrix not implemented: for compatibility reason, the deprecated API (addBToMatrix) will be used. This compatibility will disapear in the future, and will cause issues in simulations. Please update the code of FastTetrahedralCorotationalForceField to ensure right behavior: the function addBToMatrix has been replaced by buildDampingMatrix
[WARNING] [UniformVelocityDampingForceField(UniformVelocityDampingForceField)] buildStiffnessMatrix not implemented: for compatibility reason, the deprecated API (addKToMatrix) will be used. This compatibility will disapear in the future, and will cause issues in simulations. Please update the code of UniformVelocityDampingForceField to ensure right behavior: the function addKToMatrix has been replaced by buildStiffnessMatrix
[WARNING] [BeamFEMForceField(BeamFEMForceField)] buildDampingMatrix not implemented: for compatibility reason, the deprecated API (addBToMatrix) will be used. This compatibility will disapear in the future, and will cause issues in simulations. Please update the code of BeamFEMForceField to ensure right behavior: the function addBToMatrix has been replaced by buildDampingMatrix
[WARNING] [MechanicalObject(unnamed)] Could not read value for data field showColor: 1.0 0.0 1.0 
[WARNING] [InteractiveCamera(camera)] Too many missing parameters ; taking default ...
[WARNING] [UncoupledConstraintCorrection(UncoupledConstraintCorrection)] Using 10 as initial compliance
[WARNING] [FastTetrahedralCorotationalForceField(FastTetrahedralCorotationalForceField)] buildStiffnessMatrix not implemented: for compatibility reason, the deprecated API (addKToMatrix) will be used. This compatibility will disapear in the future, and will cause issues in simulations. Please update the code of FastTetrahedralCorotationalForceField to ensure right behavior: the function addKToMatrix has been replaced by buildStiffnessMatrix
[WARNING] [FastTetrahedralCorotationalForceField(FastTetrahedralCorotationalForceField)] buildDampingMatrix not implemented: for compatibility reason, the deprecated API (addBToMatrix) will be used. This compatibility will disapear in the future, and will cause issues in simulations. Please update the code of FastTetrahedralCorotationalForceField to ensure right behavior: the function addBToMatrix has been replaced by buildDampingMatrix
[WARNING] [UniformVelocityDampingForceField(UniformVelocityDampingForceField)] buildStiffnessMatrix not implemented: for compatibility reason, the deprecated API (addKToMatrix) will be used. This compatibility will disapear in the future, and will cause issues in simulations. Please update the code of UniformVelocityDampingForceField to ensure right behavior: the function addKToMatrix has been replaced by buildStiffnessMatrix
[WARNING] [BeamFEMForceField(BeamFEMForceField)] buildDampingMatrix not implemented: for compatibility reason, the deprecated API (addBToMatrix) will be used. This compatibility will disapear in the future, and will cause issues in simulations. Please update the code of BeamFEMForceField to ensure right behavior: the function addBToMatrix has been replaced by buildDampingMatrix
[WARNING] [MechanicalObject(unnamed)] Could not read value for data field showColor: 1.0 0.0 1.0 
[WARNING] [InteractiveCamera(camera)] Too many missing parameters ; taking default ...
[WARNING] [UncoupledConstraintCorrection(UncoupledConstraintCorrection)] Using 10 as initial compliance
[WARNING] [FastTetrahedralCorotationalForceField(FastTetrahedralCorotationalForceField)] buildStiffnessMatrix not implemented: for compatibility reason, the deprecated API (addKToMatrix) will be used. This compatibility will disapear in the future, and will cause issues in simulations. Please update the code of FastTetrahedralCorotationalForceField to ensure right behavior: the function addKToMatrix has been replaced by buildStiffnessMatrix
[WARNING] [FastTetrahedralCorotationalForceField(FastTetrahedralCorotationalForceField)] buildDampingMatrix not implemented: for compatibility reason, the deprecated API (addBToMatrix) will be used. This compatibility will disapear in the future, and will cause issues in simulations. Please update the code of FastTetrahedralCorotationalForceField to ensure right behavior: the function addBToMatrix has been replaced by buildDampingMatrix
[WARNING] [UniformVelocityDampingForceField(UniformVelocityDampingForceField)] buildStiffnessMatrix not implemented: for compatibility reason, the deprecated API (addKToMatrix) will be used. This compatibility will disapear in the future, and will cause issues in simulations. Please update the code of UniformVelocityDampingForceField to ensure right behavior: the function addKToMatrix has been replaced by buildStiffnessMatrix
[WARNING] [BeamFEMForceField(BeamFEMForceField)] buildDampingMatrix not implemented: for compatibility reason, the deprecated API (addBToMatrix) will be used. This compatibility will disapear in the future, and will cause issues in simulations. Please update the code of BeamFEMForceField to ensure right behavior: the function addBToMatrix has been replaced by buildDampingMatrix
[WARNING] [MechanicalObject(unnamed)] Could not read value for data field showColor: 1.0 0.0 1.0 
[WARNING] [InteractiveCamera(camera)] Too many missing parameters ; taking default ...
[WARNING] [UncoupledConstraintCorrection(UncoupledConstraintCorrection)] Using 10 as initial compliance
[WARNING] [FastTetrahedralCorotationalForceField(FastTetrahedralCorotationalForceField)] buildStiffnessMatrix not implemented: for compatibility reason, the deprecated API (addKToMatrix) will be used. This compatibility will disapear in the future, and will cause issues in simulations. Please update the code of FastTetrahedralCorotationalForceField to ensure right behavior: the function addKToMatrix has been replaced by buildStiffnessMatrix
[WARNING] [FastTetrahedralCorotationalForceField(FastTetrahedralCorotationalForceField)] buildDampingMatrix not implemented: for compatibility reason, the deprecated API (addBToMatrix) will be used. This compatibility will disapear in the future, and will cause issues in simulations. Please update the code of FastTetrahedralCorotationalForceField to ensure right behavior: the function addBToMatrix has been replaced by buildDampingMatrix
[WARNING] [UniformVelocityDampingForceField(UniformVelocityDampingForceField)] buildStiffnessMatrix not implemented: for compatibility reason, the deprecated API (addKToMatrix) will be used. This compatibility will disapear in the future, and will cause issues in simulations. Please update the code of UniformVelocityDampingForceField to ensure right behavior: the function addKToMatrix has been replaced by buildStiffnessMatrix
[WARNING] [BeamFEMForceField(BeamFEMForceField)] buildDampingMatrix not implemented: for compatibility reason, the deprecated API (addBToMatrix) will be used. This compatibility will disapear in the future, and will cause issues in simulations. Please update the code of BeamFEMForceField to ensure right behavior: the function addBToMatrix has been replaced by buildDampingMatrix
[WARNING] [MechanicalObject(unnamed)] Could not read value for data field showColor: 1.0 0.0 1.0 
[WARNING] [InteractiveCamera(camera)] Too many missing parameters ; taking default ...
[WARNING] [UncoupledConstraintCorrection(UncoupledConstraintCorrection)] Using 10 as initial compliance
[WARNING] [FastTetrahedralCorotationalForceField(FastTetrahedralCorotationalForceField)] buildStiffnessMatrix not implemented: for compatibility reason, the deprecated API (addKToMatrix) will be used. This compatibility will disapear in the future, and will cause issues in simulations. Please update the code of FastTetrahedralCorotationalForceField to ensure right behavior: the function addKToMatrix has been replaced by buildStiffnessMatrix
[WARNING] [FastTetrahedralCorotationalForceField(FastTetrahedralCorotationalForceField)] buildDampingMatrix not implemented: for compatibility reason, the deprecated API (addBToMatrix) will be used. This compatibility will disapear in the future, and will cause issues in simulations. Please update the code of FastTetrahedralCorotationalForceField to ensure right behavior: the function addBToMatrix has been replaced by buildDampingMatrix
[WARNING] [UniformVelocityDampingForceField(UniformVelocityDampingForceField)] buildStiffnessMatrix not implemented: for compatibility reason, the deprecated API (addKToMatrix) will be used. This compatibility will disapear in the future, and will cause issues in simulations. Please update the code of UniformVelocityDampingForceField to ensure right behavior: the function addKToMatrix has been replaced by buildStiffnessMatrix
[WARNING] [BeamFEMForceField(BeamFEMForceField)] buildDampingMatrix not implemented: for compatibility reason, the deprecated API (addBToMatrix) will be used. This compatibility will disapear in the future, and will cause issues in simulations. Please update the code of BeamFEMForceField to ensure right behavior: the function addBToMatrix has been replaced by buildDampingMatrix
[WARNING] [MechanicalObject(unnamed)] Could not read value for data field showColor: 1.0 0.0 1.0 
[WARNING] [InteractiveCamera(camera)] Too many missing parameters ; taking default ...
[WARNING] [UncoupledConstraintCorrection(UncoupledConstraintCorrection)] Using 10 as initial compliance
[WARNING] [FastTetrahedralCorotationalForceField(FastTetrahedralCorotationalForceField)] buildStiffnessMatrix not implemented: for compatibility reason, the deprecated API (addKToMatrix) will be used. This compatibility will disapear in the future, and will cause issues in simulations. Please update the code of FastTetrahedralCorotationalForceField to ensure right behavior: the function addKToMatrix has been replaced by buildStiffnessMatrix
[WARNING] [FastTetrahedralCorotationalForceField(FastTetrahedralCorotationalForceField)] buildDampingMatrix not implemented: for compatibility reason, the deprecated API (addBToMatrix) will be used. This compatibility will disapear in the future, and will cause issues in simulations. Please update the code of FastTetrahedralCorotationalForceField to ensure right behavior: the function addBToMatrix has been replaced by buildDampingMatrix
[WARNING] [UniformVelocityDampingForceField(UniformVelocityDampingForceField)] buildStiffnessMatrix not implemented: for compatibility reason, the deprecated API (addKToMatrix) will be used. This compatibility will disapear in the future, and will cause issues in simulations. Please update the code of UniformVelocityDampingForceField to ensure right behavior: the function addKToMatrix has been replaced by buildStiffnessMatrix
[WARNING] [BeamFEMForceField(BeamFEMForceField)] buildDampingMatrix not implemented: for compatibility reason, the deprecated API (addBToMatrix) will be used. This compatibility will disapear in the future, and will cause issues in simulations. Please update the code of BeamFEMForceField to ensure right behavior: the function addBToMatrix has been replaced by buildDampingMatrix
[WARNING] [MechanicalObject(unnamed)] Could not read value for data field showColor: 1.0 0.0 1.0 
[WARNING] [InteractiveCamera(camera)] Too many missing parameters ; taking default ...
[WARNING] [UncoupledConstraintCorrection(UncoupledConstraintCorrection)] Using 10 as initial compliance
[WARNING] [FastTetrahedralCorotationalForceField(FastTetrahedralCorotationalForceField)] buildStiffnessMatrix not implemented: for compatibility reason, the deprecated API (addKToMatrix) will be used. This compatibility will disapear in the future, and will cause issues in simulations. Please update the code of FastTetrahedralCorotationalForceField to ensure right behavior: the function addKToMatrix has been replaced by buildStiffnessMatrix
[WARNING] [FastTetrahedralCorotationalForceField(FastTetrahedralCorotationalForceField)] buildDampingMatrix not implemented: for compatibility reason, the deprecated API (addBToMatrix) will be used. This compatibility will disapear in the future, and will cause issues in simulations. Please update the code of FastTetrahedralCorotationalForceField to ensure right behavior: the function addBToMatrix has been replaced by buildDampingMatrix
[WARNING] [UniformVelocityDampingForceField(UniformVelocityDampingForceField)] buildStiffnessMatrix not implemented: for compatibility reason, the deprecated API (addKToMatrix) will be used. This compatibility will disapear in the future, and will cause issues in simulations. Please update the code of UniformVelocityDampingForceField to ensure right behavior: the function addKToMatrix has been replaced by buildStiffnessMatrix
[WARNING] [BeamFEMForceField(BeamFEMForceField)] buildDampingMatrix not implemented: for compatibility reason, the deprecated API (addBToMatrix) will be used. This compatibility will disapear in the future, and will cause issues in simulations. Please update the code of BeamFEMForceField to ensure right behavior: the function addBToMatrix has been replaced by buildDampingMatrix
[WARNING] [MechanicalObject(unnamed)] Could not read value for data field showColor: 1.0 0.0 1.0 
[WARNING] [InteractiveCamera(camera)] Too many missing parameters ; taking default ...
[WARNING] [UncoupledConstraintCorrection(UncoupledConstraintCorrection)] Using 10 as initial compliance
[WARNING] [FastTetrahedralCorotationalForceField(FastTetrahedralCorotationalForceField)] buildStiffnessMatrix not implemented: for compatibility reason, the deprecated API (addKToMatrix) will be used. This compatibility will disapear in the future, and will cause issues in simulations. Please update the code of FastTetrahedralCorotationalForceField to ensure right behavior: the function addKToMatrix has been replaced by buildStiffnessMatrix
[WARNING] [FastTetrahedralCorotationalForceField(FastTetrahedralCorotationalForceField)] buildDampingMatrix not implemented: for compatibility reason, the deprecated API (addBToMatrix) will be used. This compatibility will disapear in the future, and will cause issues in simulations. Please update the code of FastTetrahedralCorotationalForceField to ensure right behavior: the function addBToMatrix has been replaced by buildDampingMatrix
[WARNING] [UniformVelocityDampingForceField(UniformVelocityDampingForceField)] buildStiffnessMatrix not implemented: for compatibility reason, the deprecated API (addKToMatrix) will be used. This compatibility will disapear in the future, and will cause issues in simulations. Please update the code of UniformVelocityDampingForceField to ensure right behavior: the function addKToMatrix has been replaced by buildStiffnessMatrix
[WARNING] [BeamFEMForceField(BeamFEMForceField)] buildDampingMatrix not implemented: for compatibility reason, the deprecated API (addBToMatrix) will be used. This compatibility will disapear in the future, and will cause issues in simulations. Please update the code of BeamFEMForceField to ensure right behavior: the function addBToMatrix has been replaced by buildDampingMatrix
[WARNING] [MechanicalObject(unnamed)] Could not read value for data field showColor: 1.0 0.0 1.0 
[WARNING] [InteractiveCamera(camera)] Too many missing parameters ; taking default ...
[WARNING] [UncoupledConstraintCorrection(UncoupledConstraintCorrection)] Using 10 as initial compliance
[WARNING] [FastTetrahedralCorotationalForceField(FastTetrahedralCorotationalForceField)] buildStiffnessMatrix not implemented: for compatibility reason, the deprecated API (addKToMatrix) will be used. This compatibility will disapear in the future, and will cause issues in simulations. Please update the code of FastTetrahedralCorotationalForceField to ensure right behavior: the function addKToMatrix has been replaced by buildStiffnessMatrix
[WARNING] [FastTetrahedralCorotationalForceField(FastTetrahedralCorotationalForceField)] buildDampingMatrix not implemented: for compatibility reason, the deprecated API (addBToMatrix) will be used. This compatibility will disapear in the future, and will cause issues in simulations. Please update the code of FastTetrahedralCorotationalForceField to ensure right behavior: the function addBToMatrix has been replaced by buildDampingMatrix
[WARNING] [UniformVelocityDampingForceField(UniformVelocityDampingForceField)] buildStiffnessMatrix not implemented: for compatibility reason, the deprecated API (addKToMatrix) will be used. This compatibility will disapear in the future, and will cause issues in simulations. Please update the code of UniformVelocityDampingForceField to ensure right behavior: the function addKToMatrix has been replaced by buildStiffnessMatrix
[WARNING] [BeamFEMForceField(BeamFEMForceField)] buildDampingMatrix not implemented: for compatibility reason, the deprecated API (addBToMatrix) will be used. This compatibility will disapear in the future, and will cause issues in simulations. Please update the code of BeamFEMForceField to ensure right behavior: the function addBToMatrix has been replaced by buildDampingMatrix
[WARNING] [MechanicalObject(unnamed)] Could not read value for data field showColor: 1.0 0.0 1.0 
[WARNING] [InteractiveCamera(camera)] Too many missing parameters ; taking default ...
[WARNING] [UncoupledConstraintCorrection(UncoupledConstraintCorrection)] Using 10 as initial compliance
[WARNING] [FastTetrahedralCorotationalForceField(FastTetrahedralCorotationalForceField)] buildStiffnessMatrix not implemented: for compatibility reason, the deprecated API (addKToMatrix) will be used. This compatibility will disapear in the future, and will cause issues in simulations. Please update the code of FastTetrahedralCorotationalForceField to ensure right behavior: the function addKToMatrix has been replaced by buildStiffnessMatrix
[WARNING] [FastTetrahedralCorotationalForceField(FastTetrahedralCorotationalForceField)] buildDampingMatrix not implemented: for compatibility reason, the deprecated API (addBToMatrix) will be used. This compatibility will disapear in the future, and will cause issues in simulations. Please update the code of FastTetrahedralCorotationalForceField to ensure right behavior: the function addBToMatrix has been replaced by buildDampingMatrix
[WARNING] [UniformVelocityDampingForceField(UniformVelocityDampingForceField)] buildStiffnessMatrix not implemented: for compatibility reason, the deprecated API (addKToMatrix) will be used. This compatibility will disapear in the future, and will cause issues in simulations. Please update the code of UniformVelocityDampingForceField to ensure right behavior: the function addKToMatrix has been replaced by buildStiffnessMatrix
[WARNING] [BeamFEMForceField(BeamFEMForceField)] buildDampingMatrix not implemented: for compatibility reason, the deprecated API (addBToMatrix) will be used. This compatibility will disapear in the future, and will cause issues in simulations. Please update the code of BeamFEMForceField to ensure right behavior: the function addBToMatrix has been replaced by buildDampingMatrix
[WARNING] [MechanicalObject(unnamed)] Could not read value for data field showColor: 1.0 0.0 1.0 
[WARNING] [InteractiveCamera(camera)] Too many missing parameters ; taking default ...
[WARNING] [UncoupledConstraintCorrection(UncoupledConstraintCorrection)] Using 10 as initial compliance
[WARNING] [FastTetrahedralCorotationalForceField(FastTetrahedralCorotationalForceField)] buildStiffnessMatrix not implemented: for compatibility reason, the deprecated API (addKToMatrix) will be used. This compatibility will disapear in the future, and will cause issues in simulations. Please update the code of FastTetrahedralCorotationalForceField to ensure right behavior: the function addKToMatrix has been replaced by buildStiffnessMatrix
[WARNING] [FastTetrahedralCorotationalForceField(FastTetrahedralCorotationalForceField)] buildDampingMatrix not implemented: for compatibility reason, the deprecated API (addBToMatrix) will be used. This compatibility will disapear in the future, and will cause issues in simulations. Please update the code of FastTetrahedralCorotationalForceField to ensure right behavior: the function addBToMatrix has been replaced by buildDampingMatrix
[WARNING] [UniformVelocityDampingForceField(UniformVelocityDampingForceField)] buildStiffnessMatrix not implemented: for compatibility reason, the deprecated API (addKToMatrix) will be used. This compatibility will disapear in the future, and will cause issues in simulations. Please update the code of UniformVelocityDampingForceField to ensure right behavior: the function addKToMatrix has been replaced by buildStiffnessMatrix
[WARNING] [BeamFEMForceField(BeamFEMForceField)] buildDampingMatrix not implemented: for compatibility reason, the deprecated API (addBToMatrix) will be used. This compatibility will disapear in the future, and will cause issues in simulations. Please update the code of BeamFEMForceField to ensure right behavior: the function addBToMatrix has been replaced by buildDampingMatrix
[WARNING] [MechanicalObject(unnamed)] Could not read value for data field showColor: 1.0 0.0 1.0 
[WARNING] [InteractiveCamera(camera)] Too many missing parameters ; taking default ...
[WARNING] [UncoupledConstraintCorrection(UncoupledConstraintCorrection)] Using 10 as initial compliance
[WARNING] [FastTetrahedralCorotationalForceField(FastTetrahedralCorotationalForceField)] buildStiffnessMatrix not implemented: for compatibility reason, the deprecated API (addKToMatrix) will be used. This compatibility will disapear in the future, and will cause issues in simulations. Please update the code of FastTetrahedralCorotationalForceField to ensure right behavior: the function addKToMatrix has been replaced by buildStiffnessMatrix
[WARNING] [FastTetrahedralCorotationalForceField(FastTetrahedralCorotationalForceField)] buildDampingMatrix not implemented: for compatibility reason, the deprecated API (addBToMatrix) will be used. This compatibility will disapear in the future, and will cause issues in simulations. Please update the code of FastTetrahedralCorotationalForceField to ensure right behavior: the function addBToMatrix has been replaced by buildDampingMatrix
[WARNING] [UniformVelocityDampingForceField(UniformVelocityDampingForceField)] buildStiffnessMatrix not implemented: for compatibility reason, the deprecated API (addKToMatrix) will be used. This compatibility will disapear in the future, and will cause issues in simulations. Please update the code of UniformVelocityDampingForceField to ensure right behavior: the function addKToMatrix has been replaced by buildStiffnessMatrix
[WARNING] [BeamFEMForceField(BeamFEMForceField)] buildDampingMatrix not implemented: for compatibility reason, the deprecated API (addBToMatrix) will be used. This compatibility will disapear in the future, and will cause issues in simulations. Please update the code of BeamFEMForceField to ensure right behavior: the function addBToMatrix has been replaced by buildDampingMatrix
[WARNING] [MechanicalObject(unnamed)] Could not read value for data field showColor: 1.0 0.0 1.0 
[WARNING] [InteractiveCamera(camera)] Too many missing parameters ; taking default ...
[WARNING] [UncoupledConstraintCorrection(UncoupledConstraintCorrection)] Using 10 as initial compliance
[WARNING] [FastTetrahedralCorotationalForceField(FastTetrahedralCorotationalForceField)] buildStiffnessMatrix not implemented: for compatibility reason, the deprecated API (addKToMatrix) will be used. This compatibility will disapear in the future, and will cause issues in simulations. Please update the code of FastTetrahedralCorotationalForceField to ensure right behavior: the function addKToMatrix has been replaced by buildStiffnessMatrix
[WARNING] [FastTetrahedralCorotationalForceField(FastTetrahedralCorotationalForceField)] buildDampingMatrix not implemented: for compatibility reason, the deprecated API (addBToMatrix) will be used. This compatibility will disapear in the future, and will cause issues in simulations. Please update the code of FastTetrahedralCorotationalForceField to ensure right behavior: the function addBToMatrix has been replaced by buildDampingMatrix
[WARNING] [UniformVelocityDampingForceField(UniformVelocityDampingForceField)] buildStiffnessMatrix not implemented: for compatibility reason, the deprecated API (addKToMatrix) will be used. This compatibility will disapear in the future, and will cause issues in simulations. Please update the code of UniformVelocityDampingForceField to ensure right behavior: the function addKToMatrix has been replaced by buildStiffnessMatrix
[WARNING] [BeamFEMForceField(BeamFEMForceField)] buildDampingMatrix not implemented: for compatibility reason, the deprecated API (addBToMatrix) will be used. This compatibility will disapear in the future, and will cause issues in simulations. Please update the code of BeamFEMForceField to ensure right behavior: the function addBToMatrix has been replaced by buildDampingMatrix
[WARNING] [MechanicalObject(unnamed)] Could not read value for data field showColor: 1.0 0.0 1.0 
[WARNING] [InteractiveCamera(camera)] Too many missing parameters ; taking default ...
[WARNING] [UncoupledConstraintCorrection(UncoupledConstraintCorrection)] Using 10 as initial compliance
[WARNING] [FastTetrahedralCorotationalForceField(FastTetrahedralCorotationalForceField)] buildStiffnessMatrix not implemented: for compatibility reason, the deprecated API (addKToMatrix) will be used. This compatibility will disapear in the future, and will cause issues in simulations. Please update the code of FastTetrahedralCorotationalForceField to ensure right behavior: the function addKToMatrix has been replaced by buildStiffnessMatrix
[WARNING] [FastTetrahedralCorotationalForceField(FastTetrahedralCorotationalForceField)] buildDampingMatrix not implemented: for compatibility reason, the deprecated API (addBToMatrix) will be used. This compatibility will disapear in the future, and will cause issues in simulations. Please update the code of FastTetrahedralCorotationalForceField to ensure right behavior: the function addBToMatrix has been replaced by buildDampingMatrix
[WARNING] [UniformVelocityDampingForceField(UniformVelocityDampingForceField)] buildStiffnessMatrix not implemented: for compatibility reason, the deprecated API (addKToMatrix) will be used. This compatibility will disapear in the future, and will cause issues in simulations. Please update the code of UniformVelocityDampingForceField to ensure right behavior: the function addKToMatrix has been replaced by buildStiffnessMatrix
[WARNING] [BeamFEMForceField(BeamFEMForceField)] buildDampingMatrix not implemented: for compatibility reason, the deprecated API (addBToMatrix) will be used. This compatibility will disapear in the future, and will cause issues in simulations. Please update the code of BeamFEMForceField to ensure right behavior: the function addBToMatrix has been replaced by buildDampingMatrix
[WARNING] [MechanicalObject(unnamed)] Could not read value for data field showColor: 1.0 0.0 1.0 
[WARNING] [InteractiveCamera(camera)] Too many missing parameters ; taking default ...
[WARNING] [UncoupledConstraintCorrection(UncoupledConstraintCorrection)] Using 10 as initial compliance
[WARNING] [FastTetrahedralCorotationalForceField(FastTetrahedralCorotationalForceField)] buildStiffnessMatrix not implemented: for compatibility reason, the deprecated API (addKToMatrix) will be used. This compatibility will disapear in the future, and will cause issues in simulations. Please update the code of FastTetrahedralCorotationalForceField to ensure right behavior: the function addKToMatrix has been replaced by buildStiffnessMatrix
[WARNING] [FastTetrahedralCorotationalForceField(FastTetrahedralCorotationalForceField)] buildDampingMatrix not implemented: for compatibility reason, the deprecated API (addBToMatrix) will be used. This compatibility will disapear in the future, and will cause issues in simulations. Please update the code of FastTetrahedralCorotationalForceField to ensure right behavior: the function addBToMatrix has been replaced by buildDampingMatrix
[WARNING] [UniformVelocityDampingForceField(UniformVelocityDampingForceField)] buildStiffnessMatrix not implemented: for compatibility reason, the deprecated API (addKToMatrix) will be used. This compatibility will disapear in the future, and will cause issues in simulations. Please update the code of UniformVelocityDampingForceField to ensure right behavior: the function addKToMatrix has been replaced by buildStiffnessMatrix
[WARNING] [BeamFEMForceField(BeamFEMForceField)] buildDampingMatrix not implemented: for compatibility reason, the deprecated API (addBToMatrix) will be used. This compatibility will disapear in the future, and will cause issues in simulations. Please update the code of BeamFEMForceField to ensure right behavior: the function addBToMatrix has been replaced by buildDampingMatrix
[WARNING] [MechanicalObject(unnamed)] Could not read value for data field showColor: 1.0 0.0 1.0 
[WARNING] [InteractiveCamera(camera)] Too many missing parameters ; taking default ...
[WARNING] [UncoupledConstraintCorrection(UncoupledConstraintCorrection)] Using 10 as initial compliance
[WARNING] [FastTetrahedralCorotationalForceField(FastTetrahedralCorotationalForceField)] buildStiffnessMatrix not implemented: for compatibility reason, the deprecated API (addKToMatrix) will be used. This compatibility will disapear in the future, and will cause issues in simulations. Please update the code of FastTetrahedralCorotationalForceField to ensure right behavior: the function addKToMatrix has been replaced by buildStiffnessMatrix
[WARNING] [FastTetrahedralCorotationalForceField(FastTetrahedralCorotationalForceField)] buildDampingMatrix not implemented: for compatibility reason, the deprecated API (addBToMatrix) will be used. This compatibility will disapear in the future, and will cause issues in simulations. Please update the code of FastTetrahedralCorotationalForceField to ensure right behavior: the function addBToMatrix has been replaced by buildDampingMatrix
[WARNING] [UniformVelocityDampingForceField(UniformVelocityDampingForceField)] buildStiffnessMatrix not implemented: for compatibility reason, the deprecated API (addKToMatrix) will be used. This compatibility will disapear in the future, and will cause issues in simulations. Please update the code of UniformVelocityDampingForceField to ensure right behavior: the function addKToMatrix has been replaced by buildStiffnessMatrix
[WARNING] [BeamFEMForceField(BeamFEMForceField)] buildDampingMatrix not implemented: for compatibility reason, the deprecated API (addBToMatrix) will be used. This compatibility will disapear in the future, and will cause issues in simulations. Please update the code of BeamFEMForceField to ensure right behavior: the function addBToMatrix has been replaced by buildDampingMatrix
[WARNING] [MechanicalObject(unnamed)] Could not read value for data field showColor: 1.0 0.0 1.0 
[WARNING] [InteractiveCamera(camera)] Too many missing parameters ; taking default ...
[WARNING] [UncoupledConstraintCorrection(UncoupledConstraintCorrection)] Using 10 as initial compliance
[WARNING] [FastTetrahedralCorotationalForceField(FastTetrahedralCorotationalForceField)] buildStiffnessMatrix not implemented: for compatibility reason, the deprecated API (addKToMatrix) will be used. This compatibility will disapear in the future, and will cause issues in simulations. Please update the code of FastTetrahedralCorotationalForceField to ensure right behavior: the function addKToMatrix has been replaced by buildStiffnessMatrix
[WARNING] [FastTetrahedralCorotationalForceField(FastTetrahedralCorotationalForceField)] buildDampingMatrix not implemented: for compatibility reason, the deprecated API (addBToMatrix) will be used. This compatibility will disapear in the future, and will cause issues in simulations. Please update the code of FastTetrahedralCorotationalForceField to ensure right behavior: the function addBToMatrix has been replaced by buildDampingMatrix
[WARNING] [UniformVelocityDampingForceField(UniformVelocityDampingForceField)] buildStiffnessMatrix not implemented: for compatibility reason, the deprecated API (addKToMatrix) will be used. This compatibility will disapear in the future, and will cause issues in simulations. Please update the code of UniformVelocityDampingForceField to ensure right behavior: the function addKToMatrix has been replaced by buildStiffnessMatrix
[WARNING] [BeamFEMForceField(BeamFEMForceField)] buildDampingMatrix not implemented: for compatibility reason, the deprecated API (addBToMatrix) will be used. This compatibility will disapear in the future, and will cause issues in simulations. Please update the code of BeamFEMForceField to ensure right behavior: the function addBToMatrix has been replaced by buildDampingMatrix
[WARNING] [MechanicalObject(unnamed)] Could not read value for data field showColor: 1.0 0.0 1.0 
[WARNING] [InteractiveCamera(camera)] Too many missing parameters ; taking default ...
[WARNING] [UncoupledConstraintCorrection(UncoupledConstraintCorrection)] Using 10 as initial compliance
[WARNING] [FastTetrahedralCorotationalForceField(FastTetrahedralCorotationalForceField)] buildStiffnessMatrix not implemented: for compatibility reason, the deprecated API (addKToMatrix) will be used. This compatibility will disapear in the future, and will cause issues in simulations. Please update the code of FastTetrahedralCorotationalForceField to ensure right behavior: the function addKToMatrix has been replaced by buildStiffnessMatrix
[WARNING] [FastTetrahedralCorotationalForceField(FastTetrahedralCorotationalForceField)] buildDampingMatrix not implemented: for compatibility reason, the deprecated API (addBToMatrix) will be used. This compatibility will disapear in the future, and will cause issues in simulations. Please update the code of FastTetrahedralCorotationalForceField to ensure right behavior: the function addBToMatrix has been replaced by buildDampingMatrix
[WARNING] [UniformVelocityDampingForceField(UniformVelocityDampingForceField)] buildStiffnessMatrix not implemented: for compatibility reason, the deprecated API (addKToMatrix) will be used. This compatibility will disapear in the future, and will cause issues in simulations. Please update the code of UniformVelocityDampingForceField to ensure right behavior: the function addKToMatrix has been replaced by buildStiffnessMatrix
[WARNING] [BeamFEMForceField(BeamFEMForceField)] buildDampingMatrix not implemented: for compatibility reason, the deprecated API (addBToMatrix) will be used. This compatibility will disapear in the future, and will cause issues in simulations. Please update the code of BeamFEMForceField to ensure right behavior: the function addBToMatrix has been replaced by buildDampingMatrix
[WARNING] [MechanicalObject(unnamed)] Could not read value for data field showColor: 1.0 0.0 1.0 
[WARNING] [InteractiveCamera(camera)] Too many missing parameters ; taking default ...
[WARNING] [UncoupledConstraintCorrection(UncoupledConstraintCorrection)] Using 10 as initial compliance
[WARNING] [FastTetrahedralCorotationalForceField(FastTetrahedralCorotationalForceField)] buildStiffnessMatrix not implemented: for compatibility reason, the deprecated API (addKToMatrix) will be used. This compatibility will disapear in the future, and will cause issues in simulations. Please update the code of FastTetrahedralCorotationalForceField to ensure right behavior: the function addKToMatrix has been replaced by buildStiffnessMatrix
[WARNING] [FastTetrahedralCorotationalForceField(FastTetrahedralCorotationalForceField)] buildDampingMatrix not implemented: for compatibility reason, the deprecated API (addBToMatrix) will be used. This compatibility will disapear in the future, and will cause issues in simulations. Please update the code of FastTetrahedralCorotationalForceField to ensure right behavior: the function addBToMatrix has been replaced by buildDampingMatrix
[WARNING] [UniformVelocityDampingForceField(UniformVelocityDampingForceField)] buildStiffnessMatrix not implemented: for compatibility reason, the deprecated API (addKToMatrix) will be used. This compatibility will disapear in the future, and will cause issues in simulations. Please update the code of UniformVelocityDampingForceField to ensure right behavior: the function addKToMatrix has been replaced by buildStiffnessMatrix
[WARNING] [BeamFEMForceField(BeamFEMForceField)] buildDampingMatrix not implemented: for compatibility reason, the deprecated API (addBToMatrix) will be used. This compatibility will disapear in the future, and will cause issues in simulations. Please update the code of BeamFEMForceField to ensure right behavior: the function addBToMatrix has been replaced by buildDampingMatrix
Environments instantiated.
BasicSampler: Resetting all environments.
BasicSampler: Resetting agent.
Instantiating 1 environments...
[WARNING] [MechanicalObject(unnamed)] Could not read value for data field showColor: 1.0 0.0 1.0 
[WARNING] [InteractiveCamera(camera)] Too many missing parameters ; taking default ...
[WARNING] [UncoupledConstraintCorrection(UncoupledConstraintCorrection)] Using 10 as initial compliance
[WARNING] [FastTetrahedralCorotationalForceField(FastTetrahedralCorotationalForceField)] buildStiffnessMatrix not implemented: for compatibility reason, the deprecated API (addKToMatrix) will be used. This compatibility will disapear in the future, and will cause issues in simulations. Please update the code of FastTetrahedralCorotationalForceField to ensure right behavior: the function addKToMatrix has been replaced by buildStiffnessMatrix
[WARNING] [FastTetrahedralCorotationalForceField(FastTetrahedralCorotationalForceField)] buildDampingMatrix not implemented: for compatibility reason, the deprecated API (addBToMatrix) will be used. This compatibility will disapear in the future, and will cause issues in simulations. Please update the code of FastTetrahedralCorotationalForceField to ensure right behavior: the function addBToMatrix has been replaced by buildDampingMatrix
[WARNING] [UniformVelocityDampingForceField(UniformVelocityDampingForceField)] buildStiffnessMatrix not implemented: for compatibility reason, the deprecated API (addKToMatrix) will be used. This compatibility will disapear in the future, and will cause issues in simulations. Please update the code of UniformVelocityDampingForceField to ensure right behavior: the function addKToMatrix has been replaced by buildStiffnessMatrix
[WARNING] [BeamFEMForceField(BeamFEMForceField)] buildDampingMatrix not implemented: for compatibility reason, the deprecated API (addBToMatrix) will be used. This compatibility will disapear in the future, and will cause issues in simulations. Please update the code of BeamFEMForceField to ensure right behavior: the function addBToMatrix has been replaced by buildDampingMatrix
Environments instantiated.
Instantiating 1 environments...
[WARNING] [MechanicalObject(unnamed)] Could not read value for data field showColor: 1.0 0.0 1.0 
[WARNING] [InteractiveCamera(camera)] Too many missing parameters ; taking default ...
[WARNING] [UncoupledConstraintCorrection(UncoupledConstraintCorrection)] Using 10 as initial compliance
[WARNING] [FastTetrahedralCorotationalForceField(FastTetrahedralCorotationalForceField)] buildStiffnessMatrix not implemented: for compatibility reason, the deprecated API (addKToMatrix) will be used. This compatibility will disapear in the future, and will cause issues in simulations. Please update the code of FastTetrahedralCorotationalForceField to ensure right behavior: the function addKToMatrix has been replaced by buildStiffnessMatrix
[WARNING] [FastTetrahedralCorotationalForceField(FastTetrahedralCorotationalForceField)] buildDampingMatrix not implemented: for compatibility reason, the deprecated API (addBToMatrix) will be used. This compatibility will disapear in the future, and will cause issues in simulations. Please update the code of FastTetrahedralCorotationalForceField to ensure right behavior: the function addBToMatrix has been replaced by buildDampingMatrix
[WARNING] [UniformVelocityDampingForceField(UniformVelocityDampingForceField)] buildStiffnessMatrix not implemented: for compatibility reason, the deprecated API (addKToMatrix) will be used. This compatibility will disapear in the future, and will cause issues in simulations. Please update the code of UniformVelocityDampingForceField to ensure right behavior: the function addKToMatrix has been replaced by buildStiffnessMatrix
[WARNING] [BeamFEMForceField(BeamFEMForceField)] buildDampingMatrix not implemented: for compatibility reason, the deprecated API (addBToMatrix) will be used. This compatibility will disapear in the future, and will cause issues in simulations. Please update the code of BeamFEMForceField to ensure right behavior: the function addBToMatrix has been replaced by buildDampingMatrix
Environments instantiated.
Instantiating 1 environments...
[WARNING] [MechanicalObject(unnamed)] Could not read value for data field showColor: 1.0 0.0 1.0 
[WARNING] [InteractiveCamera(camera)] Too many missing parameters ; taking default ...
[WARNING] [UncoupledConstraintCorrection(UncoupledConstraintCorrection)] Using 10 as initial compliance
[WARNING] [FastTetrahedralCorotationalForceField(FastTetrahedralCorotationalForceField)] buildStiffnessMatrix not implemented: for compatibility reason, the deprecated API (addKToMatrix) will be used. This compatibility will disapear in the future, and will cause issues in simulations. Please update the code of FastTetrahedralCorotationalForceField to ensure right behavior: the function addKToMatrix has been replaced by buildStiffnessMatrix
[WARNING] [FastTetrahedralCorotationalForceField(FastTetrahedralCorotationalForceField)] buildDampingMatrix not implemented: for compatibility reason, the deprecated API (addBToMatrix) will be used. This compatibility will disapear in the future, and will cause issues in simulations. Please update the code of FastTetrahedralCorotationalForceField to ensure right behavior: the function addBToMatrix has been replaced by buildDampingMatrix
[WARNING] [UniformVelocityDampingForceField(UniformVelocityDampingForceField)] buildStiffnessMatrix not implemented: for compatibility reason, the deprecated API (addKToMatrix) will be used. This compatibility will disapear in the future, and will cause issues in simulations. Please update the code of UniformVelocityDampingForceField to ensure right behavior: the function addKToMatrix has been replaced by buildStiffnessMatrix
[WARNING] [BeamFEMForceField(BeamFEMForceField)] buildDampingMatrix not implemented: for compatibility reason, the deprecated API (addBToMatrix) will be used. This compatibility will disapear in the future, and will cause issues in simulations. Please update the code of BeamFEMForceField to ensure right behavior: the function addBToMatrix has been replaced by buildDampingMatrix
Environments instantiated.
Instantiating 1 environments...
[WARNING] [MechanicalObject(unnamed)] Could not read value for data field showColor: 1.0 0.0 1.0 
[WARNING] [InteractiveCamera(camera)] Too many missing parameters ; taking default ...
[WARNING] [UncoupledConstraintCorrection(UncoupledConstraintCorrection)] Using 10 as initial compliance
[WARNING] [FastTetrahedralCorotationalForceField(FastTetrahedralCorotationalForceField)] buildStiffnessMatrix not implemented: for compatibility reason, the deprecated API (addKToMatrix) will be used. This compatibility will disapear in the future, and will cause issues in simulations. Please update the code of FastTetrahedralCorotationalForceField to ensure right behavior: the function addKToMatrix has been replaced by buildStiffnessMatrix
[WARNING] [FastTetrahedralCorotationalForceField(FastTetrahedralCorotationalForceField)] buildDampingMatrix not implemented: for compatibility reason, the deprecated API (addBToMatrix) will be used. This compatibility will disapear in the future, and will cause issues in simulations. Please update the code of FastTetrahedralCorotationalForceField to ensure right behavior: the function addBToMatrix has been replaced by buildDampingMatrix
[WARNING] [UniformVelocityDampingForceField(UniformVelocityDampingForceField)] buildStiffnessMatrix not implemented: for compatibility reason, the deprecated API (addKToMatrix) will be used. This compatibility will disapear in the future, and will cause issues in simulations. Please update the code of UniformVelocityDampingForceField to ensure right behavior: the function addKToMatrix has been replaced by buildStiffnessMatrix
[WARNING] [BeamFEMForceField(BeamFEMForceField)] buildDampingMatrix not implemented: for compatibility reason, the deprecated API (addBToMatrix) will be used. This compatibility will disapear in the future, and will cause issues in simulations. Please update the code of BeamFEMForceField to ensure right behavior: the function addBToMatrix has been replaced by buildDampingMatrix
Environments instantiated.
Instantiating 1 environments...
[WARNING] [MechanicalObject(unnamed)] Could not read value for data field showColor: 1.0 0.0 1.0 
[WARNING] [InteractiveCamera(camera)] Too many missing parameters ; taking default ...
[WARNING] [UncoupledConstraintCorrection(UncoupledConstraintCorrection)] Using 10 as initial compliance
[WARNING] [FastTetrahedralCorotationalForceField(FastTetrahedralCorotationalForceField)] buildStiffnessMatrix not implemented: for compatibility reason, the deprecated API (addKToMatrix) will be used. This compatibility will disapear in the future, and will cause issues in simulations. Please update the code of FastTetrahedralCorotationalForceField to ensure right behavior: the function addKToMatrix has been replaced by buildStiffnessMatrix
[WARNING] [FastTetrahedralCorotationalForceField(FastTetrahedralCorotationalForceField)] buildDampingMatrix not implemented: for compatibility reason, the deprecated API (addBToMatrix) will be used. This compatibility will disapear in the future, and will cause issues in simulations. Please update the code of FastTetrahedralCorotationalForceField to ensure right behavior: the function addBToMatrix has been replaced by buildDampingMatrix
[WARNING] [UniformVelocityDampingForceField(UniformVelocityDampingForceField)] buildStiffnessMatrix not implemented: for compatibility reason, the deprecated API (addKToMatrix) will be used. This compatibility will disapear in the future, and will cause issues in simulations. Please update the code of UniformVelocityDampingForceField to ensure right behavior: the function addKToMatrix has been replaced by buildStiffnessMatrix
[WARNING] [BeamFEMForceField(BeamFEMForceField)] buildDampingMatrix not implemented: for compatibility reason, the deprecated API (addBToMatrix) will be used. This compatibility will disapear in the future, and will cause issues in simulations. Please update the code of BeamFEMForceField to ensure right behavior: the function addBToMatrix has been replaced by buildDampingMatrix
Environments instantiated.
Instantiating 1 environments...
[WARNING] [MechanicalObject(unnamed)] Could not read value for data field showColor: 1.0 0.0 1.0 
[WARNING] [InteractiveCamera(camera)] Too many missing parameters ; taking default ...
[WARNING] [UncoupledConstraintCorrection(UncoupledConstraintCorrection)] Using 10 as initial compliance
[WARNING] [FastTetrahedralCorotationalForceField(FastTetrahedralCorotationalForceField)] buildStiffnessMatrix not implemented: for compatibility reason, the deprecated API (addKToMatrix) will be used. This compatibility will disapear in the future, and will cause issues in simulations. Please update the code of FastTetrahedralCorotationalForceField to ensure right behavior: the function addKToMatrix has been replaced by buildStiffnessMatrix
[WARNING] [FastTetrahedralCorotationalForceField(FastTetrahedralCorotationalForceField)] buildDampingMatrix not implemented: for compatibility reason, the deprecated API (addBToMatrix) will be used. This compatibility will disapear in the future, and will cause issues in simulations. Please update the code of FastTetrahedralCorotationalForceField to ensure right behavior: the function addBToMatrix has been replaced by buildDampingMatrix
[WARNING] [UniformVelocityDampingForceField(UniformVelocityDampingForceField)] buildStiffnessMatrix not implemented: for compatibility reason, the deprecated API (addKToMatrix) will be used. This compatibility will disapear in the future, and will cause issues in simulations. Please update the code of UniformVelocityDampingForceField to ensure right behavior: the function addKToMatrix has been replaced by buildStiffnessMatrix
[WARNING] [BeamFEMForceField(BeamFEMForceField)] buildDampingMatrix not implemented: for compatibility reason, the deprecated API (addBToMatrix) will be used. This compatibility will disapear in the future, and will cause issues in simulations. Please update the code of BeamFEMForceField to ensure right behavior: the function addBToMatrix has been replaced by buildDampingMatrix
Environments instantiated.
Instantiating 1 environments...
[WARNING] [MechanicalObject(unnamed)] Could not read value for data field showColor: 1.0 0.0 1.0 
[WARNING] [InteractiveCamera(camera)] Too many missing parameters ; taking default ...
[WARNING] [UncoupledConstraintCorrection(UncoupledConstraintCorrection)] Using 10 as initial compliance
[WARNING] [FastTetrahedralCorotationalForceField(FastTetrahedralCorotationalForceField)] buildStiffnessMatrix not implemented: for compatibility reason, the deprecated API (addKToMatrix) will be used. This compatibility will disapear in the future, and will cause issues in simulations. Please update the code of FastTetrahedralCorotationalForceField to ensure right behavior: the function addKToMatrix has been replaced by buildStiffnessMatrix
[WARNING] [FastTetrahedralCorotationalForceField(FastTetrahedralCorotationalForceField)] buildDampingMatrix not implemented: for compatibility reason, the deprecated API (addBToMatrix) will be used. This compatibility will disapear in the future, and will cause issues in simulations. Please update the code of FastTetrahedralCorotationalForceField to ensure right behavior: the function addBToMatrix has been replaced by buildDampingMatrix
[WARNING] [UniformVelocityDampingForceField(UniformVelocityDampingForceField)] buildStiffnessMatrix not implemented: for compatibility reason, the deprecated API (addKToMatrix) will be used. This compatibility will disapear in the future, and will cause issues in simulations. Please update the code of UniformVelocityDampingForceField to ensure right behavior: the function addKToMatrix has been replaced by buildStiffnessMatrix
[WARNING] [BeamFEMForceField(BeamFEMForceField)] buildDampingMatrix not implemented: for compatibility reason, the deprecated API (addBToMatrix) will be used. This compatibility will disapear in the future, and will cause issues in simulations. Please update the code of BeamFEMForceField to ensure right behavior: the function addBToMatrix has been replaced by buildDampingMatrix
Environments instantiated.
Instantiating 1 environments...
[WARNING] [MechanicalObject(unnamed)] Could not read value for data field showColor: 1.0 0.0 1.0 
[WARNING] [InteractiveCamera(camera)] Too many missing parameters ; taking default ...
[WARNING] [UncoupledConstraintCorrection(UncoupledConstraintCorrection)] Using 10 as initial compliance
[WARNING] [FastTetrahedralCorotationalForceField(FastTetrahedralCorotationalForceField)] buildStiffnessMatrix not implemented: for compatibility reason, the deprecated API (addKToMatrix) will be used. This compatibility will disapear in the future, and will cause issues in simulations. Please update the code of FastTetrahedralCorotationalForceField to ensure right behavior: the function addKToMatrix has been replaced by buildStiffnessMatrix
[WARNING] [FastTetrahedralCorotationalForceField(FastTetrahedralCorotationalForceField)] buildDampingMatrix not implemented: for compatibility reason, the deprecated API (addBToMatrix) will be used. This compatibility will disapear in the future, and will cause issues in simulations. Please update the code of FastTetrahedralCorotationalForceField to ensure right behavior: the function addBToMatrix has been replaced by buildDampingMatrix
[WARNING] [UniformVelocityDampingForceField(UniformVelocityDampingForceField)] buildStiffnessMatrix not implemented: for compatibility reason, the deprecated API (addKToMatrix) will be used. This compatibility will disapear in the future, and will cause issues in simulations. Please update the code of UniformVelocityDampingForceField to ensure right behavior: the function addKToMatrix has been replaced by buildStiffnessMatrix
[WARNING] [BeamFEMForceField(BeamFEMForceField)] buildDampingMatrix not implemented: for compatibility reason, the deprecated API (addBToMatrix) will be used. This compatibility will disapear in the future, and will cause issues in simulations. Please update the code of BeamFEMForceField to ensure right behavior: the function addBToMatrix has been replaced by buildDampingMatrix
Environments instantiated.
Instantiating 1 environments...
[WARNING] [MechanicalObject(unnamed)] Could not read value for data field showColor: 1.0 0.0 1.0 
[WARNING] [InteractiveCamera(camera)] Too many missing parameters ; taking default ...
[WARNING] [UncoupledConstraintCorrection(UncoupledConstraintCorrection)] Using 10 as initial compliance
[WARNING] [FastTetrahedralCorotationalForceField(FastTetrahedralCorotationalForceField)] buildStiffnessMatrix not implemented: for compatibility reason, the deprecated API (addKToMatrix) will be used. This compatibility will disapear in the future, and will cause issues in simulations. Please update the code of FastTetrahedralCorotationalForceField to ensure right behavior: the function addKToMatrix has been replaced by buildStiffnessMatrix
[WARNING] [FastTetrahedralCorotationalForceField(FastTetrahedralCorotationalForceField)] buildDampingMatrix not implemented: for compatibility reason, the deprecated API (addBToMatrix) will be used. This compatibility will disapear in the future, and will cause issues in simulations. Please update the code of FastTetrahedralCorotationalForceField to ensure right behavior: the function addBToMatrix has been replaced by buildDampingMatrix
[WARNING] [UniformVelocityDampingForceField(UniformVelocityDampingForceField)] buildStiffnessMatrix not implemented: for compatibility reason, the deprecated API (addKToMatrix) will be used. This compatibility will disapear in the future, and will cause issues in simulations. Please update the code of UniformVelocityDampingForceField to ensure right behavior: the function addKToMatrix has been replaced by buildStiffnessMatrix
[WARNING] [BeamFEMForceField(BeamFEMForceField)] buildDampingMatrix not implemented: for compatibility reason, the deprecated API (addBToMatrix) will be used. This compatibility will disapear in the future, and will cause issues in simulations. Please update the code of BeamFEMForceField to ensure right behavior: the function addBToMatrix has been replaced by buildDampingMatrix
Environments instantiated.
Instantiating 1 environments...
[WARNING] [InteractiveCamera(camera)] Too many missing parameters ; taking default ...
[WARNING] [MechanicalObject(unnamed)] Could not read value for data field showColor: 1.0 0.0 1.0 
[WARNING] [InteractiveCamera(camera)] Too many missing parameters ; taking default ...
[WARNING] [UncoupledConstraintCorrection(UncoupledConstraintCorrection)] Using 10 as initial compliance
[WARNING] [FastTetrahedralCorotationalForceField(FastTetrahedralCorotationalForceField)] buildStiffnessMatrix not implemented: for compatibility reason, the deprecated API (addKToMatrix) will be used. This compatibility will disapear in the future, and will cause issues in simulations. Please update the code of FastTetrahedralCorotationalForceField to ensure right behavior: the function addKToMatrix has been replaced by buildStiffnessMatrix
[WARNING] [FastTetrahedralCorotationalForceField(FastTetrahedralCorotationalForceField)] buildDampingMatrix not implemented: for compatibility reason, the deprecated API (addBToMatrix) will be used. This compatibility will disapear in the future, and will cause issues in simulations. Please update the code of FastTetrahedralCorotationalForceField to ensure right behavior: the function addBToMatrix has been replaced by buildDampingMatrix
[WARNING] [UniformVelocityDampingForceField(UniformVelocityDampingForceField)] buildStiffnessMatrix not implemented: for compatibility reason, the deprecated API (addKToMatrix) will be used. This compatibility will disapear in the future, and will cause issues in simulations. Please update the code of UniformVelocityDampingForceField to ensure right behavior: the function addKToMatrix has been replaced by buildStiffnessMatrix
[WARNING] [BeamFEMForceField(BeamFEMForceField)] buildDampingMatrix not implemented: for compatibility reason, the deprecated API (addBToMatrix) will be used. This compatibility will disapear in the future, and will cause issues in simulations. Please update the code of BeamFEMForceField to ensure right behavior: the function addBToMatrix has been replaced by buildDampingMatrix
Environments instantiated.
Instantiating 1 environments...
[WARNING] [InteractiveCamera(camera)] Too many missing parameters ; taking default ...
[WARNING] [MechanicalObject(unnamed)] Could not read value for data field showColor: 1.0 0.0 1.0 
[WARNING] [InteractiveCamera(camera)] Too many missing parameters ; taking default ...
[WARNING] [UncoupledConstraintCorrection(UncoupledConstraintCorrection)] Using 10 as initial compliance
[WARNING] [FastTetrahedralCorotationalForceField(FastTetrahedralCorotationalForceField)] buildStiffnessMatrix not implemented: for compatibility reason, the deprecated API (addKToMatrix) will be used. This compatibility will disapear in the future, and will cause issues in simulations. Please update the code of FastTetrahedralCorotationalForceField to ensure right behavior: the function addKToMatrix has been replaced by buildStiffnessMatrix
[WARNING] [FastTetrahedralCorotationalForceField(FastTetrahedralCorotationalForceField)] buildDampingMatrix not implemented: for compatibility reason, the deprecated API (addBToMatrix) will be used. This compatibility will disapear in the future, and will cause issues in simulations. Please update the code of FastTetrahedralCorotationalForceField to ensure right behavior: the function addBToMatrix has been replaced by buildDampingMatrix
[WARNING] [UniformVelocityDampingForceField(UniformVelocityDampingForceField)] buildStiffnessMatrix not implemented: for compatibility reason, the deprecated API (addKToMatrix) will be used. This compatibility will disapear in the future, and will cause issues in simulations. Please update the code of UniformVelocityDampingForceField to ensure right behavior: the function addKToMatrix has been replaced by buildStiffnessMatrix
[WARNING] [BeamFEMForceField(BeamFEMForceField)] buildDampingMatrix not implemented: for compatibility reason, the deprecated API (addBToMatrix) will be used. This compatibility will disapear in the future, and will cause issues in simulations. Please update the code of BeamFEMForceField to ensure right behavior: the function addBToMatrix has been replaced by buildDampingMatrix
Environments instantiated.
Instantiating 1 environments...
[WARNING] [InteractiveCamera(camera)] Too many missing parameters ; taking default ...
[WARNING] [MechanicalObject(unnamed)] Could not read value for data field showColor: 1.0 0.0 1.0 
[WARNING] [InteractiveCamera(camera)] Too many missing parameters ; taking default ...
[WARNING] [UncoupledConstraintCorrection(UncoupledConstraintCorrection)] Using 10 as initial compliance
[WARNING] [FastTetrahedralCorotationalForceField(FastTetrahedralCorotationalForceField)] buildStiffnessMatrix not implemented: for compatibility reason, the deprecated API (addKToMatrix) will be used. This compatibility will disapear in the future, and will cause issues in simulations. Please update the code of FastTetrahedralCorotationalForceField to ensure right behavior: the function addKToMatrix has been replaced by buildStiffnessMatrix
[WARNING] [FastTetrahedralCorotationalForceField(FastTetrahedralCorotationalForceField)] buildDampingMatrix not implemented: for compatibility reason, the deprecated API (addBToMatrix) will be used. This compatibility will disapear in the future, and will cause issues in simulations. Please update the code of FastTetrahedralCorotationalForceField to ensure right behavior: the function addBToMatrix has been replaced by buildDampingMatrix
[WARNING] [UniformVelocityDampingForceField(UniformVelocityDampingForceField)] buildStiffnessMatrix not implemented: for compatibility reason, the deprecated API (addKToMatrix) will be used. This compatibility will disapear in the future, and will cause issues in simulations. Please update the code of UniformVelocityDampingForceField to ensure right behavior: the function addKToMatrix has been replaced by buildStiffnessMatrix
[WARNING] [BeamFEMForceField(BeamFEMForceField)] buildDampingMatrix not implemented: for compatibility reason, the deprecated API (addBToMatrix) will be used. This compatibility will disapear in the future, and will cause issues in simulations. Please update the code of BeamFEMForceField to ensure right behavior: the function addBToMatrix has been replaced by buildDampingMatrix
Environments instantiated.
Instantiating 1 environments...
[WARNING] [InteractiveCamera(camera)] Too many missing parameters ; taking default ...
[WARNING] [MechanicalObject(unnamed)] Could not read value for data field showColor: 1.0 0.0 1.0 
[WARNING] [InteractiveCamera(camera)] Too many missing parameters ; taking default ...
[WARNING] [UncoupledConstraintCorrection(UncoupledConstraintCorrection)] Using 10 as initial compliance
[WARNING] [FastTetrahedralCorotationalForceField(FastTetrahedralCorotationalForceField)] buildStiffnessMatrix not implemented: for compatibility reason, the deprecated API (addKToMatrix) will be used. This compatibility will disapear in the future, and will cause issues in simulations. Please update the code of FastTetrahedralCorotationalForceField to ensure right behavior: the function addKToMatrix has been replaced by buildStiffnessMatrix
[WARNING] [FastTetrahedralCorotationalForceField(FastTetrahedralCorotationalForceField)] buildDampingMatrix not implemented: for compatibility reason, the deprecated API (addBToMatrix) will be used. This compatibility will disapear in the future, and will cause issues in simulations. Please update the code of FastTetrahedralCorotationalForceField to ensure right behavior: the function addBToMatrix has been replaced by buildDampingMatrix
[WARNING] [UniformVelocityDampingForceField(UniformVelocityDampingForceField)] buildStiffnessMatrix not implemented: for compatibility reason, the deprecated API (addKToMatrix) will be used. This compatibility will disapear in the future, and will cause issues in simulations. Please update the code of UniformVelocityDampingForceField to ensure right behavior: the function addKToMatrix has been replaced by buildStiffnessMatrix
[WARNING] [BeamFEMForceField(BeamFEMForceField)] buildDampingMatrix not implemented: for compatibility reason, the deprecated API (addBToMatrix) will be used. This compatibility will disapear in the future, and will cause issues in simulations. Please update the code of BeamFEMForceField to ensure right behavior: the function addBToMatrix has been replaced by buildDampingMatrix
Environments instantiated.
Instantiating 1 environments...
[WARNING] [MechanicalObject(unnamed)] Could not read value for data field showColor: 1.0 0.0 1.0 
[WARNING] [InteractiveCamera(camera)] Too many missing parameters ; taking default ...
[WARNING] [UncoupledConstraintCorrection(UncoupledConstraintCorrection)] Using 10 as initial compliance
[WARNING] [FastTetrahedralCorotationalForceField(FastTetrahedralCorotationalForceField)] buildStiffnessMatrix not implemented: for compatibility reason, the deprecated API (addKToMatrix) will be used. This compatibility will disapear in the future, and will cause issues in simulations. Please update the code of FastTetrahedralCorotationalForceField to ensure right behavior: the function addKToMatrix has been replaced by buildStiffnessMatrix
[WARNING] [FastTetrahedralCorotationalForceField(FastTetrahedralCorotationalForceField)] buildDampingMatrix not implemented: for compatibility reason, the deprecated API (addBToMatrix) will be used. This compatibility will disapear in the future, and will cause issues in simulations. Please update the code of FastTetrahedralCorotationalForceField to ensure right behavior: the function addBToMatrix has been replaced by buildDampingMatrix
[WARNING] [UniformVelocityDampingForceField(UniformVelocityDampingForceField)] buildStiffnessMatrix not implemented: for compatibility reason, the deprecated API (addKToMatrix) will be used. This compatibility will disapear in the future, and will cause issues in simulations. Please update the code of UniformVelocityDampingForceField to ensure right behavior: the function addKToMatrix has been replaced by buildStiffnessMatrix
[WARNING] [BeamFEMForceField(BeamFEMForceField)] buildDampingMatrix not implemented: for compatibility reason, the deprecated API (addBToMatrix) will be used. This compatibility will disapear in the future, and will cause issues in simulations. Please update the code of BeamFEMForceField to ensure right behavior: the function addBToMatrix has been replaced by buildDampingMatrix
Environments instantiated.
Instantiating 1 environments...
[WARNING] [MechanicalObject(unnamed)] Could not read value for data field showColor: 1.0 0.0 1.0 
[WARNING] [InteractiveCamera(camera)] Too many missing parameters ; taking default ...
[WARNING] [UncoupledConstraintCorrection(UncoupledConstraintCorrection)] Using 10 as initial compliance
[WARNING] [FastTetrahedralCorotationalForceField(FastTetrahedralCorotationalForceField)] buildStiffnessMatrix not implemented: for compatibility reason, the deprecated API (addKToMatrix) will be used. This compatibility will disapear in the future, and will cause issues in simulations. Please update the code of FastTetrahedralCorotationalForceField to ensure right behavior: the function addKToMatrix has been replaced by buildStiffnessMatrix
[WARNING] [FastTetrahedralCorotationalForceField(FastTetrahedralCorotationalForceField)] buildDampingMatrix not implemented: for compatibility reason, the deprecated API (addBToMatrix) will be used. This compatibility will disapear in the future, and will cause issues in simulations. Please update the code of FastTetrahedralCorotationalForceField to ensure right behavior: the function addBToMatrix has been replaced by buildDampingMatrix
[WARNING] [UniformVelocityDampingForceField(UniformVelocityDampingForceField)] buildStiffnessMatrix not implemented: for compatibility reason, the deprecated API (addKToMatrix) will be used. This compatibility will disapear in the future, and will cause issues in simulations. Please update the code of UniformVelocityDampingForceField to ensure right behavior: the function addKToMatrix has been replaced by buildStiffnessMatrix
[WARNING] [BeamFEMForceField(BeamFEMForceField)] buildDampingMatrix not implemented: for compatibility reason, the deprecated API (addBToMatrix) will be used. This compatibility will disapear in the future, and will cause issues in simulations. Please update the code of BeamFEMForceField to ensure right behavior: the function addBToMatrix has been replaced by buildDampingMatrix
Environments instantiated.
AuxPcSAC: Given sampler batch size 2560, training batch size 128, and replay ratio 32, there will be 640 updates per iteration.
AuxPcSAC: Using learnable entropy coefficient with target entropy of -4
RLRunner: Starting training...
RLRunner: Saving log files to /home/michaelbezick/Repos/pprlPCA/wandb/run-20250724_194834-knmcjrma/files
  0%|          | 0/450000 [00:00<?, ?steps/s]RLRunner: Evaluating agent...
EvalSampler: Resetting all environments.
EvalSampler: Resetting agent.
Saved video of policy to videos/2025-07-24/knmcjrma/nominal/policy_step_0.mp4.
wandb: WARNING `fps` argument does not affect the frame rate of the video when providing a file path or raw bytes.
wandb: WARNING Step cannot be set when using tensorboard syncing. Please use `run.define_metric(...)` to define a custom metric to log your step values.
EvalSampler: Resetting all environments.
EvalSampler: Resetting agent.
EvalSampler: Resetting all environments.
EvalSampler: Resetting agent.
EvalSampler: Resetting all environments.
EvalSampler: Resetting agent.
EvalSampler: Resetting all environments.
EvalSampler: Resetting agent.
EvalSampler: Resetting all environments.
[WARNING]: Peg started inside cylinder on reset after 50 steps of letting the simulation settle. Will reset again.
EvalSampler: Resetting agent.
EvalSampler: Resetting all environments.
EvalSampler: Resetting agent.
EvalSampler: Resetting all environments.
EvalSampler: Resetting agent.
EvalSampler: Resetting all environments.
EvalSampler: Resetting agent.
EvalSampler: Resetting all environments.
EvalSampler: Resetting agent.
EvalSampler: Resetting all environments.
EvalSampler: Resetting agent.
EvalSampler: Resetting all environments.
EvalSampler: Resetting agent.
EvalSampler: Resetting all environments.
EvalSampler: Resetting agent.
EvalSampler: Resetting all environments.
EvalSampler: Resetting agent.
EvalSampler: Resetting all environments.
EvalSampler: Resetting agent.
RLRunner: Finished evaluating agent.
                                               0%|          | 0/450000 [05:23<?, ?steps/s]----------------------------------
| eval/               |          |
|    Length           | 300      |
|    Return           | -42.5    |
|    NonzeroRewards   | 300      |
|    DiscountedReturn | -10      |
|    Success          | 0        |
| time/               |          |
|    iterations       | 0        |
|    fps              | 0        |
|    elapsed_time     | 323      |
|    elapsed_steps    | 0        |
----------------------------------
For the first 10000 steps, agent will use a fixed std of 0.75 for exploration.
  1%|          | 2560/450000 [08:06<23:36:29,  5.26steps/s]  1%|          | 5120/450000 [10:48<14:17:05,  8.65steps/s]  1%|          | 5120/450000 [11:00<14:17:05,  8.65steps/s]  2%|▏         | 7680/450000 [13:37<11:24:18, 10.77steps/s]                                                             2%|▏         | 7680/450000 [13:37<11:24:18, 10.77steps/s]----------------------------------
| rollout/            |          |
|    Length           | 300      |
|    Return           | -88.5    |
|    NonzeroRewards   | 300      |
|    DiscountedReturn | -27.3    |
|    Success          | 0        |
| time/               |          |
|    iterations       | 3        |
|    fps              | 15.5     |
|    elapsed_time     | 817      |
|    elapsed_steps    | 7680     |
----------------------------------
  2%|▏         | 7680/450000 [13:50<11:24:18, 10.77steps/s]  2%|▏         | 10240/450000 [18:33<12:27:09,  9.81steps/s]  3%|▎         | 12800/450000 [23:36<13:05:49,  9.27steps/s]  3%|▎         | 15360/450000 [28:34<13:22:27,  9.03steps/s]                                                              3%|▎         | 15360/450000 [28:34<13:22:27,  9.03steps/s]-----------------------------------
| algo/                |          |
|    critic_loss       | 0.183    |
|    mean_entropy      | 2.72     |
|    mean_ent_bonus    | 0.247    |
|    max_target_q      | -0.348   |
|    min_target_q      | -0.673   |
|    max_reward        | 1.09     |
|    min_reward        | -2.11    |
|    chamfer_loss      | 954      |
|    encoder_grad_norm | 228      |
|    q1_grad_norm      | 0.208    |
|    q2_grad_norm      | 0.199    |
|    actor_loss        | 0.308    |
|    ent_coeff         | 0.091    |
|    ent_coeff_loss    | -16.1    |
|    pi_grad_norm      | 0.08     |
|    n_updates         | 1920     |
| rollout/             |          |
|    Length            | 300      |
|    Return            | -97.5    |
|    NonzeroRewards    | 300      |
|    DiscountedReturn  | -27.6    |
|    Success           | 0        |
| time/                |          |
|    iterations        | 6        |
|    fps               | 8.55     |
|    elapsed_time      | 1.71e+03 |
|    elapsed_steps     | 15360    |
-----------------------------------
  4%|▍         | 17920/450000 [33:33<13:31:43,  8.87steps/s]RLRunner: Evaluating agent...
EvalSampler: Resetting all environments.
EvalSampler: Resetting agent.
Saved video of policy to videos/2025-07-24/knmcjrma/nominal/policy_step_17920.mp4.
wandb: WARNING `fps` argument does not affect the frame rate of the video when providing a file path or raw bytes.
EvalSampler: Resetting all environments.
EvalSampler: Resetting agent.
EvalSampler: Resetting all environments.
EvalSampler: Resetting agent.
EvalSampler: Resetting all environments.
EvalSampler: Resetting agent.
EvalSampler: Resetting all environments.
EvalSampler: Resetting agent.
EvalSampler: Resetting all environments.
EvalSampler: Resetting agent.
EvalSampler: Resetting all environments.
EvalSampler: Resetting agent.
EvalSampler: Resetting all environments.
EvalSampler: Resetting agent.
EvalSampler: Resetting all environments.
EvalSampler: Resetting agent.
EvalSampler: Resetting all environments.
EvalSampler: Resetting agent.
EvalSampler: Resetting all environments.
EvalSampler: Resetting agent.
EvalSampler: Resetting all environments.
EvalSampler: Resetting agent.
EvalSampler: Resetting all environments.
EvalSampler: Resetting agent.
EvalSampler: Resetting all environments.
EvalSampler: Resetting agent.
EvalSampler: Resetting all environments.
EvalSampler: Resetting agent.
RLRunner: Finished evaluating agent.
  5%|▍         | 20480/450000 [44:07<18:33:52,  6.43steps/s]  5%|▌         | 23040/450000 [49:03<16:58:36,  6.99steps/s]                                                              5%|▌         | 23040/450000 [49:03<16:58:36,  6.99steps/s]-----------------------------------
| algo/                |          |
|    critic_loss       | 0.216    |
|    mean_entropy      | 2.72     |
|    mean_ent_bonus    | 0.204    |
|    max_target_q      | -1.73    |
|    min_target_q      | -2.67    |
|    max_reward        | 1.18     |
|    min_reward        | -2.1     |
|    chamfer_loss      | 235      |
|    encoder_grad_norm | 149      |
|    q1_grad_norm      | 0.484    |
|    q2_grad_norm      | 0.461    |
|    actor_loss        | 2.16     |
|    ent_coeff         | 0.0751   |
|    ent_coeff_loss    | -17.4    |
|    pi_grad_norm      | 0.0456   |
|    n_updates         | 3840     |
| eval/                |          |
|    Length            | 300      |
|    Return            | -36.4    |
|    NonzeroRewards    | 300      |
|    DiscountedReturn  | -9.27    |
|    Success           | 0        |
| rollout/             |          |
|    Length            | 300      |
|    Return            | -116     |
|    NonzeroRewards    | 300      |
|    DiscountedReturn  | -34.2    |
|    Success           | 0        |
| time/                |          |
|    iterations        | 9        |
|    fps               | 6.25     |
|    elapsed_time      | 2.94e+03 |
|    elapsed_steps     | 23040    |
-----------------------------------
  6%|▌         | 25600/450000 [54:04<15:56:33,  7.39steps/s]  6%|▋         | 28160/450000 [58:58<15:06:46,  7.75steps/s]  7%|▋         | 30720/450000 [1:03:59<14:37:19,  7.97steps/s]                                                                7%|▋         | 30720/450000 [1:03:59<14:37:19,  7.97steps/s]-----------------------------------
| rollout/             |          |
|    Length            | 300      |
|    Return            | -97.3    |
|    NonzeroRewards    | 300      |
|    DiscountedReturn  | -27.6    |
|    Success           | 0        |
| algo/                |          |
|    critic_loss       | 0.286    |
|    mean_entropy      | 2.72     |
|    mean_ent_bonus    | 0.169    |
|    max_target_q      | -3.4     |
|    min_target_q      | -5.12    |
|    max_reward        | 1.45     |
|    min_reward        | -2.39    |
|    chamfer_loss      | 154      |
|    encoder_grad_norm | 159      |
|    q1_grad_norm      | 0.845    |
|    q2_grad_norm      | 0.802    |
|    actor_loss        | 4.46     |
|    ent_coeff         | 0.062    |
|    ent_coeff_loss    | -18.7    |
|    pi_grad_norm      | 0.036    |
|    n_updates         | 5760     |
| time/                |          |
|    iterations        | 12       |
|    fps               | 8.57     |
|    elapsed_time      | 3.84e+03 |
|    elapsed_steps     | 30720    |
-----------------------------------
  7%|▋         | 33280/450000 [1:08:56<14:11:43,  8.15steps/s]  8%|▊         | 35840/450000 [1:13:52<13:51:39,  8.30steps/s]RLRunner: Evaluating agent...
EvalSampler: Resetting all environments.
EvalSampler: Resetting agent.
Saved video of policy to videos/2025-07-24/knmcjrma/nominal/policy_step_35840.mp4.
wandb: WARNING `fps` argument does not affect the frame rate of the video when providing a file path or raw bytes.
EvalSampler: Resetting all environments.
EvalSampler: Resetting agent.
EvalSampler: Resetting all environments.
EvalSampler: Resetting agent.
EvalSampler: Resetting all environments.
EvalSampler: Resetting agent.
EvalSampler: Resetting all environments.
EvalSampler: Resetting agent.
EvalSampler: Resetting all environments.
EvalSampler: Resetting agent.
EvalSampler: Resetting all environments.
EvalSampler: Resetting agent.
EvalSampler: Resetting all environments.
EvalSampler: Resetting agent.
EvalSampler: Resetting all environments.
EvalSampler: Resetting agent.
EvalSampler: Resetting all environments.
EvalSampler: Resetting agent.
EvalSampler: Resetting all environments.
EvalSampler: Resetting agent.
EvalSampler: Resetting all environments.
EvalSampler: Resetting agent.
EvalSampler: Resetting all environments.
EvalSampler: Resetting agent.
EvalSampler: Resetting all environments.
EvalSampler: Resetting agent.
EvalSampler: Resetting all environments.
EvalSampler: Resetting agent.
RLRunner: Finished evaluating agent.
  9%|▊         | 38400/450000 [1:24:16<18:01:55,  6.34steps/s]                                                                9%|▊         | 38400/450000 [1:24:16<18:01:55,  6.34steps/s]-----------------------------------
| algo/                |          |
|    critic_loss       | 0.278    |
|    mean_entropy      | 2.72     |
|    mean_ent_bonus    | 0.139    |
|    max_target_q      | -5.71    |
|    min_target_q      | -7.74    |
|    max_reward        | 1.44     |
|    min_reward        | -2.32    |
|    chamfer_loss      | 116      |
|    encoder_grad_norm | 147      |
|    q1_grad_norm      | 1.15     |
|    q2_grad_norm      | 1.09     |
|    actor_loss        | 6.92     |
|    ent_coeff         | 0.0511   |
|    ent_coeff_loss    | -20      |
|    pi_grad_norm      | 0.0288   |
|    n_updates         | 7680     |
| eval/                |          |
|    Length            | 300      |
|    Return            | -38.3    |
|    NonzeroRewards    | 300      |
|    DiscountedReturn  | -10.2    |
|    Success           | 0        |
| rollout/             |          |
|    Length            | 300      |
|    Return            | -80.2    |
|    NonzeroRewards    | 300      |
|    DiscountedReturn  | -23.7    |
|    Success           | 0        |
| time/                |          |
|    iterations        | 15       |
|    fps               | 6.31     |
|    elapsed_time      | 5.06e+03 |
|    elapsed_steps     | 38400    |
-----------------------------------
  9%|▉         | 40960/450000 [1:29:11<16:28:08,  6.90steps/s] 10%|▉         | 43520/450000 [1:34:10<15:24:36,  7.33steps/s] 10%|█         | 46080/450000 [1:39:06<14:35:57,  7.69steps/s]                                                               10%|█         | 46080/450000 [1:39:06<14:35:57,  7.69steps/s]-----------------------------------
| algo/                |          |
|    critic_loss       | 0.281    |
|    mean_entropy      | 2.72     |
|    mean_ent_bonus    | 0.115    |
|    max_target_q      | -8.08    |
|    min_target_q      | -10.4    |
|    max_reward        | 1.41     |
|    min_reward        | -2.31    |
|    chamfer_loss      | 106      |
|    encoder_grad_norm | 151      |
|    q1_grad_norm      | 1.6      |
|    q2_grad_norm      | 1.48     |
|    actor_loss        | 9.55     |
|    ent_coeff         | 0.0422   |
|    ent_coeff_loss    | -21.3    |
|    pi_grad_norm      | 0.0251   |
|    n_updates         | 9600     |
| rollout/             |          |
|    Length            | 300      |
|    Return            | -114     |
|    NonzeroRewards    | 300      |
|    DiscountedReturn  | -36.5    |
|    Success           | 0        |
| time/                |          |
|    iterations        | 18       |
|    fps               | 8.64     |
|    elapsed_time      | 5.95e+03 |
|    elapsed_steps     | 46080    |
-----------------------------------
 11%|█         | 48640/450000 [1:44:06<14:04:44,  7.92steps/s] 11%|█▏        | 51200/450000 [1:48:59<13:35:38,  8.15steps/s] 12%|█▏        | 53760/450000 [1:53:53<13:14:56,  8.31steps/s]RLRunner: Evaluating agent...
EvalSampler: Resetting all environments.
EvalSampler: Resetting agent.

########## SIG 15 - SIGTERM: a termination request was sent to the program ##########
  sofa::helper::BackTrace::sig(int)
  sofa::component::statecontainer::MechanicalObject<sofa::defaulttype::StdVectorTypes<sofa::type::Vec<3u, double>, sofa::type::Vec<3u, double>, double> >::write(sofa::core::TVecId<(sofa::core::VecType)2, (sofa::core::VecAccess)1>)
  sofa::component::statecontainer::MechanicalObject<sofa::defaulttype::StdVectorTypes<sofa::type::Vec<3u, double>, sofa::type::Vec<3u, double>, double> >::vInit(sofa::core::ExecParams const*, sofa::core::TVecId<(sofa::core::VecType)2, (sofa::core::VecAccess)1>, sofa::core::TVecId<(sofa::core::VecType)2, (sofa::core::VecAccess)0>)
  sofa::simulation::mechanicalvisitor::MechanicalVInitVisitor<(sofa::core::VecType)2>::fwdMappedMechanicalState(sofa::simulation::Node*, sofa::core::behavior::BaseMechanicalState*)
  sofa::simulation::Visitor::Result sofa::simulation::Visitor::runVisitorTask<sofa::simulation::BaseMechanicalVisitor, sofa::simulation::Visitor::VisitorContext, sofa::core::behavior::BaseMechanicalState>(sofa::simulation::BaseMechanicalVisitor*, sofa::simulation::Visitor::VisitorContext*, sofa::simulation::Visitor::Result (sofa::simulation::BaseMechanicalVisitor::*)(sofa::simulation::Visitor::VisitorContext*, sofa::core::behavior::BaseMechanicalState*), sofa::core::behavior::BaseMechanicalState*, std::__cxx11::basic_string<char, std::char_traits<char>, std::allocator<char> > const&)
  sofa::simulation::BaseMechanicalVisitor::processNodeTopDown(sofa::simulation::Node*, sofa::simulation::Visitor::VisitorContext*)
  sofa::simulation::BaseMechanicalVisitor::processNodeTopDown(sofa::simulation::Node*)
  sofa::simulation::graph::DAGNode::executeVisitorTopDown(sofa::simulation::Visitor*, std::__cxx11::list<sofa::simulation::graph::DAGNode*, std::allocator<sofa::simulation::graph::DAGNode*> >&, std::map<sofa::simulation::graph::DAGNode*, sofa::simulation::graph::DAGNode::StatusStruct, std::less<sofa::simulation::graph::DAGNode*>, std::allocator<std::pair<sofa::simulation::graph::DAGNode* const, sofa::simulation::graph::DAGNode::StatusStruct> > >&, sofa::simulation::graph::DAGNode*)
  sofa::simulation::graph::DAGNode::executeVisitorTopDown(sofa::simulation::Visitor*, std::__cxx11::list<sofa::simulation::graph::DAGNode*, std::allocator<sofa::simulation::graph::DAGNode*> >&, std::map<sofa::simulation::graph::DAGNode*, sofa::simulation::graph::DAGNode::StatusStruct, std::less<sofa::simulation::graph::DAGNode*>, std::allocator<std::pair<sofa::simulation::graph::DAGNode* const, sofa::simulation::graph::DAGNode::StatusStruct> > >&, sofa::simulation::graph::DAGNode*)
  sofa::simulation::graph::DAGNode::executeVisitorTopDown(sofa::simulation::Visitor*, std::__cxx11::list<sofa::simulation::graph::DAGNode*, std::allocator<sofa::simulation::graph::DAGNode*> >&, std::map<sofa::simulation::graph::DAGNode*, sofa::simulation::graph::DAGNode::StatusStruct, std::less<sofa::simulation::graph::DAGNode*>, std::allocator<std::pair<sofa::simulation::graph::DAGNode* const, sofa::simulation::graph::DAGNode::StatusStruct> > >&, sofa::simulation::graph::DAGNode*)
  sofa::simulation::graph::DAGNode::executeVisitorTopDown(sofa::simulation::Visitor*, std::__cxx11::list<sofa::simulation::graph::DAGNode*, std::allocator<sofa::simulation::graph::DAGNode*> >&, std::map<sofa::simulation::graph::DAGNode*, sofa::simulation::graph::DAGNode::StatusStruct, std::less<sofa::simulation::graph::DAGNode*>, std::allocator<std::pair<sofa::simulation::graph::DAGNode* const, sofa::simulation::graph::DAGNode::StatusStruct> > >&, sofa::simulation::graph::DAGNode*)
  sofa::simulation::graph::DAGNode::doExecuteVisitor(sofa::simulation::Visitor*, bool)
  sofa::component::animationloop::FreeMotionAnimationLoop::step(sofa::core::ExecParams const*, double)
  sofa::simulation::Simulation::animate(sofa::simulation::Node*, double)
  _PyObject_MakeTpCall
  _PyEval_EvalFrameDefault
  _PyEval_EvalFrameDefault
  _PyFunction_Vectorcall
  _PyEval_EvalFrameDefault
  _PyFunction_Vectorcall
  _PyEval_EvalFrameDefault
  _PyFunction_Vectorcall
  _PyEval_EvalFrameDefault
  _PyFunction_Vectorcall
  _PyEval_EvalFrameDefault
  _PyFunction_Vectorcall
  _PyEval_EvalFrameDefault
  _PyEval_EvalFrameDefault
  _PyFunction_Vectorcall
  _PyEval_EvalFrameDefault
  _PyFunction_Vectorcall
  _PyEval_EvalFrameDefault
  _PyFunction_Vectorcall
  _PyEval_EvalFrameDefault
  _PyFunction_Vectorcall
  _PyEval_EvalFrameDefault
  _PyFunction_Vectorcall
  _PyEval_EvalFrameDefault
  _PyFunction_Vectorcall
  _PyEval_EvalFrameDefault
  _PyEval_EvalFrameDefault
  _PyFunction_Vectorcall
  _PyEval_EvalFrameDefault
  _PyFunction_Vectorcall
  _PyEval_EvalFrameDefault
  _PyFunction_Vectorcall
  _PyEval_EvalFrameDefault
  _PyFunction_Vectorcall
  _PyEval_EvalFrameDefault
  _PyFunction_Vectorcall
  _PyEval_EvalFrameDefault
  PyEval_EvalCode
  _PyRun_SimpleFileObject
  _PyRun_AnyFileObject
  Py_RunMain
  Py_BytesMain
  __libc_start_main
