Job 9541090 / array task  on gilbreth-f000.rcac.purdue.edu
CUDA_VISIBLE_DEVICES=0
Group name is:  no_FPS_TF
Instantiating 8 environments...
Environments instantiated.
Instantiating 1 environments...
Environments instantiated.
Instantiating 1 environments...
Environments instantiated.
Instantiating 1 environments...
Environments instantiated.
Instantiating 1 environments...
Environments instantiated.
Instantiating 1 environments...
Environments instantiated.
Instantiating 1 environments...
Environments instantiated.
Instantiating 1 environments...
Environments instantiated.
Instantiating 1 environments...
Environments instantiated.
Instantiating 1 environments...
Environments instantiated.
BasicSampler: Resetting all environments.
BasicSampler: Resetting agent.
AuxPcSAC: Given sampler batch size 5120, training batch size 128, and replay ratio 64, there will be 2560 updates per iteration.
AuxPcSAC: Using learnable entropy coefficient with target entropy of -8
RLRunner: Starting training...
RLRunner: Saving log files to /scratch/gilbreth/mbezick/pprlPCA2/wandb/run-20250911_141746-m9x2foko/files
RLRunner: Evaluating agent...
EvalSampler: Resetting all environments.
EvalSampler: Resetting agent.
EvalSampler: Resetting all environments.
EvalSampler: Resetting agent.
EvalSampler: Resetting all environments.
EvalSampler: Resetting agent.
EvalSampler: Resetting all environments.
EvalSampler: Resetting agent.
EvalSampler: Resetting all environments.
EvalSampler: Resetting agent.
EvalSampler: Resetting all environments.
EvalSampler: Resetting agent.
EvalSampler: Resetting all environments.
EvalSampler: Resetting agent.
Saved video of policy to videos/2025-09-11/m9x2foko/nominal/policy_step_0.mp4.
EvalSampler: Resetting all environments.
EvalSampler: Resetting agent.
EvalSampler: Resetting all environments.
EvalSampler: Resetting agent.
EvalSampler: Resetting all environments.
EvalSampler: Resetting agent.
EvalSampler: Resetting all environments.
EvalSampler: Resetting agent.
EvalSampler: Resetting all environments.
EvalSampler: Resetting agent.
EvalSampler: Resetting all environments.
EvalSampler: Resetting agent.
EvalSampler: Resetting all environments.
EvalSampler: Resetting agent.
EvalSampler: Resetting all environments.
EvalSampler: Resetting agent.
EvalSampler: Resetting all environments.
EvalSampler: Resetting agent.
EvalSampler: Resetting all environments.
EvalSampler: Resetting agent.
EvalSampler: Resetting all environments.
EvalSampler: Resetting agent.
RLRunner: Finished evaluating agent.
----------------------------------
| eval/               |          |
|    Length           | 200      |
|    Return           | 0.358    |
|    NonzeroRewards   | 200      |
|    DiscountedReturn | 0.358    |
|    Success          | 0        |
|    SuccessLength    | 200      |
| time/               |          |
|    iterations       | 0        |
|    fps              | 0        |
|    elapsed_time     | 136      |
|    elapsed_steps    | 0        |
----------------------------------
For the first 10000 steps, agent will use a fixed std of 0.75 for exploration.
----------------------------------
| rollout/            |          |
|    Length           | 200      |
|    Return           | 0.339    |
|    NonzeroRewards   | 200      |
|    DiscountedReturn | 0.339    |
|    Success          | 0        |
|    SuccessLength    | 200      |
| time/               |          |
|    iterations       | 1        |
|    fps              | 114      |
|    elapsed_time     | 181      |
|    elapsed_steps    | 5120     |
----------------------------------
-----------------------------------
| rollout/             |          |
|    Length            | 200      |
|    Return            | 0.332    |
|    NonzeroRewards    | 200      |
|    DiscountedReturn  | 0.332    |
|    Success           | 0        |
|    SuccessLength     | 200      |
| algo/                |          |
|    critic_loss       | 0.00124  |
|    mean_entropy      | 5.46     |
|    mean_ent_bonus    | 0.482    |
|    max_target_q      | 2.11     |
|    min_target_q      | 2.08     |
|    max_reward        | 0.00495  |
|    min_reward        | 0.00112  |
|    chamfer_loss      | 0.00146  |
|    encoder_grad_norm | 0.048    |
|    q1_grad_norm      | 0.105    |
|    q2_grad_norm      | 0.11     |
|    actor_loss        | -2.67    |
|    ent_coeff         | 0.0882   |
|    ent_coeff_loss    | -32.7    |
|    pi_grad_norm      | 0.0895   |
|    n_updates         | 2560     |
| time/                |          |
|    iterations        | 2        |
|    fps               | 6.27     |
|    elapsed_time      | 997      |
|    elapsed_steps     | 10240    |
-----------------------------------
RLRunner: Evaluating agent...
EvalSampler: Resetting all environments.
EvalSampler: Resetting agent.
EvalSampler: Resetting all environments.
EvalSampler: Resetting agent.
EvalSampler: Resetting all environments.
EvalSampler: Resetting agent.
EvalSampler: Resetting all environments.
EvalSampler: Resetting agent.
EvalSampler: Resetting all environments.
EvalSampler: Resetting agent.
EvalSampler: Resetting all environments.
EvalSampler: Resetting agent.
EvalSampler: Resetting all environments.
EvalSampler: Resetting agent.
Saved video of policy to videos/2025-09-11/m9x2foko/nominal/policy_step_15360.mp4.
EvalSampler: Resetting all environments.
EvalSampler: Resetting agent.
EvalSampler: Resetting all environments.
EvalSampler: Resetting agent.
EvalSampler: Resetting all environments.
EvalSampler: Resetting agent.
EvalSampler: Resetting all environments.
EvalSampler: Resetting agent.
EvalSampler: Resetting all environments.
EvalSampler: Resetting agent.
EvalSampler: Resetting all environments.
EvalSampler: Resetting agent.
EvalSampler: Resetting all environments.
EvalSampler: Resetting agent.
EvalSampler: Resetting all environments.
EvalSampler: Resetting agent.
EvalSampler: Resetting all environments.
EvalSampler: Resetting agent.
EvalSampler: Resetting all environments.
EvalSampler: Resetting agent.
EvalSampler: Resetting all environments.
EvalSampler: Resetting agent.
RLRunner: Finished evaluating agent.
-----------------------------------
| rollout/             |          |
|    Length            | 200      |
|    Return            | 0.437    |
|    NonzeroRewards    | 200      |
|    DiscountedReturn  | 0.437    |
|    Success           | 0        |
|    SuccessLength     | 200      |
| algo/                |          |
|    critic_loss       | 0.000528 |
|    mean_entropy      | 5.46     |
|    mean_ent_bonus    | 0.373    |
|    max_target_q      | 2.27     |
|    min_target_q      | 2.24     |
|    max_reward        | 0.00552  |
|    min_reward        | 0.00112  |
|    chamfer_loss      | 0.000699 |
|    encoder_grad_norm | 0.0183   |
|    q1_grad_norm      | 0.0637   |
|    q2_grad_norm      | 0.0644   |
|    actor_loss        | -2.61    |
|    ent_coeff         | 0.0683   |
|    ent_coeff_loss    | -36.2    |
|    pi_grad_norm      | 0.051    |
|    n_updates         | 5120     |
| eval/                |          |
|    Length            | 200      |
|    Return            | 0.661    |
|    NonzeroRewards    | 200      |
|    DiscountedReturn  | 0.661    |
|    Success           | 0        |
|    SuccessLength     | 200      |
| time/                |          |
|    iterations        | 3        |
|    fps               | 5.42     |
|    elapsed_time      | 1.94e+03 |
|    elapsed_steps     | 15360    |
-----------------------------------
-----------------------------------
| rollout/             |          |
|    Length            | 200      |
|    Return            | 0.557    |
|    NonzeroRewards    | 200      |
|    DiscountedReturn  | 0.557    |
|    Success           | 0        |
|    SuccessLength     | 200      |
| algo/                |          |
|    critic_loss       | 0.000297 |
|    mean_entropy      | 5.47     |
|    mean_ent_bonus    | 0.289    |
|    max_target_q      | 1.78     |
|    min_target_q      | 1.75     |
|    max_reward        | 0.00614  |
|    min_reward        | 0.00112  |
|    chamfer_loss      | 0.000542 |
|    encoder_grad_norm | 0.0166   |
|    q1_grad_norm      | 0.0366   |
|    q2_grad_norm      | 0.0365   |
|    actor_loss        | -2.04    |
|    ent_coeff         | 0.0529   |
|    ent_coeff_loss    | -39.6    |
|    pi_grad_norm      | 0.0348   |
|    n_updates         | 7680     |
| time/                |          |
|    iterations        | 4        |
|    fps               | 6.32     |
|    elapsed_time      | 2.75e+03 |
|    elapsed_steps     | 20480    |
-----------------------------------
-----------------------------------
| rollout/             |          |
|    Length            | 200      |
|    Return            | 0.682    |
|    NonzeroRewards    | 200      |
|    DiscountedReturn  | 0.682    |
|    Success           | 0        |
|    SuccessLength     | 200      |
| algo/                |          |
|    critic_loss       | 0.000174 |
|    mean_entropy      | 5.47     |
|    mean_ent_bonus    | 0.224    |
|    max_target_q      | 1.39     |
|    min_target_q      | 1.36     |
|    max_reward        | 0.00923  |
|    min_reward        | 0.00112  |
|    chamfer_loss      | 0.000462 |
|    encoder_grad_norm | 0.0147   |
|    q1_grad_norm      | 0.0229   |
|    q2_grad_norm      | 0.0228   |
|    actor_loss        | -1.58    |
|    ent_coeff         | 0.0409   |
|    ent_coeff_loss    | -43.1    |
|    pi_grad_norm      | 0.0254   |
|    n_updates         | 10240    |
| time/                |          |
|    iterations        | 5        |
|    fps               | 6.31     |
|    elapsed_time      | 3.56e+03 |
|    elapsed_steps     | 25600    |
-----------------------------------
RLRunner: Evaluating agent...
EvalSampler: Resetting all environments.
EvalSampler: Resetting agent.
EvalSampler: Resetting all environments.
EvalSampler: Resetting agent.
EvalSampler: Resetting all environments.
EvalSampler: Resetting agent.
EvalSampler: Resetting all environments.
EvalSampler: Resetting agent.
EvalSampler: Resetting all environments.
EvalSampler: Resetting agent.
EvalSampler: Resetting all environments.
EvalSampler: Resetting agent.
EvalSampler: Resetting all environments.
EvalSampler: Resetting agent.
Saved video of policy to videos/2025-09-11/m9x2foko/nominal/policy_step_30720.mp4.
EvalSampler: Resetting all environments.
EvalSampler: Resetting agent.
EvalSampler: Resetting all environments.
EvalSampler: Resetting agent.
EvalSampler: Resetting all environments.
EvalSampler: Resetting agent.
EvalSampler: Resetting all environments.
EvalSampler: Resetting agent.
EvalSampler: Resetting all environments.
EvalSampler: Resetting agent.
EvalSampler: Resetting all environments.
EvalSampler: Resetting agent.
EvalSampler: Resetting all environments.
EvalSampler: Resetting agent.
EvalSampler: Resetting all environments.
EvalSampler: Resetting agent.
EvalSampler: Resetting all environments.
EvalSampler: Resetting agent.
EvalSampler: Resetting all environments.
EvalSampler: Resetting agent.
EvalSampler: Resetting all environments.
EvalSampler: Resetting agent.
RLRunner: Finished evaluating agent.
-----------------------------------
| rollout/             |          |
|    Length            | 200      |
|    Return            | 0.845    |
|    NonzeroRewards    | 200      |
|    DiscountedReturn  | 0.845    |
|    Success           | 0        |
|    SuccessLength     | 200      |
| algo/                |          |
|    critic_loss       | 0.000106 |
|    mean_entropy      | 5.47     |
|    mean_ent_bonus    | 0.173    |
|    max_target_q      | 1.09     |
|    min_target_q      | 1.05     |
|    max_reward        | 0.0111   |
|    min_reward        | 0.00112  |
|    chamfer_loss      | 0.000409 |
|    encoder_grad_norm | 0.0137   |
|    q1_grad_norm      | 0.0156   |
|    q2_grad_norm      | 0.0154   |
|    actor_loss        | -1.23    |
|    ent_coeff         | 0.0317   |
|    ent_coeff_loss    | -46.5    |
|    pi_grad_norm      | 0.0186   |
|    n_updates         | 12800    |
| eval/                |          |
|    Length            | 200      |
|    Return            | 0.719    |
|    NonzeroRewards    | 200      |
|    DiscountedReturn  | 0.719    |
|    Success           | 0        |
|    SuccessLength     | 200      |
| time/                |          |
|    iterations        | 6        |
|    fps               | 5.45     |
|    elapsed_time      | 4.5e+03  |
|    elapsed_steps     | 30720    |
-----------------------------------
-----------------------------------
| rollout/             |          |
|    Length            | 200      |
|    Return            | 0.733    |
|    NonzeroRewards    | 200      |
|    DiscountedReturn  | 0.733    |
|    Success           | 0        |
|    SuccessLength     | 200      |
| algo/                |          |
|    critic_loss       | 0.000293 |
|    mean_entropy      | 5.47     |
|    mean_ent_bonus    | 0.134    |
|    max_target_q      | 0.864    |
|    min_target_q      | 0.821    |
|    max_reward        | 0.0115   |
|    min_reward        | 0.00112  |
|    chamfer_loss      | 0.000382 |
|    encoder_grad_norm | 0.0131   |
|    q1_grad_norm      | 0.0113   |
|    q2_grad_norm      | 0.0134   |
|    actor_loss        | -0.962   |
|    ent_coeff         | 0.0245   |
|    ent_coeff_loss    | -50      |
|    pi_grad_norm      | 0.0138   |
|    n_updates         | 15360    |
| time/                |          |
|    iterations        | 7        |
|    fps               | 6.26     |
|    elapsed_time      | 5.32e+03 |
|    elapsed_steps     | 35840    |
-----------------------------------
-----------------------------------
| rollout/             |          |
|    Length            | 200      |
|    Return            | 0.727    |
|    NonzeroRewards    | 200      |
|    DiscountedReturn  | 0.727    |
|    Success           | 0        |
|    SuccessLength     | 200      |
| algo/                |          |
|    critic_loss       | 3.54e-05 |
|    mean_entropy      | 5.47     |
|    mean_ent_bonus    | 0.104    |
|    max_target_q      | 0.687    |
|    min_target_q      | 0.633    |
|    max_reward        | 0.012    |
|    min_reward        | 0.00112  |
|    chamfer_loss      | 0.000358 |
|    encoder_grad_norm | 0.0122   |
|    q1_grad_norm      | 0.00453  |
|    q2_grad_norm      | 0.0053   |
|    actor_loss        | -0.747   |
|    ent_coeff         | 0.019    |
|    ent_coeff_loss    | -53.4    |
|    pi_grad_norm      | 0.0104   |
|    n_updates         | 17920    |
| time/                |          |
|    iterations        | 8        |
|    fps               | 6.32     |
|    elapsed_time      | 6.13e+03 |
|    elapsed_steps     | 40960    |
-----------------------------------
RLRunner: Evaluating agent...
EvalSampler: Resetting all environments.
EvalSampler: Resetting agent.
EvalSampler: Resetting all environments.
EvalSampler: Resetting agent.
EvalSampler: Resetting all environments.
EvalSampler: Resetting agent.
EvalSampler: Resetting all environments.
EvalSampler: Resetting agent.
EvalSampler: Resetting all environments.
EvalSampler: Resetting agent.
EvalSampler: Resetting all environments.
EvalSampler: Resetting agent.
EvalSampler: Resetting all environments.
EvalSampler: Resetting agent.
Saved video of policy to videos/2025-09-11/m9x2foko/nominal/policy_step_46080.mp4.
EvalSampler: Resetting all environments.
EvalSampler: Resetting agent.
EvalSampler: Resetting all environments.
EvalSampler: Resetting agent.
EvalSampler: Resetting all environments.
EvalSampler: Resetting agent.
EvalSampler: Resetting all environments.
EvalSampler: Resetting agent.
EvalSampler: Resetting all environments.
EvalSampler: Resetting agent.
EvalSampler: Resetting all environments.
EvalSampler: Resetting agent.
EvalSampler: Resetting all environments.
EvalSampler: Resetting agent.
EvalSampler: Resetting all environments.
EvalSampler: Resetting agent.
EvalSampler: Resetting all environments.
EvalSampler: Resetting agent.
EvalSampler: Resetting all environments.
EvalSampler: Resetting agent.
EvalSampler: Resetting all environments.
EvalSampler: Resetting agent.
RLRunner: Finished evaluating agent.
-----------------------------------
| rollout/             |          |
|    Length            | 200      |
|    Return            | 0.75     |
|    NonzeroRewards    | 200      |
|    DiscountedReturn  | 0.75     |
|    Success           | 0        |
|    SuccessLength     | 200      |
| algo/                |          |
|    critic_loss       | 2.52e-05 |
|    mean_entropy      | 5.47     |
|    mean_ent_bonus    | 0.0804   |
|    max_target_q      | 0.561    |
|    min_target_q      | 0.492    |
|    max_reward        | 0.0137   |
|    min_reward        | 0.00112  |
|    chamfer_loss      | 0.000341 |
|    encoder_grad_norm | 0.0117   |
|    q1_grad_norm      | 0.00446  |
|    q2_grad_norm      | 0.00531  |
|    actor_loss        | -0.583   |
|    ent_coeff         | 0.0147   |
|    ent_coeff_loss    | -56.9    |
|    pi_grad_norm      | 0.00811  |
|    n_updates         | 20480    |
| eval/                |          |
|    Length            | 200      |
|    Return            | 0.835    |
|    NonzeroRewards    | 200      |
|    DiscountedReturn  | 0.835    |
|    Success           | 0        |
|    SuccessLength     | 200      |
| time/                |          |
|    iterations        | 9        |
|    fps               | 5.44     |
|    elapsed_time      | 7.07e+03 |
|    elapsed_steps     | 46080    |
-----------------------------------
