Job 9541087 / array task  on gilbreth-e013.rcac.purdue.edu
CUDA_VISIBLE_DEVICES=0
Group name is:  PCA_OCD
Instantiating 8 environments...
Environments instantiated.
Instantiating 1 environments...
Environments instantiated.
Instantiating 1 environments...
Environments instantiated.
Instantiating 1 environments...
Environments instantiated.
Instantiating 1 environments...
Environments instantiated.
Instantiating 1 environments...
Environments instantiated.
Instantiating 1 environments...
Environments instantiated.
Instantiating 1 environments...
Environments instantiated.
Instantiating 1 environments...
Environments instantiated.
Instantiating 1 environments...
Environments instantiated.
BasicSampler: Resetting all environments.
BasicSampler: Resetting agent.
AuxPcSAC: Given sampler batch size 5120, training batch size 128, and replay ratio 64, there will be 2560 updates per iteration.
AuxPcSAC: Using learnable entropy coefficient with target entropy of -12
RLRunner: Starting training...
RLRunner: Saving log files to /scratch/gilbreth/mbezick/pprlPCA2/wandb/run-20250911_141746-teizdc7p/files
RLRunner: Evaluating agent...
EvalSampler: Resetting all environments.
EvalSampler: Resetting agent.
EvalSampler: Resetting all environments.
EvalSampler: Resetting agent.
EvalSampler: Resetting all environments.
EvalSampler: Resetting agent.
EvalSampler: Resetting all environments.
EvalSampler: Resetting agent.
EvalSampler: Resetting all environments.
EvalSampler: Resetting agent.
EvalSampler: Resetting all environments.
EvalSampler: Resetting agent.
EvalSampler: Resetting all environments.
EvalSampler: Resetting agent.
Saved video of policy to videos/2025-09-11/teizdc7p/nominal/policy_step_0.mp4.
EvalSampler: Resetting all environments.
EvalSampler: Resetting agent.
EvalSampler: Resetting all environments.
EvalSampler: Resetting agent.
EvalSampler: Resetting all environments.
EvalSampler: Resetting agent.
EvalSampler: Resetting all environments.
EvalSampler: Resetting agent.
EvalSampler: Resetting all environments.
EvalSampler: Resetting agent.
EvalSampler: Resetting all environments.
EvalSampler: Resetting agent.
EvalSampler: Resetting all environments.
EvalSampler: Resetting agent.
EvalSampler: Resetting all environments.
EvalSampler: Resetting agent.
EvalSampler: Resetting all environments.
EvalSampler: Resetting agent.
EvalSampler: Resetting all environments.
EvalSampler: Resetting agent.
EvalSampler: Resetting all environments.
EvalSampler: Resetting agent.
RLRunner: Finished evaluating agent.
----------------------------------
| eval/               |          |
|    Length           | 200      |
|    Return           | -222     |
|    NonzeroRewards   | 200      |
|    DiscountedReturn | -222     |
|    Success          | 0        |
|    SuccessLength    | 200      |
|    StageReturn      | -1.4e+03 |
|    EECloseToHandle  | 0        |
|    OpenEnough       | 0        |
| time/               |          |
|    iterations       | 0        |
|    fps              | 0        |
|    elapsed_time     | 223      |
|    elapsed_steps    | 0        |
----------------------------------
For the first 10000 steps, agent will use a fixed std of 0.75 for exploration.
----------------------------------
| rollout/            |          |
|    Length           | 200      |
|    Return           | -217     |
|    NonzeroRewards   | 200      |
|    DiscountedReturn | -217     |
|    Success          | 0        |
|    SuccessLength    | 200      |
|    StageReturn      | -1.4e+03 |
|    EECloseToHandle  | 0        |
|    OpenEnough       | 0        |
| time/               |          |
|    iterations       | 1        |
|    fps              | 7.22     |
|    elapsed_time     | 932      |
|    elapsed_steps    | 5120     |
----------------------------------
-----------------------------------
| rollout/             |          |
|    Length            | 200      |
|    Return            | -218     |
|    NonzeroRewards    | 200      |
|    DiscountedReturn  | -218     |
|    Success           | 0        |
|    SuccessLength     | 200      |
|    StageReturn       | -1.4e+03 |
|    EECloseToHandle   | 0        |
|    OpenEnough        | 0        |
| algo/                |          |
|    critic_loss       | 0.00468  |
|    mean_entropy      | 8.08     |
|    mean_ent_bonus    | 0.714    |
|    max_target_q      | -1.41    |
|    min_target_q      | -3.8     |
|    max_reward        | -0.903   |
|    min_reward        | -1.41    |
|    chamfer_loss      | 0.00427  |
|    color_loss        | 0.00263  |
|    encoder_grad_norm | 0.179    |
|    q1_grad_norm      | 0.207    |
|    q2_grad_norm      | 0.207    |
|    actor_loss        | 1.72     |
|    ent_coeff         | 0.0882   |
|    ent_coeff_loss    | -48.8    |
|    pi_grad_norm      | 0.131    |
|    n_updates         | 2560     |
| time/                |          |
|    iterations        | 2        |
|    fps               | 4.96     |
|    elapsed_time      | 1.96e+03 |
|    elapsed_steps     | 10240    |
-----------------------------------
RLRunner: Evaluating agent...
EvalSampler: Resetting all environments.
EvalSampler: Resetting agent.
EvalSampler: Resetting all environments.
EvalSampler: Resetting agent.
EvalSampler: Resetting all environments.
EvalSampler: Resetting agent.
EvalSampler: Resetting all environments.
EvalSampler: Resetting agent.
EvalSampler: Resetting all environments.
EvalSampler: Resetting agent.
EvalSampler: Resetting all environments.
EvalSampler: Resetting agent.
EvalSampler: Resetting all environments.
