Job 9541074 / array task  on gilbreth-e004.rcac.purdue.edu
CUDA_VISIBLE_DEVICES=0
Group name is:  DR_TF
Instantiating 8 environments...
Environments instantiated.
Instantiating 1 environments...
Environments instantiated.
Instantiating 1 environments...
Environments instantiated.
Instantiating 1 environments...
Environments instantiated.
Instantiating 1 environments...
Environments instantiated.
Instantiating 1 environments...
Environments instantiated.
Instantiating 1 environments...
Environments instantiated.
Instantiating 1 environments...
Environments instantiated.
Instantiating 1 environments...
Environments instantiated.
Instantiating 1 environments...
Environments instantiated.
BasicSampler: Resetting all environments.
BasicSampler: Resetting agent.
AuxPcSAC: Given sampler batch size 5120, training batch size 128, and replay ratio 64, there will be 2560 updates per iteration.
AuxPcSAC: Using learnable entropy coefficient with target entropy of -8
RLRunner: Starting training...
RLRunner: Saving log files to /scratch/gilbreth/mbezick/pprlPCA2/wandb/run-20250911_141441-3ayhe5uq/files
RLRunner: Evaluating agent...
EvalSampler: Resetting all environments.
EvalSampler: Resetting agent.
EvalSampler: Resetting all environments.
EvalSampler: Resetting agent.
EvalSampler: Resetting all environments.
EvalSampler: Resetting agent.
EvalSampler: Resetting all environments.
EvalSampler: Resetting agent.
EvalSampler: Resetting all environments.
EvalSampler: Resetting agent.
EvalSampler: Resetting all environments.
EvalSampler: Resetting agent.
EvalSampler: Resetting all environments.
EvalSampler: Resetting agent.
Saved video of policy to videos/2025-09-11/3ayhe5uq/nominal/policy_step_0.mp4.
EvalSampler: Resetting all environments.
EvalSampler: Resetting agent.
EvalSampler: Resetting all environments.
EvalSampler: Resetting agent.
EvalSampler: Resetting all environments.
EvalSampler: Resetting agent.
EvalSampler: Resetting all environments.
EvalSampler: Resetting agent.
EvalSampler: Resetting all environments.
EvalSampler: Resetting agent.
EvalSampler: Resetting all environments.
EvalSampler: Resetting agent.
EvalSampler: Resetting all environments.
EvalSampler: Resetting agent.
EvalSampler: Resetting all environments.
EvalSampler: Resetting agent.
EvalSampler: Resetting all environments.
EvalSampler: Resetting agent.
EvalSampler: Resetting all environments.
EvalSampler: Resetting agent.
EvalSampler: Resetting all environments.
EvalSampler: Resetting agent.
RLRunner: Finished evaluating agent.
----------------------------------
| eval/               |          |
|    Length           | 200      |
|    Return           | 0.607    |
|    NonzeroRewards   | 200      |
|    DiscountedReturn | 0.607    |
|    Success          | 0        |
|    SuccessLength    | 200      |
| time/               |          |
|    iterations       | 0        |
|    fps              | 0        |
|    elapsed_time     | 158      |
|    elapsed_steps    | 0        |
----------------------------------
For the first 10000 steps, agent will use a fixed std of 0.75 for exploration.
----------------------------------
| rollout/            |          |
|    Length           | 200      |
|    Return           | 0.69     |
|    NonzeroRewards   | 200      |
|    DiscountedReturn | 0.69     |
|    Success          | 0        |
|    SuccessLength    | 200      |
| time/               |          |
|    iterations       | 1        |
|    fps              | 126      |
|    elapsed_time     | 198      |
|    elapsed_steps    | 5120     |
----------------------------------
-----------------------------------
| rollout/             |          |
|    Length            | 200      |
|    Return            | 0.628    |
|    NonzeroRewards    | 200      |
|    DiscountedReturn  | 0.628    |
|    Success           | 0        |
|    SuccessLength     | 200      |
| algo/                |          |
|    critic_loss       | 0.00124  |
|    mean_entropy      | 5.46     |
|    mean_ent_bonus    | 0.481    |
|    max_target_q      | 2.15     |
|    min_target_q      | 2.09     |
|    max_reward        | 0.0115   |
|    min_reward        | 0.00115  |
|    chamfer_loss      | 0.000615 |
|    encoder_grad_norm | 0.026    |
|    q1_grad_norm      | 0.104    |
|    q2_grad_norm      | 0.104    |
|    actor_loss        | -2.69    |
|    ent_coeff         | 0.0882   |
|    ent_coeff_loss    | -32.7    |
|    pi_grad_norm      | 0.09     |
|    n_updates         | 2560     |
| time/                |          |
|    iterations        | 2        |
|    fps               | 5.67     |
|    elapsed_time      | 1.1e+03  |
|    elapsed_steps     | 10240    |
-----------------------------------
RLRunner: Evaluating agent...
EvalSampler: Resetting all environments.
EvalSampler: Resetting agent.
EvalSampler: Resetting all environments.
EvalSampler: Resetting agent.
EvalSampler: Resetting all environments.
EvalSampler: Resetting agent.
EvalSampler: Resetting all environments.
EvalSampler: Resetting agent.
EvalSampler: Resetting all environments.
EvalSampler: Resetting agent.
EvalSampler: Resetting all environments.
EvalSampler: Resetting agent.
EvalSampler: Resetting all environments.
EvalSampler: Resetting agent.
Saved video of policy to videos/2025-09-11/3ayhe5uq/nominal/policy_step_15360.mp4.
EvalSampler: Resetting all environments.
EvalSampler: Resetting agent.
EvalSampler: Resetting all environments.
EvalSampler: Resetting agent.
EvalSampler: Resetting all environments.
EvalSampler: Resetting agent.
EvalSampler: Resetting all environments.
EvalSampler: Resetting agent.
EvalSampler: Resetting all environments.
EvalSampler: Resetting agent.
EvalSampler: Resetting all environments.
EvalSampler: Resetting agent.
EvalSampler: Resetting all environments.
EvalSampler: Resetting agent.
EvalSampler: Resetting all environments.
EvalSampler: Resetting agent.
EvalSampler: Resetting all environments.
EvalSampler: Resetting agent.
EvalSampler: Resetting all environments.
EvalSampler: Resetting agent.
EvalSampler: Resetting all environments.
EvalSampler: Resetting agent.
RLRunner: Finished evaluating agent.
-----------------------------------
| rollout/             |          |
|    Length            | 200      |
|    Return            | 0.63     |
|    NonzeroRewards    | 200      |
|    DiscountedReturn  | 0.63     |
|    Success           | 0        |
|    SuccessLength     | 200      |
| algo/                |          |
|    critic_loss       | 0.00052  |
|    mean_entropy      | 5.46     |
|    mean_ent_bonus    | 0.373    |
|    max_target_q      | 2.29     |
|    min_target_q      | 2.24     |
|    max_reward        | 0.0127   |
|    min_reward        | 0.00115  |
|    chamfer_loss      | 0.000351 |
|    encoder_grad_norm | 0.0112   |
|    q1_grad_norm      | 0.0616   |
|    q2_grad_norm      | 0.0614   |
|    actor_loss        | -2.62    |
|    ent_coeff         | 0.0683   |
|    ent_coeff_loss    | -36.2    |
|    pi_grad_norm      | 0.0506   |
|    n_updates         | 5120     |
| eval/                |          |
|    Length            | 200      |
|    Return            | 0.775    |
|    NonzeroRewards    | 200      |
|    DiscountedReturn  | 0.775    |
|    Success           | 0        |
|    SuccessLength     | 200      |
| time/                |          |
|    iterations        | 3        |
|    fps               | 4.9      |
|    elapsed_time      | 2.15e+03 |
|    elapsed_steps     | 15360    |
-----------------------------------
-----------------------------------
| rollout/             |          |
|    Length            | 200      |
|    Return            | 0.713    |
|    NonzeroRewards    | 200      |
|    DiscountedReturn  | 0.713    |
|    Success           | 0        |
|    SuccessLength     | 200      |
| algo/                |          |
|    critic_loss       | 0.000303 |
|    mean_entropy      | 5.47     |
|    mean_ent_bonus    | 0.289    |
|    max_target_q      | 1.81     |
|    min_target_q      | 1.75     |
|    max_reward        | 0.0149   |
|    min_reward        | 0.00116  |
|    chamfer_loss      | 0.000304 |
|    encoder_grad_norm | 0.00944  |
|    q1_grad_norm      | 0.0368   |
|    q2_grad_norm      | 0.039    |
|    actor_loss        | -2.04    |
|    ent_coeff         | 0.0529   |
|    ent_coeff_loss    | -39.6    |
|    pi_grad_norm      | 0.0351   |
|    n_updates         | 7680     |
| time/                |          |
|    iterations        | 4        |
|    fps               | 5.75     |
|    elapsed_time      | 3.04e+03 |
|    elapsed_steps     | 20480    |
-----------------------------------
-----------------------------------
| rollout/             |          |
|    Length            | 200      |
|    Return            | 0.748    |
|    NonzeroRewards    | 200      |
|    DiscountedReturn  | 0.748    |
|    Success           | 0        |
|    SuccessLength     | 200      |
| algo/                |          |
|    critic_loss       | 0.000522 |
|    mean_entropy      | 5.47     |
|    mean_ent_bonus    | 0.224    |
|    max_target_q      | 1.4      |
|    min_target_q      | 1.34     |
|    max_reward        | 0.015    |
|    min_reward        | 0.00117  |
|    chamfer_loss      | 0.000255 |
|    encoder_grad_norm | 0.00858  |
|    q1_grad_norm      | 0.0278   |
|    q2_grad_norm      | 0.0305   |
|    actor_loss        | -1.58    |
|    ent_coeff         | 0.0409   |
|    ent_coeff_loss    | -43.1    |
|    pi_grad_norm      | 0.0255   |
|    n_updates         | 10240    |
| time/                |          |
|    iterations        | 5        |
|    fps               | 5.84     |
|    elapsed_time      | 3.91e+03 |
|    elapsed_steps     | 25600    |
-----------------------------------
RLRunner: Evaluating agent...
EvalSampler: Resetting all environments.
EvalSampler: Resetting agent.
EvalSampler: Resetting all environments.
EvalSampler: Resetting agent.
EvalSampler: Resetting all environments.
EvalSampler: Resetting agent.
EvalSampler: Resetting all environments.
EvalSampler: Resetting agent.
EvalSampler: Resetting all environments.
EvalSampler: Resetting agent.
EvalSampler: Resetting all environments.
EvalSampler: Resetting agent.
EvalSampler: Resetting all environments.
EvalSampler: Resetting agent.
Saved video of policy to videos/2025-09-11/3ayhe5uq/nominal/policy_step_30720.mp4.
EvalSampler: Resetting all environments.
EvalSampler: Resetting agent.
EvalSampler: Resetting all environments.
EvalSampler: Resetting agent.
EvalSampler: Resetting all environments.
EvalSampler: Resetting agent.
EvalSampler: Resetting all environments.
EvalSampler: Resetting agent.
EvalSampler: Resetting all environments.
EvalSampler: Resetting agent.
EvalSampler: Resetting all environments.
EvalSampler: Resetting agent.
EvalSampler: Resetting all environments.
EvalSampler: Resetting agent.
EvalSampler: Resetting all environments.
EvalSampler: Resetting agent.
EvalSampler: Resetting all environments.
EvalSampler: Resetting agent.
EvalSampler: Resetting all environments.
EvalSampler: Resetting agent.
EvalSampler: Resetting all environments.
EvalSampler: Resetting agent.
RLRunner: Finished evaluating agent.
-----------------------------------
| rollout/             |          |
|    Length            | 200      |
|    Return            | 0.737    |
|    NonzeroRewards    | 200      |
|    DiscountedReturn  | 0.737    |
|    Success           | 0        |
|    SuccessLength     | 200      |
| algo/                |          |
|    critic_loss       | 9.07e-05 |
|    mean_entropy      | 5.47     |
|    mean_ent_bonus    | 0.173    |
|    max_target_q      | 1.1      |
|    min_target_q      | 1.04     |
|    max_reward        | 0.0148   |
|    min_reward        | 0.00117  |
|    chamfer_loss      | 0.000226 |
|    encoder_grad_norm | 0.00688  |
|    q1_grad_norm      | 0.00783  |
|    q2_grad_norm      | 0.00848  |
|    actor_loss        | -1.23    |
|    ent_coeff         | 0.0317   |
|    ent_coeff_loss    | -46.5    |
|    pi_grad_norm      | 0.018    |
|    n_updates         | 12800    |
| eval/                |          |
|    Length            | 200      |
|    Return            | 0.651    |
|    NonzeroRewards    | 200      |
|    DiscountedReturn  | 0.651    |
|    Success           | 0        |
|    SuccessLength     | 200      |
| time/                |          |
|    iterations        | 6        |
|    fps               | 4.97     |
|    elapsed_time      | 4.94e+03 |
|    elapsed_steps     | 30720    |
-----------------------------------
-----------------------------------
| rollout/             |          |
|    Length            | 200      |
|    Return            | 0.709    |
|    NonzeroRewards    | 200      |
|    DiscountedReturn  | 0.709    |
|    Success           | 0        |
|    SuccessLength     | 200      |
| algo/                |          |
|    critic_loss       | 6.02e-05 |
|    mean_entropy      | 5.47     |
|    mean_ent_bonus    | 0.134    |
|    max_target_q      | 0.878    |
|    min_target_q      | 0.808    |
|    max_reward        | 0.0143   |
|    min_reward        | 0.00118  |
|    chamfer_loss      | 0.000211 |
|    encoder_grad_norm | 0.00666  |
|    q1_grad_norm      | 0.00775  |
|    q2_grad_norm      | 0.00887  |
|    actor_loss        | -0.962   |
|    ent_coeff         | 0.0245   |
|    ent_coeff_loss    | -50      |
|    pi_grad_norm      | 0.0137   |
|    n_updates         | 15360    |
| time/                |          |
|    iterations        | 7        |
|    fps               | 5.87     |
|    elapsed_time      | 5.81e+03 |
|    elapsed_steps     | 35840    |
-----------------------------------
-----------------------------------
| rollout/             |          |
|    Length            | 200      |
|    Return            | 0.669    |
|    NonzeroRewards    | 200      |
|    DiscountedReturn  | 0.669    |
|    Success           | 0        |
|    SuccessLength     | 200      |
| algo/                |          |
|    critic_loss       | 3.96e-05 |
|    mean_entropy      | 5.47     |
|    mean_ent_bonus    | 0.104    |
|    max_target_q      | 0.701    |
|    min_target_q      | 0.626    |
|    max_reward        | 0.0139   |
|    min_reward        | 0.00117  |
|    chamfer_loss      | 0.000202 |
|    encoder_grad_norm | 0.00637  |
|    q1_grad_norm      | 0.00603  |
|    q2_grad_norm      | 0.00691  |
|    actor_loss        | -0.75    |
|    ent_coeff         | 0.019    |
|    ent_coeff_loss    | -53.4    |
|    pi_grad_norm      | 0.0104   |
|    n_updates         | 17920    |
| time/                |          |
|    iterations        | 8        |
|    fps               | 5.84     |
|    elapsed_time      | 6.69e+03 |
|    elapsed_steps     | 40960    |
-----------------------------------
RLRunner: Evaluating agent...
EvalSampler: Resetting all environments.
EvalSampler: Resetting agent.
EvalSampler: Resetting all environments.
EvalSampler: Resetting agent.
EvalSampler: Resetting all environments.
EvalSampler: Resetting agent.
EvalSampler: Resetting all environments.
EvalSampler: Resetting agent.
EvalSampler: Resetting all environments.
EvalSampler: Resetting agent.
EvalSampler: Resetting all environments.
EvalSampler: Resetting agent.
EvalSampler: Resetting all environments.
EvalSampler: Resetting agent.
Saved video of policy to videos/2025-09-11/3ayhe5uq/nominal/policy_step_46080.mp4.
EvalSampler: Resetting all environments.
EvalSampler: Resetting agent.
EvalSampler: Resetting all environments.
EvalSampler: Resetting agent.
EvalSampler: Resetting all environments.
EvalSampler: Resetting agent.
EvalSampler: Resetting all environments.
EvalSampler: Resetting agent.
EvalSampler: Resetting all environments.
EvalSampler: Resetting agent.
EvalSampler: Resetting all environments.
EvalSampler: Resetting agent.
EvalSampler: Resetting all environments.
EvalSampler: Resetting agent.
EvalSampler: Resetting all environments.
EvalSampler: Resetting agent.
EvalSampler: Resetting all environments.
EvalSampler: Resetting agent.
EvalSampler: Resetting all environments.
EvalSampler: Resetting agent.
EvalSampler: Resetting all environments.
EvalSampler: Resetting agent.
RLRunner: Finished evaluating agent.
-----------------------------------
| rollout/             |          |
|    Length            | 200      |
|    Return            | 0.777    |
|    NonzeroRewards    | 200      |
|    DiscountedReturn  | 0.777    |
|    Success           | 0        |
|    SuccessLength     | 200      |
| algo/                |          |
|    critic_loss       | 2.64e-05 |
|    mean_entropy      | 5.47     |
|    mean_ent_bonus    | 0.0803   |
|    max_target_q      | 0.568    |
|    min_target_q      | 0.485    |
|    max_reward        | 0.015    |
|    min_reward        | 0.00116  |
|    chamfer_loss      | 0.000194 |
|    encoder_grad_norm | 0.00606  |
|    q1_grad_norm      | 0.00457  |
|    q2_grad_norm      | 0.00516  |
|    actor_loss        | -0.587   |
|    ent_coeff         | 0.0147   |
|    ent_coeff_loss    | -56.9    |
|    pi_grad_norm      | 0.00798  |
|    n_updates         | 20480    |
| eval/                |          |
|    Length            | 200      |
|    Return            | 0.847    |
|    NonzeroRewards    | 200      |
|    DiscountedReturn  | 0.847    |
|    Success           | 0        |
|    SuccessLength     | 200      |
| time/                |          |
|    iterations        | 9        |
|    fps               | 4.97     |
|    elapsed_time      | 7.72e+03 |
|    elapsed_steps     | 46080    |
-----------------------------------
