Job 9541098 / array task  on gilbreth-f004.rcac.purdue.edu
CUDA_VISIBLE_DEVICES=0
Group name is:  no_FPS_TF
Instantiating 8 environments...
Environments instantiated.
Instantiating 1 environments...
Environments instantiated.
Instantiating 1 environments...
Environments instantiated.
Instantiating 1 environments...
Environments instantiated.
Instantiating 1 environments...
Environments instantiated.
Instantiating 1 environments...
Environments instantiated.
Instantiating 1 environments...
Environments instantiated.
Instantiating 1 environments...
Environments instantiated.
Instantiating 1 environments...
Environments instantiated.
Instantiating 1 environments...
Environments instantiated.
BasicSampler: Resetting all environments.
BasicSampler: Resetting agent.
AuxPcSAC: Given sampler batch size 5120, training batch size 128, and replay ratio 64, there will be 2560 updates per iteration.
AuxPcSAC: Using learnable entropy coefficient with target entropy of -8
RLRunner: Starting training...
RLRunner: Saving log files to /scratch/gilbreth/mbezick/pprlPCA2/wandb/run-20250911_141751-3ty150uh/files
RLRunner: Evaluating agent...
EvalSampler: Resetting all environments.
EvalSampler: Resetting agent.
EvalSampler: Resetting all environments.
EvalSampler: Resetting agent.
EvalSampler: Resetting all environments.
EvalSampler: Resetting agent.
EvalSampler: Resetting all environments.
EvalSampler: Resetting agent.
EvalSampler: Resetting all environments.
EvalSampler: Resetting agent.
EvalSampler: Resetting all environments.
EvalSampler: Resetting agent.
EvalSampler: Resetting all environments.
EvalSampler: Resetting agent.
Saved video of policy to videos/2025-09-11/3ty150uh/nominal/policy_step_0.mp4.
EvalSampler: Resetting all environments.
EvalSampler: Resetting agent.
EvalSampler: Resetting all environments.
EvalSampler: Resetting agent.
EvalSampler: Resetting all environments.
EvalSampler: Resetting agent.
EvalSampler: Resetting all environments.
EvalSampler: Resetting agent.
EvalSampler: Resetting all environments.
EvalSampler: Resetting agent.
EvalSampler: Resetting all environments.
EvalSampler: Resetting agent.
EvalSampler: Resetting all environments.
EvalSampler: Resetting agent.
EvalSampler: Resetting all environments.
EvalSampler: Resetting agent.
EvalSampler: Resetting all environments.
EvalSampler: Resetting agent.
EvalSampler: Resetting all environments.
EvalSampler: Resetting agent.
EvalSampler: Resetting all environments.
EvalSampler: Resetting agent.
RLRunner: Finished evaluating agent.
----------------------------------
| eval/               |          |
|    Length           | 200      |
|    Return           | 0.66     |
|    NonzeroRewards   | 200      |
|    DiscountedReturn | 0.66     |
|    Success          | 0        |
|    SuccessLength    | 200      |
| time/               |          |
|    iterations       | 0        |
|    fps              | 0        |
|    elapsed_time     | 139      |
|    elapsed_steps    | 0        |
----------------------------------
For the first 10000 steps, agent will use a fixed std of 0.75 for exploration.
----------------------------------
| rollout/            |          |
|    Length           | 200      |
|    Return           | 0.671    |
|    NonzeroRewards   | 200      |
|    DiscountedReturn | 0.671    |
|    Success          | 0        |
|    SuccessLength    | 200      |
| time/               |          |
|    iterations       | 1        |
|    fps              | 120      |
|    elapsed_time     | 182      |
|    elapsed_steps    | 5120     |
----------------------------------
-----------------------------------
| rollout/             |          |
|    Length            | 200      |
|    Return            | 0.64     |
|    NonzeroRewards    | 200      |
|    DiscountedReturn  | 0.64     |
|    Success           | 0        |
|    SuccessLength     | 200      |
| algo/                |          |
|    critic_loss       | 0.00121  |
|    mean_entropy      | 5.46     |
|    mean_ent_bonus    | 0.482    |
|    max_target_q      | 2.15     |
|    min_target_q      | 2.11     |
|    max_reward        | 0.00771  |
|    min_reward        | 0.00167  |
|    chamfer_loss      | 0.00151  |
|    encoder_grad_norm | 0.0504   |
|    q1_grad_norm      | 0.102    |
|    q2_grad_norm      | 0.106    |
|    actor_loss        | -2.7     |
|    ent_coeff         | 0.0882   |
|    ent_coeff_loss    | -32.7    |
|    pi_grad_norm      | 0.0895   |
|    n_updates         | 2560     |
| time/                |          |
|    iterations        | 2        |
|    fps               | 6.44     |
|    elapsed_time      | 977      |
|    elapsed_steps     | 10240    |
-----------------------------------
RLRunner: Evaluating agent...
EvalSampler: Resetting all environments.
EvalSampler: Resetting agent.
EvalSampler: Resetting all environments.
EvalSampler: Resetting agent.
EvalSampler: Resetting all environments.
EvalSampler: Resetting agent.
EvalSampler: Resetting all environments.
EvalSampler: Resetting agent.
EvalSampler: Resetting all environments.
EvalSampler: Resetting agent.
EvalSampler: Resetting all environments.
EvalSampler: Resetting agent.
EvalSampler: Resetting all environments.
EvalSampler: Resetting agent.
Saved video of policy to videos/2025-09-11/3ty150uh/nominal/policy_step_15360.mp4.
EvalSampler: Resetting all environments.
EvalSampler: Resetting agent.
EvalSampler: Resetting all environments.
EvalSampler: Resetting agent.
EvalSampler: Resetting all environments.
EvalSampler: Resetting agent.
EvalSampler: Resetting all environments.
EvalSampler: Resetting agent.
EvalSampler: Resetting all environments.
EvalSampler: Resetting agent.
EvalSampler: Resetting all environments.
EvalSampler: Resetting agent.
EvalSampler: Resetting all environments.
EvalSampler: Resetting agent.
EvalSampler: Resetting all environments.
EvalSampler: Resetting agent.
EvalSampler: Resetting all environments.
EvalSampler: Resetting agent.
EvalSampler: Resetting all environments.
EvalSampler: Resetting agent.
EvalSampler: Resetting all environments.
EvalSampler: Resetting agent.
RLRunner: Finished evaluating agent.
-----------------------------------
| rollout/             |          |
|    Length            | 200      |
|    Return            | 0.638    |
|    NonzeroRewards    | 200      |
|    DiscountedReturn  | 0.638    |
|    Success           | 0        |
|    SuccessLength     | 200      |
| algo/                |          |
|    critic_loss       | 0.000524 |
|    mean_entropy      | 5.46     |
|    mean_ent_bonus    | 0.373    |
|    max_target_q      | 2.28     |
|    min_target_q      | 2.25     |
|    max_reward        | 0.00788  |
|    min_reward        | 0.00143  |
|    chamfer_loss      | 0.000772 |
|    encoder_grad_norm | 0.0182   |
|    q1_grad_norm      | 0.0618   |
|    q2_grad_norm      | 0.0661   |
|    actor_loss        | -2.62    |
|    ent_coeff         | 0.0683   |
|    ent_coeff_loss    | -36.2    |
|    pi_grad_norm      | 0.05     |
|    n_updates         | 5120     |
| eval/                |          |
|    Length            | 200      |
|    Return            | 0.536    |
|    NonzeroRewards    | 200      |
|    DiscountedReturn  | 0.536    |
|    Success           | 0        |
|    SuccessLength     | 200      |
| time/                |          |
|    iterations        | 3        |
|    fps               | 5.54     |
|    elapsed_time      | 1.9e+03  |
|    elapsed_steps     | 15360    |
-----------------------------------
-----------------------------------
| rollout/             |          |
|    Length            | 200      |
|    Return            | 0.614    |
|    NonzeroRewards    | 200      |
|    DiscountedReturn  | 0.614    |
|    Success           | 0        |
|    SuccessLength     | 200      |
| algo/                |          |
|    critic_loss       | 0.000304 |
|    mean_entropy      | 5.46     |
|    mean_ent_bonus    | 0.289    |
|    max_target_q      | 1.79     |
|    min_target_q      | 1.75     |
|    max_reward        | 0.00798  |
|    min_reward        | 0.00121  |
|    chamfer_loss      | 0.000615 |
|    encoder_grad_norm | 0.0172   |
|    q1_grad_norm      | 0.0385   |
|    q2_grad_norm      | 0.0415   |
|    actor_loss        | -2.04    |
|    ent_coeff         | 0.0529   |
|    ent_coeff_loss    | -39.6    |
|    pi_grad_norm      | 0.0349   |
|    n_updates         | 7680     |
| time/                |          |
|    iterations        | 4        |
|    fps               | 6.29     |
|    elapsed_time      | 2.71e+03 |
|    elapsed_steps     | 20480    |
-----------------------------------
-----------------------------------
| rollout/             |          |
|    Length            | 200      |
|    Return            | 0.535    |
|    NonzeroRewards    | 200      |
|    DiscountedReturn  | 0.535    |
|    Success           | 0        |
|    SuccessLength     | 200      |
| algo/                |          |
|    critic_loss       | 0.000177 |
|    mean_entropy      | 5.47     |
|    mean_ent_bonus    | 0.224    |
|    max_target_q      | 1.39     |
|    min_target_q      | 1.36     |
|    max_reward        | 0.00864  |
|    min_reward        | 0.00118  |
|    chamfer_loss      | 0.000505 |
|    encoder_grad_norm | 0.0152   |
|    q1_grad_norm      | 0.0218   |
|    q2_grad_norm      | 0.0242   |
|    actor_loss        | -1.59    |
|    ent_coeff         | 0.0409   |
|    ent_coeff_loss    | -43.1    |
|    pi_grad_norm      | 0.0254   |
|    n_updates         | 10240    |
| time/                |          |
|    iterations        | 5        |
|    fps               | 6.35     |
|    elapsed_time      | 3.52e+03 |
|    elapsed_steps     | 25600    |
-----------------------------------
RLRunner: Evaluating agent...
EvalSampler: Resetting all environments.
EvalSampler: Resetting agent.
EvalSampler: Resetting all environments.
EvalSampler: Resetting agent.
EvalSampler: Resetting all environments.
EvalSampler: Resetting agent.
EvalSampler: Resetting all environments.
EvalSampler: Resetting agent.
EvalSampler: Resetting all environments.
EvalSampler: Resetting agent.
EvalSampler: Resetting all environments.
EvalSampler: Resetting agent.
EvalSampler: Resetting all environments.
EvalSampler: Resetting agent.
Saved video of policy to videos/2025-09-11/3ty150uh/nominal/policy_step_30720.mp4.
EvalSampler: Resetting all environments.
EvalSampler: Resetting agent.
EvalSampler: Resetting all environments.
EvalSampler: Resetting agent.
EvalSampler: Resetting all environments.
EvalSampler: Resetting agent.
EvalSampler: Resetting all environments.
EvalSampler: Resetting agent.
EvalSampler: Resetting all environments.
EvalSampler: Resetting agent.
EvalSampler: Resetting all environments.
EvalSampler: Resetting agent.
EvalSampler: Resetting all environments.
EvalSampler: Resetting agent.
EvalSampler: Resetting all environments.
EvalSampler: Resetting agent.
EvalSampler: Resetting all environments.
EvalSampler: Resetting agent.
EvalSampler: Resetting all environments.
EvalSampler: Resetting agent.
EvalSampler: Resetting all environments.
EvalSampler: Resetting agent.
RLRunner: Finished evaluating agent.
-----------------------------------
| rollout/             |          |
|    Length            | 200      |
|    Return            | 0.659    |
|    NonzeroRewards    | 200      |
|    DiscountedReturn  | 0.659    |
|    Success           | 0        |
|    SuccessLength     | 200      |
| algo/                |          |
|    critic_loss       | 0.000328 |
|    mean_entropy      | 5.47     |
|    mean_ent_bonus    | 0.173    |
|    max_target_q      | 1.08     |
|    min_target_q      | 1.05     |
|    max_reward        | 0.00946  |
|    min_reward        | 0.00119  |
|    chamfer_loss      | 0.000447 |
|    encoder_grad_norm | 0.0142   |
|    q1_grad_norm      | 0.0164   |
|    q2_grad_norm      | 0.0193   |
|    actor_loss        | -1.23    |
|    ent_coeff         | 0.0317   |
|    ent_coeff_loss    | -46.5    |
|    pi_grad_norm      | 0.018    |
|    n_updates         | 12800    |
| eval/                |          |
|    Length            | 200      |
|    Return            | 0.71     |
|    NonzeroRewards    | 200      |
|    DiscountedReturn  | 0.71     |
|    Success           | 0        |
|    SuccessLength     | 200      |
| time/                |          |
|    iterations        | 6        |
|    fps               | 5.45     |
|    elapsed_time      | 4.46e+03 |
|    elapsed_steps     | 30720    |
-----------------------------------
-----------------------------------
| rollout/             |          |
|    Length            | 200      |
|    Return            | 0.716    |
|    NonzeroRewards    | 200      |
|    DiscountedReturn  | 0.716    |
|    Success           | 0        |
|    SuccessLength     | 200      |
| algo/                |          |
|    critic_loss       | 5.66e-05 |
|    mean_entropy      | 5.47     |
|    mean_ent_bonus    | 0.134    |
|    max_target_q      | 0.855    |
|    min_target_q      | 0.814    |
|    max_reward        | 0.0119   |
|    min_reward        | 0.00118  |
|    chamfer_loss      | 0.000407 |
|    encoder_grad_norm | 0.013    |
|    q1_grad_norm      | 0.00733  |
|    q2_grad_norm      | 0.0056   |
|    actor_loss        | -0.958   |
|    ent_coeff         | 0.0245   |
|    ent_coeff_loss    | -50      |
|    pi_grad_norm      | 0.0134   |
|    n_updates         | 15360    |
| time/                |          |
|    iterations        | 7        |
|    fps               | 6.41     |
|    elapsed_time      | 5.26e+03 |
|    elapsed_steps     | 35840    |
-----------------------------------
-----------------------------------
| rollout/             |          |
|    Length            | 200      |
|    Return            | 0.821    |
|    NonzeroRewards    | 200      |
|    DiscountedReturn  | 0.821    |
|    Success           | 0        |
|    SuccessLength     | 200      |
| algo/                |          |
|    critic_loss       | 3.73e-05 |
|    mean_entropy      | 5.47     |
|    mean_ent_bonus    | 0.104    |
|    max_target_q      | 0.693    |
|    min_target_q      | 0.632    |
|    max_reward        | 0.013    |
|    min_reward        | 0.00118  |
|    chamfer_loss      | 0.000381 |
|    encoder_grad_norm | 0.0125   |
|    q1_grad_norm      | 0.00546  |
|    q2_grad_norm      | 0.00588  |
|    actor_loss        | -0.749   |
|    ent_coeff         | 0.019    |
|    ent_coeff_loss    | -53.4    |
|    pi_grad_norm      | 0.0104   |
|    n_updates         | 17920    |
| time/                |          |
|    iterations        | 8        |
|    fps               | 6.42     |
|    elapsed_time      | 6.06e+03 |
|    elapsed_steps     | 40960    |
-----------------------------------
RLRunner: Evaluating agent...
EvalSampler: Resetting all environments.
EvalSampler: Resetting agent.
EvalSampler: Resetting all environments.
EvalSampler: Resetting agent.
EvalSampler: Resetting all environments.
EvalSampler: Resetting agent.
EvalSampler: Resetting all environments.
EvalSampler: Resetting agent.
EvalSampler: Resetting all environments.
EvalSampler: Resetting agent.
EvalSampler: Resetting all environments.
EvalSampler: Resetting agent.
EvalSampler: Resetting all environments.
EvalSampler: Resetting agent.
Saved video of policy to videos/2025-09-11/3ty150uh/nominal/policy_step_46080.mp4.
EvalSampler: Resetting all environments.
EvalSampler: Resetting agent.
EvalSampler: Resetting all environments.
EvalSampler: Resetting agent.
EvalSampler: Resetting all environments.
EvalSampler: Resetting agent.
EvalSampler: Resetting all environments.
EvalSampler: Resetting agent.
EvalSampler: Resetting all environments.
EvalSampler: Resetting agent.
EvalSampler: Resetting all environments.
EvalSampler: Resetting agent.
EvalSampler: Resetting all environments.
EvalSampler: Resetting agent.
EvalSampler: Resetting all environments.
EvalSampler: Resetting agent.
EvalSampler: Resetting all environments.
EvalSampler: Resetting agent.
EvalSampler: Resetting all environments.
EvalSampler: Resetting agent.
EvalSampler: Resetting all environments.
EvalSampler: Resetting agent.
RLRunner: Finished evaluating agent.
-----------------------------------
| rollout/             |          |
|    Length            | 200      |
|    Return            | 0.754    |
|    NonzeroRewards    | 200      |
|    DiscountedReturn  | 0.754    |
|    Success           | 0        |
|    SuccessLength     | 200      |
| algo/                |          |
|    critic_loss       | 2.51e-05 |
|    mean_entropy      | 5.47     |
|    mean_ent_bonus    | 0.0803   |
|    max_target_q      | 0.567    |
|    min_target_q      | 0.491    |
|    max_reward        | 0.0139   |
|    min_reward        | 0.00118  |
|    chamfer_loss      | 0.00036  |
|    encoder_grad_norm | 0.0119   |
|    q1_grad_norm      | 0.00423  |
|    q2_grad_norm      | 0.00463  |
|    actor_loss        | -0.585   |
|    ent_coeff         | 0.0147   |
|    ent_coeff_loss    | -56.9    |
|    pi_grad_norm      | 0.00808  |
|    n_updates         | 20480    |
| eval/                |          |
|    Length            | 200      |
|    Return            | 0.918    |
|    NonzeroRewards    | 200      |
|    DiscountedReturn  | 0.918    |
|    Success           | 0        |
|    SuccessLength     | 200      |
| time/                |          |
|    iterations        | 9        |
|    fps               | 5.51     |
|    elapsed_time      | 6.99e+03 |
|    elapsed_steps     | 46080    |
-----------------------------------
