Job 9541076 / array task  on gilbreth-e007.rcac.purdue.edu
CUDA_VISIBLE_DEVICES=0
Group name is:  no_FPS_TF
Instantiating 8 environments...
Environments instantiated.
Instantiating 1 environments...
Environments instantiated.
Instantiating 1 environments...
Environments instantiated.
Instantiating 1 environments...
Environments instantiated.
Instantiating 1 environments...
Environments instantiated.
Instantiating 1 environments...
Environments instantiated.
Instantiating 1 environments...
Environments instantiated.
Instantiating 1 environments...
Environments instantiated.
Instantiating 1 environments...
Environments instantiated.
Instantiating 1 environments...
Environments instantiated.
BasicSampler: Resetting all environments.
BasicSampler: Resetting agent.
AuxPcSAC: Given sampler batch size 5120, training batch size 128, and replay ratio 64, there will be 2560 updates per iteration.
AuxPcSAC: Using learnable entropy coefficient with target entropy of -8
RLRunner: Starting training...
RLRunner: Saving log files to /scratch/gilbreth/mbezick/pprlPCA2/wandb/run-20250911_141441-4061p4mu/files
RLRunner: Evaluating agent...
EvalSampler: Resetting all environments.
EvalSampler: Resetting agent.
EvalSampler: Resetting all environments.
EvalSampler: Resetting agent.
EvalSampler: Resetting all environments.
EvalSampler: Resetting agent.
EvalSampler: Resetting all environments.
EvalSampler: Resetting agent.
EvalSampler: Resetting all environments.
EvalSampler: Resetting agent.
EvalSampler: Resetting all environments.
EvalSampler: Resetting agent.
EvalSampler: Resetting all environments.
EvalSampler: Resetting agent.
Saved video of policy to videos/2025-09-11/4061p4mu/nominal/policy_step_0.mp4.
EvalSampler: Resetting all environments.
EvalSampler: Resetting agent.
EvalSampler: Resetting all environments.
EvalSampler: Resetting agent.
EvalSampler: Resetting all environments.
EvalSampler: Resetting agent.
EvalSampler: Resetting all environments.
EvalSampler: Resetting agent.
EvalSampler: Resetting all environments.
EvalSampler: Resetting agent.
EvalSampler: Resetting all environments.
EvalSampler: Resetting agent.
EvalSampler: Resetting all environments.
EvalSampler: Resetting agent.
EvalSampler: Resetting all environments.
EvalSampler: Resetting agent.
EvalSampler: Resetting all environments.
EvalSampler: Resetting agent.
EvalSampler: Resetting all environments.
EvalSampler: Resetting agent.
EvalSampler: Resetting all environments.
EvalSampler: Resetting agent.
RLRunner: Finished evaluating agent.
----------------------------------
| eval/               |          |
|    Length           | 200      |
|    Return           | 0.644    |
|    NonzeroRewards   | 200      |
|    DiscountedReturn | 0.644    |
|    Success          | 0        |
|    SuccessLength    | 200      |
| time/               |          |
|    iterations       | 0        |
|    fps              | 0        |
|    elapsed_time     | 159      |
|    elapsed_steps    | 0        |
----------------------------------
For the first 10000 steps, agent will use a fixed std of 0.75 for exploration.
----------------------------------
| rollout/            |          |
|    Length           | 200      |
|    Return           | 0.556    |
|    NonzeroRewards   | 200      |
|    DiscountedReturn | 0.556    |
|    Success          | 0        |
|    SuccessLength    | 200      |
| time/               |          |
|    iterations       | 1        |
|    fps              | 119      |
|    elapsed_time     | 202      |
|    elapsed_steps    | 5120     |
----------------------------------
-----------------------------------
| rollout/             |          |
|    Length            | 200      |
|    Return            | 0.514    |
|    NonzeroRewards    | 200      |
|    DiscountedReturn  | 0.514    |
|    Success           | 0        |
|    SuccessLength     | 200      |
| algo/                |          |
|    critic_loss       | 0.00122  |
|    mean_entropy      | 5.46     |
|    mean_ent_bonus    | 0.482    |
|    max_target_q      | 2.13     |
|    min_target_q      | 2.09     |
|    max_reward        | 0.00577  |
|    min_reward        | 0.00128  |
|    chamfer_loss      | 0.00144  |
|    encoder_grad_norm | 0.0457   |
|    q1_grad_norm      | 0.0991   |
|    q2_grad_norm      | 0.106    |
|    actor_loss        | -2.68    |
|    ent_coeff         | 0.0882   |
|    ent_coeff_loss    | -32.7    |
|    pi_grad_norm      | 0.0887   |
|    n_updates         | 2560     |
| time/                |          |
|    iterations        | 2        |
|    fps               | 5.96     |
|    elapsed_time      | 1.06e+03 |
|    elapsed_steps     | 10240    |
-----------------------------------
RLRunner: Evaluating agent...
EvalSampler: Resetting all environments.
EvalSampler: Resetting agent.
EvalSampler: Resetting all environments.
EvalSampler: Resetting agent.
EvalSampler: Resetting all environments.
EvalSampler: Resetting agent.
EvalSampler: Resetting all environments.
EvalSampler: Resetting agent.
EvalSampler: Resetting all environments.
EvalSampler: Resetting agent.
EvalSampler: Resetting all environments.
EvalSampler: Resetting agent.
EvalSampler: Resetting all environments.
EvalSampler: Resetting agent.
Saved video of policy to videos/2025-09-11/4061p4mu/nominal/policy_step_15360.mp4.
EvalSampler: Resetting all environments.
EvalSampler: Resetting agent.
EvalSampler: Resetting all environments.
EvalSampler: Resetting agent.
EvalSampler: Resetting all environments.
EvalSampler: Resetting agent.
EvalSampler: Resetting all environments.
EvalSampler: Resetting agent.
EvalSampler: Resetting all environments.
EvalSampler: Resetting agent.
EvalSampler: Resetting all environments.
EvalSampler: Resetting agent.
EvalSampler: Resetting all environments.
EvalSampler: Resetting agent.
EvalSampler: Resetting all environments.
EvalSampler: Resetting agent.
EvalSampler: Resetting all environments.
EvalSampler: Resetting agent.
EvalSampler: Resetting all environments.
EvalSampler: Resetting agent.
EvalSampler: Resetting all environments.
EvalSampler: Resetting agent.
RLRunner: Finished evaluating agent.
-----------------------------------
| rollout/             |          |
|    Length            | 200      |
|    Return            | 0.749    |
|    NonzeroRewards    | 200      |
|    DiscountedReturn  | 0.749    |
|    Success           | 0        |
|    SuccessLength     | 200      |
| algo/                |          |
|    critic_loss       | 0.000526 |
|    mean_entropy      | 5.46     |
|    mean_ent_bonus    | 0.373    |
|    max_target_q      | 2.28     |
|    min_target_q      | 2.25     |
|    max_reward        | 0.0099   |
|    min_reward        | 0.00126  |
|    chamfer_loss      | 0.000736 |
|    encoder_grad_norm | 0.0187   |
|    q1_grad_norm      | 0.06     |
|    q2_grad_norm      | 0.0645   |
|    actor_loss        | -2.62    |
|    ent_coeff         | 0.0683   |
|    ent_coeff_loss    | -36.2    |
|    pi_grad_norm      | 0.0509   |
|    n_updates         | 5120     |
| eval/                |          |
|    Length            | 200      |
|    Return            | 0.687    |
|    NonzeroRewards    | 200      |
|    DiscountedReturn  | 0.687    |
|    Success           | 0        |
|    SuccessLength     | 200      |
| time/                |          |
|    iterations        | 3        |
|    fps               | 5.02     |
|    elapsed_time      | 2.08e+03 |
|    elapsed_steps     | 15360    |
-----------------------------------
-----------------------------------
| rollout/             |          |
|    Length            | 200      |
|    Return            | 0.667    |
|    NonzeroRewards    | 200      |
|    DiscountedReturn  | 0.667    |
|    Success           | 0        |
|    SuccessLength     | 200      |
| algo/                |          |
|    critic_loss       | 0.000293 |
|    mean_entropy      | 5.47     |
|    mean_ent_bonus    | 0.289    |
|    max_target_q      | 1.79     |
|    min_target_q      | 1.75     |
|    max_reward        | 0.0106   |
|    min_reward        | 0.00122  |
|    chamfer_loss      | 0.000568 |
|    encoder_grad_norm | 0.0171   |
|    q1_grad_norm      | 0.0338   |
|    q2_grad_norm      | 0.0366   |
|    actor_loss        | -2.04    |
|    ent_coeff         | 0.0529   |
|    ent_coeff_loss    | -39.6    |
|    pi_grad_norm      | 0.035    |
|    n_updates         | 7680     |
| time/                |          |
|    iterations        | 4        |
|    fps               | 6        |
|    elapsed_time      | 2.93e+03 |
|    elapsed_steps     | 20480    |
-----------------------------------
-----------------------------------
| rollout/             |          |
|    Length            | 200      |
|    Return            | 0.61     |
|    NonzeroRewards    | 200      |
|    DiscountedReturn  | 0.61     |
|    Success           | 0        |
|    SuccessLength     | 200      |
| algo/                |          |
|    critic_loss       | 0.000175 |
|    mean_entropy      | 5.47     |
|    mean_ent_bonus    | 0.224    |
|    max_target_q      | 1.4      |
|    min_target_q      | 1.36     |
|    max_reward        | 0.0103   |
|    min_reward        | 0.0012   |
|    chamfer_loss      | 0.000474 |
|    encoder_grad_norm | 0.0151   |
|    q1_grad_norm      | 0.0222   |
|    q2_grad_norm      | 0.0237   |
|    actor_loss        | -1.59    |
|    ent_coeff         | 0.0409   |
|    ent_coeff_loss    | -43.1    |
|    pi_grad_norm      | 0.0251   |
|    n_updates         | 10240    |
| time/                |          |
|    iterations        | 5        |
|    fps               | 6.04     |
|    elapsed_time      | 3.78e+03 |
|    elapsed_steps     | 25600    |
-----------------------------------
RLRunner: Evaluating agent...
EvalSampler: Resetting all environments.
EvalSampler: Resetting agent.
EvalSampler: Resetting all environments.
EvalSampler: Resetting agent.
EvalSampler: Resetting all environments.
EvalSampler: Resetting agent.
EvalSampler: Resetting all environments.
EvalSampler: Resetting agent.
EvalSampler: Resetting all environments.
EvalSampler: Resetting agent.
EvalSampler: Resetting all environments.
EvalSampler: Resetting agent.
EvalSampler: Resetting all environments.
EvalSampler: Resetting agent.
Saved video of policy to videos/2025-09-11/4061p4mu/nominal/policy_step_30720.mp4.
EvalSampler: Resetting all environments.
EvalSampler: Resetting agent.
EvalSampler: Resetting all environments.
EvalSampler: Resetting agent.
EvalSampler: Resetting all environments.
EvalSampler: Resetting agent.
EvalSampler: Resetting all environments.
EvalSampler: Resetting agent.
EvalSampler: Resetting all environments.
EvalSampler: Resetting agent.
EvalSampler: Resetting all environments.
EvalSampler: Resetting agent.
EvalSampler: Resetting all environments.
EvalSampler: Resetting agent.
EvalSampler: Resetting all environments.
EvalSampler: Resetting agent.
EvalSampler: Resetting all environments.
EvalSampler: Resetting agent.
EvalSampler: Resetting all environments.
EvalSampler: Resetting agent.
EvalSampler: Resetting all environments.
EvalSampler: Resetting agent.
RLRunner: Finished evaluating agent.
-----------------------------------
| rollout/             |          |
|    Length            | 200      |
|    Return            | 0.671    |
|    NonzeroRewards    | 200      |
|    DiscountedReturn  | 0.671    |
|    Success           | 0        |
|    SuccessLength     | 200      |
| algo/                |          |
|    critic_loss       | 0.00055  |
|    mean_entropy      | 5.47     |
|    mean_ent_bonus    | 0.173    |
|    max_target_q      | 1.1      |
|    min_target_q      | 1.06     |
|    max_reward        | 0.0104   |
|    min_reward        | 0.0012   |
|    chamfer_loss      | 0.000433 |
|    encoder_grad_norm | 0.0146   |
|    q1_grad_norm      | 0.017    |
|    q2_grad_norm      | 0.0211   |
|    actor_loss        | -1.24    |
|    ent_coeff         | 0.0317   |
|    ent_coeff_loss    | -46.5    |
|    pi_grad_norm      | 0.0183   |
|    n_updates         | 12800    |
| eval/                |          |
|    Length            | 200      |
|    Return            | 0.596    |
|    NonzeroRewards    | 200      |
|    DiscountedReturn  | 0.596    |
|    Success           | 0        |
|    SuccessLength     | 200      |
| time/                |          |
|    iterations        | 6        |
|    fps               | 5.11     |
|    elapsed_time      | 4.78e+03 |
|    elapsed_steps     | 30720    |
-----------------------------------
-----------------------------------
| rollout/             |          |
|    Length            | 200      |
|    Return            | 0.66     |
|    NonzeroRewards    | 200      |
|    DiscountedReturn  | 0.66     |
|    Success           | 0        |
|    SuccessLength     | 200      |
| algo/                |          |
|    critic_loss       | 5.54e-05 |
|    mean_entropy      | 5.47     |
|    mean_ent_bonus    | 0.134    |
|    max_target_q      | 0.856    |
|    min_target_q      | 0.812    |
|    max_reward        | 0.0108   |
|    min_reward        | 0.0012   |
|    chamfer_loss      | 0.000389 |
|    encoder_grad_norm | 0.0129   |
|    q1_grad_norm      | 0.00562  |
|    q2_grad_norm      | 0.00781  |
|    actor_loss        | -0.96    |
|    ent_coeff         | 0.0245   |
|    ent_coeff_loss    | -50      |
|    pi_grad_norm      | 0.0135   |
|    n_updates         | 15360    |
| time/                |          |
|    iterations        | 7        |
|    fps               | 6.02     |
|    elapsed_time      | 5.63e+03 |
|    elapsed_steps     | 35840    |
-----------------------------------
-----------------------------------
| rollout/             |          |
|    Length            | 200      |
|    Return            | 0.644    |
|    NonzeroRewards    | 200      |
|    DiscountedReturn  | 0.644    |
|    Success           | 0        |
|    SuccessLength     | 200      |
| algo/                |          |
|    critic_loss       | 3.74e-05 |
|    mean_entropy      | 5.47     |
|    mean_ent_bonus    | 0.104    |
|    max_target_q      | 0.673    |
|    min_target_q      | 0.629    |
|    max_reward        | 0.0105   |
|    min_reward        | 0.00119  |
|    chamfer_loss      | 0.000365 |
|    encoder_grad_norm | 0.0127   |
|    q1_grad_norm      | 0.00554  |
|    q2_grad_norm      | 0.00794  |
|    actor_loss        | -0.748   |
|    ent_coeff         | 0.019    |
|    ent_coeff_loss    | -53.4    |
|    pi_grad_norm      | 0.0104   |
|    n_updates         | 17920    |
| time/                |          |
|    iterations        | 8        |
|    fps               | 6.03     |
|    elapsed_time      | 6.48e+03 |
|    elapsed_steps     | 40960    |
-----------------------------------
RLRunner: Evaluating agent...
EvalSampler: Resetting all environments.
EvalSampler: Resetting agent.
EvalSampler: Resetting all environments.
EvalSampler: Resetting agent.
EvalSampler: Resetting all environments.
EvalSampler: Resetting agent.
EvalSampler: Resetting all environments.
EvalSampler: Resetting agent.
EvalSampler: Resetting all environments.
EvalSampler: Resetting agent.
EvalSampler: Resetting all environments.
EvalSampler: Resetting agent.
EvalSampler: Resetting all environments.
EvalSampler: Resetting agent.
Saved video of policy to videos/2025-09-11/4061p4mu/nominal/policy_step_46080.mp4.
EvalSampler: Resetting all environments.
EvalSampler: Resetting agent.
EvalSampler: Resetting all environments.
EvalSampler: Resetting agent.
EvalSampler: Resetting all environments.
EvalSampler: Resetting agent.
EvalSampler: Resetting all environments.
EvalSampler: Resetting agent.
EvalSampler: Resetting all environments.
EvalSampler: Resetting agent.
EvalSampler: Resetting all environments.
EvalSampler: Resetting agent.
EvalSampler: Resetting all environments.
EvalSampler: Resetting agent.
EvalSampler: Resetting all environments.
EvalSampler: Resetting agent.
EvalSampler: Resetting all environments.
EvalSampler: Resetting agent.
EvalSampler: Resetting all environments.
EvalSampler: Resetting agent.
EvalSampler: Resetting all environments.
EvalSampler: Resetting agent.
RLRunner: Finished evaluating agent.
-----------------------------------
| rollout/             |          |
|    Length            | 200      |
|    Return            | 0.757    |
|    NonzeroRewards    | 200      |
|    DiscountedReturn  | 0.757    |
|    Success           | 0        |
|    SuccessLength     | 200      |
| algo/                |          |
|    critic_loss       | 2.41e-05 |
|    mean_entropy      | 5.47     |
|    mean_ent_bonus    | 0.0803   |
|    max_target_q      | 0.543    |
|    min_target_q      | 0.49     |
|    max_reward        | 0.0112   |
|    min_reward        | 0.0012   |
|    chamfer_loss      | 0.000346 |
|    encoder_grad_norm | 0.012    |
|    q1_grad_norm      | 0.00436  |
|    q2_grad_norm      | 0.00518  |
|    actor_loss        | -0.584   |
|    ent_coeff         | 0.0147   |
|    ent_coeff_loss    | -56.9    |
|    pi_grad_norm      | 0.00811  |
|    n_updates         | 20480    |
| eval/                |          |
|    Length            | 200      |
|    Return            | 0.597    |
|    NonzeroRewards    | 200      |
|    DiscountedReturn  | 0.597    |
|    Success           | 0        |
|    SuccessLength     | 200      |
| time/                |          |
|    iterations        | 9        |
|    fps               | 5.11     |
|    elapsed_time      | 7.49e+03 |
|    elapsed_steps     | 46080    |
-----------------------------------
