/home/mbezick/.conda/envs/pprl_quat/lib/python3.10/site-packages/sapien/core/renderer_config.py:4: UserWarning: pkg_resources is deprecated as an API. See https://setuptools.pypa.io/en/latest/pkg_resources.html. The pkg_resources package is slated for removal as early as 2025-11-30. Refrain from using this package or pin to Setuptools<81.
  import pkg_resources
wandb: Currently logged in as: michael-bezick (michael-bezick-purdue-university) to https://api.wandb.ai. Use `wandb login --relogin` to force relogin
wandb: WARNING Using a boolean value for 'reinit' is deprecated. Use 'return_previous' or 'finish_previous' instead.
wandb: Tracking run with wandb version 0.21.3
wandb: Run data is saved locally in /scratch/gilbreth/mbezick/pprlPCA2/wandb/run-20250911_141441-o3b6spt5
wandb: Run `wandb offline` to turn off syncing.
wandb: Syncing run earthy-water-1324
wandb: â­ï¸ View project at https://wandb.ai/michael-bezick-purdue-university/pprl
wandb: ðŸš€ View run at https://wandb.ai/michael-bezick-purdue-university/pprl/runs/o3b6spt5
/home/mbezick/.conda/envs/pprl_quat/lib/python3.10/site-packages/sapien/core/renderer_config.py:4: UserWarning: pkg_resources is deprecated as an API. See https://setuptools.pypa.io/en/latest/pkg_resources.html. The pkg_resources package is slated for removal as early as 2025-11-30. Refrain from using this package or pin to Setuptools<81.
  import pkg_resources
/home/mbezick/.conda/envs/pprl_quat/lib/python3.10/site-packages/sapien/core/renderer_config.py:4: UserWarning: pkg_resources is deprecated as an API. See https://setuptools.pypa.io/en/latest/pkg_resources.html. The pkg_resources package is slated for removal as early as 2025-11-30. Refrain from using this package or pin to Setuptools<81.
  import pkg_resources
/home/mbezick/.conda/envs/pprl_quat/lib/python3.10/site-packages/sapien/core/renderer_config.py:4: UserWarning: pkg_resources is deprecated as an API. See https://setuptools.pypa.io/en/latest/pkg_resources.html. The pkg_resources package is slated for removal as early as 2025-11-30. Refrain from using this package or pin to Setuptools<81.
  import pkg_resources
/home/mbezick/.conda/envs/pprl_quat/lib/python3.10/site-packages/sapien/core/renderer_config.py:4: UserWarning: pkg_resources is deprecated as an API. See https://setuptools.pypa.io/en/latest/pkg_resources.html. The pkg_resources package is slated for removal as early as 2025-11-30. Refrain from using this package or pin to Setuptools<81.
  import pkg_resources
/home/mbezick/.conda/envs/pprl_quat/lib/python3.10/site-packages/sapien/core/renderer_config.py:4: UserWarning: pkg_resources is deprecated as an API. See https://setuptools.pypa.io/en/latest/pkg_resources.html. The pkg_resources package is slated for removal as early as 2025-11-30. Refrain from using this package or pin to Setuptools<81.
  import pkg_resources
/home/mbezick/.conda/envs/pprl_quat/lib/python3.10/site-packages/sapien/core/renderer_config.py:4: UserWarning: pkg_resources is deprecated as an API. See https://setuptools.pypa.io/en/latest/pkg_resources.html. The pkg_resources package is slated for removal as early as 2025-11-30. Refrain from using this package or pin to Setuptools<81.
  import pkg_resources
/home/mbezick/.conda/envs/pprl_quat/lib/python3.10/site-packages/sapien/core/renderer_config.py:4: UserWarning: pkg_resources is deprecated as an API. See https://setuptools.pypa.io/en/latest/pkg_resources.html. The pkg_resources package is slated for removal as early as 2025-11-30. Refrain from using this package or pin to Setuptools<81.
  import pkg_resources
/home/mbezick/.conda/envs/pprl_quat/lib/python3.10/site-packages/sapien/core/renderer_config.py:4: UserWarning: pkg_resources is deprecated as an API. See https://setuptools.pypa.io/en/latest/pkg_resources.html. The pkg_resources package is slated for removal as early as 2025-11-30. Refrain from using this package or pin to Setuptools<81.
  import pkg_resources
/home/mbezick/.conda/envs/pprl_quat/lib/python3.10/site-packages/sapien/core/renderer_config.py:4: UserWarning: pkg_resources is deprecated as an API. See https://setuptools.pypa.io/en/latest/pkg_resources.html. The pkg_resources package is slated for removal as early as 2025-11-30. Refrain from using this package or pin to Setuptools<81.
  import pkg_resources
/home/mbezick/.conda/envs/pprl_quat/lib/python3.10/site-packages/sapien/core/renderer_config.py:4: UserWarning: pkg_resources is deprecated as an API. See https://setuptools.pypa.io/en/latest/pkg_resources.html. The pkg_resources package is slated for removal as early as 2025-11-30. Refrain from using this package or pin to Setuptools<81.
  import pkg_resources
/home/mbezick/.conda/envs/pprl_quat/lib/python3.10/site-packages/sapien/core/renderer_config.py:4: UserWarning: pkg_resources is deprecated as an API. See https://setuptools.pypa.io/en/latest/pkg_resources.html. The pkg_resources package is slated for removal as early as 2025-11-30. Refrain from using this package or pin to Setuptools<81.
  import pkg_resources
/home/mbezick/.conda/envs/pprl_quat/lib/python3.10/site-packages/sapien/core/renderer_config.py:4: UserWarning: pkg_resources is deprecated as an API. See https://setuptools.pypa.io/en/latest/pkg_resources.html. The pkg_resources package is slated for removal as early as 2025-11-30. Refrain from using this package or pin to Setuptools<81.
  import pkg_resources
/home/mbezick/.conda/envs/pprl_quat/lib/python3.10/site-packages/sapien/core/renderer_config.py:4: UserWarning: pkg_resources is deprecated as an API. See https://setuptools.pypa.io/en/latest/pkg_resources.html. The pkg_resources package is slated for removal as early as 2025-11-30. Refrain from using this package or pin to Setuptools<81.
  import pkg_resources
/home/mbezick/.conda/envs/pprl_quat/lib/python3.10/site-packages/sapien/core/renderer_config.py:4: UserWarning: pkg_resources is deprecated as an API. See https://setuptools.pypa.io/en/latest/pkg_resources.html. The pkg_resources package is slated for removal as early as 2025-11-30. Refrain from using this package or pin to Setuptools<81.
  import pkg_resources
/home/mbezick/.conda/envs/pprl_quat/lib/python3.10/site-packages/sapien/core/renderer_config.py:4: UserWarning: pkg_resources is deprecated as an API. See https://setuptools.pypa.io/en/latest/pkg_resources.html. The pkg_resources package is slated for removal as early as 2025-11-30. Refrain from using this package or pin to Setuptools<81.
  import pkg_resources
/home/mbezick/.conda/envs/pprl_quat/lib/python3.10/site-packages/sapien/core/renderer_config.py:4: UserWarning: pkg_resources is deprecated as an API. See https://setuptools.pypa.io/en/latest/pkg_resources.html. The pkg_resources package is slated for removal as early as 2025-11-30. Refrain from using this package or pin to Setuptools<81.
  import pkg_resources
/home/mbezick/.conda/envs/pprl_quat/lib/python3.10/site-packages/sapien/core/renderer_config.py:4: UserWarning: pkg_resources is deprecated as an API. See https://setuptools.pypa.io/en/latest/pkg_resources.html. The pkg_resources package is slated for removal as early as 2025-11-30. Refrain from using this package or pin to Setuptools<81.
  import pkg_resources
  0%|          | 0/1000000 [00:00<?, ?steps/s]wandb: WARNING Step cannot be set when using tensorboard syncing. Please use `run.define_metric(...)` to define a custom metric to log your step values.
wandb: WARNING `fps` argument does not affect the frame rate of the video when providing a file path or raw bytes.
                                                0%|          | 0/1000000 [03:27<?, ?steps/s]