Job 9541088 / array task  on gilbreth-e014.rcac.purdue.edu
CUDA_VISIBLE_DEVICES=0
Group name is:  DR_TF
Instantiating 8 environments...
Environments instantiated.
Instantiating 1 environments...
Environments instantiated.
Instantiating 1 environments...
Environments instantiated.
Instantiating 1 environments...
Environments instantiated.
Instantiating 1 environments...
Environments instantiated.
Instantiating 1 environments...
Environments instantiated.
Instantiating 1 environments...
Environments instantiated.
Instantiating 1 environments...
Environments instantiated.
Instantiating 1 environments...
Environments instantiated.
Instantiating 1 environments...
Environments instantiated.
BasicSampler: Resetting all environments.
BasicSampler: Resetting agent.
AuxPcSAC: Given sampler batch size 5120, training batch size 128, and replay ratio 64, there will be 2560 updates per iteration.
AuxPcSAC: Using learnable entropy coefficient with target entropy of -8
RLRunner: Starting training...
RLRunner: Saving log files to /scratch/gilbreth/mbezick/pprlPCA2/wandb/run-20250911_141746-j187o1rv/files
RLRunner: Evaluating agent...
EvalSampler: Resetting all environments.
EvalSampler: Resetting agent.
EvalSampler: Resetting all environments.
EvalSampler: Resetting agent.
EvalSampler: Resetting all environments.
EvalSampler: Resetting agent.
EvalSampler: Resetting all environments.
EvalSampler: Resetting agent.
EvalSampler: Resetting all environments.
EvalSampler: Resetting agent.
EvalSampler: Resetting all environments.
EvalSampler: Resetting agent.
EvalSampler: Resetting all environments.
EvalSampler: Resetting agent.
Saved video of policy to videos/2025-09-11/j187o1rv/nominal/policy_step_0.mp4.
EvalSampler: Resetting all environments.
EvalSampler: Resetting agent.
EvalSampler: Resetting all environments.
EvalSampler: Resetting agent.
EvalSampler: Resetting all environments.
EvalSampler: Resetting agent.
EvalSampler: Resetting all environments.
EvalSampler: Resetting agent.
EvalSampler: Resetting all environments.
EvalSampler: Resetting agent.
EvalSampler: Resetting all environments.
EvalSampler: Resetting agent.
EvalSampler: Resetting all environments.
EvalSampler: Resetting agent.
EvalSampler: Resetting all environments.
EvalSampler: Resetting agent.
EvalSampler: Resetting all environments.
EvalSampler: Resetting agent.
EvalSampler: Resetting all environments.
EvalSampler: Resetting agent.
EvalSampler: Resetting all environments.
EvalSampler: Resetting agent.
RLRunner: Finished evaluating agent.
----------------------------------
| eval/               |          |
|    Length           | 200      |
|    Return           | 0.835    |
|    NonzeroRewards   | 200      |
|    DiscountedReturn | 0.835    |
|    Success          | 0        |
|    SuccessLength    | 200      |
| time/               |          |
|    iterations       | 0        |
|    fps              | 0        |
|    elapsed_time     | 152      |
|    elapsed_steps    | 0        |
----------------------------------
For the first 10000 steps, agent will use a fixed std of 0.75 for exploration.
----------------------------------
| rollout/            |          |
|    Length           | 200      |
|    Return           | 0.686    |
|    NonzeroRewards   | 200      |
|    DiscountedReturn | 0.686    |
|    Success          | 0        |
|    SuccessLength    | 200      |
| time/               |          |
|    iterations       | 1        |
|    fps              | 122      |
|    elapsed_time     | 194      |
|    elapsed_steps    | 5120     |
----------------------------------
-----------------------------------
| rollout/             |          |
|    Length            | 200      |
|    Return            | 0.638    |
|    NonzeroRewards    | 200      |
|    DiscountedReturn  | 0.638    |
|    Success           | 0        |
|    SuccessLength     | 200      |
| algo/                |          |
|    critic_loss       | 0.00125  |
|    mean_entropy      | 5.46     |
|    mean_ent_bonus    | 0.482    |
|    max_target_q      | 2.15     |
|    min_target_q      | 2.09     |
|    max_reward        | 0.0149   |
|    min_reward        | 0.00114  |
|    chamfer_loss      | 0.000687 |
|    encoder_grad_norm | 0.0307   |
|    q1_grad_norm      | 0.105    |
|    q2_grad_norm      | 0.106    |
|    actor_loss        | -2.7     |
|    ent_coeff         | 0.0882   |
|    ent_coeff_loss    | -32.7    |
|    pi_grad_norm      | 0.0893   |
|    n_updates         | 2560     |
| time/                |          |
|    iterations        | 2        |
|    fps               | 5.89     |
|    elapsed_time      | 1.06e+03 |
|    elapsed_steps     | 10240    |
-----------------------------------
RLRunner: Evaluating agent...
EvalSampler: Resetting all environments.
EvalSampler: Resetting agent.
EvalSampler: Resetting all environments.
EvalSampler: Resetting agent.
EvalSampler: Resetting all environments.
EvalSampler: Resetting agent.
EvalSampler: Resetting all environments.
EvalSampler: Resetting agent.
EvalSampler: Resetting all environments.
EvalSampler: Resetting agent.
EvalSampler: Resetting all environments.
EvalSampler: Resetting agent.
EvalSampler: Resetting all environments.
EvalSampler: Resetting agent.
Saved video of policy to videos/2025-09-11/j187o1rv/nominal/policy_step_15360.mp4.
EvalSampler: Resetting all environments.
EvalSampler: Resetting agent.
EvalSampler: Resetting all environments.
EvalSampler: Resetting agent.
EvalSampler: Resetting all environments.
EvalSampler: Resetting agent.
EvalSampler: Resetting all environments.
EvalSampler: Resetting agent.
EvalSampler: Resetting all environments.
EvalSampler: Resetting agent.
EvalSampler: Resetting all environments.
EvalSampler: Resetting agent.
EvalSampler: Resetting all environments.
EvalSampler: Resetting agent.
EvalSampler: Resetting all environments.
EvalSampler: Resetting agent.
EvalSampler: Resetting all environments.
EvalSampler: Resetting agent.
EvalSampler: Resetting all environments.
EvalSampler: Resetting agent.
EvalSampler: Resetting all environments.
EvalSampler: Resetting agent.
RLRunner: Finished evaluating agent.
-----------------------------------
| rollout/             |          |
|    Length            | 200      |
|    Return            | 0.603    |
|    NonzeroRewards    | 200      |
|    DiscountedReturn  | 0.603    |
|    Success           | 0        |
|    SuccessLength     | 200      |
| algo/                |          |
|    critic_loss       | 0.00053  |
|    mean_entropy      | 5.46     |
|    mean_ent_bonus    | 0.373    |
|    max_target_q      | 2.29     |
|    min_target_q      | 2.23     |
|    max_reward        | 0.0139   |
|    min_reward        | 0.00114  |
|    chamfer_loss      | 0.000397 |
|    encoder_grad_norm | 0.0114   |
|    q1_grad_norm      | 0.0619   |
|    q2_grad_norm      | 0.066    |
|    actor_loss        | -2.62    |
|    ent_coeff         | 0.0683   |
|    ent_coeff_loss    | -36.2    |
|    pi_grad_norm      | 0.0504   |
|    n_updates         | 5120     |
| eval/                |          |
|    Length            | 200      |
|    Return            | 0.739    |
|    NonzeroRewards    | 200      |
|    DiscountedReturn  | 0.739    |
|    Success           | 0        |
|    SuccessLength     | 200      |
| time/                |          |
|    iterations        | 3        |
|    fps               | 4.99     |
|    elapsed_time      | 2.09e+03 |
|    elapsed_steps     | 15360    |
-----------------------------------
-----------------------------------
| rollout/             |          |
|    Length            | 200      |
|    Return            | 0.716    |
|    NonzeroRewards    | 200      |
|    DiscountedReturn  | 0.716    |
|    Success           | 0        |
|    SuccessLength     | 200      |
| algo/                |          |
|    critic_loss       | 0.000309 |
|    mean_entropy      | 5.47     |
|    mean_ent_bonus    | 0.289    |
|    max_target_q      | 1.8      |
|    min_target_q      | 1.74     |
|    max_reward        | 0.0133   |
|    min_reward        | 0.00115  |
|    chamfer_loss      | 0.000305 |
|    encoder_grad_norm | 0.00883  |
|    q1_grad_norm      | 0.0385   |
|    q2_grad_norm      | 0.0404   |
|    actor_loss        | -2.04    |
|    ent_coeff         | 0.0529   |
|    ent_coeff_loss    | -39.6    |
|    pi_grad_norm      | 0.0357   |
|    n_updates         | 7680     |
| time/                |          |
|    iterations        | 4        |
|    fps               | 5.9      |
|    elapsed_time      | 2.96e+03 |
|    elapsed_steps     | 20480    |
-----------------------------------
-----------------------------------
| rollout/             |          |
|    Length            | 200      |
|    Return            | 0.632    |
|    NonzeroRewards    | 200      |
|    DiscountedReturn  | 0.632    |
|    Success           | 0        |
|    SuccessLength     | 200      |
| algo/                |          |
|    critic_loss       | 0.000536 |
|    mean_entropy      | 5.47     |
|    mean_ent_bonus    | 0.224    |
|    max_target_q      | 1.41     |
|    min_target_q      | 1.35     |
|    max_reward        | 0.0137   |
|    min_reward        | 0.00114  |
|    chamfer_loss      | 0.000256 |
|    encoder_grad_norm | 0.00831  |
|    q1_grad_norm      | 0.0289   |
|    q2_grad_norm      | 0.0332   |
|    actor_loss        | -1.59    |
|    ent_coeff         | 0.0409   |
|    ent_coeff_loss    | -43.1    |
|    pi_grad_norm      | 0.0254   |
|    n_updates         | 10240    |
| time/                |          |
|    iterations        | 5        |
|    fps               | 5.97     |
|    elapsed_time      | 3.81e+03 |
|    elapsed_steps     | 25600    |
-----------------------------------
RLRunner: Evaluating agent...
EvalSampler: Resetting all environments.
EvalSampler: Resetting agent.
EvalSampler: Resetting all environments.
EvalSampler: Resetting agent.
EvalSampler: Resetting all environments.
EvalSampler: Resetting agent.
EvalSampler: Resetting all environments.
EvalSampler: Resetting agent.
EvalSampler: Resetting all environments.
EvalSampler: Resetting agent.
EvalSampler: Resetting all environments.
EvalSampler: Resetting agent.
EvalSampler: Resetting all environments.
EvalSampler: Resetting agent.
Saved video of policy to videos/2025-09-11/j187o1rv/nominal/policy_step_30720.mp4.
EvalSampler: Resetting all environments.
EvalSampler: Resetting agent.
EvalSampler: Resetting all environments.
EvalSampler: Resetting agent.
EvalSampler: Resetting all environments.
EvalSampler: Resetting agent.
EvalSampler: Resetting all environments.
EvalSampler: Resetting agent.
EvalSampler: Resetting all environments.
EvalSampler: Resetting agent.
EvalSampler: Resetting all environments.
EvalSampler: Resetting agent.
EvalSampler: Resetting all environments.
EvalSampler: Resetting agent.
EvalSampler: Resetting all environments.
EvalSampler: Resetting agent.
EvalSampler: Resetting all environments.
EvalSampler: Resetting agent.
EvalSampler: Resetting all environments.
EvalSampler: Resetting agent.
EvalSampler: Resetting all environments.
EvalSampler: Resetting agent.
RLRunner: Finished evaluating agent.
-----------------------------------
| rollout/             |          |
|    Length            | 200      |
|    Return            | 0.645    |
|    NonzeroRewards    | 200      |
|    DiscountedReturn  | 0.645    |
|    Success           | 0        |
|    SuccessLength     | 200      |
| algo/                |          |
|    critic_loss       | 0.000114 |
|    mean_entropy      | 5.47     |
|    mean_ent_bonus    | 0.173    |
|    max_target_q      | 1.09     |
|    min_target_q      | 1.04     |
|    max_reward        | 0.0133   |
|    min_reward        | 0.00115  |
|    chamfer_loss      | 0.000238 |
|    encoder_grad_norm | 0.00647  |
|    q1_grad_norm      | 0.0091   |
|    q2_grad_norm      | 0.00836  |
|    actor_loss        | -1.23    |
|    ent_coeff         | 0.0317   |
|    ent_coeff_loss    | -46.5    |
|    pi_grad_norm      | 0.018    |
|    n_updates         | 12800    |
| eval/                |          |
|    Length            | 200      |
|    Return            | 0.627    |
|    NonzeroRewards    | 200      |
|    DiscountedReturn  | 0.627    |
|    Success           | 0        |
|    SuccessLength     | 200      |
| time/                |          |
|    iterations        | 6        |
|    fps               | 5.06     |
|    elapsed_time      | 4.83e+03 |
|    elapsed_steps     | 30720    |
-----------------------------------
-----------------------------------
| rollout/             |          |
|    Length            | 200      |
|    Return            | 0.62     |
|    NonzeroRewards    | 200      |
|    DiscountedReturn  | 0.62     |
|    Success           | 0        |
|    SuccessLength     | 200      |
| algo/                |          |
|    critic_loss       | 5.9e-05  |
|    mean_entropy      | 5.47     |
|    mean_ent_bonus    | 0.134    |
|    max_target_q      | 0.873    |
|    min_target_q      | 0.81     |
|    max_reward        | 0.0129   |
|    min_reward        | 0.00115  |
|    chamfer_loss      | 0.000216 |
|    encoder_grad_norm | 0.00622  |
|    q1_grad_norm      | 0.00761  |
|    q2_grad_norm      | 0.00737  |
|    actor_loss        | -0.96    |
|    ent_coeff         | 0.0245   |
|    ent_coeff_loss    | -50      |
|    pi_grad_norm      | 0.0136   |
|    n_updates         | 15360    |
| time/                |          |
|    iterations        | 7        |
|    fps               | 5.86     |
|    elapsed_time      | 5.7e+03  |
|    elapsed_steps     | 35840    |
-----------------------------------
-----------------------------------
| rollout/             |          |
|    Length            | 200      |
|    Return            | 0.74     |
|    NonzeroRewards    | 200      |
|    DiscountedReturn  | 0.74     |
|    Success           | 0        |
|    SuccessLength     | 200      |
| algo/                |          |
|    critic_loss       | 3.9e-05  |
|    mean_entropy      | 5.47     |
|    mean_ent_bonus    | 0.104    |
|    max_target_q      | 0.698    |
|    min_target_q      | 0.629    |
|    max_reward        | 0.0129   |
|    min_reward        | 0.00115  |
|    chamfer_loss      | 0.000209 |
|    encoder_grad_norm | 0.00601  |
|    q1_grad_norm      | 0.00622  |
|    q2_grad_norm      | 0.00632  |
|    actor_loss        | -0.749   |
|    ent_coeff         | 0.019    |
|    ent_coeff_loss    | -53.4    |
|    pi_grad_norm      | 0.0105   |
|    n_updates         | 17920    |
| time/                |          |
|    iterations        | 8        |
|    fps               | 5.88     |
|    elapsed_time      | 6.57e+03 |
|    elapsed_steps     | 40960    |
-----------------------------------
RLRunner: Evaluating agent...
EvalSampler: Resetting all environments.
EvalSampler: Resetting agent.
EvalSampler: Resetting all environments.
EvalSampler: Resetting agent.
EvalSampler: Resetting all environments.
EvalSampler: Resetting agent.
EvalSampler: Resetting all environments.
EvalSampler: Resetting agent.
EvalSampler: Resetting all environments.
EvalSampler: Resetting agent.
EvalSampler: Resetting all environments.
EvalSampler: Resetting agent.
EvalSampler: Resetting all environments.
EvalSampler: Resetting agent.
Saved video of policy to videos/2025-09-11/j187o1rv/nominal/policy_step_46080.mp4.
EvalSampler: Resetting all environments.
EvalSampler: Resetting agent.
EvalSampler: Resetting all environments.
EvalSampler: Resetting agent.
EvalSampler: Resetting all environments.
EvalSampler: Resetting agent.
EvalSampler: Resetting all environments.
EvalSampler: Resetting agent.
EvalSampler: Resetting all environments.
EvalSampler: Resetting agent.
EvalSampler: Resetting all environments.
EvalSampler: Resetting agent.
EvalSampler: Resetting all environments.
EvalSampler: Resetting agent.
EvalSampler: Resetting all environments.
EvalSampler: Resetting agent.
EvalSampler: Resetting all environments.
EvalSampler: Resetting agent.
EvalSampler: Resetting all environments.
EvalSampler: Resetting agent.
EvalSampler: Resetting all environments.
EvalSampler: Resetting agent.
RLRunner: Finished evaluating agent.
-----------------------------------
| rollout/             |          |
|    Length            | 200      |
|    Return            | 0.978    |
|    NonzeroRewards    | 200      |
|    DiscountedReturn  | 0.978    |
|    Success           | 0        |
|    SuccessLength     | 200      |
| algo/                |          |
|    critic_loss       | 2.55e-05 |
|    mean_entropy      | 5.46     |
|    mean_ent_bonus    | 0.0803   |
|    max_target_q      | 0.563    |
|    min_target_q      | 0.487    |
|    max_reward        | 0.0144   |
|    min_reward        | 0.00116  |
|    chamfer_loss      | 0.0002   |
|    encoder_grad_norm | 0.0058   |
|    q1_grad_norm      | 0.00459  |
|    q2_grad_norm      | 0.00449  |
|    actor_loss        | -0.586   |
|    ent_coeff         | 0.0147   |
|    ent_coeff_loss    | -56.9    |
|    pi_grad_norm      | 0.0081   |
|    n_updates         | 20480    |
| eval/                |          |
|    Length            | 200      |
|    Return            | 0.854    |
|    NonzeroRewards    | 200      |
|    DiscountedReturn  | 0.854    |
|    Success           | 0        |
|    SuccessLength     | 200      |
| time/                |          |
|    iterations        | 9        |
|    fps               | 5.03     |
|    elapsed_time      | 7.59e+03 |
|    elapsed_steps     | 46080    |
-----------------------------------
