Job 9541070 / array task  on gilbreth-e000.rcac.purdue.edu
CUDA_VISIBLE_DEVICES=0
Group name is:  DR_OCD
Instantiating 8 environments...
Environments instantiated.
Instantiating 1 environments...
Environments instantiated.
Instantiating 1 environments...
Environments instantiated.
Instantiating 1 environments...
Environments instantiated.
Instantiating 1 environments...
Environments instantiated.
Instantiating 1 environments...
Environments instantiated.
Instantiating 1 environments...
Environments instantiated.
Instantiating 1 environments...
Environments instantiated.
Instantiating 1 environments...
Environments instantiated.
Instantiating 1 environments...
Environments instantiated.
BasicSampler: Resetting all environments.
BasicSampler: Resetting agent.
AuxPcSAC: Given sampler batch size 5120, training batch size 128, and replay ratio 64, there will be 2560 updates per iteration.
AuxPcSAC: Using learnable entropy coefficient with target entropy of -12
RLRunner: Starting training...
RLRunner: Saving log files to /scratch/gilbreth/mbezick/pprlPCA2/wandb/run-20250911_141443-r5xmcszu/files
RLRunner: Evaluating agent...
EvalSampler: Resetting all environments.
EvalSampler: Resetting agent.
EvalSampler: Resetting all environments.
EvalSampler: Resetting agent.
EvalSampler: Resetting all environments.
EvalSampler: Resetting agent.
EvalSampler: Resetting all environments.
EvalSampler: Resetting agent.
EvalSampler: Resetting all environments.
EvalSampler: Resetting agent.
EvalSampler: Resetting all environments.
EvalSampler: Resetting agent.
EvalSampler: Resetting all environments.
EvalSampler: Resetting agent.
Saved video of policy to videos/2025-09-11/r5xmcszu/nominal/policy_step_0.mp4.
EvalSampler: Resetting all environments.
EvalSampler: Resetting agent.
EvalSampler: Resetting all environments.
EvalSampler: Resetting agent.
EvalSampler: Resetting all environments.
EvalSampler: Resetting agent.
EvalSampler: Resetting all environments.
EvalSampler: Resetting agent.
EvalSampler: Resetting all environments.
EvalSampler: Resetting agent.
EvalSampler: Resetting all environments.
EvalSampler: Resetting agent.
EvalSampler: Resetting all environments.
EvalSampler: Resetting agent.
EvalSampler: Resetting all environments.
EvalSampler: Resetting agent.
EvalSampler: Resetting all environments.
EvalSampler: Resetting agent.
EvalSampler: Resetting all environments.
EvalSampler: Resetting agent.
EvalSampler: Resetting all environments.
EvalSampler: Resetting agent.
RLRunner: Finished evaluating agent.
----------------------------------
| eval/               |          |
|    Length           | 200      |
|    Return           | -237     |
|    NonzeroRewards   | 200      |
|    DiscountedReturn | -237     |
|    Success          | 0        |
|    SuccessLength    | 200      |
|    StageReturn      | -1.4e+03 |
|    EECloseToHandle  | 0        |
|    OpenEnough       | 0        |
| time/               |          |
|    iterations       | 0        |
|    fps              | 0        |
|    elapsed_time     | 232      |
|    elapsed_steps    | 0        |
----------------------------------
For the first 10000 steps, agent will use a fixed std of 0.75 for exploration.
----------------------------------
| rollout/            |          |
|    Length           | 200      |
|    Return           | -234     |
|    NonzeroRewards   | 200      |
|    DiscountedReturn | -234     |
|    Success          | 0        |
|    SuccessLength    | 200      |
|    StageReturn      | -1.4e+03 |
|    EECloseToHandle  | 0        |
|    OpenEnough       | 0        |
| time/               |          |
|    iterations       | 1        |
|    fps              | 36.8     |
|    elapsed_time     | 371      |
|    elapsed_steps    | 5120     |
----------------------------------
-----------------------------------
| rollout/             |          |
|    Length            | 200      |
|    Return            | -234     |
|    NonzeroRewards    | 200      |
|    DiscountedReturn  | -234     |
|    Success           | 0        |
|    SuccessLength     | 200      |
|    StageReturn       | -1.4e+03 |
|    EECloseToHandle   | 0        |
|    OpenEnough        | 0        |
| algo/                |          |
|    critic_loss       | 0.00484  |
|    mean_entropy      | 8.07     |
|    mean_ent_bonus    | 0.713    |
|    max_target_q      | -1.4     |
|    min_target_q      | -3.91    |
|    max_reward        | -0.898   |
|    min_reward        | -1.43    |
|    chamfer_loss      | 0.00304  |
|    color_loss        | 0.00265  |
|    encoder_grad_norm | 0.194    |
|    q1_grad_norm      | 0.252    |
|    q2_grad_norm      | 0.253    |
|    actor_loss        | 2.11     |
|    ent_coeff         | 0.0882   |
|    ent_coeff_loss    | -48.8    |
|    pi_grad_norm      | 0.145    |
|    n_updates         | 2560     |
| time/                |          |
|    iterations        | 2        |
|    fps               | 4.54     |
|    elapsed_time      | 1.5e+03  |
|    elapsed_steps     | 10240    |
-----------------------------------
RLRunner: Evaluating agent...
EvalSampler: Resetting all environments.
EvalSampler: Resetting agent.
EvalSampler: Resetting all environments.
EvalSampler: Resetting agent.
EvalSampler: Resetting all environments.
EvalSampler: Resetting agent.
EvalSampler: Resetting all environments.
EvalSampler: Resetting agent.
EvalSampler: Resetting all environments.
EvalSampler: Resetting agent.
EvalSampler: Resetting all environments.
EvalSampler: Resetting agent.
EvalSampler: Resetting all environments.
EvalSampler: Resetting agent.
Saved video of policy to videos/2025-09-11/r5xmcszu/nominal/policy_step_15360.mp4.
EvalSampler: Resetting all environments.
EvalSampler: Resetting agent.
EvalSampler: Resetting all environments.
EvalSampler: Resetting agent.
EvalSampler: Resetting all environments.
EvalSampler: Resetting agent.
EvalSampler: Resetting all environments.
EvalSampler: Resetting agent.
EvalSampler: Resetting all environments.
EvalSampler: Resetting agent.
EvalSampler: Resetting all environments.
EvalSampler: Resetting agent.
EvalSampler: Resetting all environments.
EvalSampler: Resetting agent.
EvalSampler: Resetting all environments.
