Job 9541092 / array task  on gilbreth-f001.rcac.purdue.edu
CUDA_VISIBLE_DEVICES=0
Group name is:  DR_OCD
Instantiating 8 environments...
Environments instantiated.
Instantiating 1 environments...
Environments instantiated.
Instantiating 1 environments...
Environments instantiated.
Instantiating 1 environments...
Environments instantiated.
Instantiating 1 environments...
Environments instantiated.
Instantiating 1 environments...
Environments instantiated.
Instantiating 1 environments...
Environments instantiated.
Instantiating 1 environments...
Environments instantiated.
Instantiating 1 environments...
Environments instantiated.
Instantiating 1 environments...
Environments instantiated.
BasicSampler: Resetting all environments.
BasicSampler: Resetting agent.
AuxPcSAC: Given sampler batch size 5120, training batch size 128, and replay ratio 64, there will be 2560 updates per iteration.
AuxPcSAC: Using learnable entropy coefficient with target entropy of -12
RLRunner: Starting training...
RLRunner: Saving log files to /scratch/gilbreth/mbezick/pprlPCA2/wandb/run-20250911_141752-y582ndlj/files
RLRunner: Evaluating agent...
EvalSampler: Resetting all environments.
EvalSampler: Resetting agent.
EvalSampler: Resetting all environments.
EvalSampler: Resetting agent.
EvalSampler: Resetting all environments.
EvalSampler: Resetting agent.
EvalSampler: Resetting all environments.
EvalSampler: Resetting agent.
EvalSampler: Resetting all environments.
EvalSampler: Resetting agent.
EvalSampler: Resetting all environments.
EvalSampler: Resetting agent.
EvalSampler: Resetting all environments.
EvalSampler: Resetting agent.
Saved video of policy to videos/2025-09-11/y582ndlj/nominal/policy_step_0.mp4.
EvalSampler: Resetting all environments.
EvalSampler: Resetting agent.
EvalSampler: Resetting all environments.
EvalSampler: Resetting agent.
EvalSampler: Resetting all environments.
EvalSampler: Resetting agent.
EvalSampler: Resetting all environments.
EvalSampler: Resetting agent.
EvalSampler: Resetting all environments.
EvalSampler: Resetting agent.
EvalSampler: Resetting all environments.
EvalSampler: Resetting agent.
EvalSampler: Resetting all environments.
EvalSampler: Resetting agent.
EvalSampler: Resetting all environments.
EvalSampler: Resetting agent.
EvalSampler: Resetting all environments.
EvalSampler: Resetting agent.
EvalSampler: Resetting all environments.
EvalSampler: Resetting agent.
EvalSampler: Resetting all environments.
EvalSampler: Resetting agent.
RLRunner: Finished evaluating agent.
----------------------------------
| eval/               |          |
|    Length           | 200      |
|    Return           | -234     |
|    NonzeroRewards   | 200      |
|    DiscountedReturn | -234     |
|    Success          | 0        |
|    SuccessLength    | 200      |
|    StageReturn      | -1.4e+03 |
|    EECloseToHandle  | 0        |
|    OpenEnough       | 0        |
| time/               |          |
|    iterations       | 0        |
|    fps              | 0        |
|    elapsed_time     | 173      |
|    elapsed_steps    | 0        |
----------------------------------
For the first 10000 steps, agent will use a fixed std of 0.75 for exploration.
